#! /c/Source/iverilog-install/bin/vvp
:ivl_version "12.0 (devel)" "(s20150603-1539-g2693dd32b)";
:ivl_delay_selection "TYPICAL";
:vpi_time_precision - 12;
:vpi_module "D:\install\ICARUS~1\iverilog\lib\ivl\system.vpi";
:vpi_module "D:\install\ICARUS~1\iverilog\lib\ivl\vhdl_sys.vpi";
:vpi_module "D:\install\ICARUS~1\iverilog\lib\ivl\vhdl_textio.vpi";
:vpi_module "D:\install\ICARUS~1\iverilog\lib\ivl\v2005_math.vpi";
:vpi_module "D:\install\ICARUS~1\iverilog\lib\ivl\va_math.vpi";
S_0000015b723b1ca0 .scope module, "tb_sha256_top" "tb_sha256_top" 2 3;
 .timescale -9 -12;
v0000015b72445c50_0 .var "clk", 0 0;
v0000015b72445cf0_0 .var "data_in", 7 0;
v0000015b72446510_0 .var "data_in_valid", 0 0;
v0000015b724457f0_0 .var "data_last", 0 0;
v0000015b72445930_0 .net "data_ready", 0 0, v0000015b72444e90_0;  1 drivers
v0000015b72445d90_0 .net "hash_out", 255 0, v0000015b72444d50_0;  1 drivers
v0000015b72444cb0_0 .net "hash_out_valid", 0 0, v0000015b72446970_0;  1 drivers
v0000015b72446830_0 .var/i "i", 31 0;
v0000015b72444c10_0 .var/i "message_length", 31 0;
v0000015b72445e30_0 .var "rst_n", 0 0;
v0000015b72445ed0 .array "test_message", 511 0, 7 0;
E_0000015b723dd090 .event anyedge, v0000015b72446970_0;
E_0000015b723dc950 .event negedge, v0000015b72446970_0;
E_0000015b723dce90 .event posedge, v0000015b72443600_0;
E_0000015b723dcd50 .event anyedge, v0000015b72444e90_0;
S_0000015b71f94b20 .scope module, "uut" "sha256_top" 2 25, 3 13 0, S_0000015b723b1ca0;
 .timescale 0 0;
    .port_info 0 /INPUT 1 "clk";
    .port_info 1 /INPUT 1 "rst_n";
    .port_info 2 /INPUT 8 "data_in";
    .port_info 3 /INPUT 1 "data_in_valid";
    .port_info 4 /INPUT 1 "data_last";
    .port_info 5 /OUTPUT 256 "hash_out";
    .port_info 6 /OUTPUT 1 "hash_out_valid";
    .port_info 7 /OUTPUT 1 "data_ready";
P_0000015b723dc650 .param/l "INITIAL_HASH" 0 3 43, C4<0110101000001001111001100110011110111011011001111010111010000101001111000110111011110011011100101010010101001111111101010011101001010001000011100101001001111111100110110000010101101000100011000001111110000011110110011010101101011011111000001100110100011001>;
v0000015b72445610_0 .net "Wt", 31 0, v0000015b72442fc0_0;  1 drivers
v0000015b72445bb0_0 .net "Wt_valid", 0 0, v0000015b72443ce0_0;  1 drivers
v0000015b72445750_0 .net "clk", 0 0, v0000015b72445c50_0;  1 drivers
v0000015b724468d0_0 .net "compressed_hash", 255 0, v0000015b72442ca0_0;  1 drivers
v0000015b72444df0_0 .net "compressed_hash_valid", 0 0, v0000015b72444780_0;  1 drivers
v0000015b724465b0_0 .net "data_in", 7 0, v0000015b72445cf0_0;  1 drivers
v0000015b724456b0_0 .net "data_in_valid", 0 0, v0000015b72446510_0;  1 drivers
v0000015b72445890_0 .net "data_last", 0 0, v0000015b724457f0_0;  1 drivers
v0000015b724451b0_0 .net "data_ready", 0 0, v0000015b72444e90_0;  alias, 1 drivers
v0000015b72444d50_0 .var "hash_out", 255 0;
v0000015b72446970_0 .var "hash_out_valid", 0 0;
v0000015b724466f0_0 .var "intermediate_hash", 255 0;
v0000015b72446ab0_0 .net "padded_block", 511 0, v0000015b724445a0_0;  1 drivers
v0000015b72444f30_0 .net "padded_block_valid", 0 0, v0000015b72444460_0;  1 drivers
v0000015b72444fd0_0 .net "rst_n", 0 0, v0000015b72445e30_0;  1 drivers
v0000015b72446150_0 .var "valid_pipeline", 1 0;
S_0000015b7203cba0 .scope module, "compress_inst" "sha256_compress" 3 84, 4 14 0, S_0000015b71f94b20;
 .timescale 0 0;
    .port_info 0 /INPUT 1 "clk";
    .port_info 1 /INPUT 1 "rst_n";
    .port_info 2 /INPUT 32 "Wt_in";
    .port_info 3 /INPUT 1 "Wt_valid";
    .port_info 4 /INPUT 256 "hash_in";
    .port_info 5 /OUTPUT 256 "hash_out";
    .port_info 6 /OUTPUT 1 "hash_out_valid";
v0000015b723b0750 .array "K", 63 0, 31 0;
v0000015b723b0e30_0 .var "T1", 31 0;
v0000015b723b09d0_0 .var "T2", 31 0;
v0000015b723b1150_0 .net "Wt_in", 31 0, v0000015b72442fc0_0;  alias, 1 drivers
v0000015b723b07f0_0 .net "Wt_valid", 0 0, v0000015b72443ce0_0;  alias, 1 drivers
v0000015b723b0ed0 .array "a", 31 0, 31 0;
v0000015b723b13d0_0 .var "a0", 31 0;
v0000015b723b1010 .array "b", 31 0, 31 0;
v0000015b723b1290_0 .var "b0", 31 0;
v0000015b72443ba0 .array "c", 31 0, 31 0;
v0000015b72444960_0 .var "c0", 31 0;
v0000015b72443600_0 .net "clk", 0 0, v0000015b72445c50_0;  alias, 1 drivers
v0000015b72443060 .array "d", 31 0, 31 0;
v0000015b724441e0_0 .var "d0", 31 0;
v0000015b72444000 .array "e", 31 0, 31 0;
v0000015b724439c0_0 .var "e0", 31 0;
v0000015b72444a00 .array "f", 31 0, 31 0;
v0000015b72442f20_0 .var "f0", 31 0;
v0000015b724434c0 .array "g", 31 0, 31 0;
v0000015b72444640_0 .var "g0", 31 0;
v0000015b72443740 .array "h", 31 0, 31 0;
v0000015b724440a0_0 .var "h0", 31 0;
v0000015b724436a0_0 .net "hash_in", 255 0, v0000015b724466f0_0;  1 drivers
v0000015b72442ca0_0 .var "hash_out", 255 0;
v0000015b72444780_0 .var "hash_out_valid", 0 0;
v0000015b72444820_0 .var "hash_reg", 255 0;
v0000015b72443c40_0 .var/i "i", 31 0;
v0000015b72442d40_0 .var "output_stage", 0 0;
v0000015b724448c0_0 .net "rst_n", 0 0, v0000015b72445e30_0;  alias, 1 drivers
v0000015b72442c00_0 .var "wt_counter", 5 0;
v0000015b72442e80_0 .var "zip_active", 0 0;
E_0000015b723dc9d0/0 .event negedge, v0000015b724448c0_0;
E_0000015b723dc9d0/1 .event posedge, v0000015b72443600_0;
E_0000015b723dc9d0 .event/or E_0000015b723dc9d0/0, E_0000015b723dc9d0/1;
S_0000015b723cd360 .scope function.vec4.s32, "Ch" "Ch" 4 62, 4 62 0, S_0000015b7203cba0;
 .timescale 0 0;
; Variable Ch is vec4 return value of scope S_0000015b723cd360
v0000015b723b11f0_0 .var "x", 31 0;
v0000015b723b0bb0_0 .var "y", 31 0;
v0000015b723b0610_0 .var "z", 31 0;
TD_tb_sha256_top.uut.compress_inst.Ch ;
    %load/vec4 v0000015b723b11f0_0;
    %load/vec4 v0000015b723b0bb0_0;
    %and;
    %load/vec4 v0000015b723b11f0_0;
    %inv;
    %load/vec4 v0000015b723b0610_0;
    %and;
    %xor;
    %ret/vec4 0, 0, 32;  Assign to Ch (store_vec4_to_lval)
    %end;
S_0000015b723cd4f0 .scope function.vec4.s32, "Maj" "Maj" 4 67, 4 67 0, S_0000015b7203cba0;
 .timescale 0 0;
; Variable Maj is vec4 return value of scope S_0000015b723cd4f0
v0000015b723b1330_0 .var "x", 31 0;
v0000015b723b0cf0_0 .var "y", 31 0;
v0000015b723b0f70_0 .var "z", 31 0;
TD_tb_sha256_top.uut.compress_inst.Maj ;
    %load/vec4 v0000015b723b1330_0;
    %load/vec4 v0000015b723b0cf0_0;
    %and;
    %load/vec4 v0000015b723b1330_0;
    %load/vec4 v0000015b723b0f70_0;
    %and;
    %xor;
    %load/vec4 v0000015b723b0cf0_0;
    %load/vec4 v0000015b723b0f70_0;
    %and;
    %xor;
    %ret/vec4 0, 0, 32;  Assign to Maj (store_vec4_to_lval)
    %end;
S_0000015b71fee300 .scope function.vec4.s32, "SIGMA0" "SIGMA0" 4 49, 4 49 0, S_0000015b7203cba0;
 .timescale 0 0;
; Variable SIGMA0 is vec4 return value of scope S_0000015b71fee300
v0000015b723b10b0_0 .var "x", 31 0;
TD_tb_sha256_top.uut.compress_inst.SIGMA0 ;
    %load/vec4 v0000015b723b10b0_0;
    %parti/s 2, 0, 2;
    %load/vec4 v0000015b723b10b0_0;
    %parti/s 30, 2, 3;
    %concat/vec4; draw_concat_vec4
    %load/vec4 v0000015b723b10b0_0;
    %parti/s 13, 0, 2;
    %load/vec4 v0000015b723b10b0_0;
    %parti/s 19, 13, 5;
    %concat/vec4; draw_concat_vec4
    %xor;
    %load/vec4 v0000015b723b10b0_0;
    %parti/s 22, 0, 2;
    %load/vec4 v0000015b723b10b0_0;
    %parti/s 10, 22, 6;
    %concat/vec4; draw_concat_vec4
    %xor;
    %ret/vec4 0, 0, 32;  Assign to SIGMA0 (store_vec4_to_lval)
    %end;
S_0000015b71fee490 .scope function.vec4.s32, "SIGMA1" "SIGMA1" 4 54, 4 54 0, S_0000015b7203cba0;
 .timescale 0 0;
; Variable SIGMA1 is vec4 return value of scope S_0000015b71fee490
v0000015b723b0890_0 .var "x", 31 0;
TD_tb_sha256_top.uut.compress_inst.SIGMA1 ;
    %load/vec4 v0000015b723b0890_0;
    %parti/s 6, 0, 2;
    %load/vec4 v0000015b723b0890_0;
    %parti/s 26, 6, 4;
    %concat/vec4; draw_concat_vec4
    %load/vec4 v0000015b723b0890_0;
    %parti/s 11, 0, 2;
    %load/vec4 v0000015b723b0890_0;
    %parti/s 21, 11, 5;
    %concat/vec4; draw_concat_vec4
    %xor;
    %load/vec4 v0000015b723b0890_0;
    %parti/s 25, 0, 2;
    %load/vec4 v0000015b723b0890_0;
    %parti/s 7, 25, 6;
    %concat/vec4; draw_concat_vec4
    %xor;
    %ret/vec4 0, 0, 32;  Assign to SIGMA1 (store_vec4_to_lval)
    %end;
S_0000015b71fdd540 .scope module, "expand_inst" "sha256_expand" 3 74, 5 14 0, S_0000015b71f94b20;
 .timescale 0 0;
    .port_info 0 /INPUT 1 "clk";
    .port_info 1 /INPUT 1 "rst_n";
    .port_info 2 /INPUT 512 "block_in";
    .port_info 3 /INPUT 1 "block_valid";
    .port_info 4 /OUTPUT 32 "Wt_out";
    .port_info 5 /OUTPUT 1 "Wt_valid";
P_0000015b723dc710 .param/l "FIFO_DEPTH" 0 5 32, +C4<00000000000000000000000000010000>;
v0000015b72442de0 .array "W", 63 0, 31 0;
v0000015b72442fc0_0 .var "Wt_out", 31 0;
v0000015b72443ce0_0 .var "Wt_valid", 0 0;
v0000015b72443ec0_0 .net "block_in", 511 0, v0000015b724445a0_0;  alias, 1 drivers
v0000015b72443240_0 .net "block_valid", 0 0, v0000015b72444460_0;  alias, 1 drivers
v0000015b72443a60_0 .net "clk", 0 0, v0000015b72445c50_0;  alias, 1 drivers
v0000015b724431a0_0 .var "expand_active", 0 0;
v0000015b72443420_0 .var "expand_counter", 6 0;
v0000015b72444280 .array "fifo", 15 0, 511 0;
v0000015b72443560_0 .var "fifo_count", 4 0;
v0000015b724437e0_0 .var "fifo_rd_ptr", 4 0;
v0000015b72444500_0 .var "fifo_wr_ptr", 4 0;
v0000015b724432e0_0 .var/i "i", 31 0;
v0000015b72443380 .array "pipeline_reg", 15 0, 31 0;
v0000015b72443b00_0 .net "rst_n", 0 0, v0000015b72445e30_0;  alias, 1 drivers
v0000015b724443c0_0 .var/i "t", 31 0;
S_0000015b71fdd6d0 .scope function.vec4.s32, "sigma0" "sigma0" 5 44, 5 44 0, S_0000015b71fdd540;
 .timescale 0 0;
; Variable sigma0 is vec4 return value of scope S_0000015b71fdd6d0
v0000015b72444140_0 .var "x", 31 0;
TD_tb_sha256_top.uut.expand_inst.sigma0 ;
    %load/vec4 v0000015b72444140_0;
    %parti/s 7, 0, 2;
    %load/vec4 v0000015b72444140_0;
    %parti/s 25, 7, 4;
    %concat/vec4; draw_concat_vec4
    %load/vec4 v0000015b72444140_0;
    %parti/s 18, 0, 2;
    %load/vec4 v0000015b72444140_0;
    %parti/s 14, 18, 6;
    %concat/vec4; draw_concat_vec4
    %xor;
    %load/vec4 v0000015b72444140_0;
    %ix/load 4, 3, 0;
    %flag_set/imm 4, 0;
    %shiftr 4;
    %xor;
    %ret/vec4 0, 0, 32;  Assign to sigma0 (store_vec4_to_lval)
    %end;
S_0000015b71fc5220 .scope function.vec4.s32, "sigma1" "sigma1" 5 49, 5 49 0, S_0000015b71fdd540;
 .timescale 0 0;
; Variable sigma1 is vec4 return value of scope S_0000015b71fc5220
v0000015b724446e0_0 .var "x", 31 0;
TD_tb_sha256_top.uut.expand_inst.sigma1 ;
    %load/vec4 v0000015b724446e0_0;
    %parti/s 17, 0, 2;
    %load/vec4 v0000015b724446e0_0;
    %parti/s 15, 17, 6;
    %concat/vec4; draw_concat_vec4
    %load/vec4 v0000015b724446e0_0;
    %parti/s 19, 0, 2;
    %load/vec4 v0000015b724446e0_0;
    %parti/s 13, 19, 6;
    %concat/vec4; draw_concat_vec4
    %xor;
    %load/vec4 v0000015b724446e0_0;
    %ix/load 4, 10, 0;
    %flag_set/imm 4, 0;
    %shiftr 4;
    %xor;
    %ret/vec4 0, 0, 32;  Assign to sigma1 (store_vec4_to_lval)
    %end;
S_0000015b71fc53b0 .scope module, "padding_inst" "sha256_padding" 3 62, 6 16 0, S_0000015b71f94b20;
 .timescale 0 0;
    .port_info 0 /INPUT 1 "clk";
    .port_info 1 /INPUT 1 "rst_n";
    .port_info 2 /INPUT 8 "data_in";
    .port_info 3 /INPUT 1 "data_in_valid";
    .port_info 4 /INPUT 1 "data_last";
    .port_info 5 /OUTPUT 512 "data_out";
    .port_info 6 /OUTPUT 1 "data_out_valid";
    .port_info 7 /OUTPUT 1 "data_ready";
P_0000015b71f62b30 .param/l "IDLE" 1 6 30, C4<0000>;
P_0000015b71f62b68 .param/l "OUTPUT_FULL_1" 1 6 32, C4<0010>;
P_0000015b71f62ba0 .param/l "OUTPUT_FULL_2" 1 6 33, C4<0011>;
P_0000015b71f62bd8 .param/l "OUTPUT_FULL_3" 1 6 34, C4<0100>;
P_0000015b71f62c10 .param/l "OUTPUT_LAST" 1 6 38, C4<1000>;
P_0000015b71f62c48 .param/l "PAD_0" 1 6 36, C4<0110>;
P_0000015b71f62c80 .param/l "PAD_1" 1 6 35, C4<0101>;
P_0000015b71f62cb8 .param/l "PAD_LEN" 1 6 37, C4<0111>;
P_0000015b71f62cf0 .param/l "RECEIVE" 1 6 31, C4<0001>;
v0000015b72443880_0 .var "byte_count", 5 0;
v0000015b72443920_0 .net "clk", 0 0, v0000015b72445c50_0;  alias, 1 drivers
v0000015b72443d80_0 .net "data_in", 7 0, v0000015b72445cf0_0;  alias, 1 drivers
v0000015b72443e20_0 .net "data_in_valid", 0 0, v0000015b72446510_0;  alias, 1 drivers
v0000015b72443f60_0 .net "data_last", 0 0, v0000015b724457f0_0;  alias, 1 drivers
v0000015b72444320_0 .var "data_length", 63 0;
v0000015b724445a0_0 .var "data_out", 511 0;
v0000015b72444460_0 .var "data_out_valid", 0 0;
v0000015b72444e90_0 .var "data_ready", 0 0;
v0000015b72445a70_0 .var "fill_pos", 5 0;
v0000015b72445b10_0 .net "rst_n", 0 0, v0000015b72445e30_0;  alias, 1 drivers
v0000015b72445110_0 .var "state", 3 0;
v0000015b724459d0_0 .var "temp_block", 511 0;
    .scope S_0000015b71fc53b0;
T_6 ;
    %wait E_0000015b723dc9d0;
    %load/vec4 v0000015b72445b10_0;
    %nor/r;
    %flag_set/vec4 8;
    %jmp/0xz  T_6.0, 8;
    %pushi/vec4 0, 0, 4;
    %assign/vec4 v0000015b72445110_0, 0;
    %pushi/vec4 0, 0, 64;
    %assign/vec4 v0000015b72444320_0, 0;
    %pushi/vec4 0, 0, 6;
    %assign/vec4 v0000015b72443880_0, 0;
    %pushi/vec4 0, 0, 512;
    %assign/vec4 v0000015b724459d0_0, 0;
    %pushi/vec4 0, 0, 512;
    %assign/vec4 v0000015b724445a0_0, 0;
    %pushi/vec4 0, 0, 1;
    %assign/vec4 v0000015b72444460_0, 0;
    %pushi/vec4 1, 0, 1;
    %assign/vec4 v0000015b72444e90_0, 0;
    %pushi/vec4 0, 0, 6;
    %assign/vec4 v0000015b72445a70_0, 0;
    %jmp T_6.1;
T_6.0 ;
    %pushi/vec4 0, 0, 1;
    %assign/vec4 v0000015b72444460_0, 0;
    %load/vec4 v0000015b72445110_0;
    %dup/vec4;
    %pushi/vec4 0, 0, 4;
    %cmp/u;
    %jmp/1 T_6.2, 6;
    %dup/vec4;
    %pushi/vec4 1, 0, 4;
    %cmp/u;
    %jmp/1 T_6.3, 6;
    %dup/vec4;
    %pushi/vec4 2, 0, 4;
    %cmp/u;
    %jmp/1 T_6.4, 6;
    %dup/vec4;
    %pushi/vec4 3, 0, 4;
    %cmp/u;
    %jmp/1 T_6.5, 6;
    %dup/vec4;
    %pushi/vec4 4, 0, 4;
    %cmp/u;
    %jmp/1 T_6.6, 6;
    %dup/vec4;
    %pushi/vec4 5, 0, 4;
    %cmp/u;
    %jmp/1 T_6.7, 6;
    %dup/vec4;
    %pushi/vec4 6, 0, 4;
    %cmp/u;
    %jmp/1 T_6.8, 6;
    %dup/vec4;
    %pushi/vec4 7, 0, 4;
    %cmp/u;
    %jmp/1 T_6.9, 6;
    %dup/vec4;
    %pushi/vec4 8, 0, 4;
    %cmp/u;
    %jmp/1 T_6.10, 6;
    %pushi/vec4 0, 0, 4;
    %assign/vec4 v0000015b72445110_0, 0;
    %pushi/vec4 1, 0, 1;
    %assign/vec4 v0000015b72444e90_0, 0;
    %jmp T_6.12;
T_6.2 ;
    %pushi/vec4 1, 0, 1;
    %assign/vec4 v0000015b72444e90_0, 0;
    %load/vec4 v0000015b72443e20_0;
    %flag_set/vec4 8;
    %jmp/0xz  T_6.13, 8;
    %load/vec4 v0000015b72443f60_0;
    %flag_set/vec4 8;
    %jmp/0xz  T_6.15, 8;
    %pushi/vec4 8, 0, 64;
    %assign/vec4 v0000015b72444320_0, 0;
    %load/vec4 v0000015b72443d80_0;
    %ix/load 4, 504, 0;
    %ix/load 5, 0, 0;
    %flag_set/imm 4, 0;
    %assign/vec4/off/d v0000015b724459d0_0, 4, 5;
    %pushi/vec4 1, 0, 6;
    %assign/vec4 v0000015b72443880_0, 0;
    %pushi/vec4 5, 0, 4;
    %assign/vec4 v0000015b72445110_0, 0;
    %pushi/vec4 1, 0, 6;
    %assign/vec4 v0000015b72445a70_0, 0;
    %pushi/vec4 0, 0, 1;
    %assign/vec4 v0000015b72444e90_0, 0;
    %jmp T_6.16;
T_6.15 ;
    %pushi/vec4 1, 0, 4;
    %assign/vec4 v0000015b72445110_0, 0;
    %pushi/vec4 8, 0, 64;
    %assign/vec4 v0000015b72444320_0, 0;
    %load/vec4 v0000015b72443d80_0;
    %ix/load 5, 0, 0;
    %pushi/vec4 511, 0, 32;
    %load/vec4 v0000015b72443880_0;
    %pad/u 32;
    %muli 8, 0, 32;
    %sub;
    %pad/u 34;
    %subi 7, 0, 34;
    %ix/vec4/s 4;
    %assign/vec4/off/d v0000015b724459d0_0, 4, 5;
    %load/vec4 v0000015b72443880_0;
    %addi 1, 0, 6;
    %assign/vec4 v0000015b72443880_0, 0;
    %load/vec4 v0000015b72443880_0;
    %pad/u 32;
    %cmpi/u 63, 0, 32;
    %flag_get/vec4 5;
    %assign/vec4 v0000015b72444e90_0, 0;
T_6.16 ;
    %jmp T_6.14;
T_6.13 ;
    %load/vec4 v0000015b72443f60_0;
    %flag_set/vec4 8;
    %jmp/0xz  T_6.17, 8;
    %pushi/vec4 5, 0, 4;
    %assign/vec4 v0000015b72445110_0, 0;
    %pushi/vec4 0, 0, 6;
    %assign/vec4 v0000015b72445a70_0, 0;
    %pushi/vec4 0, 0, 1;
    %assign/vec4 v0000015b72444e90_0, 0;
T_6.17 ;
T_6.14 ;
    %jmp T_6.12;
T_6.3 ;
    %load/vec4 v0000015b72443e20_0;
    %flag_set/vec4 8;
    %jmp/0xz  T_6.19, 8;
    %load/vec4 v0000015b72444320_0;
    %addi 8, 0, 64;
    %assign/vec4 v0000015b72444320_0, 0;
    %load/vec4 v0000015b72443d80_0;
    %ix/load 5, 0, 0;
    %pushi/vec4 511, 0, 32;
    %load/vec4 v0000015b72443880_0;
    %pad/u 32;
    %muli 8, 0, 32;
    %sub;
    %pad/u 34;
    %subi 7, 0, 34;
    %ix/vec4/s 4;
    %assign/vec4/off/d v0000015b724459d0_0, 4, 5;
    %load/vec4 v0000015b72443880_0;
    %addi 1, 0, 6;
    %assign/vec4 v0000015b72443880_0, 0;
    %load/vec4 v0000015b72443880_0;
    %pad/u 32;
    %cmpi/u 63, 0, 32;
    %flag_get/vec4 5;
    %assign/vec4 v0000015b72444e90_0, 0;
    %load/vec4 v0000015b72443f60_0;
    %flag_set/vec4 8;
    %jmp/0xz  T_6.21, 8;
    %load/vec4 v0000015b72443880_0;
    %pad/u 32;
    %cmpi/u 55, 0, 32;
    %jmp/0xz  T_6.23, 5;
    %load/vec4 v0000015b72443880_0;
    %addi 1, 0, 6;
    %assign/vec4 v0000015b72445a70_0, 0;
    %pushi/vec4 0, 0, 1;
    %assign/vec4 v0000015b72444e90_0, 0;
    %pushi/vec4 5, 0, 4;
    %assign/vec4 v0000015b72445110_0, 0;
    %jmp T_6.24;
T_6.23 ;
    %load/vec4 v0000015b72443880_0;
    %pad/u 32;
    %cmpi/u 55, 0, 32;
    %flag_inv 5; GE is !LT
    %flag_get/vec4 5;
    %jmp/0 T_6.27, 5;
    %load/vec4 v0000015b72443880_0;
    %pad/u 32;
    %cmpi/u 63, 0, 32;
    %flag_get/vec4 5;
    %and;
T_6.27;
    %flag_set/vec4 8;
    %jmp/0xz  T_6.25, 8;
    %pushi/vec4 128, 0, 8;
    %ix/load 5, 0, 0;
    %pushi/vec4 511, 0, 32;
    %load/vec4 v0000015b72443880_0;
    %pad/u 32;
    %addi 1, 0, 32;
    %muli 8, 0, 32;
    %sub;
    %pad/u 34;
    %subi 7, 0, 34;
    %ix/vec4/s 4;
    %assign/vec4/off/d v0000015b724459d0_0, 4, 5;
    %pushi/vec4 2, 0, 4;
    %assign/vec4 v0000015b72445110_0, 0;
    %jmp T_6.26;
T_6.25 ;
    %load/vec4 v0000015b72443880_0;
    %pad/u 32;
    %cmpi/e 63, 0, 32;
    %jmp/0xz  T_6.28, 4;
    %pushi/vec4 3, 0, 4;
    %assign/vec4 v0000015b72445110_0, 0;
T_6.28 ;
T_6.26 ;
T_6.24 ;
T_6.21 ;
    %load/vec4 v0000015b72443880_0;
    %pad/u 32;
    %cmpi/e 63, 0, 32;
    %jmp/0xz  T_6.30, 4;
    %pushi/vec4 4, 0, 4;
    %assign/vec4 v0000015b72445110_0, 0;
T_6.30 ;
T_6.19 ;
    %jmp T_6.12;
T_6.4 ;
    %load/vec4 v0000015b724459d0_0;
    %assign/vec4 v0000015b724445a0_0, 0;
    %pushi/vec4 1, 0, 1;
    %assign/vec4 v0000015b72444460_0, 0;
    %pushi/vec4 0, 0, 512;
    %assign/vec4 v0000015b724459d0_0, 0;
    %pushi/vec4 0, 0, 6;
    %assign/vec4 v0000015b72445a70_0, 0;
    %pushi/vec4 0, 0, 6;
    %assign/vec4 v0000015b72443880_0, 0;
    %pushi/vec4 0, 0, 1;
    %assign/vec4 v0000015b72444e90_0, 0;
    %pushi/vec4 6, 0, 4;
    %assign/vec4 v0000015b72445110_0, 0;
    %jmp T_6.12;
T_6.5 ;
    %load/vec4 v0000015b724459d0_0;
    %assign/vec4 v0000015b724445a0_0, 0;
    %pushi/vec4 1, 0, 1;
    %assign/vec4 v0000015b72444460_0, 0;
    %pushi/vec4 0, 0, 512;
    %assign/vec4 v0000015b724459d0_0, 0;
    %pushi/vec4 0, 0, 6;
    %assign/vec4 v0000015b72445a70_0, 0;
    %pushi/vec4 0, 0, 6;
    %assign/vec4 v0000015b72443880_0, 0;
    %pushi/vec4 0, 0, 1;
    %assign/vec4 v0000015b72444e90_0, 0;
    %pushi/vec4 5, 0, 4;
    %assign/vec4 v0000015b72445110_0, 0;
    %jmp T_6.12;
T_6.6 ;
    %load/vec4 v0000015b724459d0_0;
    %assign/vec4 v0000015b724445a0_0, 0;
    %pushi/vec4 1, 0, 1;
    %assign/vec4 v0000015b72444460_0, 0;
    %load/vec4 v0000015b72444320_0;
    %addi 8, 0, 64;
    %assign/vec4 v0000015b72444320_0, 0;
    %load/vec4 v0000015b72443d80_0;
    %ix/load 4, 504, 0;
    %ix/load 5, 0, 0;
    %flag_set/imm 4, 0;
    %assign/vec4/off/d v0000015b724459d0_0, 4, 5;
    %pushi/vec4 1, 0, 6;
    %assign/vec4 v0000015b72443880_0, 0;
    %pushi/vec4 1, 0, 1;
    %assign/vec4 v0000015b72444e90_0, 0;
    %pushi/vec4 1, 0, 4;
    %assign/vec4 v0000015b72445110_0, 0;
    %jmp T_6.12;
T_6.7 ;
    %pushi/vec4 128, 0, 8;
    %ix/load 5, 0, 0;
    %pushi/vec4 511, 0, 32;
    %load/vec4 v0000015b72445a70_0;
    %pad/u 32;
    %muli 8, 0, 32;
    %sub;
    %pad/u 34;
    %subi 7, 0, 34;
    %ix/vec4/s 4;
    %assign/vec4/off/d v0000015b724459d0_0, 4, 5;
    %load/vec4 v0000015b72445a70_0;
    %addi 1, 0, 6;
    %assign/vec4 v0000015b72445a70_0, 0;
    %pushi/vec4 6, 0, 4;
    %assign/vec4 v0000015b72445110_0, 0;
    %pushi/vec4 0, 0, 1;
    %assign/vec4 v0000015b72444e90_0, 0;
    %jmp T_6.12;
T_6.8 ;
    %load/vec4 v0000015b72445a70_0;
    %pad/u 32;
    %cmpi/u 56, 0, 32;
    %jmp/0xz  T_6.32, 5;
    %pushi/vec4 0, 0, 8;
    %ix/load 5, 0, 0;
    %pushi/vec4 511, 0, 32;
    %load/vec4 v0000015b72445a70_0;
    %pad/u 32;
    %muli 8, 0, 32;
    %sub;
    %pad/u 34;
    %subi 7, 0, 34;
    %ix/vec4/s 4;
    %assign/vec4/off/d v0000015b724459d0_0, 4, 5;
    %load/vec4 v0000015b72445a70_0;
    %addi 1, 0, 6;
    %assign/vec4 v0000015b72445a70_0, 0;
    %pushi/vec4 0, 0, 1;
    %assign/vec4 v0000015b72444e90_0, 0;
    %jmp T_6.33;
T_6.32 ;
    %pushi/vec4 7, 0, 4;
    %assign/vec4 v0000015b72445110_0, 0;
    %pushi/vec4 0, 0, 1;
    %assign/vec4 v0000015b72444e90_0, 0;
T_6.33 ;
    %jmp T_6.12;
T_6.9 ;
    %load/vec4 v0000015b72444320_0;
    %ix/load 4, 0, 0;
    %ix/load 5, 0, 0;
    %flag_set/imm 4, 0;
    %assign/vec4/off/d v0000015b724459d0_0, 4, 5;
    %pushi/vec4 8, 0, 4;
    %assign/vec4 v0000015b72445110_0, 0;
    %pushi/vec4 0, 0, 1;
    %assign/vec4 v0000015b72444e90_0, 0;
    %jmp T_6.12;
T_6.10 ;
    %load/vec4 v0000015b724459d0_0;
    %assign/vec4 v0000015b724445a0_0, 0;
    %pushi/vec4 1, 0, 1;
    %assign/vec4 v0000015b72444460_0, 0;
    %pushi/vec4 0, 0, 512;
    %assign/vec4 v0000015b724459d0_0, 0;
    %pushi/vec4 0, 0, 6;
    %assign/vec4 v0000015b72443880_0, 0;
    %pushi/vec4 0, 0, 6;
    %assign/vec4 v0000015b72445a70_0, 0;
    %pushi/vec4 0, 0, 64;
    %assign/vec4 v0000015b72444320_0, 0;
    %pushi/vec4 0, 0, 4;
    %assign/vec4 v0000015b72445110_0, 0;
    %pushi/vec4 1, 0, 1;
    %assign/vec4 v0000015b72444e90_0, 0;
    %jmp T_6.12;
T_6.12 ;
    %pop/vec4 1;
T_6.1 ;
    %jmp T_6;
    .thread T_6;
    .scope S_0000015b71fdd540;
T_7 ;
    %wait E_0000015b723dc9d0;
    %load/vec4 v0000015b72443b00_0;
    %nor/r;
    %flag_set/vec4 8;
    %jmp/0xz  T_7.0, 8;
    %pushi/vec4 0, 0, 32;
    %store/vec4 v0000015b724432e0_0, 0, 32;
T_7.2 ;
    %load/vec4 v0000015b724432e0_0;
    %cmpi/s 64, 0, 32;
    %jmp/0xz T_7.3, 5;
    %pushi/vec4 0, 0, 32;
    %ix/getv/s 3, v0000015b724432e0_0;
    %ix/load 4, 0, 0; Constant delay
    %assign/vec4/a/d v0000015b72442de0, 0, 4;
    %load/vec4 v0000015b724432e0_0;
    %addi 1, 0, 32;
    %store/vec4 v0000015b724432e0_0, 0, 32;
    %jmp T_7.2;
T_7.3 ;
    %pushi/vec4 0, 0, 32;
    %store/vec4 v0000015b724432e0_0, 0, 32;
T_7.4 ;
    %load/vec4 v0000015b724432e0_0;
    %cmpi/s 16, 0, 32;
    %jmp/0xz T_7.5, 5;
    %pushi/vec4 0, 0, 32;
    %ix/getv/s 3, v0000015b724432e0_0;
    %ix/load 4, 0, 0; Constant delay
    %assign/vec4/a/d v0000015b72443380, 0, 4;
    %load/vec4 v0000015b724432e0_0;
    %addi 1, 0, 32;
    %store/vec4 v0000015b724432e0_0, 0, 32;
    %jmp T_7.4;
T_7.5 ;
    %pushi/vec4 0, 0, 7;
    %assign/vec4 v0000015b72443420_0, 0;
    %pushi/vec4 0, 0, 1;
    %assign/vec4 v0000015b724431a0_0, 0;
    %pushi/vec4 0, 0, 32;
    %assign/vec4 v0000015b72442fc0_0, 0;
    %pushi/vec4 0, 0, 1;
    %assign/vec4 v0000015b72443ce0_0, 0;
    %pushi/vec4 0, 0, 32;
    %store/vec4 v0000015b724432e0_0, 0, 32;
T_7.6 ;
    %load/vec4 v0000015b724432e0_0;
    %cmpi/s 16, 0, 32;
    %jmp/0xz T_7.7, 5;
    %pushi/vec4 0, 0, 512;
    %ix/getv/s 3, v0000015b724432e0_0;
    %ix/load 4, 0, 0; Constant delay
    %assign/vec4/a/d v0000015b72444280, 0, 4;
    %load/vec4 v0000015b724432e0_0;
    %addi 1, 0, 32;
    %store/vec4 v0000015b724432e0_0, 0, 32;
    %jmp T_7.6;
T_7.7 ;
    %pushi/vec4 0, 0, 5;
    %assign/vec4 v0000015b72444500_0, 0;
    %pushi/vec4 0, 0, 5;
    %assign/vec4 v0000015b724437e0_0, 0;
    %pushi/vec4 0, 0, 5;
    %assign/vec4 v0000015b72443560_0, 0;
    %jmp T_7.1;
T_7.0 ;
    %pushi/vec4 0, 0, 1;
    %assign/vec4 v0000015b72443ce0_0, 0;
    %load/vec4 v0000015b72443240_0;
    %flag_set/vec4 9;
    %flag_get/vec4 9;
    %jmp/0 T_7.10, 9;
    %load/vec4 v0000015b72443560_0;
    %pad/u 32;
    %cmpi/u 16, 0, 32;
    %flag_get/vec4 5;
    %and;
T_7.10;
    %flag_set/vec4 8;
    %jmp/0xz  T_7.8, 8;
    %load/vec4 v0000015b72443ec0_0;
    %load/vec4 v0000015b72444500_0;
    %pad/u 6;
    %ix/vec4 3;
    %ix/load 4, 0, 0; Constant delay
    %assign/vec4/a/d v0000015b72444280, 0, 4;
    %load/vec4 v0000015b72444500_0;
    %pad/u 32;
    %cmpi/e 15, 0, 32;
    %flag_mov 8, 4;
    %jmp/0 T_7.11, 8;
    %pushi/vec4 0, 0, 5;
    %jmp/1 T_7.12, 8;
T_7.11 ; End of true expr.
    %load/vec4 v0000015b72444500_0;
    %addi 1, 0, 5;
    %jmp/0 T_7.12, 8;
 ; End of false expr.
    %blend;
T_7.12;
    %assign/vec4 v0000015b72444500_0, 0;
    %load/vec4 v0000015b72443560_0;
    %addi 1, 0, 5;
    %assign/vec4 v0000015b72443560_0, 0;
T_7.8 ;
    %load/vec4 v0000015b724431a0_0;
    %flag_set/vec4 8;
    %jmp/0xz  T_7.13, 8;
    %load/vec4 v0000015b72443420_0;
    %pad/u 32;
    %cmpi/u 96, 0, 32;
    %jmp/0xz  T_7.15, 5;
    %load/vec4 v0000015b72443420_0;
    %pad/u 32;
    %cmpi/u 64, 0, 32;
    %jmp/0xz  T_7.17, 5;
    %load/vec4 v0000015b72443420_0;
    %pad/u 32;
    %subi 2, 0, 32;
    %ix/vec4 4;
    %load/vec4a v0000015b72442de0, 4;
    %store/vec4 v0000015b724446e0_0, 0, 32;
    %callf/vec4 TD_tb_sha256_top.uut.expand_inst.sigma1, S_0000015b71fc5220;
    %load/vec4 v0000015b72443420_0;
    %pad/u 32;
    %subi 7, 0, 32;
    %ix/vec4 4;
    %load/vec4a v0000015b72442de0, 4;
    %add;
    %load/vec4 v0000015b72443420_0;
    %pad/u 32;
    %subi 15, 0, 32;
    %ix/vec4 4;
    %load/vec4a v0000015b72442de0, 4;
    %store/vec4 v0000015b72444140_0, 0, 32;
    %callf/vec4 TD_tb_sha256_top.uut.expand_inst.sigma0, S_0000015b71fdd6d0;
    %add;
    %load/vec4 v0000015b72443420_0;
    %pad/u 32;
    %subi 16, 0, 32;
    %ix/vec4 4;
    %load/vec4a v0000015b72442de0, 4;
    %add;
    %load/vec4 v0000015b72443420_0;
    %pad/u 8;
    %ix/vec4 3;
    %ix/load 4, 0, 0; Constant delay
    %assign/vec4/a/d v0000015b72442de0, 0, 4;
T_7.17 ;
    %pushi/vec4 0, 0, 32;
    %store/vec4 v0000015b724432e0_0, 0, 32;
T_7.19 ;
    %load/vec4 v0000015b724432e0_0;
    %cmpi/s 15, 0, 32;
    %jmp/0xz T_7.20, 5;
    %load/vec4 v0000015b724432e0_0;
    %addi 1, 0, 32;
    %ix/vec4/s 4;
    %load/vec4a v0000015b72443380, 4;
    %ix/getv/s 3, v0000015b724432e0_0;
    %ix/load 4, 0, 0; Constant delay
    %assign/vec4/a/d v0000015b72443380, 0, 4;
    %load/vec4 v0000015b724432e0_0;
    %addi 1, 0, 32;
    %store/vec4 v0000015b724432e0_0, 0, 32;
    %jmp T_7.19;
T_7.20 ;
    %load/vec4 v0000015b72443420_0;
    %pad/u 32;
    %cmpi/u 80, 0, 32;
    %jmp/0xz  T_7.21, 5;
    %load/vec4 v0000015b72443420_0;
    %pad/u 32;
    %subi 16, 0, 32;
    %ix/vec4 4;
    %load/vec4a v0000015b72442de0, 4;
    %ix/load 3, 15, 0;
    %flag_set/imm 4, 0;
    %ix/load 4, 0, 0; Constant delay
    %assign/vec4/a/d v0000015b72443380, 0, 4;
    %jmp T_7.22;
T_7.21 ;
    %pushi/vec4 0, 0, 32;
    %ix/load 3, 15, 0;
    %flag_set/imm 4, 0;
    %ix/load 4, 0, 0; Constant delay
    %assign/vec4/a/d v0000015b72443380, 0, 4;
T_7.22 ;
    %load/vec4 v0000015b72443420_0;
    %pad/u 32;
    %cmpi/u 32, 0, 32;
    %flag_inv 5; GE is !LT
    %jmp/0xz  T_7.23, 5;
    %ix/load 4, 0, 0;
    %flag_set/imm 4, 0;
    %load/vec4a v0000015b72443380, 4;
    %assign/vec4 v0000015b72442fc0_0, 0;
    %pushi/vec4 1, 0, 1;
    %assign/vec4 v0000015b72443ce0_0, 0;
T_7.23 ;
    %load/vec4 v0000015b72443420_0;
    %addi 1, 0, 7;
    %assign/vec4 v0000015b72443420_0, 0;
    %jmp T_7.16;
T_7.15 ;
    %pushi/vec4 0, 0, 1;
    %assign/vec4 v0000015b724431a0_0, 0;
    %pushi/vec4 0, 0, 1;
    %assign/vec4 v0000015b72443ce0_0, 0;
    %load/vec4 v0000015b72443560_0;
    %pad/u 32;
    %cmpi/u 0, 0, 32;
    %flag_or 5, 4; GT is !LE
    %flag_inv 5;
    %jmp/0xz  T_7.25, 5;
    %pushi/vec4 0, 0, 32;
    %store/vec4 v0000015b724443c0_0, 0, 32;
T_7.27 ;
    %load/vec4 v0000015b724443c0_0;
    %cmpi/s 16, 0, 32;
    %jmp/0xz T_7.28, 5;
    %load/vec4 v0000015b724437e0_0;
    %pad/u 6;
    %ix/vec4 4;
    %load/vec4a v0000015b72444280, 4;
    %pushi/vec4 511, 0, 32;
    %load/vec4 v0000015b724443c0_0;
    %muli 32, 0, 32;
    %sub;
    %pad/s 34;
    %subi 31, 0, 34;
    %part/s 32;
    %ix/getv/s 3, v0000015b724443c0_0;
    %ix/load 4, 0, 0; Constant delay
    %assign/vec4/a/d v0000015b72442de0, 0, 4;
    %pushi/vec4 4294967295, 0, 32;
    %ix/getv/s 3, v0000015b724443c0_0;
    %ix/load 4, 0, 0; Constant delay
    %assign/vec4/a/d v0000015b72443380, 0, 4;
    %load/vec4 v0000015b724443c0_0;
    %addi 1, 0, 32;
    %store/vec4 v0000015b724443c0_0, 0, 32;
    %jmp T_7.27;
T_7.28 ;
    %pushi/vec4 16, 0, 7;
    %assign/vec4 v0000015b72443420_0, 0;
    %pushi/vec4 1, 0, 1;
    %assign/vec4 v0000015b724431a0_0, 0;
    %load/vec4 v0000015b724437e0_0;
    %pad/u 32;
    %cmpi/e 15, 0, 32;
    %flag_mov 8, 4;
    %jmp/0 T_7.29, 8;
    %pushi/vec4 0, 0, 5;
    %jmp/1 T_7.30, 8;
T_7.29 ; End of true expr.
    %load/vec4 v0000015b724437e0_0;
    %addi 1, 0, 5;
    %jmp/0 T_7.30, 8;
 ; End of false expr.
    %blend;
T_7.30;
    %assign/vec4 v0000015b724437e0_0, 0;
    %load/vec4 v0000015b72443560_0;
    %subi 1, 0, 5;
    %assign/vec4 v0000015b72443560_0, 0;
T_7.25 ;
T_7.16 ;
    %jmp T_7.14;
T_7.13 ;
    %load/vec4 v0000015b72443560_0;
    %pad/u 32;
    %cmpi/u 0, 0, 32;
    %flag_or 5, 4; GT is !LE
    %flag_inv 5;
    %jmp/0xz  T_7.31, 5;
    %pushi/vec4 0, 0, 32;
    %store/vec4 v0000015b724443c0_0, 0, 32;
T_7.33 ;
    %load/vec4 v0000015b724443c0_0;
    %cmpi/s 16, 0, 32;
    %jmp/0xz T_7.34, 5;
    %load/vec4 v0000015b724437e0_0;
    %pad/u 6;
    %ix/vec4 4;
    %load/vec4a v0000015b72444280, 4;
    %pushi/vec4 511, 0, 32;
    %load/vec4 v0000015b724443c0_0;
    %muli 32, 0, 32;
    %sub;
    %pad/s 34;
    %subi 31, 0, 34;
    %part/s 32;
    %ix/getv/s 3, v0000015b724443c0_0;
    %ix/load 4, 0, 0; Constant delay
    %assign/vec4/a/d v0000015b72442de0, 0, 4;
    %pushi/vec4 4294967295, 0, 32;
    %ix/getv/s 3, v0000015b724443c0_0;
    %ix/load 4, 0, 0; Constant delay
    %assign/vec4/a/d v0000015b72443380, 0, 4;
    %load/vec4 v0000015b724443c0_0;
    %addi 1, 0, 32;
    %store/vec4 v0000015b724443c0_0, 0, 32;
    %jmp T_7.33;
T_7.34 ;
    %pushi/vec4 16, 0, 7;
    %assign/vec4 v0000015b72443420_0, 0;
    %pushi/vec4 1, 0, 1;
    %assign/vec4 v0000015b724431a0_0, 0;
    %load/vec4 v0000015b724437e0_0;
    %pad/u 32;
    %cmpi/e 15, 0, 32;
    %flag_mov 8, 4;
    %jmp/0 T_7.35, 8;
    %pushi/vec4 0, 0, 5;
    %jmp/1 T_7.36, 8;
T_7.35 ; End of true expr.
    %load/vec4 v0000015b724437e0_0;
    %addi 1, 0, 5;
    %jmp/0 T_7.36, 8;
 ; End of false expr.
    %blend;
T_7.36;
    %assign/vec4 v0000015b724437e0_0, 0;
    %load/vec4 v0000015b72443560_0;
    %subi 1, 0, 5;
    %assign/vec4 v0000015b72443560_0, 0;
T_7.31 ;
T_7.14 ;
T_7.1 ;
    %jmp T_7;
    .thread T_7;
    .scope S_0000015b7203cba0;
T_8 ;
    %pushi/vec4 1116352408, 0, 32;
    %ix/load 4, 0, 0;
    %flag_set/imm 4, 0;
    %store/vec4a v0000015b723b0750, 4, 0;
    %pushi/vec4 1899447441, 0, 32;
    %ix/load 4, 1, 0;
    %flag_set/imm 4, 0;
    %store/vec4a v0000015b723b0750, 4, 0;
    %pushi/vec4 3049323471, 0, 32;
    %ix/load 4, 2, 0;
    %flag_set/imm 4, 0;
    %store/vec4a v0000015b723b0750, 4, 0;
    %pushi/vec4 3921009573, 0, 32;
    %ix/load 4, 3, 0;
    %flag_set/imm 4, 0;
    %store/vec4a v0000015b723b0750, 4, 0;
    %pushi/vec4 961987163, 0, 32;
    %ix/load 4, 4, 0;
    %flag_set/imm 4, 0;
    %store/vec4a v0000015b723b0750, 4, 0;
    %pushi/vec4 1508970993, 0, 32;
    %ix/load 4, 5, 0;
    %flag_set/imm 4, 0;
    %store/vec4a v0000015b723b0750, 4, 0;
    %pushi/vec4 2453635748, 0, 32;
    %ix/load 4, 6, 0;
    %flag_set/imm 4, 0;
    %store/vec4a v0000015b723b0750, 4, 0;
    %pushi/vec4 2870763221, 0, 32;
    %ix/load 4, 7, 0;
    %flag_set/imm 4, 0;
    %store/vec4a v0000015b723b0750, 4, 0;
    %pushi/vec4 3624381080, 0, 32;
    %ix/load 4, 8, 0;
    %flag_set/imm 4, 0;
    %store/vec4a v0000015b723b0750, 4, 0;
    %pushi/vec4 310598401, 0, 32;
    %ix/load 4, 9, 0;
    %flag_set/imm 4, 0;
    %store/vec4a v0000015b723b0750, 4, 0;
    %pushi/vec4 607225278, 0, 32;
    %ix/load 4, 10, 0;
    %flag_set/imm 4, 0;
    %store/vec4a v0000015b723b0750, 4, 0;
    %pushi/vec4 1426881987, 0, 32;
    %ix/load 4, 11, 0;
    %flag_set/imm 4, 0;
    %store/vec4a v0000015b723b0750, 4, 0;
    %pushi/vec4 1925078388, 0, 32;
    %ix/load 4, 12, 0;
    %flag_set/imm 4, 0;
    %store/vec4a v0000015b723b0750, 4, 0;
    %pushi/vec4 2162078206, 0, 32;
    %ix/load 4, 13, 0;
    %flag_set/imm 4, 0;
    %store/vec4a v0000015b723b0750, 4, 0;
    %pushi/vec4 2614888103, 0, 32;
    %ix/load 4, 14, 0;
    %flag_set/imm 4, 0;
    %store/vec4a v0000015b723b0750, 4, 0;
    %pushi/vec4 3248222580, 0, 32;
    %ix/load 4, 15, 0;
    %flag_set/imm 4, 0;
    %store/vec4a v0000015b723b0750, 4, 0;
    %pushi/vec4 3835390401, 0, 32;
    %ix/load 4, 16, 0;
    %flag_set/imm 4, 0;
    %store/vec4a v0000015b723b0750, 4, 0;
    %pushi/vec4 4022224774, 0, 32;
    %ix/load 4, 17, 0;
    %flag_set/imm 4, 0;
    %store/vec4a v0000015b723b0750, 4, 0;
    %pushi/vec4 264347078, 0, 32;
    %ix/load 4, 18, 0;
    %flag_set/imm 4, 0;
    %store/vec4a v0000015b723b0750, 4, 0;
    %pushi/vec4 604807628, 0, 32;
    %ix/load 4, 19, 0;
    %flag_set/imm 4, 0;
    %store/vec4a v0000015b723b0750, 4, 0;
    %pushi/vec4 770255983, 0, 32;
    %ix/load 4, 20, 0;
    %flag_set/imm 4, 0;
    %store/vec4a v0000015b723b0750, 4, 0;
    %pushi/vec4 1249150122, 0, 32;
    %ix/load 4, 21, 0;
    %flag_set/imm 4, 0;
    %store/vec4a v0000015b723b0750, 4, 0;
    %pushi/vec4 1555081692, 0, 32;
    %ix/load 4, 22, 0;
    %flag_set/imm 4, 0;
    %store/vec4a v0000015b723b0750, 4, 0;
    %pushi/vec4 1996064986, 0, 32;
    %ix/load 4, 23, 0;
    %flag_set/imm 4, 0;
    %store/vec4a v0000015b723b0750, 4, 0;
    %pushi/vec4 2554220882, 0, 32;
    %ix/load 4, 24, 0;
    %flag_set/imm 4, 0;
    %store/vec4a v0000015b723b0750, 4, 0;
    %pushi/vec4 2821834349, 0, 32;
    %ix/load 4, 25, 0;
    %flag_set/imm 4, 0;
    %store/vec4a v0000015b723b0750, 4, 0;
    %pushi/vec4 2952996808, 0, 32;
    %ix/load 4, 26, 0;
    %flag_set/imm 4, 0;
    %store/vec4a v0000015b723b0750, 4, 0;
    %pushi/vec4 3210313671, 0, 32;
    %ix/load 4, 27, 0;
    %flag_set/imm 4, 0;
    %store/vec4a v0000015b723b0750, 4, 0;
    %pushi/vec4 3336571891, 0, 32;
    %ix/load 4, 28, 0;
    %flag_set/imm 4, 0;
    %store/vec4a v0000015b723b0750, 4, 0;
    %pushi/vec4 3584528711, 0, 32;
    %ix/load 4, 29, 0;
    %flag_set/imm 4, 0;
    %store/vec4a v0000015b723b0750, 4, 0;
    %pushi/vec4 113926993, 0, 32;
    %ix/load 4, 30, 0;
    %flag_set/imm 4, 0;
    %store/vec4a v0000015b723b0750, 4, 0;
    %pushi/vec4 338241895, 0, 32;
    %ix/load 4, 31, 0;
    %flag_set/imm 4, 0;
    %store/vec4a v0000015b723b0750, 4, 0;
    %pushi/vec4 666307205, 0, 32;
    %ix/load 4, 32, 0;
    %flag_set/imm 4, 0;
    %store/vec4a v0000015b723b0750, 4, 0;
    %pushi/vec4 773529912, 0, 32;
    %ix/load 4, 33, 0;
    %flag_set/imm 4, 0;
    %store/vec4a v0000015b723b0750, 4, 0;
    %pushi/vec4 1294757372, 0, 32;
    %ix/load 4, 34, 0;
    %flag_set/imm 4, 0;
    %store/vec4a v0000015b723b0750, 4, 0;
    %pushi/vec4 1396182291, 0, 32;
    %ix/load 4, 35, 0;
    %flag_set/imm 4, 0;
    %store/vec4a v0000015b723b0750, 4, 0;
    %pushi/vec4 1695183700, 0, 32;
    %ix/load 4, 36, 0;
    %flag_set/imm 4, 0;
    %store/vec4a v0000015b723b0750, 4, 0;
    %pushi/vec4 1986661051, 0, 32;
    %ix/load 4, 37, 0;
    %flag_set/imm 4, 0;
    %store/vec4a v0000015b723b0750, 4, 0;
    %pushi/vec4 2177026350, 0, 32;
    %ix/load 4, 38, 0;
    %flag_set/imm 4, 0;
    %store/vec4a v0000015b723b0750, 4, 0;
    %pushi/vec4 2456956037, 0, 32;
    %ix/load 4, 39, 0;
    %flag_set/imm 4, 0;
    %store/vec4a v0000015b723b0750, 4, 0;
    %pushi/vec4 2730485921, 0, 32;
    %ix/load 4, 40, 0;
    %flag_set/imm 4, 0;
    %store/vec4a v0000015b723b0750, 4, 0;
    %pushi/vec4 2820302411, 0, 32;
    %ix/load 4, 41, 0;
    %flag_set/imm 4, 0;
    %store/vec4a v0000015b723b0750, 4, 0;
    %pushi/vec4 3259730800, 0, 32;
    %ix/load 4, 42, 0;
    %flag_set/imm 4, 0;
    %store/vec4a v0000015b723b0750, 4, 0;
    %pushi/vec4 3345764771, 0, 32;
    %ix/load 4, 43, 0;
    %flag_set/imm 4, 0;
    %store/vec4a v0000015b723b0750, 4, 0;
    %pushi/vec4 3516065817, 0, 32;
    %ix/load 4, 44, 0;
    %flag_set/imm 4, 0;
    %store/vec4a v0000015b723b0750, 4, 0;
    %pushi/vec4 3600352804, 0, 32;
    %ix/load 4, 45, 0;
    %flag_set/imm 4, 0;
    %store/vec4a v0000015b723b0750, 4, 0;
    %pushi/vec4 4094571909, 0, 32;
    %ix/load 4, 46, 0;
    %flag_set/imm 4, 0;
    %store/vec4a v0000015b723b0750, 4, 0;
    %pushi/vec4 275423344, 0, 32;
    %ix/load 4, 47, 0;
    %flag_set/imm 4, 0;
    %store/vec4a v0000015b723b0750, 4, 0;
    %pushi/vec4 430227734, 0, 32;
    %ix/load 4, 48, 0;
    %flag_set/imm 4, 0;
    %store/vec4a v0000015b723b0750, 4, 0;
    %pushi/vec4 506948616, 0, 32;
    %ix/load 4, 49, 0;
    %flag_set/imm 4, 0;
    %store/vec4a v0000015b723b0750, 4, 0;
    %pushi/vec4 659060556, 0, 32;
    %ix/load 4, 50, 0;
    %flag_set/imm 4, 0;
    %store/vec4a v0000015b723b0750, 4, 0;
    %pushi/vec4 883997877, 0, 32;
    %ix/load 4, 51, 0;
    %flag_set/imm 4, 0;
    %store/vec4a v0000015b723b0750, 4, 0;
    %pushi/vec4 958139571, 0, 32;
    %ix/load 4, 52, 0;
    %flag_set/imm 4, 0;
    %store/vec4a v0000015b723b0750, 4, 0;
    %pushi/vec4 1322822218, 0, 32;
    %ix/load 4, 53, 0;
    %flag_set/imm 4, 0;
    %store/vec4a v0000015b723b0750, 4, 0;
    %pushi/vec4 1537002063, 0, 32;
    %ix/load 4, 54, 0;
    %flag_set/imm 4, 0;
    %store/vec4a v0000015b723b0750, 4, 0;
    %pushi/vec4 1747873779, 0, 32;
    %ix/load 4, 55, 0;
    %flag_set/imm 4, 0;
    %store/vec4a v0000015b723b0750, 4, 0;
    %pushi/vec4 1955562222, 0, 32;
    %ix/load 4, 56, 0;
    %flag_set/imm 4, 0;
    %store/vec4a v0000015b723b0750, 4, 0;
    %pushi/vec4 2024104815, 0, 32;
    %ix/load 4, 57, 0;
    %flag_set/imm 4, 0;
    %store/vec4a v0000015b723b0750, 4, 0;
    %pushi/vec4 2227730452, 0, 32;
    %ix/load 4, 58, 0;
    %flag_set/imm 4, 0;
    %store/vec4a v0000015b723b0750, 4, 0;
    %pushi/vec4 2361852424, 0, 32;
    %ix/load 4, 59, 0;
    %flag_set/imm 4, 0;
    %store/vec4a v0000015b723b0750, 4, 0;
    %pushi/vec4 2428436474, 0, 32;
    %ix/load 4, 60, 0;
    %flag_set/imm 4, 0;
    %store/vec4a v0000015b723b0750, 4, 0;
    %pushi/vec4 2756734187, 0, 32;
    %ix/load 4, 61, 0;
    %flag_set/imm 4, 0;
    %store/vec4a v0000015b723b0750, 4, 0;
    %pushi/vec4 3204031479, 0, 32;
    %ix/load 4, 62, 0;
    %flag_set/imm 4, 0;
    %store/vec4a v0000015b723b0750, 4, 0;
    %pushi/vec4 3329325298, 0, 32;
    %ix/load 4, 63, 0;
    %flag_set/imm 4, 0;
    %store/vec4a v0000015b723b0750, 4, 0;
    %end;
    .thread T_8;
    .scope S_0000015b7203cba0;
T_9 ;
    %wait E_0000015b723dc9d0;
    %load/vec4 v0000015b724448c0_0;
    %nor/r;
    %flag_set/vec4 8;
    %jmp/0xz  T_9.0, 8;
    %pushi/vec4 0, 0, 32;
    %store/vec4 v0000015b72443c40_0, 0, 32;
T_9.2 ;
    %load/vec4 v0000015b72443c40_0;
    %cmpi/s 32, 0, 32;
    %jmp/0xz T_9.3, 5;
    %pushi/vec4 0, 0, 32;
    %ix/getv/s 3, v0000015b72443c40_0;
    %ix/load 4, 0, 0; Constant delay
    %assign/vec4/a/d v0000015b723b0ed0, 0, 4;
    %pushi/vec4 0, 0, 32;
    %ix/getv/s 3, v0000015b72443c40_0;
    %ix/load 4, 0, 0; Constant delay
    %assign/vec4/a/d v0000015b723b1010, 0, 4;
    %pushi/vec4 0, 0, 32;
    %ix/getv/s 3, v0000015b72443c40_0;
    %ix/load 4, 0, 0; Constant delay
    %assign/vec4/a/d v0000015b72443ba0, 0, 4;
    %pushi/vec4 0, 0, 32;
    %ix/getv/s 3, v0000015b72443c40_0;
    %ix/load 4, 0, 0; Constant delay
    %assign/vec4/a/d v0000015b72443060, 0, 4;
    %pushi/vec4 0, 0, 32;
    %ix/getv/s 3, v0000015b72443c40_0;
    %ix/load 4, 0, 0; Constant delay
    %assign/vec4/a/d v0000015b72444000, 0, 4;
    %pushi/vec4 0, 0, 32;
    %ix/getv/s 3, v0000015b72443c40_0;
    %ix/load 4, 0, 0; Constant delay
    %assign/vec4/a/d v0000015b72444a00, 0, 4;
    %pushi/vec4 0, 0, 32;
    %ix/getv/s 3, v0000015b72443c40_0;
    %ix/load 4, 0, 0; Constant delay
    %assign/vec4/a/d v0000015b724434c0, 0, 4;
    %pushi/vec4 0, 0, 32;
    %ix/getv/s 3, v0000015b72443c40_0;
    %ix/load 4, 0, 0; Constant delay
    %assign/vec4/a/d v0000015b72443740, 0, 4;
    %load/vec4 v0000015b72443c40_0;
    %addi 1, 0, 32;
    %store/vec4 v0000015b72443c40_0, 0, 32;
    %jmp T_9.2;
T_9.3 ;
    %pushi/vec4 0, 0, 256;
    %assign/vec4 v0000015b72444820_0, 0;
    %pushi/vec4 0, 0, 6;
    %assign/vec4 v0000015b72442c00_0, 0;
    %pushi/vec4 0, 0, 1;
    %assign/vec4 v0000015b72442e80_0, 0;
    %pushi/vec4 0, 0, 1;
    %assign/vec4 v0000015b72442d40_0, 0;
    %pushi/vec4 0, 0, 256;
    %assign/vec4 v0000015b72442ca0_0, 0;
    %pushi/vec4 0, 0, 1;
    %assign/vec4 v0000015b72444780_0, 0;
    %jmp T_9.1;
T_9.0 ;
    %pushi/vec4 0, 0, 1;
    %assign/vec4 v0000015b72444780_0, 0;
    %load/vec4 v0000015b723b07f0_0;
    %flag_set/vec4 9;
    %flag_get/vec4 9;
    %jmp/0 T_9.6, 9;
    %load/vec4 v0000015b72442e80_0;
    %nor/r;
    %and;
T_9.6;
    %flag_set/vec4 8;
    %jmp/0xz  T_9.4, 8;
    %load/vec4 v0000015b724436a0_0;
    %parti/s 32, 224, 9;
    %store/vec4 v0000015b723b13d0_0, 0, 32;
    %load/vec4 v0000015b724436a0_0;
    %parti/s 32, 192, 9;
    %store/vec4 v0000015b723b1290_0, 0, 32;
    %load/vec4 v0000015b724436a0_0;
    %parti/s 32, 160, 9;
    %store/vec4 v0000015b72444960_0, 0, 32;
    %load/vec4 v0000015b724436a0_0;
    %parti/s 32, 128, 9;
    %store/vec4 v0000015b724441e0_0, 0, 32;
    %load/vec4 v0000015b724436a0_0;
    %parti/s 32, 96, 8;
    %store/vec4 v0000015b724439c0_0, 0, 32;
    %load/vec4 v0000015b724436a0_0;
    %parti/s 32, 64, 8;
    %store/vec4 v0000015b72442f20_0, 0, 32;
    %load/vec4 v0000015b724436a0_0;
    %parti/s 32, 32, 7;
    %store/vec4 v0000015b72444640_0, 0, 32;
    %load/vec4 v0000015b724436a0_0;
    %parti/s 32, 0, 2;
    %store/vec4 v0000015b724440a0_0, 0, 32;
    %load/vec4 v0000015b724440a0_0;
    %load/vec4 v0000015b724439c0_0;
    %store/vec4 v0000015b723b0890_0, 0, 32;
    %callf/vec4 TD_tb_sha256_top.uut.compress_inst.SIGMA1, S_0000015b71fee490;
    %add;
    %load/vec4 v0000015b724439c0_0;
    %load/vec4 v0000015b72442f20_0;
    %load/vec4 v0000015b72444640_0;
    %store/vec4 v0000015b723b0610_0, 0, 32;
    %store/vec4 v0000015b723b0bb0_0, 0, 32;
    %store/vec4 v0000015b723b11f0_0, 0, 32;
    %callf/vec4 TD_tb_sha256_top.uut.compress_inst.Ch, S_0000015b723cd360;
    %add;
    %ix/load 4, 0, 0;
    %flag_set/imm 4, 0;
    %load/vec4a v0000015b723b0750, 4;
    %add;
    %load/vec4 v0000015b723b1150_0;
    %add;
    %store/vec4 v0000015b723b0e30_0, 0, 32;
    %load/vec4 v0000015b723b13d0_0;
    %store/vec4 v0000015b723b10b0_0, 0, 32;
    %callf/vec4 TD_tb_sha256_top.uut.compress_inst.SIGMA0, S_0000015b71fee300;
    %load/vec4 v0000015b723b13d0_0;
    %load/vec4 v0000015b723b1290_0;
    %load/vec4 v0000015b72444960_0;
    %store/vec4 v0000015b723b0f70_0, 0, 32;
    %store/vec4 v0000015b723b0cf0_0, 0, 32;
    %store/vec4 v0000015b723b1330_0, 0, 32;
    %callf/vec4 TD_tb_sha256_top.uut.compress_inst.Maj, S_0000015b723cd4f0;
    %add;
    %store/vec4 v0000015b723b09d0_0, 0, 32;
    %load/vec4 v0000015b723b0e30_0;
    %load/vec4 v0000015b723b09d0_0;
    %add;
    %ix/load 3, 0, 0;
    %flag_set/imm 4, 0;
    %ix/load 4, 0, 0; Constant delay
    %assign/vec4/a/d v0000015b723b0ed0, 0, 4;
    %load/vec4 v0000015b723b13d0_0;
    %ix/load 3, 0, 0;
    %flag_set/imm 4, 0;
    %ix/load 4, 0, 0; Constant delay
    %assign/vec4/a/d v0000015b723b1010, 0, 4;
    %load/vec4 v0000015b723b1290_0;
    %ix/load 3, 0, 0;
    %flag_set/imm 4, 0;
    %ix/load 4, 0, 0; Constant delay
    %assign/vec4/a/d v0000015b72443ba0, 0, 4;
    %load/vec4 v0000015b72444960_0;
    %ix/load 3, 0, 0;
    %flag_set/imm 4, 0;
    %ix/load 4, 0, 0; Constant delay
    %assign/vec4/a/d v0000015b72443060, 0, 4;
    %load/vec4 v0000015b724441e0_0;
    %load/vec4 v0000015b723b0e30_0;
    %add;
    %ix/load 3, 0, 0;
    %flag_set/imm 4, 0;
    %ix/load 4, 0, 0; Constant delay
    %assign/vec4/a/d v0000015b72444000, 0, 4;
    %load/vec4 v0000015b724439c0_0;
    %ix/load 3, 0, 0;
    %flag_set/imm 4, 0;
    %ix/load 4, 0, 0; Constant delay
    %assign/vec4/a/d v0000015b72444a00, 0, 4;
    %load/vec4 v0000015b72442f20_0;
    %ix/load 3, 0, 0;
    %flag_set/imm 4, 0;
    %ix/load 4, 0, 0; Constant delay
    %assign/vec4/a/d v0000015b724434c0, 0, 4;
    %load/vec4 v0000015b72444640_0;
    %ix/load 3, 0, 0;
    %flag_set/imm 4, 0;
    %ix/load 4, 0, 0; Constant delay
    %assign/vec4/a/d v0000015b72443740, 0, 4;
    %pushi/vec4 1, 0, 32;
    %store/vec4 v0000015b72443c40_0, 0, 32;
T_9.7 ;
    %load/vec4 v0000015b72443c40_0;
    %cmpi/s 32, 0, 32;
    %jmp/0xz T_9.8, 5;
    %pushi/vec4 0, 0, 32;
    %ix/getv/s 3, v0000015b72443c40_0;
    %ix/load 4, 0, 0; Constant delay
    %assign/vec4/a/d v0000015b723b0ed0, 0, 4;
    %pushi/vec4 0, 0, 32;
    %ix/getv/s 3, v0000015b72443c40_0;
    %ix/load 4, 0, 0; Constant delay
    %assign/vec4/a/d v0000015b723b1010, 0, 4;
    %pushi/vec4 0, 0, 32;
    %ix/getv/s 3, v0000015b72443c40_0;
    %ix/load 4, 0, 0; Constant delay
    %assign/vec4/a/d v0000015b72443ba0, 0, 4;
    %pushi/vec4 0, 0, 32;
    %ix/getv/s 3, v0000015b72443c40_0;
    %ix/load 4, 0, 0; Constant delay
    %assign/vec4/a/d v0000015b72443060, 0, 4;
    %pushi/vec4 0, 0, 32;
    %ix/getv/s 3, v0000015b72443c40_0;
    %ix/load 4, 0, 0; Constant delay
    %assign/vec4/a/d v0000015b72444000, 0, 4;
    %pushi/vec4 0, 0, 32;
    %ix/getv/s 3, v0000015b72443c40_0;
    %ix/load 4, 0, 0; Constant delay
    %assign/vec4/a/d v0000015b72444a00, 0, 4;
    %pushi/vec4 0, 0, 32;
    %ix/getv/s 3, v0000015b72443c40_0;
    %ix/load 4, 0, 0; Constant delay
    %assign/vec4/a/d v0000015b724434c0, 0, 4;
    %pushi/vec4 0, 0, 32;
    %ix/getv/s 3, v0000015b72443c40_0;
    %ix/load 4, 0, 0; Constant delay
    %assign/vec4/a/d v0000015b72443740, 0, 4;
    %load/vec4 v0000015b72443c40_0;
    %addi 1, 0, 32;
    %store/vec4 v0000015b72443c40_0, 0, 32;
    %jmp T_9.7;
T_9.8 ;
    %load/vec4 v0000015b724436a0_0;
    %assign/vec4 v0000015b72444820_0, 0;
    %pushi/vec4 1, 0, 1;
    %assign/vec4 v0000015b72442e80_0, 0;
    %pushi/vec4 0, 0, 6;
    %assign/vec4 v0000015b72442c00_0, 0;
T_9.4 ;
    %load/vec4 v0000015b723b07f0_0;
    %flag_set/vec4 9;
    %flag_get/vec4 9;
    %jmp/0 T_9.11, 9;
    %load/vec4 v0000015b72442e80_0;
    %and;
T_9.11;
    %flag_set/vec4 8;
    %jmp/0xz  T_9.9, 8;
    %ix/load 4, 0, 0;
    %flag_set/imm 4, 0;
    %load/vec4a v0000015b723b0ed0, 4;
    %store/vec4 v0000015b723b13d0_0, 0, 32;
    %ix/load 4, 0, 0;
    %flag_set/imm 4, 0;
    %load/vec4a v0000015b723b1010, 4;
    %store/vec4 v0000015b723b1290_0, 0, 32;
    %ix/load 4, 0, 0;
    %flag_set/imm 4, 0;
    %load/vec4a v0000015b72443ba0, 4;
    %store/vec4 v0000015b72444960_0, 0, 32;
    %ix/load 4, 0, 0;
    %flag_set/imm 4, 0;
    %load/vec4a v0000015b72443060, 4;
    %store/vec4 v0000015b724441e0_0, 0, 32;
    %ix/load 4, 0, 0;
    %flag_set/imm 4, 0;
    %load/vec4a v0000015b72444000, 4;
    %store/vec4 v0000015b724439c0_0, 0, 32;
    %ix/load 4, 0, 0;
    %flag_set/imm 4, 0;
    %load/vec4a v0000015b72444a00, 4;
    %store/vec4 v0000015b72442f20_0, 0, 32;
    %ix/load 4, 0, 0;
    %flag_set/imm 4, 0;
    %load/vec4a v0000015b724434c0, 4;
    %store/vec4 v0000015b72444640_0, 0, 32;
    %ix/load 4, 0, 0;
    %flag_set/imm 4, 0;
    %load/vec4a v0000015b72443740, 4;
    %store/vec4 v0000015b724440a0_0, 0, 32;
    %pushi/vec4 31, 0, 32;
    %store/vec4 v0000015b72443c40_0, 0, 32;
T_9.12 ;
    %load/vec4 v0000015b72443c40_0;
    %cmpi/s 0, 0, 32;
    %flag_or 5, 4; GT is !LE
    %flag_inv 5;
    %jmp/0xz T_9.13, 5;
    %load/vec4 v0000015b72443c40_0;
    %subi 1, 0, 32;
    %ix/vec4/s 4;
    %load/vec4a v0000015b723b0ed0, 4;
    %ix/getv/s 3, v0000015b72443c40_0;
    %ix/load 4, 0, 0; Constant delay
    %assign/vec4/a/d v0000015b723b0ed0, 0, 4;
    %load/vec4 v0000015b72443c40_0;
    %subi 1, 0, 32;
    %ix/vec4/s 4;
    %load/vec4a v0000015b723b1010, 4;
    %ix/getv/s 3, v0000015b72443c40_0;
    %ix/load 4, 0, 0; Constant delay
    %assign/vec4/a/d v0000015b723b1010, 0, 4;
    %load/vec4 v0000015b72443c40_0;
    %subi 1, 0, 32;
    %ix/vec4/s 4;
    %load/vec4a v0000015b72443ba0, 4;
    %ix/getv/s 3, v0000015b72443c40_0;
    %ix/load 4, 0, 0; Constant delay
    %assign/vec4/a/d v0000015b72443ba0, 0, 4;
    %load/vec4 v0000015b72443c40_0;
    %subi 1, 0, 32;
    %ix/vec4/s 4;
    %load/vec4a v0000015b72443060, 4;
    %ix/getv/s 3, v0000015b72443c40_0;
    %ix/load 4, 0, 0; Constant delay
    %assign/vec4/a/d v0000015b72443060, 0, 4;
    %load/vec4 v0000015b72443c40_0;
    %subi 1, 0, 32;
    %ix/vec4/s 4;
    %load/vec4a v0000015b72444000, 4;
    %ix/getv/s 3, v0000015b72443c40_0;
    %ix/load 4, 0, 0; Constant delay
    %assign/vec4/a/d v0000015b72444000, 0, 4;
    %load/vec4 v0000015b72443c40_0;
    %subi 1, 0, 32;
    %ix/vec4/s 4;
    %load/vec4a v0000015b72444a00, 4;
    %ix/getv/s 3, v0000015b72443c40_0;
    %ix/load 4, 0, 0; Constant delay
    %assign/vec4/a/d v0000015b72444a00, 0, 4;
    %load/vec4 v0000015b72443c40_0;
    %subi 1, 0, 32;
    %ix/vec4/s 4;
    %load/vec4a v0000015b724434c0, 4;
    %ix/getv/s 3, v0000015b72443c40_0;
    %ix/load 4, 0, 0; Constant delay
    %assign/vec4/a/d v0000015b724434c0, 0, 4;
    %load/vec4 v0000015b72443c40_0;
    %subi 1, 0, 32;
    %ix/vec4/s 4;
    %load/vec4a v0000015b72443740, 4;
    %ix/getv/s 3, v0000015b72443c40_0;
    %ix/load 4, 0, 0; Constant delay
    %assign/vec4/a/d v0000015b72443740, 0, 4;
    %load/vec4 v0000015b72443c40_0;
    %subi 1, 0, 32;
    %store/vec4 v0000015b72443c40_0, 0, 32;
    %jmp T_9.12;
T_9.13 ;
    %load/vec4 v0000015b724440a0_0;
    %load/vec4 v0000015b724439c0_0;
    %store/vec4 v0000015b723b0890_0, 0, 32;
    %callf/vec4 TD_tb_sha256_top.uut.compress_inst.SIGMA1, S_0000015b71fee490;
    %add;
    %load/vec4 v0000015b724439c0_0;
    %load/vec4 v0000015b72442f20_0;
    %load/vec4 v0000015b72444640_0;
    %store/vec4 v0000015b723b0610_0, 0, 32;
    %store/vec4 v0000015b723b0bb0_0, 0, 32;
    %store/vec4 v0000015b723b11f0_0, 0, 32;
    %callf/vec4 TD_tb_sha256_top.uut.compress_inst.Ch, S_0000015b723cd360;
    %add;
    %load/vec4 v0000015b72442c00_0;
    %pad/u 32;
    %addi 1, 0, 32;
    %ix/vec4 4;
    %load/vec4a v0000015b723b0750, 4;
    %add;
    %load/vec4 v0000015b723b1150_0;
    %add;
    %store/vec4 v0000015b723b0e30_0, 0, 32;
    %load/vec4 v0000015b723b13d0_0;
    %store/vec4 v0000015b723b10b0_0, 0, 32;
    %callf/vec4 TD_tb_sha256_top.uut.compress_inst.SIGMA0, S_0000015b71fee300;
    %load/vec4 v0000015b723b13d0_0;
    %load/vec4 v0000015b723b1290_0;
    %load/vec4 v0000015b72444960_0;
    %store/vec4 v0000015b723b0f70_0, 0, 32;
    %store/vec4 v0000015b723b0cf0_0, 0, 32;
    %store/vec4 v0000015b723b1330_0, 0, 32;
    %callf/vec4 TD_tb_sha256_top.uut.compress_inst.Maj, S_0000015b723cd4f0;
    %add;
    %store/vec4 v0000015b723b09d0_0, 0, 32;
    %load/vec4 v0000015b723b0e30_0;
    %load/vec4 v0000015b723b09d0_0;
    %add;
    %ix/load 3, 0, 0;
    %flag_set/imm 4, 0;
    %ix/load 4, 0, 0; Constant delay
    %assign/vec4/a/d v0000015b723b0ed0, 0, 4;
    %load/vec4 v0000015b723b13d0_0;
    %ix/load 3, 0, 0;
    %flag_set/imm 4, 0;
    %ix/load 4, 0, 0; Constant delay
    %assign/vec4/a/d v0000015b723b1010, 0, 4;
    %load/vec4 v0000015b723b1290_0;
    %ix/load 3, 0, 0;
    %flag_set/imm 4, 0;
    %ix/load 4, 0, 0; Constant delay
    %assign/vec4/a/d v0000015b72443ba0, 0, 4;
    %load/vec4 v0000015b72444960_0;
    %ix/load 3, 0, 0;
    %flag_set/imm 4, 0;
    %ix/load 4, 0, 0; Constant delay
    %assign/vec4/a/d v0000015b72443060, 0, 4;
    %load/vec4 v0000015b724441e0_0;
    %load/vec4 v0000015b723b0e30_0;
    %add;
    %ix/load 3, 0, 0;
    %flag_set/imm 4, 0;
    %ix/load 4, 0, 0; Constant delay
    %assign/vec4/a/d v0000015b72444000, 0, 4;
    %load/vec4 v0000015b724439c0_0;
    %ix/load 3, 0, 0;
    %flag_set/imm 4, 0;
    %ix/load 4, 0, 0; Constant delay
    %assign/vec4/a/d v0000015b72444a00, 0, 4;
    %load/vec4 v0000015b72442f20_0;
    %ix/load 3, 0, 0;
    %flag_set/imm 4, 0;
    %ix/load 4, 0, 0; Constant delay
    %assign/vec4/a/d v0000015b724434c0, 0, 4;
    %load/vec4 v0000015b72444640_0;
    %ix/load 3, 0, 0;
    %flag_set/imm 4, 0;
    %ix/load 4, 0, 0; Constant delay
    %assign/vec4/a/d v0000015b72443740, 0, 4;
    %load/vec4 v0000015b72442c00_0;
    %addi 1, 0, 6;
    %assign/vec4 v0000015b72442c00_0, 0;
T_9.9 ;
    %load/vec4 v0000015b72442e80_0;
    %flag_set/vec4 9;
    %flag_get/vec4 9;
    %jmp/0 T_9.16, 9;
    %load/vec4 v0000015b72442c00_0;
    %pad/u 32;
    %pushi/vec4 63, 0, 32;
    %cmp/e;
    %flag_get/vec4 4;
    %and;
T_9.16;
    %flag_set/vec4 8;
    %jmp/0xz  T_9.14, 8;
    %pushi/vec4 0, 0, 1;
    %assign/vec4 v0000015b72442e80_0, 0;
    %pushi/vec4 0, 0, 6;
    %assign/vec4 v0000015b72442c00_0, 0;
    %pushi/vec4 1, 0, 1;
    %assign/vec4 v0000015b72442d40_0, 0;
T_9.14 ;
    %load/vec4 v0000015b72442d40_0;
    %flag_set/vec4 8;
    %jmp/0xz  T_9.17, 8;
    %load/vec4 v0000015b72444820_0;
    %parti/s 32, 224, 9;
    %ix/load 4, 0, 0;
    %flag_set/imm 4, 0;
    %load/vec4a v0000015b723b0ed0, 4;
    %add;
    %load/vec4 v0000015b72444820_0;
    %parti/s 32, 192, 9;
    %ix/load 4, 0, 0;
    %flag_set/imm 4, 0;
    %load/vec4a v0000015b723b1010, 4;
    %add;
    %concat/vec4; draw_concat_vec4
    %load/vec4 v0000015b72444820_0;
    %parti/s 32, 160, 9;
    %ix/load 4, 0, 0;
    %flag_set/imm 4, 0;
    %load/vec4a v0000015b72443ba0, 4;
    %add;
    %concat/vec4; draw_concat_vec4
    %load/vec4 v0000015b72444820_0;
    %parti/s 32, 128, 9;
    %ix/load 4, 0, 0;
    %flag_set/imm 4, 0;
    %load/vec4a v0000015b72443060, 4;
    %add;
    %concat/vec4; draw_concat_vec4
    %load/vec4 v0000015b72444820_0;
    %parti/s 32, 96, 8;
    %ix/load 4, 0, 0;
    %flag_set/imm 4, 0;
    %load/vec4a v0000015b72444000, 4;
    %add;
    %concat/vec4; draw_concat_vec4
    %load/vec4 v0000015b72444820_0;
    %parti/s 32, 64, 8;
    %ix/load 4, 0, 0;
    %flag_set/imm 4, 0;
    %load/vec4a v0000015b72444a00, 4;
    %add;
    %concat/vec4; draw_concat_vec4
    %load/vec4 v0000015b72444820_0;
    %parti/s 32, 32, 7;
    %ix/load 4, 0, 0;
    %flag_set/imm 4, 0;
    %load/vec4a v0000015b724434c0, 4;
    %add;
    %concat/vec4; draw_concat_vec4
    %load/vec4 v0000015b72444820_0;
    %parti/s 32, 0, 2;
    %ix/load 4, 0, 0;
    %flag_set/imm 4, 0;
    %load/vec4a v0000015b72443740, 4;
    %add;
    %concat/vec4; draw_concat_vec4
    %assign/vec4 v0000015b72442ca0_0, 0;
    %pushi/vec4 1, 0, 1;
    %assign/vec4 v0000015b72444780_0, 0;
    %pushi/vec4 0, 0, 1;
    %assign/vec4 v0000015b72442d40_0, 0;
T_9.17 ;
T_9.1 ;
    %jmp T_9;
    .thread T_9;
    .scope S_0000015b71f94b20;
T_10 ;
    %wait E_0000015b723dc9d0;
    %load/vec4 v0000015b72444fd0_0;
    %nor/r;
    %flag_set/vec4 8;
    %jmp/0xz  T_10.0, 8;
    %pushi/vec4 3558067407, 0, 33;
    %concati/vec4 3986602516, 0, 33;
    %concati/vec4 4055616970, 0, 32;
    %concati/vec4 2503988457, 0, 32;
    %concati/vec4 2289210364, 0, 33;
    %concati/vec4 3626714208, 0, 32;
    %concati/vec4 4229877082, 0, 32;
    %concati/vec4 467717401, 0, 29;
    %assign/vec4 v0000015b724466f0_0, 0;
    %pushi/vec4 0, 0, 256;
    %assign/vec4 v0000015b72444d50_0, 0;
    %pushi/vec4 0, 0, 1;
    %assign/vec4 v0000015b72446970_0, 0;
    %pushi/vec4 0, 0, 2;
    %assign/vec4 v0000015b72446150_0, 0;
    %jmp T_10.1;
T_10.0 ;
    %load/vec4 v0000015b72444df0_0;
    %flag_set/vec4 8;
    %jmp/0xz  T_10.2, 8;
    %load/vec4 v0000015b724468d0_0;
    %assign/vec4 v0000015b724466f0_0, 0;
T_10.2 ;
    %load/vec4 v0000015b72444df0_0;
    %flag_set/vec4 9;
    %flag_get/vec4 9;
    %jmp/0 T_10.6, 9;
    %load/vec4 v0000015b72444f30_0;
    %nor/r;
    %and;
T_10.6;
    %flag_set/vec4 8;
    %jmp/0xz  T_10.4, 8;
    %load/vec4 v0000015b724468d0_0;
    %assign/vec4 v0000015b72444d50_0, 0;
T_10.4 ;
    %load/vec4 v0000015b72446150_0;
    %parti/s 1, 0, 2;
    %load/vec4 v0000015b72444df0_0;
    %concat/vec4; draw_concat_vec4
    %assign/vec4 v0000015b72446150_0, 0;
    %load/vec4 v0000015b72446150_0;
    %parti/s 1, 1, 2;
    %assign/vec4 v0000015b72446970_0, 0;
T_10.1 ;
    %jmp T_10;
    .thread T_10;
    .scope S_0000015b723b1ca0;
T_11 ;
    %pushi/vec4 0, 0, 1;
    %store/vec4 v0000015b72445c50_0, 0, 1;
T_11.0 ;
    %delay 5000, 0;
    %load/vec4 v0000015b72445c50_0;
    %inv;
    %store/vec4 v0000015b72445c50_0, 0, 1;
    %jmp T_11.0;
    %end;
    .thread T_11;
    .scope S_0000015b723b1ca0;
T_12 ;
    %vpi_call 2 47 "$display", "\012[TEST CASE 1] Testing 'abc' message (standard test vector)" {0 0 0};
    %pushi/vec4 97, 0, 8; draw_string_vec4
    %ix/load 4, 0, 0;
    %flag_set/imm 4, 0;
    %store/vec4a v0000015b72445ed0, 4, 0;
    %pushi/vec4 98, 0, 8; draw_string_vec4
    %ix/load 4, 1, 0;
    %flag_set/imm 4, 0;
    %store/vec4a v0000015b72445ed0, 4, 0;
    %pushi/vec4 99, 0, 8; draw_string_vec4
    %ix/load 4, 2, 0;
    %flag_set/imm 4, 0;
    %store/vec4a v0000015b72445ed0, 4, 0;
    %pushi/vec4 3, 0, 32;
    %store/vec4 v0000015b72444c10_0, 0, 32;
    %delay 20000, 0;
    %pushi/vec4 0, 0, 1;
    %store/vec4 v0000015b72445e30_0, 0, 1;
    %pushi/vec4 0, 0, 8;
    %store/vec4 v0000015b72445cf0_0, 0, 8;
    %pushi/vec4 0, 0, 1;
    %store/vec4 v0000015b72446510_0, 0, 1;
    %pushi/vec4 0, 0, 1;
    %store/vec4 v0000015b724457f0_0, 0, 1;
    %delay 10000, 0;
    %pushi/vec4 1, 0, 1;
    %store/vec4 v0000015b72445e30_0, 0, 1;
    %delay 10000, 0;
T_12.0 ;
    %load/vec4 v0000015b72445930_0;
    %cmpi/ne 1, 0, 1;
    %jmp/0xz T_12.1, 6;
    %wait E_0000015b723dcd50;
    %jmp T_12.0;
T_12.1 ;
    %wait E_0000015b723dce90;
    %pushi/vec4 0, 0, 32;
    %store/vec4 v0000015b72446830_0, 0, 32;
T_12.2 ;
    %load/vec4 v0000015b72446830_0;
    %load/vec4 v0000015b72444c10_0;
    %cmp/s;
    %jmp/0xz T_12.3, 5;
    %ix/getv/s 4, v0000015b72446830_0;
    %load/vec4a v0000015b72445ed0, 4;
    %store/vec4 v0000015b72445cf0_0, 0, 8;
    %pushi/vec4 1, 0, 1;
    %store/vec4 v0000015b72446510_0, 0, 1;
    %load/vec4 v0000015b72446830_0;
    %load/vec4 v0000015b72444c10_0;
    %subi 1, 0, 32;
    %cmp/e;
    %flag_get/vec4 4;
    %store/vec4 v0000015b724457f0_0, 0, 1;
    %wait E_0000015b723dce90;
    %load/vec4 v0000015b72446830_0;
    %addi 1, 0, 32;
    %store/vec4 v0000015b72446830_0, 0, 32;
    %jmp T_12.2;
T_12.3 ;
    %pushi/vec4 0, 0, 1;
    %store/vec4 v0000015b72446510_0, 0, 1;
    %pushi/vec4 0, 0, 1;
    %store/vec4 v0000015b724457f0_0, 0, 1;
T_12.4 ;
    %load/vec4 v0000015b72444cb0_0;
    %cmpi/ne 1, 0, 1;
    %jmp/0xz T_12.5, 6;
    %wait E_0000015b723dd090;
    %jmp T_12.4;
T_12.5 ;
    %delay 100, 0;
    %vpi_call 2 88 "$display", "Final hash:" {0 0 0};
    %vpi_call 2 89 "$display", "%h %h %h %h", &PV<v0000015b72445d90_0, 224, 32>, &PV<v0000015b72445d90_0, 192, 32>, &PV<v0000015b72445d90_0, 160, 32>, &PV<v0000015b72445d90_0, 128, 32> {0 0 0};
    %vpi_call 2 91 "$display", "%h %h %h %h", &PV<v0000015b72445d90_0, 96, 32>, &PV<v0000015b72445d90_0, 64, 32>, &PV<v0000015b72445d90_0, 32, 32>, &PV<v0000015b72445d90_0, 0, 32> {0 0 0};
    %load/vec4 v0000015b72445d90_0;
    %pushi/vec4 3128432319, 0, 32;
    %concati/vec4 2399260650, 0, 32;
    %concati/vec4 2189590972, 0, 33;
    %concati/vec4 3143386183, 0, 32;
    %concati/vec4 3222111886, 0, 33;
    %concati/vec4 2965099749, 0, 33;
    %concati/vec4 2693266191, 0, 32;
    %concati/vec4 301995437, 0, 29;
    %cmp/e;
    %jmp/0xz  T_12.6, 6;
    %vpi_call 2 95 "$display", "[RESULT] PASS" {0 0 0};
    %jmp T_12.7;
T_12.6 ;
    %vpi_call 2 97 "$display", "[RESULT] FAIL" {0 0 0};
    %vpi_call 2 98 "$display", "Expected: ba7816bf_8f01cfea_414140de_5dae2223_b00361a3_96177a9c_b410ff61_f20015ad" {0 0 0};
    %vpi_call 2 99 "$display", "Received: %h", v0000015b72445d90_0 {0 0 0};
T_12.7 ;
    %vpi_call 2 105 "$display", "\012[TEST CASE 2] Testing empty message" {0 0 0};
    %delay 20000, 0;
    %pushi/vec4 0, 0, 1;
    %store/vec4 v0000015b72445e30_0, 0, 1;
    %pushi/vec4 0, 0, 8;
    %store/vec4 v0000015b72445cf0_0, 0, 8;
    %pushi/vec4 0, 0, 1;
    %store/vec4 v0000015b72446510_0, 0, 1;
    %pushi/vec4 0, 0, 1;
    %store/vec4 v0000015b724457f0_0, 0, 1;
    %delay 10000, 0;
    %pushi/vec4 1, 0, 1;
    %store/vec4 v0000015b72445e30_0, 0, 1;
    %delay 10000, 0;
T_12.8 ;
    %load/vec4 v0000015b72445930_0;
    %cmpi/ne 1, 0, 1;
    %jmp/0xz T_12.9, 6;
    %wait E_0000015b723dcd50;
    %jmp T_12.8;
T_12.9 ;
    %wait E_0000015b723dce90;
    %pushi/vec4 0, 0, 1;
    %store/vec4 v0000015b72446510_0, 0, 1;
    %pushi/vec4 1, 0, 1;
    %store/vec4 v0000015b724457f0_0, 0, 1;
    %wait E_0000015b723dce90;
    %pushi/vec4 0, 0, 1;
    %store/vec4 v0000015b724457f0_0, 0, 1;
T_12.10 ;
    %load/vec4 v0000015b72444cb0_0;
    %cmpi/ne 1, 0, 1;
    %jmp/0xz T_12.11, 6;
    %wait E_0000015b723dd090;
    %jmp T_12.10;
T_12.11 ;
    %delay 100, 0;
    %vpi_call 2 134 "$display", "Final hash:" {0 0 0};
    %vpi_call 2 135 "$display", "%h %h %h %h", &PV<v0000015b72445d90_0, 224, 32>, &PV<v0000015b72445d90_0, 192, 32>, &PV<v0000015b72445d90_0, 160, 32>, &PV<v0000015b72445d90_0, 128, 32> {0 0 0};
    %vpi_call 2 137 "$display", "%h %h %h %h", &PV<v0000015b72445d90_0, 96, 32>, &PV<v0000015b72445d90_0, 64, 32>, &PV<v0000015b72445d90_0, 32, 32>, &PV<v0000015b72445d90_0, 0, 32> {0 0 0};
    %load/vec4 v0000015b72445d90_0;
    %pushi/vec4 3820012610, 0, 32;
    %concati/vec4 2566659092, 0, 32;
    %concati/vec4 2600203464, 0, 32;
    %concati/vec4 2574235940, 0, 32;
    %concati/vec4 2662926225, 0, 34;
    %concati/vec4 2456702258, 0, 32;
    %concati/vec4 2455135341, 0, 32;
    %concati/vec4 944945237, 0, 30;
    %cmp/e;
    %jmp/0xz  T_12.12, 6;
    %vpi_call 2 141 "$display", "[RESULT] PASS" {0 0 0};
    %jmp T_12.13;
T_12.12 ;
    %vpi_call 2 143 "$display", "[RESULT] FAIL" {0 0 0};
    %vpi_call 2 144 "$display", "Expected: e3b0c442_98fc1c14_9afbf4c8_996fb924_27ae41e4_649b934c_a495991b_7852b855" {0 0 0};
    %vpi_call 2 145 "$display", "Received: %h", v0000015b72445d90_0 {0 0 0};
T_12.13 ;
    %vpi_call 2 151 "$display", "\012[TEST CASE 3] Testing 'abcdbcdecdefdefgefghfghighijhijkijkljklmklmnlmnomnopnopq' message (448 bits)" {0 0 0};
    %pushi/vec4 97, 0, 8; draw_string_vec4
    %ix/load 4, 0, 0;
    %flag_set/imm 4, 0;
    %store/vec4a v0000015b72445ed0, 4, 0;
    %pushi/vec4 98, 0, 8; draw_string_vec4
    %ix/load 4, 1, 0;
    %flag_set/imm 4, 0;
    %store/vec4a v0000015b72445ed0, 4, 0;
    %pushi/vec4 99, 0, 8; draw_string_vec4
    %ix/load 4, 2, 0;
    %flag_set/imm 4, 0;
    %store/vec4a v0000015b72445ed0, 4, 0;
    %pushi/vec4 100, 0, 8; draw_string_vec4
    %ix/load 4, 3, 0;
    %flag_set/imm 4, 0;
    %store/vec4a v0000015b72445ed0, 4, 0;
    %pushi/vec4 98, 0, 8; draw_string_vec4
    %ix/load 4, 4, 0;
    %flag_set/imm 4, 0;
    %store/vec4a v0000015b72445ed0, 4, 0;
    %pushi/vec4 99, 0, 8; draw_string_vec4
    %ix/load 4, 5, 0;
    %flag_set/imm 4, 0;
    %store/vec4a v0000015b72445ed0, 4, 0;
    %pushi/vec4 100, 0, 8; draw_string_vec4
    %ix/load 4, 6, 0;
    %flag_set/imm 4, 0;
    %store/vec4a v0000015b72445ed0, 4, 0;
    %pushi/vec4 101, 0, 8; draw_string_vec4
    %ix/load 4, 7, 0;
    %flag_set/imm 4, 0;
    %store/vec4a v0000015b72445ed0, 4, 0;
    %pushi/vec4 99, 0, 8; draw_string_vec4
    %ix/load 4, 8, 0;
    %flag_set/imm 4, 0;
    %store/vec4a v0000015b72445ed0, 4, 0;
    %pushi/vec4 100, 0, 8; draw_string_vec4
    %ix/load 4, 9, 0;
    %flag_set/imm 4, 0;
    %store/vec4a v0000015b72445ed0, 4, 0;
    %pushi/vec4 101, 0, 8; draw_string_vec4
    %ix/load 4, 10, 0;
    %flag_set/imm 4, 0;
    %store/vec4a v0000015b72445ed0, 4, 0;
    %pushi/vec4 102, 0, 8; draw_string_vec4
    %ix/load 4, 11, 0;
    %flag_set/imm 4, 0;
    %store/vec4a v0000015b72445ed0, 4, 0;
    %pushi/vec4 100, 0, 8; draw_string_vec4
    %ix/load 4, 12, 0;
    %flag_set/imm 4, 0;
    %store/vec4a v0000015b72445ed0, 4, 0;
    %pushi/vec4 101, 0, 8; draw_string_vec4
    %ix/load 4, 13, 0;
    %flag_set/imm 4, 0;
    %store/vec4a v0000015b72445ed0, 4, 0;
    %pushi/vec4 102, 0, 8; draw_string_vec4
    %ix/load 4, 14, 0;
    %flag_set/imm 4, 0;
    %store/vec4a v0000015b72445ed0, 4, 0;
    %pushi/vec4 103, 0, 8; draw_string_vec4
    %ix/load 4, 15, 0;
    %flag_set/imm 4, 0;
    %store/vec4a v0000015b72445ed0, 4, 0;
    %pushi/vec4 101, 0, 8; draw_string_vec4
    %ix/load 4, 16, 0;
    %flag_set/imm 4, 0;
    %store/vec4a v0000015b72445ed0, 4, 0;
    %pushi/vec4 102, 0, 8; draw_string_vec4
    %ix/load 4, 17, 0;
    %flag_set/imm 4, 0;
    %store/vec4a v0000015b72445ed0, 4, 0;
    %pushi/vec4 103, 0, 8; draw_string_vec4
    %ix/load 4, 18, 0;
    %flag_set/imm 4, 0;
    %store/vec4a v0000015b72445ed0, 4, 0;
    %pushi/vec4 104, 0, 8; draw_string_vec4
    %ix/load 4, 19, 0;
    %flag_set/imm 4, 0;
    %store/vec4a v0000015b72445ed0, 4, 0;
    %pushi/vec4 102, 0, 8; draw_string_vec4
    %ix/load 4, 20, 0;
    %flag_set/imm 4, 0;
    %store/vec4a v0000015b72445ed0, 4, 0;
    %pushi/vec4 103, 0, 8; draw_string_vec4
    %ix/load 4, 21, 0;
    %flag_set/imm 4, 0;
    %store/vec4a v0000015b72445ed0, 4, 0;
    %pushi/vec4 104, 0, 8; draw_string_vec4
    %ix/load 4, 22, 0;
    %flag_set/imm 4, 0;
    %store/vec4a v0000015b72445ed0, 4, 0;
    %pushi/vec4 105, 0, 8; draw_string_vec4
    %ix/load 4, 23, 0;
    %flag_set/imm 4, 0;
    %store/vec4a v0000015b72445ed0, 4, 0;
    %pushi/vec4 103, 0, 8; draw_string_vec4
    %ix/load 4, 24, 0;
    %flag_set/imm 4, 0;
    %store/vec4a v0000015b72445ed0, 4, 0;
    %pushi/vec4 104, 0, 8; draw_string_vec4
    %ix/load 4, 25, 0;
    %flag_set/imm 4, 0;
    %store/vec4a v0000015b72445ed0, 4, 0;
    %pushi/vec4 105, 0, 8; draw_string_vec4
    %ix/load 4, 26, 0;
    %flag_set/imm 4, 0;
    %store/vec4a v0000015b72445ed0, 4, 0;
    %pushi/vec4 106, 0, 8; draw_string_vec4
    %ix/load 4, 27, 0;
    %flag_set/imm 4, 0;
    %store/vec4a v0000015b72445ed0, 4, 0;
    %pushi/vec4 104, 0, 8; draw_string_vec4
    %ix/load 4, 28, 0;
    %flag_set/imm 4, 0;
    %store/vec4a v0000015b72445ed0, 4, 0;
    %pushi/vec4 105, 0, 8; draw_string_vec4
    %ix/load 4, 29, 0;
    %flag_set/imm 4, 0;
    %store/vec4a v0000015b72445ed0, 4, 0;
    %pushi/vec4 106, 0, 8; draw_string_vec4
    %ix/load 4, 30, 0;
    %flag_set/imm 4, 0;
    %store/vec4a v0000015b72445ed0, 4, 0;
    %pushi/vec4 107, 0, 8; draw_string_vec4
    %ix/load 4, 31, 0;
    %flag_set/imm 4, 0;
    %store/vec4a v0000015b72445ed0, 4, 0;
    %pushi/vec4 105, 0, 8; draw_string_vec4
    %ix/load 4, 32, 0;
    %flag_set/imm 4, 0;
    %store/vec4a v0000015b72445ed0, 4, 0;
    %pushi/vec4 106, 0, 8; draw_string_vec4
    %ix/load 4, 33, 0;
    %flag_set/imm 4, 0;
    %store/vec4a v0000015b72445ed0, 4, 0;
    %pushi/vec4 107, 0, 8; draw_string_vec4
    %ix/load 4, 34, 0;
    %flag_set/imm 4, 0;
    %store/vec4a v0000015b72445ed0, 4, 0;
    %pushi/vec4 108, 0, 8; draw_string_vec4
    %ix/load 4, 35, 0;
    %flag_set/imm 4, 0;
    %store/vec4a v0000015b72445ed0, 4, 0;
    %pushi/vec4 106, 0, 8; draw_string_vec4
    %ix/load 4, 36, 0;
    %flag_set/imm 4, 0;
    %store/vec4a v0000015b72445ed0, 4, 0;
    %pushi/vec4 107, 0, 8; draw_string_vec4
    %ix/load 4, 37, 0;
    %flag_set/imm 4, 0;
    %store/vec4a v0000015b72445ed0, 4, 0;
    %pushi/vec4 108, 0, 8; draw_string_vec4
    %ix/load 4, 38, 0;
    %flag_set/imm 4, 0;
    %store/vec4a v0000015b72445ed0, 4, 0;
    %pushi/vec4 109, 0, 8; draw_string_vec4
    %ix/load 4, 39, 0;
    %flag_set/imm 4, 0;
    %store/vec4a v0000015b72445ed0, 4, 0;
    %pushi/vec4 107, 0, 8; draw_string_vec4
    %ix/load 4, 40, 0;
    %flag_set/imm 4, 0;
    %store/vec4a v0000015b72445ed0, 4, 0;
    %pushi/vec4 108, 0, 8; draw_string_vec4
    %ix/load 4, 41, 0;
    %flag_set/imm 4, 0;
    %store/vec4a v0000015b72445ed0, 4, 0;
    %pushi/vec4 109, 0, 8; draw_string_vec4
    %ix/load 4, 42, 0;
    %flag_set/imm 4, 0;
    %store/vec4a v0000015b72445ed0, 4, 0;
    %pushi/vec4 110, 0, 8; draw_string_vec4
    %ix/load 4, 43, 0;
    %flag_set/imm 4, 0;
    %store/vec4a v0000015b72445ed0, 4, 0;
    %pushi/vec4 108, 0, 8; draw_string_vec4
    %ix/load 4, 44, 0;
    %flag_set/imm 4, 0;
    %store/vec4a v0000015b72445ed0, 4, 0;
    %pushi/vec4 109, 0, 8; draw_string_vec4
    %ix/load 4, 45, 0;
    %flag_set/imm 4, 0;
    %store/vec4a v0000015b72445ed0, 4, 0;
    %pushi/vec4 110, 0, 8; draw_string_vec4
    %ix/load 4, 46, 0;
    %flag_set/imm 4, 0;
    %store/vec4a v0000015b72445ed0, 4, 0;
    %pushi/vec4 111, 0, 8; draw_string_vec4
    %ix/load 4, 47, 0;
    %flag_set/imm 4, 0;
    %store/vec4a v0000015b72445ed0, 4, 0;
    %pushi/vec4 109, 0, 8; draw_string_vec4
    %ix/load 4, 48, 0;
    %flag_set/imm 4, 0;
    %store/vec4a v0000015b72445ed0, 4, 0;
    %pushi/vec4 110, 0, 8; draw_string_vec4
    %ix/load 4, 49, 0;
    %flag_set/imm 4, 0;
    %store/vec4a v0000015b72445ed0, 4, 0;
    %pushi/vec4 111, 0, 8; draw_string_vec4
    %ix/load 4, 50, 0;
    %flag_set/imm 4, 0;
    %store/vec4a v0000015b72445ed0, 4, 0;
    %pushi/vec4 112, 0, 8; draw_string_vec4
    %ix/load 4, 51, 0;
    %flag_set/imm 4, 0;
    %store/vec4a v0000015b72445ed0, 4, 0;
    %pushi/vec4 110, 0, 8; draw_string_vec4
    %ix/load 4, 52, 0;
    %flag_set/imm 4, 0;
    %store/vec4a v0000015b72445ed0, 4, 0;
    %pushi/vec4 111, 0, 8; draw_string_vec4
    %ix/load 4, 53, 0;
    %flag_set/imm 4, 0;
    %store/vec4a v0000015b72445ed0, 4, 0;
    %pushi/vec4 112, 0, 8; draw_string_vec4
    %ix/load 4, 54, 0;
    %flag_set/imm 4, 0;
    %store/vec4a v0000015b72445ed0, 4, 0;
    %pushi/vec4 113, 0, 8; draw_string_vec4
    %ix/load 4, 55, 0;
    %flag_set/imm 4, 0;
    %store/vec4a v0000015b72445ed0, 4, 0;
    %pushi/vec4 56, 0, 32;
    %store/vec4 v0000015b72444c10_0, 0, 32;
    %delay 20000, 0;
    %pushi/vec4 0, 0, 1;
    %store/vec4 v0000015b72445e30_0, 0, 1;
    %pushi/vec4 0, 0, 8;
    %store/vec4 v0000015b72445cf0_0, 0, 8;
    %pushi/vec4 0, 0, 1;
    %store/vec4 v0000015b72446510_0, 0, 1;
    %pushi/vec4 0, 0, 1;
    %store/vec4 v0000015b724457f0_0, 0, 1;
    %delay 10000, 0;
    %pushi/vec4 1, 0, 1;
    %store/vec4 v0000015b72445e30_0, 0, 1;
    %delay 10000, 0;
T_12.14 ;
    %load/vec4 v0000015b72445930_0;
    %cmpi/ne 1, 0, 1;
    %jmp/0xz T_12.15, 6;
    %wait E_0000015b723dcd50;
    %jmp T_12.14;
T_12.15 ;
    %wait E_0000015b723dce90;
    %pushi/vec4 0, 0, 32;
    %store/vec4 v0000015b72446830_0, 0, 32;
T_12.16 ;
    %load/vec4 v0000015b72446830_0;
    %load/vec4 v0000015b72444c10_0;
    %cmp/s;
    %jmp/0xz T_12.17, 5;
    %ix/getv/s 4, v0000015b72446830_0;
    %load/vec4a v0000015b72445ed0, 4;
    %store/vec4 v0000015b72445cf0_0, 0, 8;
    %pushi/vec4 1, 0, 1;
    %store/vec4 v0000015b72446510_0, 0, 1;
    %load/vec4 v0000015b72446830_0;
    %load/vec4 v0000015b72444c10_0;
    %subi 1, 0, 32;
    %cmp/e;
    %flag_get/vec4 4;
    %store/vec4 v0000015b724457f0_0, 0, 1;
    %wait E_0000015b723dce90;
    %load/vec4 v0000015b72446830_0;
    %addi 1, 0, 32;
    %store/vec4 v0000015b72446830_0, 0, 32;
    %jmp T_12.16;
T_12.17 ;
    %pushi/vec4 0, 0, 1;
    %store/vec4 v0000015b72446510_0, 0, 1;
    %pushi/vec4 0, 0, 1;
    %store/vec4 v0000015b724457f0_0, 0, 1;
T_12.18 ;
    %load/vec4 v0000015b72444cb0_0;
    %cmpi/ne 1, 0, 1;
    %jmp/0xz T_12.19, 6;
    %wait E_0000015b723dd090;
    %jmp T_12.18;
T_12.19 ;
    %wait E_0000015b723dc950;
T_12.20 ;
    %load/vec4 v0000015b72444cb0_0;
    %cmpi/ne 1, 0, 1;
    %jmp/0xz T_12.21, 6;
    %wait E_0000015b723dd090;
    %jmp T_12.20;
T_12.21 ;
    %delay 100, 0;
    %vpi_call 2 248 "$display", "Final hash:" {0 0 0};
    %vpi_call 2 249 "$display", "%h %h %h %h", &PV<v0000015b72445d90_0, 224, 32>, &PV<v0000015b72445d90_0, 192, 32>, &PV<v0000015b72445d90_0, 160, 32>, &PV<v0000015b72445d90_0, 128, 32> {0 0 0};
    %vpi_call 2 251 "$display", "%h %h %h %h", &PV<v0000015b72445d90_0, 96, 32>, &PV<v0000015b72445d90_0, 64, 32>, &PV<v0000015b72445d90_0, 32, 32>, &PV<v0000015b72445d90_0, 0, 32> {0 0 0};
    %load/vec4 v0000015b72445d90_0;
    %pushi/vec4 2452990343, 0, 34;
    %concati/vec4 2419180999, 0, 33;
    %concati/vec4 3087323745, 0, 34;
    %concati/vec4 2278295348, 0, 32;
    %concati/vec4 3476624985, 0, 33;
    %concati/vec4 4280379382, 0, 34;
    %concati/vec4 3975009305, 0, 32;
    %concati/vec4 14354113, 0, 24;
    %cmp/e;
    %jmp/0xz  T_12.22, 6;
    %vpi_call 2 255 "$display", "[RESULT] PASS" {0 0 0};
    %jmp T_12.23;
T_12.22 ;
    %vpi_call 2 257 "$display", "[RESULT] FAIL" {0 0 0};
    %vpi_call 2 258 "$display", "Expected: 248d6a61_d20638b8_e5c02693_0c3e6039_a33ce459_64ff2167_f6ecedd4_19db06c1" {0 0 0};
    %vpi_call 2 259 "$display", "Received: %h", v0000015b72445d90_0 {0 0 0};
T_12.23 ;
    %vpi_call 2 265 "$display", "\012[TEST CASE 4] Testing 'abcdefghbcdefghicdefghijdefghijkefghijklfghijklmghijklmnhijklmnoijklmnopjklmnopqklmnopqrlmnopqrsmnopqrstnopqrstu' message (896 bits)" {0 0 0};
    %pushi/vec4 97, 0, 8; draw_string_vec4
    %ix/load 4, 0, 0;
    %flag_set/imm 4, 0;
    %store/vec4a v0000015b72445ed0, 4, 0;
    %pushi/vec4 98, 0, 8; draw_string_vec4
    %ix/load 4, 1, 0;
    %flag_set/imm 4, 0;
    %store/vec4a v0000015b72445ed0, 4, 0;
    %pushi/vec4 99, 0, 8; draw_string_vec4
    %ix/load 4, 2, 0;
    %flag_set/imm 4, 0;
    %store/vec4a v0000015b72445ed0, 4, 0;
    %pushi/vec4 100, 0, 8; draw_string_vec4
    %ix/load 4, 3, 0;
    %flag_set/imm 4, 0;
    %store/vec4a v0000015b72445ed0, 4, 0;
    %pushi/vec4 101, 0, 8; draw_string_vec4
    %ix/load 4, 4, 0;
    %flag_set/imm 4, 0;
    %store/vec4a v0000015b72445ed0, 4, 0;
    %pushi/vec4 102, 0, 8; draw_string_vec4
    %ix/load 4, 5, 0;
    %flag_set/imm 4, 0;
    %store/vec4a v0000015b72445ed0, 4, 0;
    %pushi/vec4 103, 0, 8; draw_string_vec4
    %ix/load 4, 6, 0;
    %flag_set/imm 4, 0;
    %store/vec4a v0000015b72445ed0, 4, 0;
    %pushi/vec4 104, 0, 8; draw_string_vec4
    %ix/load 4, 7, 0;
    %flag_set/imm 4, 0;
    %store/vec4a v0000015b72445ed0, 4, 0;
    %pushi/vec4 98, 0, 8; draw_string_vec4
    %ix/load 4, 8, 0;
    %flag_set/imm 4, 0;
    %store/vec4a v0000015b72445ed0, 4, 0;
    %pushi/vec4 99, 0, 8; draw_string_vec4
    %ix/load 4, 9, 0;
    %flag_set/imm 4, 0;
    %store/vec4a v0000015b72445ed0, 4, 0;
    %pushi/vec4 100, 0, 8; draw_string_vec4
    %ix/load 4, 10, 0;
    %flag_set/imm 4, 0;
    %store/vec4a v0000015b72445ed0, 4, 0;
    %pushi/vec4 101, 0, 8; draw_string_vec4
    %ix/load 4, 11, 0;
    %flag_set/imm 4, 0;
    %store/vec4a v0000015b72445ed0, 4, 0;
    %pushi/vec4 102, 0, 8; draw_string_vec4
    %ix/load 4, 12, 0;
    %flag_set/imm 4, 0;
    %store/vec4a v0000015b72445ed0, 4, 0;
    %pushi/vec4 103, 0, 8; draw_string_vec4
    %ix/load 4, 13, 0;
    %flag_set/imm 4, 0;
    %store/vec4a v0000015b72445ed0, 4, 0;
    %pushi/vec4 104, 0, 8; draw_string_vec4
    %ix/load 4, 14, 0;
    %flag_set/imm 4, 0;
    %store/vec4a v0000015b72445ed0, 4, 0;
    %pushi/vec4 105, 0, 8; draw_string_vec4
    %ix/load 4, 15, 0;
    %flag_set/imm 4, 0;
    %store/vec4a v0000015b72445ed0, 4, 0;
    %pushi/vec4 99, 0, 8; draw_string_vec4
    %ix/load 4, 16, 0;
    %flag_set/imm 4, 0;
    %store/vec4a v0000015b72445ed0, 4, 0;
    %pushi/vec4 100, 0, 8; draw_string_vec4
    %ix/load 4, 17, 0;
    %flag_set/imm 4, 0;
    %store/vec4a v0000015b72445ed0, 4, 0;
    %pushi/vec4 101, 0, 8; draw_string_vec4
    %ix/load 4, 18, 0;
    %flag_set/imm 4, 0;
    %store/vec4a v0000015b72445ed0, 4, 0;
    %pushi/vec4 102, 0, 8; draw_string_vec4
    %ix/load 4, 19, 0;
    %flag_set/imm 4, 0;
    %store/vec4a v0000015b72445ed0, 4, 0;
    %pushi/vec4 103, 0, 8; draw_string_vec4
    %ix/load 4, 20, 0;
    %flag_set/imm 4, 0;
    %store/vec4a v0000015b72445ed0, 4, 0;
    %pushi/vec4 104, 0, 8; draw_string_vec4
    %ix/load 4, 21, 0;
    %flag_set/imm 4, 0;
    %store/vec4a v0000015b72445ed0, 4, 0;
    %pushi/vec4 105, 0, 8; draw_string_vec4
    %ix/load 4, 22, 0;
    %flag_set/imm 4, 0;
    %store/vec4a v0000015b72445ed0, 4, 0;
    %pushi/vec4 106, 0, 8; draw_string_vec4
    %ix/load 4, 23, 0;
    %flag_set/imm 4, 0;
    %store/vec4a v0000015b72445ed0, 4, 0;
    %pushi/vec4 100, 0, 8; draw_string_vec4
    %ix/load 4, 24, 0;
    %flag_set/imm 4, 0;
    %store/vec4a v0000015b72445ed0, 4, 0;
    %pushi/vec4 101, 0, 8; draw_string_vec4
    %ix/load 4, 25, 0;
    %flag_set/imm 4, 0;
    %store/vec4a v0000015b72445ed0, 4, 0;
    %pushi/vec4 102, 0, 8; draw_string_vec4
    %ix/load 4, 26, 0;
    %flag_set/imm 4, 0;
    %store/vec4a v0000015b72445ed0, 4, 0;
    %pushi/vec4 103, 0, 8; draw_string_vec4
    %ix/load 4, 27, 0;
    %flag_set/imm 4, 0;
    %store/vec4a v0000015b72445ed0, 4, 0;
    %pushi/vec4 104, 0, 8; draw_string_vec4
    %ix/load 4, 28, 0;
    %flag_set/imm 4, 0;
    %store/vec4a v0000015b72445ed0, 4, 0;
    %pushi/vec4 105, 0, 8; draw_string_vec4
    %ix/load 4, 29, 0;
    %flag_set/imm 4, 0;
    %store/vec4a v0000015b72445ed0, 4, 0;
    %pushi/vec4 106, 0, 8; draw_string_vec4
    %ix/load 4, 30, 0;
    %flag_set/imm 4, 0;
    %store/vec4a v0000015b72445ed0, 4, 0;
    %pushi/vec4 107, 0, 8; draw_string_vec4
    %ix/load 4, 31, 0;
    %flag_set/imm 4, 0;
    %store/vec4a v0000015b72445ed0, 4, 0;
    %pushi/vec4 101, 0, 8; draw_string_vec4
    %ix/load 4, 32, 0;
    %flag_set/imm 4, 0;
    %store/vec4a v0000015b72445ed0, 4, 0;
    %pushi/vec4 102, 0, 8; draw_string_vec4
    %ix/load 4, 33, 0;
    %flag_set/imm 4, 0;
    %store/vec4a v0000015b72445ed0, 4, 0;
    %pushi/vec4 103, 0, 8; draw_string_vec4
    %ix/load 4, 34, 0;
    %flag_set/imm 4, 0;
    %store/vec4a v0000015b72445ed0, 4, 0;
    %pushi/vec4 104, 0, 8; draw_string_vec4
    %ix/load 4, 35, 0;
    %flag_set/imm 4, 0;
    %store/vec4a v0000015b72445ed0, 4, 0;
    %pushi/vec4 105, 0, 8; draw_string_vec4
    %ix/load 4, 36, 0;
    %flag_set/imm 4, 0;
    %store/vec4a v0000015b72445ed0, 4, 0;
    %pushi/vec4 106, 0, 8; draw_string_vec4
    %ix/load 4, 37, 0;
    %flag_set/imm 4, 0;
    %store/vec4a v0000015b72445ed0, 4, 0;
    %pushi/vec4 107, 0, 8; draw_string_vec4
    %ix/load 4, 38, 0;
    %flag_set/imm 4, 0;
    %store/vec4a v0000015b72445ed0, 4, 0;
    %pushi/vec4 108, 0, 8; draw_string_vec4
    %ix/load 4, 39, 0;
    %flag_set/imm 4, 0;
    %store/vec4a v0000015b72445ed0, 4, 0;
    %pushi/vec4 102, 0, 8; draw_string_vec4
    %ix/load 4, 40, 0;
    %flag_set/imm 4, 0;
    %store/vec4a v0000015b72445ed0, 4, 0;
    %pushi/vec4 103, 0, 8; draw_string_vec4
    %ix/load 4, 41, 0;
    %flag_set/imm 4, 0;
    %store/vec4a v0000015b72445ed0, 4, 0;
    %pushi/vec4 104, 0, 8; draw_string_vec4
    %ix/load 4, 42, 0;
    %flag_set/imm 4, 0;
    %store/vec4a v0000015b72445ed0, 4, 0;
    %pushi/vec4 105, 0, 8; draw_string_vec4
    %ix/load 4, 43, 0;
    %flag_set/imm 4, 0;
    %store/vec4a v0000015b72445ed0, 4, 0;
    %pushi/vec4 106, 0, 8; draw_string_vec4
    %ix/load 4, 44, 0;
    %flag_set/imm 4, 0;
    %store/vec4a v0000015b72445ed0, 4, 0;
    %pushi/vec4 107, 0, 8; draw_string_vec4
    %ix/load 4, 45, 0;
    %flag_set/imm 4, 0;
    %store/vec4a v0000015b72445ed0, 4, 0;
    %pushi/vec4 108, 0, 8; draw_string_vec4
    %ix/load 4, 46, 0;
    %flag_set/imm 4, 0;
    %store/vec4a v0000015b72445ed0, 4, 0;
    %pushi/vec4 109, 0, 8; draw_string_vec4
    %ix/load 4, 47, 0;
    %flag_set/imm 4, 0;
    %store/vec4a v0000015b72445ed0, 4, 0;
    %pushi/vec4 103, 0, 8; draw_string_vec4
    %ix/load 4, 48, 0;
    %flag_set/imm 4, 0;
    %store/vec4a v0000015b72445ed0, 4, 0;
    %pushi/vec4 104, 0, 8; draw_string_vec4
    %ix/load 4, 49, 0;
    %flag_set/imm 4, 0;
    %store/vec4a v0000015b72445ed0, 4, 0;
    %pushi/vec4 105, 0, 8; draw_string_vec4
    %ix/load 4, 50, 0;
    %flag_set/imm 4, 0;
    %store/vec4a v0000015b72445ed0, 4, 0;
    %pushi/vec4 106, 0, 8; draw_string_vec4
    %ix/load 4, 51, 0;
    %flag_set/imm 4, 0;
    %store/vec4a v0000015b72445ed0, 4, 0;
    %pushi/vec4 107, 0, 8; draw_string_vec4
    %ix/load 4, 52, 0;
    %flag_set/imm 4, 0;
    %store/vec4a v0000015b72445ed0, 4, 0;
    %pushi/vec4 108, 0, 8; draw_string_vec4
    %ix/load 4, 53, 0;
    %flag_set/imm 4, 0;
    %store/vec4a v0000015b72445ed0, 4, 0;
    %pushi/vec4 109, 0, 8; draw_string_vec4
    %ix/load 4, 54, 0;
    %flag_set/imm 4, 0;
    %store/vec4a v0000015b72445ed0, 4, 0;
    %pushi/vec4 110, 0, 8; draw_string_vec4
    %ix/load 4, 55, 0;
    %flag_set/imm 4, 0;
    %store/vec4a v0000015b72445ed0, 4, 0;
    %pushi/vec4 104, 0, 8; draw_string_vec4
    %ix/load 4, 56, 0;
    %flag_set/imm 4, 0;
    %store/vec4a v0000015b72445ed0, 4, 0;
    %pushi/vec4 105, 0, 8; draw_string_vec4
    %ix/load 4, 57, 0;
    %flag_set/imm 4, 0;
    %store/vec4a v0000015b72445ed0, 4, 0;
    %pushi/vec4 106, 0, 8; draw_string_vec4
    %ix/load 4, 58, 0;
    %flag_set/imm 4, 0;
    %store/vec4a v0000015b72445ed0, 4, 0;
    %pushi/vec4 107, 0, 8; draw_string_vec4
    %ix/load 4, 59, 0;
    %flag_set/imm 4, 0;
    %store/vec4a v0000015b72445ed0, 4, 0;
    %pushi/vec4 108, 0, 8; draw_string_vec4
    %ix/load 4, 60, 0;
    %flag_set/imm 4, 0;
    %store/vec4a v0000015b72445ed0, 4, 0;
    %pushi/vec4 109, 0, 8; draw_string_vec4
    %ix/load 4, 61, 0;
    %flag_set/imm 4, 0;
    %store/vec4a v0000015b72445ed0, 4, 0;
    %pushi/vec4 110, 0, 8; draw_string_vec4
    %ix/load 4, 62, 0;
    %flag_set/imm 4, 0;
    %store/vec4a v0000015b72445ed0, 4, 0;
    %pushi/vec4 111, 0, 8; draw_string_vec4
    %ix/load 4, 63, 0;
    %flag_set/imm 4, 0;
    %store/vec4a v0000015b72445ed0, 4, 0;
    %pushi/vec4 105, 0, 8; draw_string_vec4
    %ix/load 4, 64, 0;
    %flag_set/imm 4, 0;
    %store/vec4a v0000015b72445ed0, 4, 0;
    %pushi/vec4 106, 0, 8; draw_string_vec4
    %ix/load 4, 65, 0;
    %flag_set/imm 4, 0;
    %store/vec4a v0000015b72445ed0, 4, 0;
    %pushi/vec4 107, 0, 8; draw_string_vec4
    %ix/load 4, 66, 0;
    %flag_set/imm 4, 0;
    %store/vec4a v0000015b72445ed0, 4, 0;
    %pushi/vec4 108, 0, 8; draw_string_vec4
    %ix/load 4, 67, 0;
    %flag_set/imm 4, 0;
    %store/vec4a v0000015b72445ed0, 4, 0;
    %pushi/vec4 109, 0, 8; draw_string_vec4
    %ix/load 4, 68, 0;
    %flag_set/imm 4, 0;
    %store/vec4a v0000015b72445ed0, 4, 0;
    %pushi/vec4 110, 0, 8; draw_string_vec4
    %ix/load 4, 69, 0;
    %flag_set/imm 4, 0;
    %store/vec4a v0000015b72445ed0, 4, 0;
    %pushi/vec4 111, 0, 8; draw_string_vec4
    %ix/load 4, 70, 0;
    %flag_set/imm 4, 0;
    %store/vec4a v0000015b72445ed0, 4, 0;
    %pushi/vec4 112, 0, 8; draw_string_vec4
    %ix/load 4, 71, 0;
    %flag_set/imm 4, 0;
    %store/vec4a v0000015b72445ed0, 4, 0;
    %pushi/vec4 106, 0, 8; draw_string_vec4
    %ix/load 4, 72, 0;
    %flag_set/imm 4, 0;
    %store/vec4a v0000015b72445ed0, 4, 0;
    %pushi/vec4 107, 0, 8; draw_string_vec4
    %ix/load 4, 73, 0;
    %flag_set/imm 4, 0;
    %store/vec4a v0000015b72445ed0, 4, 0;
    %pushi/vec4 108, 0, 8; draw_string_vec4
    %ix/load 4, 74, 0;
    %flag_set/imm 4, 0;
    %store/vec4a v0000015b72445ed0, 4, 0;
    %pushi/vec4 109, 0, 8; draw_string_vec4
    %ix/load 4, 75, 0;
    %flag_set/imm 4, 0;
    %store/vec4a v0000015b72445ed0, 4, 0;
    %pushi/vec4 110, 0, 8; draw_string_vec4
    %ix/load 4, 76, 0;
    %flag_set/imm 4, 0;
    %store/vec4a v0000015b72445ed0, 4, 0;
    %pushi/vec4 111, 0, 8; draw_string_vec4
    %ix/load 4, 77, 0;
    %flag_set/imm 4, 0;
    %store/vec4a v0000015b72445ed0, 4, 0;
    %pushi/vec4 112, 0, 8; draw_string_vec4
    %ix/load 4, 78, 0;
    %flag_set/imm 4, 0;
    %store/vec4a v0000015b72445ed0, 4, 0;
    %pushi/vec4 113, 0, 8; draw_string_vec4
    %ix/load 4, 79, 0;
    %flag_set/imm 4, 0;
    %store/vec4a v0000015b72445ed0, 4, 0;
    %pushi/vec4 107, 0, 8; draw_string_vec4
    %ix/load 4, 80, 0;
    %flag_set/imm 4, 0;
    %store/vec4a v0000015b72445ed0, 4, 0;
    %pushi/vec4 108, 0, 8; draw_string_vec4
    %ix/load 4, 81, 0;
    %flag_set/imm 4, 0;
    %store/vec4a v0000015b72445ed0, 4, 0;
    %pushi/vec4 109, 0, 8; draw_string_vec4
    %ix/load 4, 82, 0;
    %flag_set/imm 4, 0;
    %store/vec4a v0000015b72445ed0, 4, 0;
    %pushi/vec4 110, 0, 8; draw_string_vec4
    %ix/load 4, 83, 0;
    %flag_set/imm 4, 0;
    %store/vec4a v0000015b72445ed0, 4, 0;
    %pushi/vec4 111, 0, 8; draw_string_vec4
    %ix/load 4, 84, 0;
    %flag_set/imm 4, 0;
    %store/vec4a v0000015b72445ed0, 4, 0;
    %pushi/vec4 112, 0, 8; draw_string_vec4
    %ix/load 4, 85, 0;
    %flag_set/imm 4, 0;
    %store/vec4a v0000015b72445ed0, 4, 0;
    %pushi/vec4 113, 0, 8; draw_string_vec4
    %ix/load 4, 86, 0;
    %flag_set/imm 4, 0;
    %store/vec4a v0000015b72445ed0, 4, 0;
    %pushi/vec4 114, 0, 8; draw_string_vec4
    %ix/load 4, 87, 0;
    %flag_set/imm 4, 0;
    %store/vec4a v0000015b72445ed0, 4, 0;
    %pushi/vec4 108, 0, 8; draw_string_vec4
    %ix/load 4, 88, 0;
    %flag_set/imm 4, 0;
    %store/vec4a v0000015b72445ed0, 4, 0;
    %pushi/vec4 109, 0, 8; draw_string_vec4
    %ix/load 4, 89, 0;
    %flag_set/imm 4, 0;
    %store/vec4a v0000015b72445ed0, 4, 0;
    %pushi/vec4 110, 0, 8; draw_string_vec4
    %ix/load 4, 90, 0;
    %flag_set/imm 4, 0;
    %store/vec4a v0000015b72445ed0, 4, 0;
    %pushi/vec4 111, 0, 8; draw_string_vec4
    %ix/load 4, 91, 0;
    %flag_set/imm 4, 0;
    %store/vec4a v0000015b72445ed0, 4, 0;
    %pushi/vec4 112, 0, 8; draw_string_vec4
    %ix/load 4, 92, 0;
    %flag_set/imm 4, 0;
    %store/vec4a v0000015b72445ed0, 4, 0;
    %pushi/vec4 113, 0, 8; draw_string_vec4
    %ix/load 4, 93, 0;
    %flag_set/imm 4, 0;
    %store/vec4a v0000015b72445ed0, 4, 0;
    %pushi/vec4 114, 0, 8; draw_string_vec4
    %ix/load 4, 94, 0;
    %flag_set/imm 4, 0;
    %store/vec4a v0000015b72445ed0, 4, 0;
    %pushi/vec4 115, 0, 8; draw_string_vec4
    %ix/load 4, 95, 0;
    %flag_set/imm 4, 0;
    %store/vec4a v0000015b72445ed0, 4, 0;
    %pushi/vec4 109, 0, 8; draw_string_vec4
    %ix/load 4, 96, 0;
    %flag_set/imm 4, 0;
    %store/vec4a v0000015b72445ed0, 4, 0;
    %pushi/vec4 110, 0, 8; draw_string_vec4
    %ix/load 4, 97, 0;
    %flag_set/imm 4, 0;
    %store/vec4a v0000015b72445ed0, 4, 0;
    %pushi/vec4 111, 0, 8; draw_string_vec4
    %ix/load 4, 98, 0;
    %flag_set/imm 4, 0;
    %store/vec4a v0000015b72445ed0, 4, 0;
    %pushi/vec4 112, 0, 8; draw_string_vec4
    %ix/load 4, 99, 0;
    %flag_set/imm 4, 0;
    %store/vec4a v0000015b72445ed0, 4, 0;
    %pushi/vec4 113, 0, 8; draw_string_vec4
    %ix/load 4, 100, 0;
    %flag_set/imm 4, 0;
    %store/vec4a v0000015b72445ed0, 4, 0;
    %pushi/vec4 114, 0, 8; draw_string_vec4
    %ix/load 4, 101, 0;
    %flag_set/imm 4, 0;
    %store/vec4a v0000015b72445ed0, 4, 0;
    %pushi/vec4 115, 0, 8; draw_string_vec4
    %ix/load 4, 102, 0;
    %flag_set/imm 4, 0;
    %store/vec4a v0000015b72445ed0, 4, 0;
    %pushi/vec4 116, 0, 8; draw_string_vec4
    %ix/load 4, 103, 0;
    %flag_set/imm 4, 0;
    %store/vec4a v0000015b72445ed0, 4, 0;
    %pushi/vec4 110, 0, 8; draw_string_vec4
    %ix/load 4, 104, 0;
    %flag_set/imm 4, 0;
    %store/vec4a v0000015b72445ed0, 4, 0;
    %pushi/vec4 111, 0, 8; draw_string_vec4
    %ix/load 4, 105, 0;
    %flag_set/imm 4, 0;
    %store/vec4a v0000015b72445ed0, 4, 0;
    %pushi/vec4 112, 0, 8; draw_string_vec4
    %ix/load 4, 106, 0;
    %flag_set/imm 4, 0;
    %store/vec4a v0000015b72445ed0, 4, 0;
    %pushi/vec4 113, 0, 8; draw_string_vec4
    %ix/load 4, 107, 0;
    %flag_set/imm 4, 0;
    %store/vec4a v0000015b72445ed0, 4, 0;
    %pushi/vec4 114, 0, 8; draw_string_vec4
    %ix/load 4, 108, 0;
    %flag_set/imm 4, 0;
    %store/vec4a v0000015b72445ed0, 4, 0;
    %pushi/vec4 115, 0, 8; draw_string_vec4
    %ix/load 4, 109, 0;
    %flag_set/imm 4, 0;
    %store/vec4a v0000015b72445ed0, 4, 0;
    %pushi/vec4 116, 0, 8; draw_string_vec4
    %ix/load 4, 110, 0;
    %flag_set/imm 4, 0;
    %store/vec4a v0000015b72445ed0, 4, 0;
    %pushi/vec4 117, 0, 8; draw_string_vec4
    %ix/load 4, 111, 0;
    %flag_set/imm 4, 0;
    %store/vec4a v0000015b72445ed0, 4, 0;
    %pushi/vec4 112, 0, 32;
    %store/vec4 v0000015b72444c10_0, 0, 32;
    %delay 20000, 0;
    %pushi/vec4 0, 0, 1;
    %store/vec4 v0000015b72445e30_0, 0, 1;
    %pushi/vec4 0, 0, 8;
    %store/vec4 v0000015b72445cf0_0, 0, 8;
    %pushi/vec4 0, 0, 1;
    %store/vec4 v0000015b72446510_0, 0, 1;
    %pushi/vec4 0, 0, 1;
    %store/vec4 v0000015b724457f0_0, 0, 1;
    %delay 10000, 0;
    %pushi/vec4 1, 0, 1;
    %store/vec4 v0000015b72445e30_0, 0, 1;
    %delay 10000, 0;
T_12.24 ;
    %load/vec4 v0000015b72445930_0;
    %cmpi/ne 1, 0, 1;
    %jmp/0xz T_12.25, 6;
    %wait E_0000015b723dcd50;
    %jmp T_12.24;
T_12.25 ;
    %wait E_0000015b723dce90;
    %pushi/vec4 0, 0, 32;
    %store/vec4 v0000015b72446830_0, 0, 32;
T_12.26 ;
    %load/vec4 v0000015b72446830_0;
    %load/vec4 v0000015b72444c10_0;
    %cmp/s;
    %jmp/0xz T_12.27, 5;
    %ix/getv/s 4, v0000015b72446830_0;
    %load/vec4a v0000015b72445ed0, 4;
    %store/vec4 v0000015b72445cf0_0, 0, 8;
    %pushi/vec4 1, 0, 1;
    %store/vec4 v0000015b72446510_0, 0, 1;
    %load/vec4 v0000015b72446830_0;
    %load/vec4 v0000015b72444c10_0;
    %subi 1, 0, 32;
    %cmp/e;
    %flag_get/vec4 4;
    %store/vec4 v0000015b724457f0_0, 0, 1;
    %wait E_0000015b723dce90;
    %load/vec4 v0000015b72446830_0;
    %addi 1, 0, 32;
    %store/vec4 v0000015b72446830_0, 0, 32;
    %jmp T_12.26;
T_12.27 ;
    %pushi/vec4 0, 0, 1;
    %store/vec4 v0000015b72446510_0, 0, 1;
    %pushi/vec4 0, 0, 1;
    %store/vec4 v0000015b724457f0_0, 0, 1;
T_12.28 ;
    %load/vec4 v0000015b72444cb0_0;
    %cmpi/ne 1, 0, 1;
    %jmp/0xz T_12.29, 6;
    %wait E_0000015b723dd090;
    %jmp T_12.28;
T_12.29 ;
    %wait E_0000015b723dc950;
T_12.30 ;
    %load/vec4 v0000015b72444cb0_0;
    %cmpi/ne 1, 0, 1;
    %jmp/0xz T_12.31, 6;
    %wait E_0000015b723dd090;
    %jmp T_12.30;
T_12.31 ;
    %delay 100, 0;
    %vpi_call 2 418 "$display", "Final hash:" {0 0 0};
    %vpi_call 2 419 "$display", "%h %h %h %h", &PV<v0000015b72445d90_0, 224, 32>, &PV<v0000015b72445d90_0, 192, 32>, &PV<v0000015b72445d90_0, 160, 32>, &PV<v0000015b72445d90_0, 128, 32> {0 0 0};
    %vpi_call 2 421 "$display", "%h %h %h %h", &PV<v0000015b72445d90_0, 96, 32>, &PV<v0000015b72445d90_0, 64, 32>, &PV<v0000015b72445d90_0, 32, 32>, &PV<v0000015b72445d90_0, 0, 32> {0 0 0};
    %load/vec4 v0000015b72445d90_0;
    %pushi/vec4 3478853287, 0, 32;
    %concati/vec4 4049536768, 0, 33;
    %concati/vec4 3677972382, 0, 37;
    %concati/vec4 3240398274, 0, 32;
    %concati/vec4 3374761082, 0, 32;
    %concati/vec4 4034548143, 0, 34;
    %concati/vec4 2890204026, 0, 32;
    %concati/vec4 16706001, 0, 24;
    %cmp/e;
    %jmp/0xz  T_12.32, 6;
    %vpi_call 2 425 "$display", "[RESULT] PASS" {0 0 0};
    %jmp T_12.33;
T_12.32 ;
    %vpi_call 2 427 "$display", "[RESULT] FAIL" {0 0 0};
    %vpi_call 2 428 "$display", "Expected: cf5b16a7_78af8380_036ce59e_7b049237_0b249b11_e8f07a51_afac4503_7afee9d1" {0 0 0};
    %vpi_call 2 429 "$display", "Received: %h", v0000015b72445d90_0 {0 0 0};
T_12.33 ;
    %vpi_call 2 435 "$display", "\012[TEST CASE 5] Testing 'a'*1000 message (1000 bytes)" {0 0 0};
    %delay 20000, 0;
    %pushi/vec4 0, 0, 1;
    %store/vec4 v0000015b72445e30_0, 0, 1;
    %pushi/vec4 0, 0, 8;
    %store/vec4 v0000015b72445cf0_0, 0, 8;
    %pushi/vec4 0, 0, 1;
    %store/vec4 v0000015b72446510_0, 0, 1;
    %pushi/vec4 0, 0, 1;
    %store/vec4 v0000015b724457f0_0, 0, 1;
    %delay 10000, 0;
    %pushi/vec4 1, 0, 1;
    %store/vec4 v0000015b72445e30_0, 0, 1;
    %delay 10000, 0;
T_12.34 ;
    %load/vec4 v0000015b72445930_0;
    %cmpi/ne 1, 0, 1;
    %jmp/0xz T_12.35, 6;
    %wait E_0000015b723dcd50;
    %jmp T_12.34;
T_12.35 ;
    %wait E_0000015b723dce90;
    %pushi/vec4 0, 0, 32;
    %store/vec4 v0000015b72446830_0, 0, 32;
T_12.36 ;
    %load/vec4 v0000015b72446830_0;
    %cmpi/s 1000, 0, 32;
    %jmp/0xz T_12.37, 5;
    %pushi/vec4 97, 0, 8; draw_string_vec4
    %store/vec4 v0000015b72445cf0_0, 0, 8;
    %pushi/vec4 1, 0, 1;
    %store/vec4 v0000015b72446510_0, 0, 1;
    %load/vec4 v0000015b72446830_0;
    %pushi/vec4 999, 0, 32;
    %cmp/e;
    %flag_get/vec4 4;
    %store/vec4 v0000015b724457f0_0, 0, 1;
    %wait E_0000015b723dce90;
    %load/vec4 v0000015b72446830_0;
    %addi 1, 0, 32;
    %store/vec4 v0000015b72446830_0, 0, 32;
    %jmp T_12.36;
T_12.37 ;
    %pushi/vec4 0, 0, 1;
    %store/vec4 v0000015b72446510_0, 0, 1;
    %pushi/vec4 0, 0, 1;
    %store/vec4 v0000015b724457f0_0, 0, 1;
T_12.38 ;
    %load/vec4 v0000015b72444cb0_0;
    %cmpi/ne 1, 0, 1;
    %jmp/0xz T_12.39, 6;
    %wait E_0000015b723dd090;
    %jmp T_12.38;
T_12.39 ;
    %wait E_0000015b723dc950;
T_12.40 ;
    %load/vec4 v0000015b72444cb0_0;
    %cmpi/ne 1, 0, 1;
    %jmp/0xz T_12.41, 6;
    %wait E_0000015b723dd090;
    %jmp T_12.40;
T_12.41 ;
    %wait E_0000015b723dc950;
T_12.42 ;
    %load/vec4 v0000015b72444cb0_0;
    %cmpi/ne 1, 0, 1;
    %jmp/0xz T_12.43, 6;
    %wait E_0000015b723dd090;
    %jmp T_12.42;
T_12.43 ;
    %wait E_0000015b723dc950;
T_12.44 ;
    %load/vec4 v0000015b72444cb0_0;
    %cmpi/ne 1, 0, 1;
    %jmp/0xz T_12.45, 6;
    %wait E_0000015b723dd090;
    %jmp T_12.44;
T_12.45 ;
    %wait E_0000015b723dc950;
T_12.46 ;
    %load/vec4 v0000015b72444cb0_0;
    %cmpi/ne 1, 0, 1;
    %jmp/0xz T_12.47, 6;
    %wait E_0000015b723dd090;
    %jmp T_12.46;
T_12.47 ;
    %delay 100, 0;
    %vpi_call 2 478 "$display", "Final hash:" {0 0 0};
    %vpi_call 2 479 "$display", "%h %h %h %h", &PV<v0000015b72445d90_0, 224, 32>, &PV<v0000015b72445d90_0, 192, 32>, &PV<v0000015b72445d90_0, 160, 32>, &PV<v0000015b72445d90_0, 128, 32> {0 0 0};
    %vpi_call 2 481 "$display", "%h %h %h %h", &PV<v0000015b72445d90_0, 96, 32>, &PV<v0000015b72445d90_0, 64, 32>, &PV<v0000015b72445d90_0, 32, 32>, &PV<v0000015b72445d90_0, 0, 32> {0 0 0};
    %load/vec4 v0000015b72445d90_0;
    %pushi/vec4 2212223432, 0, 33;
    %concati/vec4 3046089574, 0, 33;
    %concati/vec4 4249184878, 0, 32;
    %concati/vec4 2588719216, 0, 32;
    %concati/vec4 2200905686, 0, 32;
    %concati/vec4 2537869713, 0, 32;
    %concati/vec4 3604671885, 0, 33;
    %concati/vec4 426999459, 0, 29;
    %cmp/e;
    %jmp/0xz  T_12.48, 6;
    %vpi_call 2 485 "$display", "[RESULT] PASS" {0 0 0};
    %jmp T_12.49;
T_12.48 ;
    %vpi_call 2 487 "$display", "[RESULT] FAIL" {0 0 0};
    %vpi_call 2 488 "$display", "Expected: 41edece4_2d63e8d9_bf515a9b_a6932e1c_20cbc9f5_a5d13464_5adb5db1_b9737ea3" {0 0 0};
    %vpi_call 2 489 "$display", "Received: %h", v0000015b72445d90_0 {0 0 0};
T_12.49 ;
    %delay 100000, 0;
    %vpi_call 2 496 "$display", "\012[SIMULATION FINISHED]" {0 0 0};
    %vpi_call 2 497 "$finish" {0 0 0};
    %end;
    .thread T_12;
    .scope S_0000015b723b1ca0;
T_13 ;
    %vpi_call 2 502 "$dumpfile", "tb_sha256_top.vcd" {0 0 0};
    %vpi_call 2 503 "$dumpvars", 32'sb00000000000000000000000000000000, S_0000015b723b1ca0 {0 0 0};
    %end;
    .thread T_13;
# The file index is used to find the file name in the following table.
:file_names 7;
    "N/A";
    "<interactive>";
    "tb_sha256_top.v";
    "sha256_top.v";
    "sha256_compress.v";
    "sha256_expand.v";
    "sha256_padding.v";
