#! /c/Source/iverilog-install/bin/vvp
:ivl_version "12.0 (devel)" "(s20150603-1539-g2693dd32b)";
:ivl_delay_selection "TYPICAL";
:vpi_time_precision - 12;
:vpi_module "D:\install\ICARUS~1\iverilog\lib\ivl\system.vpi";
:vpi_module "D:\install\ICARUS~1\iverilog\lib\ivl\vhdl_sys.vpi";
:vpi_module "D:\install\ICARUS~1\iverilog\lib\ivl\vhdl_textio.vpi";
:vpi_module "D:\install\ICARUS~1\iverilog\lib\ivl\v2005_math.vpi";
:vpi_module "D:\install\ICARUS~1\iverilog\lib\ivl\va_math.vpi";
S_00000205d9024df0 .scope module, "compress_tb" "compress_tb" 2 3;
 .timescale -9 -12;
v00000205d906d3e0_0 .var "Wt_in", 31 0;
v00000205d906d5c0_0 .var "Wt_valid", 0 0;
v00000205d906d480_0 .var "clk", 0 0;
v00000205d906e060_0 .var "hash_in", 255 0;
v00000205d906e1a0_0 .net "hash_out", 255 0, v00000205d906ca80_0;  1 drivers
v00000205d906d520_0 .net "hash_out_valid", 0 0, v00000205d906dfc0_0;  1 drivers
v00000205d906d7a0_0 .var "initial_hash", 255 0;
v00000205d906d980_0 .var "rst_n", 0 0;
v00000205d906dde0 .array "test_W", 63 0, 31 0;
E_00000205d901ed50 .event anyedge, v00000205d906dfc0_0;
S_00000205d9015860 .scope begin, "$ivl_for_loop3" "$ivl_for_loop3" 2 135, 2 135 0, S_00000205d9024df0;
 .timescale -9 -12;
v00000205d902b030_0 .var/i "t", 31 0;
E_00000205d901f090 .event posedge, v00000205d906cb20_0;
S_00000205d9025110 .scope begin, "$ivl_for_loop4" "$ivl_for_loop4" 2 158, 2 158 0, S_00000205d9024df0;
 .timescale -9 -12;
v00000205d902b170_0 .var/i "t", 31 0;
S_00000205d8f82af0 .scope begin, "$ivl_for_loop5" "$ivl_for_loop5" 2 180, 2 180 0, S_00000205d9024df0;
 .timescale -9 -12;
v00000205d902ad10_0 .var/i "t", 31 0;
S_00000205d8f82c80 .scope module, "uut" "compress" 2 23, 3 14 0, S_00000205d9024df0;
 .timescale 0 0;
    .port_info 0 /INPUT 1 "clk";
    .port_info 1 /INPUT 1 "rst_n";
    .port_info 2 /INPUT 32 "Wt_in";
    .port_info 3 /INPUT 1 "Wt_valid";
    .port_info 4 /INPUT 256 "hash_in";
    .port_info 5 /OUTPUT 256 "hash_out";
    .port_info 6 /OUTPUT 1 "hash_out_valid";
v00000205d902a810 .array "K", 63 0, 31 0;
v00000205d902a950_0 .net "T1", 31 0, L_00000205d906dc00;  1 drivers
v00000205d902aa90_0 .net "T2", 31 0, L_00000205d906e600;  1 drivers
v00000205d902b3f0_0 .net "Wt_in", 31 0, v00000205d906d3e0_0;  1 drivers
v00000205d902a8b0_0 .net "Wt_valid", 0 0, v00000205d906d5c0_0;  1 drivers
v00000205d902ae50_0 .net *"_ivl_10", 31 0, L_00000205d906e100;  1 drivers
v00000205d902b490_0 .net *"_ivl_11", 31 0, L_00000205d906dac0;  1 drivers
v00000205d906cc60_0 .net *"_ivl_13", 31 0, L_00000205d906e240;  1 drivers
v00000205d906cda0_0 .net *"_ivl_15", 7 0, L_00000205d906db60;  1 drivers
L_00000205d9416448 .functor BUFT 1, C4<00>, C4<0>, C4<0>, C4<0>;
v00000205d906d020_0 .net *"_ivl_18", 1 0, L_00000205d9416448;  1 drivers
v00000205d906e4c0_0 .net *"_ivl_19", 31 0, L_00000205d906e420;  1 drivers
v00000205d906ce40_0 .net *"_ivl_25", 31 0, L_00000205d906dca0;  1 drivers
v00000205d906d8e0_0 .net *"_ivl_3", 31 0, L_00000205d906e6a0;  1 drivers
v00000205d906d0c0_0 .net *"_ivl_30", 31 0, L_00000205d906e560;  1 drivers
v00000205d906cbc0_0 .net *"_ivl_4", 31 0, L_00000205d906da20;  1 drivers
v00000205d906d660 .array "a", 31 0, 31 0;
v00000205d906e380 .array "b", 31 0, 31 0;
v00000205d906d2a0 .array "c", 31 0, 31 0;
v00000205d906cb20_0 .net "clk", 0 0, v00000205d906d480_0;  1 drivers
v00000205d906cd00 .array "d", 31 0, 31 0;
v00000205d906df20 .array "e", 31 0, 31 0;
v00000205d906d840 .array "f", 31 0, 31 0;
v00000205d906dd40 .array "g", 31 0, 31 0;
v00000205d906d200 .array "h", 31 0, 31 0;
v00000205d906d160_0 .net "hash_in", 255 0, v00000205d906e060_0;  1 drivers
v00000205d906ca80_0 .var "hash_out", 255 0;
v00000205d906dfc0_0 .var "hash_out_valid", 0 0;
v00000205d906cee0_0 .var "hash_reg", 255 0;
v00000205d906de80_0 .net "new_a", 31 0, L_00000205d906e740;  1 drivers
v00000205d906d700_0 .net "new_e", 31 0, L_00000205d906e7e0;  1 drivers
v00000205d906e2e0_0 .var "output_stage", 0 0;
v00000205d906c9e0_0 .net "rst_n", 0 0, v00000205d906d980_0;  1 drivers
v00000205d906cf80_0 .var "wt_counter", 5 0;
v00000205d906d340_0 .var "zip_active", 0 0;
E_00000205d901ec50/0 .event negedge, v00000205d906c9e0_0;
E_00000205d901ec50/1 .event posedge, v00000205d906cb20_0;
E_00000205d901ec50 .event/or E_00000205d901ec50/0, E_00000205d901ec50/1;
v00000205d906df20_0 .array/port v00000205d906df20, 0;
L_00000205d906e6a0 .ufunc/vec4 TD_compress_tb.uut.SIGMA1, 32, v00000205d906df20_0 (v00000205d902a9f0_0) S_00000205d906c760;
v00000205d906d200_0 .array/port v00000205d906d200, 0;
L_00000205d906da20 .arith/sum 32, v00000205d906d200_0, L_00000205d906e6a0;
v00000205d906d840_0 .array/port v00000205d906d840, 0;
v00000205d906dd40_0 .array/port v00000205d906dd40, 0;
L_00000205d906e100 .ufunc/vec4 TD_compress_tb.uut.Ch, 32, v00000205d906df20_0, v00000205d906d840_0, v00000205d906dd40_0 (v00000205d902abd0_0, v00000205d902b2b0_0, v00000205d902aef0_0) S_00000205d90293b0;
L_00000205d906dac0 .arith/sum 32, L_00000205d906da20, L_00000205d906e100;
L_00000205d906e240 .array/port v00000205d902a810, L_00000205d906db60;
L_00000205d906db60 .concat [ 6 2 0 0], v00000205d906cf80_0, L_00000205d9416448;
L_00000205d906e420 .arith/sum 32, L_00000205d906dac0, L_00000205d906e240;
L_00000205d906dc00 .arith/sum 32, L_00000205d906e420, v00000205d906d3e0_0;
v00000205d906d660_0 .array/port v00000205d906d660, 0;
L_00000205d906dca0 .ufunc/vec4 TD_compress_tb.uut.SIGMA0, 32, v00000205d906d660_0 (v00000205d902b0d0_0) S_00000205d906c5d0;
v00000205d906e380_0 .array/port v00000205d906e380, 0;
v00000205d906d2a0_0 .array/port v00000205d906d2a0, 0;
L_00000205d906e560 .ufunc/vec4 TD_compress_tb.uut.Maj, 32, v00000205d906d660_0, v00000205d906e380_0, v00000205d906d2a0_0 (v00000205d902ac70_0, v00000205d902af90_0, v00000205d902a770_0) S_00000205d9029540;
L_00000205d906e600 .arith/sum 32, L_00000205d906dca0, L_00000205d906e560;
L_00000205d906e740 .arith/sum 32, L_00000205d906dc00, L_00000205d906e600;
v00000205d906cd00_0 .array/port v00000205d906cd00, 0;
L_00000205d906e7e0 .arith/sum 32, v00000205d906cd00_0, L_00000205d906dc00;
S_00000205d8f82e10 .scope begin, "$ivl_for_loop0" "$ivl_for_loop0" 3 154, 3 154 0, S_00000205d8f82c80;
 .timescale 0 0;
v00000205d902a630_0 .var/i "i", 31 0;
S_00000205d9029090 .scope begin, "$ivl_for_loop1" "$ivl_for_loop1" 3 195, 3 195 0, S_00000205d8f82c80;
 .timescale 0 0;
v00000205d902b350_0 .var/i "i", 31 0;
S_00000205d9029220 .scope begin, "$ivl_for_loop2" "$ivl_for_loop2" 3 226, 3 226 0, S_00000205d8f82c80;
 .timescale 0 0;
v00000205d902a590_0 .var/i "i", 31 0;
S_00000205d90293b0 .scope function.vec4.s32, "Ch" "Ch" 3 60, 3 60 0, S_00000205d8f82c80;
 .timescale 0 0;
; Variable Ch is vec4 return value of scope S_00000205d90293b0
v00000205d902abd0_0 .var "x", 31 0;
v00000205d902b2b0_0 .var "y", 31 0;
v00000205d902aef0_0 .var "z", 31 0;
TD_compress_tb.uut.Ch ;
    %load/vec4 v00000205d902abd0_0;
    %load/vec4 v00000205d902b2b0_0;
    %and;
    %load/vec4 v00000205d902abd0_0;
    %inv;
    %load/vec4 v00000205d902aef0_0;
    %and;
    %xor;
    %ret/vec4 0, 0, 32;  Assign to Ch (store_vec4_to_lval)
    %end;
S_00000205d9029540 .scope function.vec4.s32, "Maj" "Maj" 3 65, 3 65 0, S_00000205d8f82c80;
 .timescale 0 0;
; Variable Maj is vec4 return value of scope S_00000205d9029540
v00000205d902ac70_0 .var "x", 31 0;
v00000205d902af90_0 .var "y", 31 0;
v00000205d902a770_0 .var "z", 31 0;
TD_compress_tb.uut.Maj ;
    %load/vec4 v00000205d902ac70_0;
    %load/vec4 v00000205d902af90_0;
    %and;
    %load/vec4 v00000205d902ac70_0;
    %load/vec4 v00000205d902a770_0;
    %and;
    %xor;
    %load/vec4 v00000205d902af90_0;
    %load/vec4 v00000205d902a770_0;
    %and;
    %xor;
    %ret/vec4 0, 0, 32;  Assign to Maj (store_vec4_to_lval)
    %end;
S_00000205d906c5d0 .scope function.vec4.s32, "SIGMA0" "SIGMA0" 3 47, 3 47 0, S_00000205d8f82c80;
 .timescale 0 0;
; Variable SIGMA0 is vec4 return value of scope S_00000205d906c5d0
v00000205d902b0d0_0 .var "x", 31 0;
TD_compress_tb.uut.SIGMA0 ;
    %load/vec4 v00000205d902b0d0_0;
    %parti/s 2, 0, 2;
    %load/vec4 v00000205d902b0d0_0;
    %parti/s 30, 2, 3;
    %concat/vec4; draw_concat_vec4
    %load/vec4 v00000205d902b0d0_0;
    %parti/s 13, 0, 2;
    %load/vec4 v00000205d902b0d0_0;
    %parti/s 19, 13, 5;
    %concat/vec4; draw_concat_vec4
    %xor;
    %load/vec4 v00000205d902b0d0_0;
    %parti/s 22, 0, 2;
    %load/vec4 v00000205d902b0d0_0;
    %parti/s 10, 22, 6;
    %concat/vec4; draw_concat_vec4
    %xor;
    %ret/vec4 0, 0, 32;  Assign to SIGMA0 (store_vec4_to_lval)
    %end;
S_00000205d906c760 .scope function.vec4.s32, "SIGMA1" "SIGMA1" 3 52, 3 52 0, S_00000205d8f82c80;
 .timescale 0 0;
; Variable SIGMA1 is vec4 return value of scope S_00000205d906c760
v00000205d902a9f0_0 .var "x", 31 0;
TD_compress_tb.uut.SIGMA1 ;
    %load/vec4 v00000205d902a9f0_0;
    %parti/s 6, 0, 2;
    %load/vec4 v00000205d902a9f0_0;
    %parti/s 26, 6, 4;
    %concat/vec4; draw_concat_vec4
    %load/vec4 v00000205d902a9f0_0;
    %parti/s 11, 0, 2;
    %load/vec4 v00000205d902a9f0_0;
    %parti/s 21, 11, 5;
    %concat/vec4; draw_concat_vec4
    %xor;
    %load/vec4 v00000205d902a9f0_0;
    %parti/s 25, 0, 2;
    %load/vec4 v00000205d902a9f0_0;
    %parti/s 7, 25, 6;
    %concat/vec4; draw_concat_vec4
    %xor;
    %ret/vec4 0, 0, 32;  Assign to SIGMA1 (store_vec4_to_lval)
    %end;
    .scope S_00000205d8f82c80;
T_4 ;
    %pushi/vec4 1116352408, 0, 32;
    %ix/load 4, 0, 0;
    %flag_set/imm 4, 0;
    %store/vec4a v00000205d902a810, 4, 0;
    %pushi/vec4 1899447441, 0, 32;
    %ix/load 4, 1, 0;
    %flag_set/imm 4, 0;
    %store/vec4a v00000205d902a810, 4, 0;
    %pushi/vec4 3049323471, 0, 32;
    %ix/load 4, 2, 0;
    %flag_set/imm 4, 0;
    %store/vec4a v00000205d902a810, 4, 0;
    %pushi/vec4 3921009573, 0, 32;
    %ix/load 4, 3, 0;
    %flag_set/imm 4, 0;
    %store/vec4a v00000205d902a810, 4, 0;
    %pushi/vec4 961987163, 0, 32;
    %ix/load 4, 4, 0;
    %flag_set/imm 4, 0;
    %store/vec4a v00000205d902a810, 4, 0;
    %pushi/vec4 1508970993, 0, 32;
    %ix/load 4, 5, 0;
    %flag_set/imm 4, 0;
    %store/vec4a v00000205d902a810, 4, 0;
    %pushi/vec4 2453635748, 0, 32;
    %ix/load 4, 6, 0;
    %flag_set/imm 4, 0;
    %store/vec4a v00000205d902a810, 4, 0;
    %pushi/vec4 2870763221, 0, 32;
    %ix/load 4, 7, 0;
    %flag_set/imm 4, 0;
    %store/vec4a v00000205d902a810, 4, 0;
    %pushi/vec4 3624381080, 0, 32;
    %ix/load 4, 8, 0;
    %flag_set/imm 4, 0;
    %store/vec4a v00000205d902a810, 4, 0;
    %pushi/vec4 310598401, 0, 32;
    %ix/load 4, 9, 0;
    %flag_set/imm 4, 0;
    %store/vec4a v00000205d902a810, 4, 0;
    %pushi/vec4 607225278, 0, 32;
    %ix/load 4, 10, 0;
    %flag_set/imm 4, 0;
    %store/vec4a v00000205d902a810, 4, 0;
    %pushi/vec4 1426881987, 0, 32;
    %ix/load 4, 11, 0;
    %flag_set/imm 4, 0;
    %store/vec4a v00000205d902a810, 4, 0;
    %pushi/vec4 1925078388, 0, 32;
    %ix/load 4, 12, 0;
    %flag_set/imm 4, 0;
    %store/vec4a v00000205d902a810, 4, 0;
    %pushi/vec4 2162078206, 0, 32;
    %ix/load 4, 13, 0;
    %flag_set/imm 4, 0;
    %store/vec4a v00000205d902a810, 4, 0;
    %pushi/vec4 2614888103, 0, 32;
    %ix/load 4, 14, 0;
    %flag_set/imm 4, 0;
    %store/vec4a v00000205d902a810, 4, 0;
    %pushi/vec4 3248222580, 0, 32;
    %ix/load 4, 15, 0;
    %flag_set/imm 4, 0;
    %store/vec4a v00000205d902a810, 4, 0;
    %pushi/vec4 3835390401, 0, 32;
    %ix/load 4, 16, 0;
    %flag_set/imm 4, 0;
    %store/vec4a v00000205d902a810, 4, 0;
    %pushi/vec4 4022224774, 0, 32;
    %ix/load 4, 17, 0;
    %flag_set/imm 4, 0;
    %store/vec4a v00000205d902a810, 4, 0;
    %pushi/vec4 264347078, 0, 32;
    %ix/load 4, 18, 0;
    %flag_set/imm 4, 0;
    %store/vec4a v00000205d902a810, 4, 0;
    %pushi/vec4 604807628, 0, 32;
    %ix/load 4, 19, 0;
    %flag_set/imm 4, 0;
    %store/vec4a v00000205d902a810, 4, 0;
    %pushi/vec4 770255983, 0, 32;
    %ix/load 4, 20, 0;
    %flag_set/imm 4, 0;
    %store/vec4a v00000205d902a810, 4, 0;
    %pushi/vec4 1249150122, 0, 32;
    %ix/load 4, 21, 0;
    %flag_set/imm 4, 0;
    %store/vec4a v00000205d902a810, 4, 0;
    %pushi/vec4 1555081692, 0, 32;
    %ix/load 4, 22, 0;
    %flag_set/imm 4, 0;
    %store/vec4a v00000205d902a810, 4, 0;
    %pushi/vec4 1996064986, 0, 32;
    %ix/load 4, 23, 0;
    %flag_set/imm 4, 0;
    %store/vec4a v00000205d902a810, 4, 0;
    %pushi/vec4 2554220882, 0, 32;
    %ix/load 4, 24, 0;
    %flag_set/imm 4, 0;
    %store/vec4a v00000205d902a810, 4, 0;
    %pushi/vec4 2821834349, 0, 32;
    %ix/load 4, 25, 0;
    %flag_set/imm 4, 0;
    %store/vec4a v00000205d902a810, 4, 0;
    %pushi/vec4 2952996808, 0, 32;
    %ix/load 4, 26, 0;
    %flag_set/imm 4, 0;
    %store/vec4a v00000205d902a810, 4, 0;
    %pushi/vec4 3210313671, 0, 32;
    %ix/load 4, 27, 0;
    %flag_set/imm 4, 0;
    %store/vec4a v00000205d902a810, 4, 0;
    %pushi/vec4 3336571891, 0, 32;
    %ix/load 4, 28, 0;
    %flag_set/imm 4, 0;
    %store/vec4a v00000205d902a810, 4, 0;
    %pushi/vec4 3584528711, 0, 32;
    %ix/load 4, 29, 0;
    %flag_set/imm 4, 0;
    %store/vec4a v00000205d902a810, 4, 0;
    %pushi/vec4 113926993, 0, 32;
    %ix/load 4, 30, 0;
    %flag_set/imm 4, 0;
    %store/vec4a v00000205d902a810, 4, 0;
    %pushi/vec4 338241895, 0, 32;
    %ix/load 4, 31, 0;
    %flag_set/imm 4, 0;
    %store/vec4a v00000205d902a810, 4, 0;
    %pushi/vec4 666307205, 0, 32;
    %ix/load 4, 32, 0;
    %flag_set/imm 4, 0;
    %store/vec4a v00000205d902a810, 4, 0;
    %pushi/vec4 773529912, 0, 32;
    %ix/load 4, 33, 0;
    %flag_set/imm 4, 0;
    %store/vec4a v00000205d902a810, 4, 0;
    %pushi/vec4 1294757372, 0, 32;
    %ix/load 4, 34, 0;
    %flag_set/imm 4, 0;
    %store/vec4a v00000205d902a810, 4, 0;
    %pushi/vec4 1396182291, 0, 32;
    %ix/load 4, 35, 0;
    %flag_set/imm 4, 0;
    %store/vec4a v00000205d902a810, 4, 0;
    %pushi/vec4 1695183700, 0, 32;
    %ix/load 4, 36, 0;
    %flag_set/imm 4, 0;
    %store/vec4a v00000205d902a810, 4, 0;
    %pushi/vec4 1986661051, 0, 32;
    %ix/load 4, 37, 0;
    %flag_set/imm 4, 0;
    %store/vec4a v00000205d902a810, 4, 0;
    %pushi/vec4 2177026350, 0, 32;
    %ix/load 4, 38, 0;
    %flag_set/imm 4, 0;
    %store/vec4a v00000205d902a810, 4, 0;
    %pushi/vec4 2456956037, 0, 32;
    %ix/load 4, 39, 0;
    %flag_set/imm 4, 0;
    %store/vec4a v00000205d902a810, 4, 0;
    %pushi/vec4 2730485921, 0, 32;
    %ix/load 4, 40, 0;
    %flag_set/imm 4, 0;
    %store/vec4a v00000205d902a810, 4, 0;
    %pushi/vec4 2820302411, 0, 32;
    %ix/load 4, 41, 0;
    %flag_set/imm 4, 0;
    %store/vec4a v00000205d902a810, 4, 0;
    %pushi/vec4 3259730800, 0, 32;
    %ix/load 4, 42, 0;
    %flag_set/imm 4, 0;
    %store/vec4a v00000205d902a810, 4, 0;
    %pushi/vec4 3345764771, 0, 32;
    %ix/load 4, 43, 0;
    %flag_set/imm 4, 0;
    %store/vec4a v00000205d902a810, 4, 0;
    %pushi/vec4 3516065817, 0, 32;
    %ix/load 4, 44, 0;
    %flag_set/imm 4, 0;
    %store/vec4a v00000205d902a810, 4, 0;
    %pushi/vec4 3600352804, 0, 32;
    %ix/load 4, 45, 0;
    %flag_set/imm 4, 0;
    %store/vec4a v00000205d902a810, 4, 0;
    %pushi/vec4 4094571909, 0, 32;
    %ix/load 4, 46, 0;
    %flag_set/imm 4, 0;
    %store/vec4a v00000205d902a810, 4, 0;
    %pushi/vec4 275423344, 0, 32;
    %ix/load 4, 47, 0;
    %flag_set/imm 4, 0;
    %store/vec4a v00000205d902a810, 4, 0;
    %pushi/vec4 430227734, 0, 32;
    %ix/load 4, 48, 0;
    %flag_set/imm 4, 0;
    %store/vec4a v00000205d902a810, 4, 0;
    %pushi/vec4 506948616, 0, 32;
    %ix/load 4, 49, 0;
    %flag_set/imm 4, 0;
    %store/vec4a v00000205d902a810, 4, 0;
    %pushi/vec4 659060556, 0, 32;
    %ix/load 4, 50, 0;
    %flag_set/imm 4, 0;
    %store/vec4a v00000205d902a810, 4, 0;
    %pushi/vec4 883997877, 0, 32;
    %ix/load 4, 51, 0;
    %flag_set/imm 4, 0;
    %store/vec4a v00000205d902a810, 4, 0;
    %pushi/vec4 958139571, 0, 32;
    %ix/load 4, 52, 0;
    %flag_set/imm 4, 0;
    %store/vec4a v00000205d902a810, 4, 0;
    %pushi/vec4 1322822218, 0, 32;
    %ix/load 4, 53, 0;
    %flag_set/imm 4, 0;
    %store/vec4a v00000205d902a810, 4, 0;
    %pushi/vec4 1537002063, 0, 32;
    %ix/load 4, 54, 0;
    %flag_set/imm 4, 0;
    %store/vec4a v00000205d902a810, 4, 0;
    %pushi/vec4 1747873779, 0, 32;
    %ix/load 4, 55, 0;
    %flag_set/imm 4, 0;
    %store/vec4a v00000205d902a810, 4, 0;
    %pushi/vec4 1955562222, 0, 32;
    %ix/load 4, 56, 0;
    %flag_set/imm 4, 0;
    %store/vec4a v00000205d902a810, 4, 0;
    %pushi/vec4 2024104815, 0, 32;
    %ix/load 4, 57, 0;
    %flag_set/imm 4, 0;
    %store/vec4a v00000205d902a810, 4, 0;
    %pushi/vec4 2227730452, 0, 32;
    %ix/load 4, 58, 0;
    %flag_set/imm 4, 0;
    %store/vec4a v00000205d902a810, 4, 0;
    %pushi/vec4 2361852424, 0, 32;
    %ix/load 4, 59, 0;
    %flag_set/imm 4, 0;
    %store/vec4a v00000205d902a810, 4, 0;
    %pushi/vec4 2428436474, 0, 32;
    %ix/load 4, 60, 0;
    %flag_set/imm 4, 0;
    %store/vec4a v00000205d902a810, 4, 0;
    %pushi/vec4 2756734187, 0, 32;
    %ix/load 4, 61, 0;
    %flag_set/imm 4, 0;
    %store/vec4a v00000205d902a810, 4, 0;
    %pushi/vec4 3204031479, 0, 32;
    %ix/load 4, 62, 0;
    %flag_set/imm 4, 0;
    %store/vec4a v00000205d902a810, 4, 0;
    %pushi/vec4 3329325298, 0, 32;
    %ix/load 4, 63, 0;
    %flag_set/imm 4, 0;
    %store/vec4a v00000205d902a810, 4, 0;
    %end;
    .thread T_4;
    .scope S_00000205d8f82c80;
T_5 ;
    %wait E_00000205d901ec50;
    %load/vec4 v00000205d906c9e0_0;
    %nor/r;
    %flag_set/vec4 8;
    %jmp/0xz  T_5.0, 8;
    %fork t_1, S_00000205d8f82e10;
    %jmp t_0;
    .scope S_00000205d8f82e10;
t_1 ;
    %pushi/vec4 0, 0, 32;
    %store/vec4 v00000205d902a630_0, 0, 32;
T_5.2 ;
    %load/vec4 v00000205d902a630_0;
    %cmpi/s 32, 0, 32;
    %jmp/0xz T_5.3, 5;
    %pushi/vec4 0, 0, 32;
    %ix/getv/s 3, v00000205d902a630_0;
    %ix/load 4, 0, 0; Constant delay
    %assign/vec4/a/d v00000205d906d660, 0, 4;
    %pushi/vec4 0, 0, 32;
    %ix/getv/s 3, v00000205d902a630_0;
    %ix/load 4, 0, 0; Constant delay
    %assign/vec4/a/d v00000205d906e380, 0, 4;
    %pushi/vec4 0, 0, 32;
    %ix/getv/s 3, v00000205d902a630_0;
    %ix/load 4, 0, 0; Constant delay
    %assign/vec4/a/d v00000205d906d2a0, 0, 4;
    %pushi/vec4 0, 0, 32;
    %ix/getv/s 3, v00000205d902a630_0;
    %ix/load 4, 0, 0; Constant delay
    %assign/vec4/a/d v00000205d906cd00, 0, 4;
    %pushi/vec4 0, 0, 32;
    %ix/getv/s 3, v00000205d902a630_0;
    %ix/load 4, 0, 0; Constant delay
    %assign/vec4/a/d v00000205d906df20, 0, 4;
    %pushi/vec4 0, 0, 32;
    %ix/getv/s 3, v00000205d902a630_0;
    %ix/load 4, 0, 0; Constant delay
    %assign/vec4/a/d v00000205d906d840, 0, 4;
    %pushi/vec4 0, 0, 32;
    %ix/getv/s 3, v00000205d902a630_0;
    %ix/load 4, 0, 0; Constant delay
    %assign/vec4/a/d v00000205d906dd40, 0, 4;
    %pushi/vec4 0, 0, 32;
    %ix/getv/s 3, v00000205d902a630_0;
    %ix/load 4, 0, 0; Constant delay
    %assign/vec4/a/d v00000205d906d200, 0, 4;
    ; show_stmt_assign_vector: Get l-value for compressed += operand
    %load/vec4 v00000205d902a630_0;
    %pushi/vec4 1, 0, 32;
    %add;
    %store/vec4 v00000205d902a630_0, 0, 32;
    %jmp T_5.2;
T_5.3 ;
    %end;
    .scope S_00000205d8f82c80;
t_0 %join;
    %pushi/vec4 0, 0, 256;
    %assign/vec4 v00000205d906cee0_0, 0;
    %pushi/vec4 0, 0, 6;
    %assign/vec4 v00000205d906cf80_0, 0;
    %pushi/vec4 0, 0, 1;
    %assign/vec4 v00000205d906d340_0, 0;
    %pushi/vec4 0, 0, 1;
    %assign/vec4 v00000205d906e2e0_0, 0;
    %pushi/vec4 0, 0, 256;
    %assign/vec4 v00000205d906ca80_0, 0;
    %pushi/vec4 0, 0, 1;
    %assign/vec4 v00000205d906dfc0_0, 0;
    %jmp T_5.1;
T_5.0 ;
    %pushi/vec4 0, 0, 1;
    %assign/vec4 v00000205d906dfc0_0, 0;
    %load/vec4 v00000205d902a8b0_0;
    %flag_set/vec4 9;
    %flag_get/vec4 9;
    %jmp/0 T_5.6, 9;
    %load/vec4 v00000205d906d340_0;
    %nor/r;
    %and;
T_5.6;
    %flag_set/vec4 8;
    %jmp/0xz  T_5.4, 8;
    %load/vec4 v00000205d906d160_0;
    %parti/s 32, 224, 9;
    %ix/load 3, 0, 0;
    %flag_set/imm 4, 0;
    %ix/load 4, 0, 0; Constant delay
    %assign/vec4/a/d v00000205d906d660, 0, 4;
    %load/vec4 v00000205d906d160_0;
    %parti/s 32, 192, 9;
    %ix/load 3, 0, 0;
    %flag_set/imm 4, 0;
    %ix/load 4, 0, 0; Constant delay
    %assign/vec4/a/d v00000205d906e380, 0, 4;
    %load/vec4 v00000205d906d160_0;
    %parti/s 32, 160, 9;
    %ix/load 3, 0, 0;
    %flag_set/imm 4, 0;
    %ix/load 4, 0, 0; Constant delay
    %assign/vec4/a/d v00000205d906d2a0, 0, 4;
    %load/vec4 v00000205d906d160_0;
    %parti/s 32, 128, 9;
    %ix/load 3, 0, 0;
    %flag_set/imm 4, 0;
    %ix/load 4, 0, 0; Constant delay
    %assign/vec4/a/d v00000205d906cd00, 0, 4;
    %load/vec4 v00000205d906d160_0;
    %parti/s 32, 96, 8;
    %ix/load 3, 0, 0;
    %flag_set/imm 4, 0;
    %ix/load 4, 0, 0; Constant delay
    %assign/vec4/a/d v00000205d906df20, 0, 4;
    %load/vec4 v00000205d906d160_0;
    %parti/s 32, 64, 8;
    %ix/load 3, 0, 0;
    %flag_set/imm 4, 0;
    %ix/load 4, 0, 0; Constant delay
    %assign/vec4/a/d v00000205d906d840, 0, 4;
    %load/vec4 v00000205d906d160_0;
    %parti/s 32, 32, 7;
    %ix/load 3, 0, 0;
    %flag_set/imm 4, 0;
    %ix/load 4, 0, 0; Constant delay
    %assign/vec4/a/d v00000205d906dd40, 0, 4;
    %load/vec4 v00000205d906d160_0;
    %parti/s 32, 0, 2;
    %ix/load 3, 0, 0;
    %flag_set/imm 4, 0;
    %ix/load 4, 0, 0; Constant delay
    %assign/vec4/a/d v00000205d906d200, 0, 4;
    %fork t_3, S_00000205d9029090;
    %jmp t_2;
    .scope S_00000205d9029090;
t_3 ;
    %pushi/vec4 1, 0, 32;
    %store/vec4 v00000205d902b350_0, 0, 32;
T_5.7 ;
    %load/vec4 v00000205d902b350_0;
    %cmpi/s 32, 0, 32;
    %jmp/0xz T_5.8, 5;
    %pushi/vec4 0, 0, 32;
    %ix/getv/s 3, v00000205d902b350_0;
    %ix/load 4, 0, 0; Constant delay
    %assign/vec4/a/d v00000205d906d660, 0, 4;
    %pushi/vec4 0, 0, 32;
    %ix/getv/s 3, v00000205d902b350_0;
    %ix/load 4, 0, 0; Constant delay
    %assign/vec4/a/d v00000205d906e380, 0, 4;
    %pushi/vec4 0, 0, 32;
    %ix/getv/s 3, v00000205d902b350_0;
    %ix/load 4, 0, 0; Constant delay
    %assign/vec4/a/d v00000205d906d2a0, 0, 4;
    %pushi/vec4 0, 0, 32;
    %ix/getv/s 3, v00000205d902b350_0;
    %ix/load 4, 0, 0; Constant delay
    %assign/vec4/a/d v00000205d906cd00, 0, 4;
    %pushi/vec4 0, 0, 32;
    %ix/getv/s 3, v00000205d902b350_0;
    %ix/load 4, 0, 0; Constant delay
    %assign/vec4/a/d v00000205d906df20, 0, 4;
    %pushi/vec4 0, 0, 32;
    %ix/getv/s 3, v00000205d902b350_0;
    %ix/load 4, 0, 0; Constant delay
    %assign/vec4/a/d v00000205d906d840, 0, 4;
    %pushi/vec4 0, 0, 32;
    %ix/getv/s 3, v00000205d902b350_0;
    %ix/load 4, 0, 0; Constant delay
    %assign/vec4/a/d v00000205d906dd40, 0, 4;
    %pushi/vec4 0, 0, 32;
    %ix/getv/s 3, v00000205d902b350_0;
    %ix/load 4, 0, 0; Constant delay
    %assign/vec4/a/d v00000205d906d200, 0, 4;
    ; show_stmt_assign_vector: Get l-value for compressed += operand
    %load/vec4 v00000205d902b350_0;
    %pushi/vec4 1, 0, 32;
    %add;
    %store/vec4 v00000205d902b350_0, 0, 32;
    %jmp T_5.7;
T_5.8 ;
    %end;
    .scope S_00000205d8f82c80;
t_2 %join;
    %load/vec4 v00000205d906de80_0;
    %ix/load 3, 0, 0;
    %flag_set/imm 4, 0;
    %ix/load 4, 0, 0; Constant delay
    %assign/vec4/a/d v00000205d906d660, 0, 4;
    %load/vec4 v00000205d906d160_0;
    %parti/s 32, 224, 9;
    %ix/load 3, 0, 0;
    %flag_set/imm 4, 0;
    %ix/load 4, 0, 0; Constant delay
    %assign/vec4/a/d v00000205d906e380, 0, 4;
    %load/vec4 v00000205d906d160_0;
    %parti/s 32, 192, 9;
    %ix/load 3, 0, 0;
    %flag_set/imm 4, 0;
    %ix/load 4, 0, 0; Constant delay
    %assign/vec4/a/d v00000205d906d2a0, 0, 4;
    %load/vec4 v00000205d906d160_0;
    %parti/s 32, 160, 9;
    %ix/load 3, 0, 0;
    %flag_set/imm 4, 0;
    %ix/load 4, 0, 0; Constant delay
    %assign/vec4/a/d v00000205d906cd00, 0, 4;
    %load/vec4 v00000205d906d700_0;
    %ix/load 3, 0, 0;
    %flag_set/imm 4, 0;
    %ix/load 4, 0, 0; Constant delay
    %assign/vec4/a/d v00000205d906df20, 0, 4;
    %load/vec4 v00000205d906d160_0;
    %parti/s 32, 96, 8;
    %ix/load 3, 0, 0;
    %flag_set/imm 4, 0;
    %ix/load 4, 0, 0; Constant delay
    %assign/vec4/a/d v00000205d906d840, 0, 4;
    %load/vec4 v00000205d906d160_0;
    %parti/s 32, 64, 8;
    %ix/load 3, 0, 0;
    %flag_set/imm 4, 0;
    %ix/load 4, 0, 0; Constant delay
    %assign/vec4/a/d v00000205d906dd40, 0, 4;
    %load/vec4 v00000205d906d160_0;
    %parti/s 32, 32, 7;
    %ix/load 3, 0, 0;
    %flag_set/imm 4, 0;
    %ix/load 4, 0, 0; Constant delay
    %assign/vec4/a/d v00000205d906d200, 0, 4;
    %load/vec4 v00000205d906d160_0;
    %assign/vec4 v00000205d906cee0_0, 0;
    %pushi/vec4 1, 0, 1;
    %assign/vec4 v00000205d906d340_0, 0;
    %pushi/vec4 0, 0, 6;
    %assign/vec4 v00000205d906cf80_0, 0;
T_5.4 ;
    %load/vec4 v00000205d902a8b0_0;
    %flag_set/vec4 9;
    %flag_get/vec4 9;
    %jmp/0 T_5.11, 9;
    %load/vec4 v00000205d906d340_0;
    %and;
T_5.11;
    %flag_set/vec4 8;
    %jmp/0xz  T_5.9, 8;
    %fork t_5, S_00000205d9029220;
    %jmp t_4;
    .scope S_00000205d9029220;
t_5 ;
    %pushi/vec4 31, 0, 32;
    %store/vec4 v00000205d902a590_0, 0, 32;
T_5.12 ;
    %load/vec4 v00000205d902a590_0;
    %cmpi/s 0, 0, 32;
    %flag_or 5, 4; GT is !LE
    %flag_inv 5;
    %jmp/0xz T_5.13, 5;
    %load/vec4 v00000205d902a590_0;
    %subi 1, 0, 32;
    %ix/vec4/s 4;
    %load/vec4a v00000205d906d660, 4;
    %ix/getv/s 3, v00000205d902a590_0;
    %ix/load 4, 0, 0; Constant delay
    %assign/vec4/a/d v00000205d906d660, 0, 4;
    %load/vec4 v00000205d902a590_0;
    %subi 1, 0, 32;
    %ix/vec4/s 4;
    %load/vec4a v00000205d906e380, 4;
    %ix/getv/s 3, v00000205d902a590_0;
    %ix/load 4, 0, 0; Constant delay
    %assign/vec4/a/d v00000205d906e380, 0, 4;
    %load/vec4 v00000205d902a590_0;
    %subi 1, 0, 32;
    %ix/vec4/s 4;
    %load/vec4a v00000205d906d2a0, 4;
    %ix/getv/s 3, v00000205d902a590_0;
    %ix/load 4, 0, 0; Constant delay
    %assign/vec4/a/d v00000205d906d2a0, 0, 4;
    %load/vec4 v00000205d902a590_0;
    %subi 1, 0, 32;
    %ix/vec4/s 4;
    %load/vec4a v00000205d906cd00, 4;
    %ix/getv/s 3, v00000205d902a590_0;
    %ix/load 4, 0, 0; Constant delay
    %assign/vec4/a/d v00000205d906cd00, 0, 4;
    %load/vec4 v00000205d902a590_0;
    %subi 1, 0, 32;
    %ix/vec4/s 4;
    %load/vec4a v00000205d906df20, 4;
    %ix/getv/s 3, v00000205d902a590_0;
    %ix/load 4, 0, 0; Constant delay
    %assign/vec4/a/d v00000205d906df20, 0, 4;
    %load/vec4 v00000205d902a590_0;
    %subi 1, 0, 32;
    %ix/vec4/s 4;
    %load/vec4a v00000205d906d840, 4;
    %ix/getv/s 3, v00000205d902a590_0;
    %ix/load 4, 0, 0; Constant delay
    %assign/vec4/a/d v00000205d906d840, 0, 4;
    %load/vec4 v00000205d902a590_0;
    %subi 1, 0, 32;
    %ix/vec4/s 4;
    %load/vec4a v00000205d906dd40, 4;
    %ix/getv/s 3, v00000205d902a590_0;
    %ix/load 4, 0, 0; Constant delay
    %assign/vec4/a/d v00000205d906dd40, 0, 4;
    %load/vec4 v00000205d902a590_0;
    %subi 1, 0, 32;
    %ix/vec4/s 4;
    %load/vec4a v00000205d906d200, 4;
    %ix/getv/s 3, v00000205d902a590_0;
    %ix/load 4, 0, 0; Constant delay
    %assign/vec4/a/d v00000205d906d200, 0, 4;
    ; show_stmt_assign_vector: Get l-value for compressed -= operand
    %load/vec4 v00000205d902a590_0;
    %pushi/vec4 1, 0, 32;
    %sub;
    %store/vec4 v00000205d902a590_0, 0, 32;
    %jmp T_5.12;
T_5.13 ;
    %end;
    .scope S_00000205d8f82c80;
t_4 %join;
    %load/vec4 v00000205d906de80_0;
    %ix/load 3, 0, 0;
    %flag_set/imm 4, 0;
    %ix/load 4, 0, 0; Constant delay
    %assign/vec4/a/d v00000205d906d660, 0, 4;
    %ix/load 4, 0, 0;
    %flag_set/imm 4, 0;
    %load/vec4a v00000205d906d660, 4;
    %ix/load 3, 0, 0;
    %flag_set/imm 4, 0;
    %ix/load 4, 0, 0; Constant delay
    %assign/vec4/a/d v00000205d906e380, 0, 4;
    %ix/load 4, 0, 0;
    %flag_set/imm 4, 0;
    %load/vec4a v00000205d906e380, 4;
    %ix/load 3, 0, 0;
    %flag_set/imm 4, 0;
    %ix/load 4, 0, 0; Constant delay
    %assign/vec4/a/d v00000205d906d2a0, 0, 4;
    %ix/load 4, 0, 0;
    %flag_set/imm 4, 0;
    %load/vec4a v00000205d906d2a0, 4;
    %ix/load 3, 0, 0;
    %flag_set/imm 4, 0;
    %ix/load 4, 0, 0; Constant delay
    %assign/vec4/a/d v00000205d906cd00, 0, 4;
    %load/vec4 v00000205d906d700_0;
    %ix/load 3, 0, 0;
    %flag_set/imm 4, 0;
    %ix/load 4, 0, 0; Constant delay
    %assign/vec4/a/d v00000205d906df20, 0, 4;
    %ix/load 4, 0, 0;
    %flag_set/imm 4, 0;
    %load/vec4a v00000205d906df20, 4;
    %ix/load 3, 0, 0;
    %flag_set/imm 4, 0;
    %ix/load 4, 0, 0; Constant delay
    %assign/vec4/a/d v00000205d906d840, 0, 4;
    %ix/load 4, 0, 0;
    %flag_set/imm 4, 0;
    %load/vec4a v00000205d906d840, 4;
    %ix/load 3, 0, 0;
    %flag_set/imm 4, 0;
    %ix/load 4, 0, 0; Constant delay
    %assign/vec4/a/d v00000205d906dd40, 0, 4;
    %ix/load 4, 0, 0;
    %flag_set/imm 4, 0;
    %load/vec4a v00000205d906dd40, 4;
    %ix/load 3, 0, 0;
    %flag_set/imm 4, 0;
    %ix/load 4, 0, 0; Constant delay
    %assign/vec4/a/d v00000205d906d200, 0, 4;
    %load/vec4 v00000205d906cf80_0;
    %addi 1, 0, 6;
    %assign/vec4 v00000205d906cf80_0, 0;
T_5.9 ;
    %load/vec4 v00000205d906d340_0;
    %flag_set/vec4 9;
    %flag_get/vec4 9;
    %jmp/0 T_5.16, 9;
    %load/vec4 v00000205d906cf80_0;
    %pad/u 32;
    %pushi/vec4 63, 0, 32;
    %cmp/e;
    %flag_get/vec4 4;
    %and;
T_5.16;
    %flag_set/vec4 8;
    %jmp/0xz  T_5.14, 8;
    %pushi/vec4 0, 0, 1;
    %assign/vec4 v00000205d906d340_0, 0;
    %pushi/vec4 0, 0, 6;
    %assign/vec4 v00000205d906cf80_0, 0;
    %pushi/vec4 1, 0, 1;
    %assign/vec4 v00000205d906e2e0_0, 0;
T_5.14 ;
    %load/vec4 v00000205d906e2e0_0;
    %flag_set/vec4 8;
    %jmp/0xz  T_5.17, 8;
    %load/vec4 v00000205d906cee0_0;
    %parti/s 32, 224, 9;
    %ix/load 4, 0, 0;
    %flag_set/imm 4, 0;
    %load/vec4a v00000205d906d660, 4;
    %add;
    %load/vec4 v00000205d906cee0_0;
    %parti/s 32, 192, 9;
    %ix/load 4, 0, 0;
    %flag_set/imm 4, 0;
    %load/vec4a v00000205d906e380, 4;
    %add;
    %concat/vec4; draw_concat_vec4
    %load/vec4 v00000205d906cee0_0;
    %parti/s 32, 160, 9;
    %ix/load 4, 0, 0;
    %flag_set/imm 4, 0;
    %load/vec4a v00000205d906d2a0, 4;
    %add;
    %concat/vec4; draw_concat_vec4
    %load/vec4 v00000205d906cee0_0;
    %parti/s 32, 128, 9;
    %ix/load 4, 0, 0;
    %flag_set/imm 4, 0;
    %load/vec4a v00000205d906cd00, 4;
    %add;
    %concat/vec4; draw_concat_vec4
    %load/vec4 v00000205d906cee0_0;
    %parti/s 32, 96, 8;
    %ix/load 4, 0, 0;
    %flag_set/imm 4, 0;
    %load/vec4a v00000205d906df20, 4;
    %add;
    %concat/vec4; draw_concat_vec4
    %load/vec4 v00000205d906cee0_0;
    %parti/s 32, 64, 8;
    %ix/load 4, 0, 0;
    %flag_set/imm 4, 0;
    %load/vec4a v00000205d906d840, 4;
    %add;
    %concat/vec4; draw_concat_vec4
    %load/vec4 v00000205d906cee0_0;
    %parti/s 32, 32, 7;
    %ix/load 4, 0, 0;
    %flag_set/imm 4, 0;
    %load/vec4a v00000205d906dd40, 4;
    %add;
    %concat/vec4; draw_concat_vec4
    %load/vec4 v00000205d906cee0_0;
    %parti/s 32, 0, 2;
    %ix/load 4, 0, 0;
    %flag_set/imm 4, 0;
    %load/vec4a v00000205d906d200, 4;
    %add;
    %concat/vec4; draw_concat_vec4
    %assign/vec4 v00000205d906ca80_0, 0;
    %pushi/vec4 1, 0, 1;
    %assign/vec4 v00000205d906dfc0_0, 0;
    %pushi/vec4 0, 0, 1;
    %assign/vec4 v00000205d906e2e0_0, 0;
T_5.17 ;
T_5.1 ;
    %jmp T_5;
    .thread T_5;
    .scope S_00000205d9024df0;
T_6 ;
    %pushi/vec4 0, 0, 1;
    %store/vec4 v00000205d906d480_0, 0, 1;
T_6.0 ;
    %delay 5000, 0;
    %load/vec4 v00000205d906d480_0;
    %inv;
    %store/vec4 v00000205d906d480_0, 0, 1;
    %jmp T_6.0;
    %end;
    .thread T_6;
    .scope S_00000205d9024df0;
T_7 ;
    %pushi/vec4 3558067407, 0, 33;
    %concati/vec4 3986602516, 0, 33;
    %concati/vec4 4055616970, 0, 32;
    %concati/vec4 2503988457, 0, 32;
    %concati/vec4 2289210364, 0, 33;
    %concati/vec4 3626714208, 0, 32;
    %concati/vec4 4229877082, 0, 32;
    %concati/vec4 467717401, 0, 29;
    %store/vec4 v00000205d906d7a0_0, 0, 256;
    %pushi/vec4 1633837952, 0, 32;
    %ix/load 4, 0, 0;
    %flag_set/imm 4, 0;
    %store/vec4a v00000205d906dde0, 4, 0;
    %pushi/vec4 0, 0, 32;
    %ix/load 4, 1, 0;
    %flag_set/imm 4, 0;
    %store/vec4a v00000205d906dde0, 4, 0;
    %pushi/vec4 0, 0, 32;
    %ix/load 4, 2, 0;
    %flag_set/imm 4, 0;
    %store/vec4a v00000205d906dde0, 4, 0;
    %pushi/vec4 0, 0, 32;
    %ix/load 4, 3, 0;
    %flag_set/imm 4, 0;
    %store/vec4a v00000205d906dde0, 4, 0;
    %pushi/vec4 0, 0, 32;
    %ix/load 4, 4, 0;
    %flag_set/imm 4, 0;
    %store/vec4a v00000205d906dde0, 4, 0;
    %pushi/vec4 0, 0, 32;
    %ix/load 4, 5, 0;
    %flag_set/imm 4, 0;
    %store/vec4a v00000205d906dde0, 4, 0;
    %pushi/vec4 0, 0, 32;
    %ix/load 4, 6, 0;
    %flag_set/imm 4, 0;
    %store/vec4a v00000205d906dde0, 4, 0;
    %pushi/vec4 0, 0, 32;
    %ix/load 4, 7, 0;
    %flag_set/imm 4, 0;
    %store/vec4a v00000205d906dde0, 4, 0;
    %pushi/vec4 0, 0, 32;
    %ix/load 4, 8, 0;
    %flag_set/imm 4, 0;
    %store/vec4a v00000205d906dde0, 4, 0;
    %pushi/vec4 0, 0, 32;
    %ix/load 4, 9, 0;
    %flag_set/imm 4, 0;
    %store/vec4a v00000205d906dde0, 4, 0;
    %pushi/vec4 0, 0, 32;
    %ix/load 4, 10, 0;
    %flag_set/imm 4, 0;
    %store/vec4a v00000205d906dde0, 4, 0;
    %pushi/vec4 0, 0, 32;
    %ix/load 4, 11, 0;
    %flag_set/imm 4, 0;
    %store/vec4a v00000205d906dde0, 4, 0;
    %pushi/vec4 0, 0, 32;
    %ix/load 4, 12, 0;
    %flag_set/imm 4, 0;
    %store/vec4a v00000205d906dde0, 4, 0;
    %pushi/vec4 0, 0, 32;
    %ix/load 4, 13, 0;
    %flag_set/imm 4, 0;
    %store/vec4a v00000205d906dde0, 4, 0;
    %pushi/vec4 0, 0, 32;
    %ix/load 4, 14, 0;
    %flag_set/imm 4, 0;
    %store/vec4a v00000205d906dde0, 4, 0;
    %pushi/vec4 24, 0, 32;
    %ix/load 4, 15, 0;
    %flag_set/imm 4, 0;
    %store/vec4a v00000205d906dde0, 4, 0;
    %pushi/vec4 1633837952, 0, 32;
    %ix/load 4, 16, 0;
    %flag_set/imm 4, 0;
    %store/vec4a v00000205d906dde0, 4, 0;
    %pushi/vec4 983040, 0, 32;
    %ix/load 4, 17, 0;
    %flag_set/imm 4, 0;
    %store/vec4a v00000205d906dde0, 4, 0;
    %pushi/vec4 2108187653, 0, 32;
    %ix/load 4, 18, 0;
    %flag_set/imm 4, 0;
    %store/vec4a v00000205d906dde0, 4, 0;
    %pushi/vec4 0, 0, 32;
    %ix/load 4, 19, 0;
    %flag_set/imm 4, 0;
    %store/vec4a v00000205d906dde0, 4, 0;
    %pushi/vec4 0, 0, 32;
    %ix/load 4, 20, 0;
    %flag_set/imm 4, 0;
    %store/vec4a v00000205d906dde0, 4, 0;
    %pushi/vec4 0, 0, 32;
    %ix/load 4, 21, 0;
    %flag_set/imm 4, 0;
    %store/vec4a v00000205d906dde0, 4, 0;
    %pushi/vec4 0, 0, 32;
    %ix/load 4, 22, 0;
    %flag_set/imm 4, 0;
    %store/vec4a v00000205d906dde0, 4, 0;
    %pushi/vec4 0, 0, 32;
    %ix/load 4, 23, 0;
    %flag_set/imm 4, 0;
    %store/vec4a v00000205d906dde0, 4, 0;
    %pushi/vec4 0, 0, 32;
    %ix/load 4, 24, 0;
    %flag_set/imm 4, 0;
    %store/vec4a v00000205d906dde0, 4, 0;
    %pushi/vec4 0, 0, 32;
    %ix/load 4, 25, 0;
    %flag_set/imm 4, 0;
    %store/vec4a v00000205d906dde0, 4, 0;
    %pushi/vec4 0, 0, 32;
    %ix/load 4, 26, 0;
    %flag_set/imm 4, 0;
    %store/vec4a v00000205d906dde0, 4, 0;
    %pushi/vec4 0, 0, 32;
    %ix/load 4, 27, 0;
    %flag_set/imm 4, 0;
    %store/vec4a v00000205d906dde0, 4, 0;
    %pushi/vec4 0, 0, 32;
    %ix/load 4, 28, 0;
    %flag_set/imm 4, 0;
    %store/vec4a v00000205d906dde0, 4, 0;
    %pushi/vec4 0, 0, 32;
    %ix/load 4, 29, 0;
    %flag_set/imm 4, 0;
    %store/vec4a v00000205d906dde0, 4, 0;
    %pushi/vec4 0, 0, 32;
    %ix/load 4, 30, 0;
    %flag_set/imm 4, 0;
    %store/vec4a v00000205d906dde0, 4, 0;
    %pushi/vec4 0, 0, 32;
    %ix/load 4, 31, 0;
    %flag_set/imm 4, 0;
    %store/vec4a v00000205d906dde0, 4, 0;
    %pushi/vec4 0, 0, 32;
    %ix/load 4, 32, 0;
    %flag_set/imm 4, 0;
    %store/vec4a v00000205d906dde0, 4, 0;
    %pushi/vec4 0, 0, 32;
    %ix/load 4, 33, 0;
    %flag_set/imm 4, 0;
    %store/vec4a v00000205d906dde0, 4, 0;
    %pushi/vec4 0, 0, 32;
    %ix/load 4, 34, 0;
    %flag_set/imm 4, 0;
    %store/vec4a v00000205d906dde0, 4, 0;
    %pushi/vec4 0, 0, 32;
    %ix/load 4, 35, 0;
    %flag_set/imm 4, 0;
    %store/vec4a v00000205d906dde0, 4, 0;
    %pushi/vec4 0, 0, 32;
    %ix/load 4, 36, 0;
    %flag_set/imm 4, 0;
    %store/vec4a v00000205d906dde0, 4, 0;
    %pushi/vec4 0, 0, 32;
    %ix/load 4, 37, 0;
    %flag_set/imm 4, 0;
    %store/vec4a v00000205d906dde0, 4, 0;
    %pushi/vec4 0, 0, 32;
    %ix/load 4, 38, 0;
    %flag_set/imm 4, 0;
    %store/vec4a v00000205d906dde0, 4, 0;
    %pushi/vec4 0, 0, 32;
    %ix/load 4, 39, 0;
    %flag_set/imm 4, 0;
    %store/vec4a v00000205d906dde0, 4, 0;
    %pushi/vec4 0, 0, 32;
    %ix/load 4, 40, 0;
    %flag_set/imm 4, 0;
    %store/vec4a v00000205d906dde0, 4, 0;
    %pushi/vec4 0, 0, 32;
    %ix/load 4, 41, 0;
    %flag_set/imm 4, 0;
    %store/vec4a v00000205d906dde0, 4, 0;
    %pushi/vec4 0, 0, 32;
    %ix/load 4, 42, 0;
    %flag_set/imm 4, 0;
    %store/vec4a v00000205d906dde0, 4, 0;
    %pushi/vec4 0, 0, 32;
    %ix/load 4, 43, 0;
    %flag_set/imm 4, 0;
    %store/vec4a v00000205d906dde0, 4, 0;
    %pushi/vec4 0, 0, 32;
    %ix/load 4, 44, 0;
    %flag_set/imm 4, 0;
    %store/vec4a v00000205d906dde0, 4, 0;
    %pushi/vec4 0, 0, 32;
    %ix/load 4, 45, 0;
    %flag_set/imm 4, 0;
    %store/vec4a v00000205d906dde0, 4, 0;
    %pushi/vec4 0, 0, 32;
    %ix/load 4, 46, 0;
    %flag_set/imm 4, 0;
    %store/vec4a v00000205d906dde0, 4, 0;
    %pushi/vec4 0, 0, 32;
    %ix/load 4, 47, 0;
    %flag_set/imm 4, 0;
    %store/vec4a v00000205d906dde0, 4, 0;
    %pushi/vec4 0, 0, 32;
    %ix/load 4, 48, 0;
    %flag_set/imm 4, 0;
    %store/vec4a v00000205d906dde0, 4, 0;
    %pushi/vec4 0, 0, 32;
    %ix/load 4, 49, 0;
    %flag_set/imm 4, 0;
    %store/vec4a v00000205d906dde0, 4, 0;
    %pushi/vec4 0, 0, 32;
    %ix/load 4, 50, 0;
    %flag_set/imm 4, 0;
    %store/vec4a v00000205d906dde0, 4, 0;
    %pushi/vec4 0, 0, 32;
    %ix/load 4, 51, 0;
    %flag_set/imm 4, 0;
    %store/vec4a v00000205d906dde0, 4, 0;
    %pushi/vec4 0, 0, 32;
    %ix/load 4, 52, 0;
    %flag_set/imm 4, 0;
    %store/vec4a v00000205d906dde0, 4, 0;
    %pushi/vec4 0, 0, 32;
    %ix/load 4, 53, 0;
    %flag_set/imm 4, 0;
    %store/vec4a v00000205d906dde0, 4, 0;
    %pushi/vec4 0, 0, 32;
    %ix/load 4, 54, 0;
    %flag_set/imm 4, 0;
    %store/vec4a v00000205d906dde0, 4, 0;
    %pushi/vec4 0, 0, 32;
    %ix/load 4, 55, 0;
    %flag_set/imm 4, 0;
    %store/vec4a v00000205d906dde0, 4, 0;
    %pushi/vec4 0, 0, 32;
    %ix/load 4, 56, 0;
    %flag_set/imm 4, 0;
    %store/vec4a v00000205d906dde0, 4, 0;
    %pushi/vec4 0, 0, 32;
    %ix/load 4, 57, 0;
    %flag_set/imm 4, 0;
    %store/vec4a v00000205d906dde0, 4, 0;
    %pushi/vec4 0, 0, 32;
    %ix/load 4, 58, 0;
    %flag_set/imm 4, 0;
    %store/vec4a v00000205d906dde0, 4, 0;
    %pushi/vec4 0, 0, 32;
    %ix/load 4, 59, 0;
    %flag_set/imm 4, 0;
    %store/vec4a v00000205d906dde0, 4, 0;
    %pushi/vec4 0, 0, 32;
    %ix/load 4, 60, 0;
    %flag_set/imm 4, 0;
    %store/vec4a v00000205d906dde0, 4, 0;
    %pushi/vec4 0, 0, 32;
    %ix/load 4, 61, 0;
    %flag_set/imm 4, 0;
    %store/vec4a v00000205d906dde0, 4, 0;
    %pushi/vec4 0, 0, 32;
    %ix/load 4, 62, 0;
    %flag_set/imm 4, 0;
    %store/vec4a v00000205d906dde0, 4, 0;
    %pushi/vec4 313650667, 0, 32;
    %ix/load 4, 63, 0;
    %flag_set/imm 4, 0;
    %store/vec4a v00000205d906dde0, 4, 0;
    %vpi_call 2 117 "$display", "\012[TEST CASE 1] Basic functionality test" {0 0 0};
    %delay 20000, 0;
    %pushi/vec4 0, 0, 1;
    %store/vec4 v00000205d906d980_0, 0, 1;
    %pushi/vec4 0, 0, 32;
    %store/vec4 v00000205d906d3e0_0, 0, 32;
    %pushi/vec4 0, 0, 1;
    %store/vec4 v00000205d906d5c0_0, 0, 1;
    %pushi/vec4 0, 0, 256;
    %store/vec4 v00000205d906e060_0, 0, 256;
    %delay 10000, 0;
    %pushi/vec4 1, 0, 1;
    %store/vec4 v00000205d906d980_0, 0, 1;
    %delay 10000, 0;
    %load/vec4 v00000205d906d7a0_0;
    %store/vec4 v00000205d906e060_0, 0, 256;
    %fork t_7, S_00000205d9015860;
    %jmp t_6;
    .scope S_00000205d9015860;
t_7 ;
    %pushi/vec4 0, 0, 32;
    %store/vec4 v00000205d902b030_0, 0, 32;
T_7.0 ;
    %load/vec4 v00000205d902b030_0;
    %cmpi/s 64, 0, 32;
    %jmp/0xz T_7.1, 5;
    %wait E_00000205d901f090;
    %ix/getv/s 4, v00000205d902b030_0;
    %load/vec4a v00000205d906dde0, 4;
    %store/vec4 v00000205d906d3e0_0, 0, 32;
    %pushi/vec4 1, 0, 1;
    %store/vec4 v00000205d906d5c0_0, 0, 1;
    %wait E_00000205d901f090;
    %pushi/vec4 0, 0, 1;
    %store/vec4 v00000205d906d5c0_0, 0, 1;
    %load/vec4 v00000205d902b030_0;
    %addi 1, 0, 32;
    %store/vec4 v00000205d902b030_0, 0, 32;
    %jmp T_7.0;
T_7.1 ;
    %end;
    .scope S_00000205d9024df0;
t_6 %join;
T_7.2 ;
    %load/vec4 v00000205d906d520_0;
    %cmpi/ne 1, 0, 1;
    %jmp/0xz T_7.3, 6;
    %wait E_00000205d901ed50;
    %jmp T_7.2;
T_7.3 ;
    %delay 100, 0;
    %vpi_call 2 146 "$display", "First block final hash: %h", v00000205d906e1a0_0 {0 0 0};
    %vpi_call 2 151 "$display", "\012[TEST CASE 2] Continuous block processing test" {0 0 0};
    %delay 20000, 0;
    %load/vec4 v00000205d906e1a0_0;
    %store/vec4 v00000205d906e060_0, 0, 256;
    %fork t_9, S_00000205d9025110;
    %jmp t_8;
    .scope S_00000205d9025110;
t_9 ;
    %pushi/vec4 0, 0, 32;
    %store/vec4 v00000205d902b170_0, 0, 32;
T_7.4 ;
    %load/vec4 v00000205d902b170_0;
    %cmpi/s 64, 0, 32;
    %jmp/0xz T_7.5, 5;
    %wait E_00000205d901f090;
    %ix/getv/s 4, v00000205d902b170_0;
    %load/vec4a v00000205d906dde0, 4;
    %addi 256, 0, 32;
    %store/vec4 v00000205d906d3e0_0, 0, 32;
    %pushi/vec4 1, 0, 1;
    %store/vec4 v00000205d906d5c0_0, 0, 1;
    %wait E_00000205d901f090;
    %pushi/vec4 0, 0, 1;
    %store/vec4 v00000205d906d5c0_0, 0, 1;
    %load/vec4 v00000205d902b170_0;
    %addi 1, 0, 32;
    %store/vec4 v00000205d902b170_0, 0, 32;
    %jmp T_7.4;
T_7.5 ;
    %end;
    .scope S_00000205d9024df0;
t_8 %join;
T_7.6 ;
    %load/vec4 v00000205d906d520_0;
    %cmpi/ne 1, 0, 1;
    %jmp/0xz T_7.7, 6;
    %wait E_00000205d901ed50;
    %jmp T_7.6;
T_7.7 ;
    %delay 100, 0;
    %vpi_call 2 169 "$display", "Second block final hash: %h", v00000205d906e1a0_0 {0 0 0};
    %vpi_call 2 174 "$display", "\012[TEST CASE 3] Reset test" {0 0 0};
    %load/vec4 v00000205d906d7a0_0;
    %store/vec4 v00000205d906e060_0, 0, 256;
    %fork t_11, S_00000205d8f82af0;
    %jmp t_10;
    .scope S_00000205d8f82af0;
t_11 ;
    %pushi/vec4 0, 0, 32;
    %store/vec4 v00000205d902ad10_0, 0, 32;
T_7.8 ;
    %load/vec4 v00000205d902ad10_0;
    %cmpi/s 16, 0, 32;
    %jmp/0xz T_7.9, 5;
    %wait E_00000205d901f090;
    %ix/getv/s 4, v00000205d902ad10_0;
    %load/vec4a v00000205d906dde0, 4;
    %store/vec4 v00000205d906d3e0_0, 0, 32;
    %pushi/vec4 1, 0, 1;
    %store/vec4 v00000205d906d5c0_0, 0, 1;
    %wait E_00000205d901f090;
    %pushi/vec4 0, 0, 1;
    %store/vec4 v00000205d906d5c0_0, 0, 1;
    %load/vec4 v00000205d902ad10_0;
    %addi 1, 0, 32;
    %store/vec4 v00000205d902ad10_0, 0, 32;
    %jmp T_7.8;
T_7.9 ;
    %end;
    .scope S_00000205d9024df0;
t_10 %join;
    %delay 50000, 0;
    %pushi/vec4 0, 0, 1;
    %store/vec4 v00000205d906d980_0, 0, 1;
    %delay 20000, 0;
    %pushi/vec4 1, 0, 1;
    %store/vec4 v00000205d906d980_0, 0, 1;
    %load/vec4 v00000205d906d520_0;
    %pad/u 32;
    %cmpi/e 0, 0, 32;
    %jmp/0xz  T_7.10, 6;
    %vpi_call 2 196 "$display", "[RESULT] PASS: Reset correctly deasserted hash_out_valid" {0 0 0};
    %jmp T_7.11;
T_7.10 ;
    %vpi_call 2 198 "$display", "[RESULT] FAIL: Reset did not deassert hash_out_valid" {0 0 0};
T_7.11 ;
    %delay 100000, 0;
    %vpi_call 2 205 "$display", "\012[SIMULATION FINISHED]" {0 0 0};
    %vpi_call 2 206 "$finish" {0 0 0};
    %end;
    .thread T_7;
    .scope S_00000205d9024df0;
T_8 ;
    %vpi_call 2 211 "$dumpfile", "compress.vcd" {0 0 0};
    %vpi_call 2 212 "$dumpvars", 32'sb00000000000000000000000000000000, S_00000205d9024df0 {0 0 0};
    %end;
    .thread T_8;
# The file index is used to find the file name in the following table.
:file_names 4;
    "N/A";
    "<interactive>";
    "compress_tb.v";
    "compress.v";
