#! /c/Source/iverilog-install/bin/vvp
:ivl_version "12.0 (devel)" "(s20150603-1539-g2693dd32b)";
:ivl_delay_selection "TYPICAL";
:vpi_time_precision - 12;
:vpi_module "D:\install\ICARUS~1\iverilog\lib\ivl\system.vpi";
:vpi_module "D:\install\ICARUS~1\iverilog\lib\ivl\vhdl_sys.vpi";
:vpi_module "D:\install\ICARUS~1\iverilog\lib\ivl\vhdl_textio.vpi";
:vpi_module "D:\install\ICARUS~1\iverilog\lib\ivl\v2005_math.vpi";
:vpi_module "D:\install\ICARUS~1\iverilog\lib\ivl\va_math.vpi";
S_00000206d0262420 .scope module, "expand_tb" "expand_tb" 2 3;
 .timescale -9 -12;
v00000206d02facf0 .array "W", 63 0, 31 0;
v00000206d02fb6f0_0 .net "Wt_out", 31 0, v00000206d029ff30_0;  1 drivers
v00000206d02fb330_0 .net "Wt_valid", 0 0, v00000206d029f990_0;  1 drivers
v00000206d02fa610_0 .var/i "block1_count", 31 0;
v00000206d02fab10_0 .var/i "block2_count", 31 0;
v00000206d02fa430_0 .var "block_in", 511 0;
v00000206d02fb3d0_0 .var "block_valid", 0 0;
v00000206d02fa930_0 .var "clk", 0 0;
v00000206d02fb650_0 .var "rst_n", 0 0;
v00000206d02fbc90_0 .var/i "t", 31 0;
S_00000206d02620a0 .scope begin, "$ivl_for_loop6" "$ivl_for_loop6" 2 63, 2 63 0, S_00000206d0262420;
 .timescale -9 -12;
v00000206d02a0610_0 .var/i "i", 31 0;
S_00000206d0232af0 .scope begin, "$ivl_for_loop7" "$ivl_for_loop7" 2 77, 2 77 0, S_00000206d0262420;
 .timescale -9 -12;
v00000206d02a0390_0 .var/i "t", 31 0;
E_00000206d0293ce0 .event posedge, v00000206d029f7b0_0;
E_00000206d0293be0 .event anyedge, v00000206d029f990_0;
S_00000206d0232c80 .scope module, "uut" "expand" 2 29, 3 14 0, S_00000206d0262420;
 .timescale 0 0;
    .port_info 0 /INPUT 1 "clk";
    .port_info 1 /INPUT 1 "rst_n";
    .port_info 2 /INPUT 512 "block_in";
    .port_info 3 /INPUT 1 "block_valid";
    .port_info 4 /OUTPUT 32 "Wt_out";
    .port_info 5 /OUTPUT 1 "Wt_valid";
P_00000206d0293a20 .param/l "FIFO_DEPTH" 0 3 32, +C4<00000000000000000000000000010000>;
v00000206d02a0070 .array "W", 63 0, 31 0;
v00000206d029ff30_0 .var "Wt_out", 31 0;
v00000206d029f990_0 .var "Wt_valid", 0 0;
v00000206d02a02f0_0 .net "block_in", 511 0, v00000206d02fa430_0;  1 drivers
v00000206d02a04d0_0 .net "block_valid", 0 0, v00000206d02fb3d0_0;  1 drivers
v00000206d029f7b0_0 .net "clk", 0 0, v00000206d02fa930_0;  1 drivers
v00000206d029f850_0 .var "expand_active", 0 0;
v00000206d029fb70_0 .var "expand_counter", 6 0;
v00000206d029fc10 .array "fifo", 15 0, 511 0;
v00000206d029fcb0_0 .var "fifo_count", 4 0;
v00000206d029ffd0_0 .var "fifo_rd_ptr", 4 0;
v00000206d029fd50_0 .var "fifo_wr_ptr", 4 0;
v00000206d02a0110 .array "pipeline_reg", 15 0, 31 0;
v00000206d02fbbf0_0 .net "rst_n", 0 0, v00000206d02fb650_0;  1 drivers
E_00000206d0293660/0 .event negedge, v00000206d02fbbf0_0;
E_00000206d0293660/1 .event posedge, v00000206d029f7b0_0;
E_00000206d0293660 .event/or E_00000206d0293660/0, E_00000206d0293660/1;
S_00000206d02f7020 .scope begin, "$ivl_for_loop0" "$ivl_for_loop0" 3 57, 3 57 0, S_00000206d0232c80;
 .timescale 0 0;
v00000206d02a0570_0 .var/i "i", 31 0;
S_00000206d02f71b0 .scope begin, "$ivl_for_loop1" "$ivl_for_loop1" 3 58, 3 58 0, S_00000206d0232c80;
 .timescale 0 0;
v00000206d029f8f0_0 .var/i "i", 31 0;
S_00000206d02f7340 .scope begin, "$ivl_for_loop2" "$ivl_for_loop2" 3 65, 3 65 0, S_00000206d0232c80;
 .timescale 0 0;
v00000206d02a0430_0 .var/i "i", 31 0;
S_00000206d02f74d0 .scope begin, "$ivl_for_loop3" "$ivl_for_loop3" 3 95, 3 95 0, S_00000206d0232c80;
 .timescale 0 0;
v00000206d029fa30_0 .var/i "i", 31 0;
S_00000206d02f7a70 .scope begin, "$ivl_for_loop4" "$ivl_for_loop4" 3 121, 3 121 0, S_00000206d0232c80;
 .timescale 0 0;
v00000206d02a06b0_0 .var/i "t", 31 0;
S_00000206d02f7c00 .scope begin, "$ivl_for_loop5" "$ivl_for_loop5" 3 133, 3 133 0, S_00000206d0232c80;
 .timescale 0 0;
v00000206d029fdf0_0 .var/i "t", 31 0;
S_00000206d02f9da0 .scope function.vec4.s32, "sigma0" "sigma0" 3 41, 3 41 0, S_00000206d0232c80;
 .timescale 0 0;
; Variable sigma0 is vec4 return value of scope S_00000206d02f9da0
v00000206d029fad0_0 .var "x", 31 0;
TD_expand_tb.uut.sigma0 ;
    %load/vec4 v00000206d029fad0_0;
    %parti/s 7, 0, 2;
    %load/vec4 v00000206d029fad0_0;
    %parti/s 25, 7, 4;
    %concat/vec4; draw_concat_vec4
    %load/vec4 v00000206d029fad0_0;
    %parti/s 18, 0, 2;
    %load/vec4 v00000206d029fad0_0;
    %parti/s 14, 18, 6;
    %concat/vec4; draw_concat_vec4
    %xor;
    %load/vec4 v00000206d029fad0_0;
    %ix/load 4, 3, 0;
    %flag_set/imm 4, 0;
    %shiftr 4;
    %xor;
    %ret/vec4 0, 0, 32;  Assign to sigma0 (store_vec4_to_lval)
    %end;
S_00000206d02f9f30 .scope function.vec4.s32, "sigma1" "sigma1" 3 46, 3 46 0, S_00000206d0232c80;
 .timescale 0 0;
; Variable sigma1 is vec4 return value of scope S_00000206d02f9f30
v00000206d02a01b0_0 .var "x", 31 0;
TD_expand_tb.uut.sigma1 ;
    %load/vec4 v00000206d02a01b0_0;
    %parti/s 17, 0, 2;
    %load/vec4 v00000206d02a01b0_0;
    %parti/s 15, 17, 6;
    %concat/vec4; draw_concat_vec4
    %load/vec4 v00000206d02a01b0_0;
    %parti/s 19, 0, 2;
    %load/vec4 v00000206d02a01b0_0;
    %parti/s 13, 19, 6;
    %concat/vec4; draw_concat_vec4
    %xor;
    %load/vec4 v00000206d02a01b0_0;
    %ix/load 4, 10, 0;
    %flag_set/imm 4, 0;
    %shiftr 4;
    %xor;
    %ret/vec4 0, 0, 32;  Assign to sigma1 (store_vec4_to_lval)
    %end;
    .scope S_00000206d0232c80;
T_2 ;
    %wait E_00000206d0293660;
    %load/vec4 v00000206d02fbbf0_0;
    %nor/r;
    %flag_set/vec4 8;
    %jmp/0xz  T_2.0, 8;
    %fork t_1, S_00000206d02f7020;
    %jmp t_0;
    .scope S_00000206d02f7020;
t_1 ;
    %pushi/vec4 0, 0, 32;
    %store/vec4 v00000206d02a0570_0, 0, 32;
T_2.2 ;
    %load/vec4 v00000206d02a0570_0;
    %cmpi/s 64, 0, 32;
    %jmp/0xz T_2.3, 5;
    %pushi/vec4 0, 0, 32;
    %ix/getv/s 3, v00000206d02a0570_0;
    %ix/load 4, 0, 0; Constant delay
    %assign/vec4/a/d v00000206d02a0070, 0, 4;
    ; show_stmt_assign_vector: Get l-value for compressed += operand
    %load/vec4 v00000206d02a0570_0;
    %pushi/vec4 1, 0, 32;
    %add;
    %store/vec4 v00000206d02a0570_0, 0, 32;
    %jmp T_2.2;
T_2.3 ;
    %end;
    .scope S_00000206d0232c80;
t_0 %join;
    %fork t_3, S_00000206d02f71b0;
    %jmp t_2;
    .scope S_00000206d02f71b0;
t_3 ;
    %pushi/vec4 0, 0, 32;
    %store/vec4 v00000206d029f8f0_0, 0, 32;
T_2.4 ;
    %load/vec4 v00000206d029f8f0_0;
    %cmpi/s 16, 0, 32;
    %jmp/0xz T_2.5, 5;
    %pushi/vec4 0, 0, 32;
    %ix/getv/s 3, v00000206d029f8f0_0;
    %ix/load 4, 0, 0; Constant delay
    %assign/vec4/a/d v00000206d02a0110, 0, 4;
    ; show_stmt_assign_vector: Get l-value for compressed += operand
    %load/vec4 v00000206d029f8f0_0;
    %pushi/vec4 1, 0, 32;
    %add;
    %store/vec4 v00000206d029f8f0_0, 0, 32;
    %jmp T_2.4;
T_2.5 ;
    %end;
    .scope S_00000206d0232c80;
t_2 %join;
    %pushi/vec4 0, 0, 7;
    %assign/vec4 v00000206d029fb70_0, 0;
    %pushi/vec4 0, 0, 1;
    %assign/vec4 v00000206d029f850_0, 0;
    %pushi/vec4 0, 0, 32;
    %assign/vec4 v00000206d029ff30_0, 0;
    %pushi/vec4 0, 0, 1;
    %assign/vec4 v00000206d029f990_0, 0;
    %fork t_5, S_00000206d02f7340;
    %jmp t_4;
    .scope S_00000206d02f7340;
t_5 ;
    %pushi/vec4 0, 0, 32;
    %store/vec4 v00000206d02a0430_0, 0, 32;
T_2.6 ;
    %load/vec4 v00000206d02a0430_0;
    %cmpi/s 16, 0, 32;
    %jmp/0xz T_2.7, 5;
    %pushi/vec4 0, 0, 512;
    %ix/getv/s 3, v00000206d02a0430_0;
    %ix/load 4, 0, 0; Constant delay
    %assign/vec4/a/d v00000206d029fc10, 0, 4;
    ; show_stmt_assign_vector: Get l-value for compressed += operand
    %load/vec4 v00000206d02a0430_0;
    %pushi/vec4 1, 0, 32;
    %add;
    %store/vec4 v00000206d02a0430_0, 0, 32;
    %jmp T_2.6;
T_2.7 ;
    %end;
    .scope S_00000206d0232c80;
t_4 %join;
    %pushi/vec4 0, 0, 5;
    %assign/vec4 v00000206d029fd50_0, 0;
    %pushi/vec4 0, 0, 5;
    %assign/vec4 v00000206d029ffd0_0, 0;
    %pushi/vec4 0, 0, 5;
    %assign/vec4 v00000206d029fcb0_0, 0;
    %jmp T_2.1;
T_2.0 ;
    %pushi/vec4 0, 0, 1;
    %assign/vec4 v00000206d029f990_0, 0;
    %load/vec4 v00000206d02a04d0_0;
    %flag_set/vec4 9;
    %flag_get/vec4 9;
    %jmp/0 T_2.10, 9;
    %load/vec4 v00000206d029fcb0_0;
    %pad/u 32;
    %cmpi/u 16, 0, 32;
    %flag_get/vec4 5;
    %and;
T_2.10;
    %flag_set/vec4 8;
    %jmp/0xz  T_2.8, 8;
    %load/vec4 v00000206d02a02f0_0;
    %load/vec4 v00000206d029fd50_0;
    %pad/u 6;
    %ix/vec4 3;
    %ix/load 4, 0, 0; Constant delay
    %assign/vec4/a/d v00000206d029fc10, 0, 4;
    %load/vec4 v00000206d029fd50_0;
    %addi 1, 0, 5;
    %assign/vec4 v00000206d029fd50_0, 0;
    %load/vec4 v00000206d029fcb0_0;
    %addi 1, 0, 5;
    %assign/vec4 v00000206d029fcb0_0, 0;
T_2.8 ;
    %load/vec4 v00000206d029f850_0;
    %flag_set/vec4 8;
    %jmp/0xz  T_2.11, 8;
    %load/vec4 v00000206d029fb70_0;
    %pad/u 32;
    %cmpi/u 96, 0, 32;
    %jmp/0xz  T_2.13, 5;
    %load/vec4 v00000206d029fb70_0;
    %pad/u 32;
    %cmpi/u 64, 0, 32;
    %jmp/0xz  T_2.15, 5;
    %load/vec4 v00000206d029fb70_0;
    %pad/u 32;
    %subi 2, 0, 32;
    %ix/vec4 4;
    %load/vec4a v00000206d02a0070, 4;
    %store/vec4 v00000206d02a01b0_0, 0, 32;
    %callf/vec4 TD_expand_tb.uut.sigma1, S_00000206d02f9f30;
    %load/vec4 v00000206d029fb70_0;
    %pad/u 32;
    %subi 7, 0, 32;
    %ix/vec4 4;
    %load/vec4a v00000206d02a0070, 4;
    %add;
    %load/vec4 v00000206d029fb70_0;
    %pad/u 32;
    %subi 15, 0, 32;
    %ix/vec4 4;
    %load/vec4a v00000206d02a0070, 4;
    %store/vec4 v00000206d029fad0_0, 0, 32;
    %callf/vec4 TD_expand_tb.uut.sigma0, S_00000206d02f9da0;
    %add;
    %load/vec4 v00000206d029fb70_0;
    %pad/u 32;
    %subi 16, 0, 32;
    %ix/vec4 4;
    %load/vec4a v00000206d02a0070, 4;
    %add;
    %load/vec4 v00000206d029fb70_0;
    %pad/u 8;
    %ix/vec4 3;
    %ix/load 4, 0, 0; Constant delay
    %assign/vec4/a/d v00000206d02a0070, 0, 4;
T_2.15 ;
    %fork t_7, S_00000206d02f74d0;
    %jmp t_6;
    .scope S_00000206d02f74d0;
t_7 ;
    %pushi/vec4 0, 0, 32;
    %store/vec4 v00000206d029fa30_0, 0, 32;
T_2.17 ;
    %load/vec4 v00000206d029fa30_0;
    %cmpi/s 15, 0, 32;
    %jmp/0xz T_2.18, 5;
    %load/vec4 v00000206d029fa30_0;
    %addi 1, 0, 32;
    %ix/vec4/s 4;
    %load/vec4a v00000206d02a0110, 4;
    %ix/getv/s 3, v00000206d029fa30_0;
    %ix/load 4, 0, 0; Constant delay
    %assign/vec4/a/d v00000206d02a0110, 0, 4;
    ; show_stmt_assign_vector: Get l-value for compressed += operand
    %load/vec4 v00000206d029fa30_0;
    %pushi/vec4 1, 0, 32;
    %add;
    %store/vec4 v00000206d029fa30_0, 0, 32;
    %jmp T_2.17;
T_2.18 ;
    %end;
    .scope S_00000206d0232c80;
t_6 %join;
    %load/vec4 v00000206d029fb70_0;
    %pad/u 32;
    %cmpi/u 80, 0, 32;
    %jmp/0xz  T_2.19, 5;
    %load/vec4 v00000206d029fb70_0;
    %pad/u 32;
    %subi 16, 0, 32;
    %ix/vec4 4;
    %load/vec4a v00000206d02a0070, 4;
    %ix/load 3, 15, 0;
    %flag_set/imm 4, 0;
    %ix/load 4, 0, 0; Constant delay
    %assign/vec4/a/d v00000206d02a0110, 0, 4;
    %jmp T_2.20;
T_2.19 ;
    %pushi/vec4 0, 0, 32;
    %ix/load 3, 15, 0;
    %flag_set/imm 4, 0;
    %ix/load 4, 0, 0; Constant delay
    %assign/vec4/a/d v00000206d02a0110, 0, 4;
T_2.20 ;
    %load/vec4 v00000206d029fb70_0;
    %pad/u 32;
    %cmpi/u 32, 0, 32;
    %flag_inv 5; GE is !LT
    %jmp/0xz  T_2.21, 5;
    %ix/load 4, 0, 0;
    %flag_set/imm 4, 0;
    %load/vec4a v00000206d02a0110, 4;
    %assign/vec4 v00000206d029ff30_0, 0;
    %pushi/vec4 1, 0, 1;
    %assign/vec4 v00000206d029f990_0, 0;
T_2.21 ;
    %load/vec4 v00000206d029fb70_0;
    %addi 1, 0, 7;
    %assign/vec4 v00000206d029fb70_0, 0;
    %jmp T_2.14;
T_2.13 ;
    %pushi/vec4 0, 0, 1;
    %assign/vec4 v00000206d029f850_0, 0;
    %pushi/vec4 0, 0, 1;
    %assign/vec4 v00000206d029f990_0, 0;
    %load/vec4 v00000206d029fcb0_0;
    %pad/u 32;
    %cmpi/u 0, 0, 32;
    %flag_or 5, 4; GT is !LE
    %flag_inv 5;
    %jmp/0xz  T_2.23, 5;
    %fork t_9, S_00000206d02f7a70;
    %jmp t_8;
    .scope S_00000206d02f7a70;
t_9 ;
    %pushi/vec4 0, 0, 32;
    %store/vec4 v00000206d02a06b0_0, 0, 32;
T_2.25 ;
    %load/vec4 v00000206d02a06b0_0;
    %cmpi/s 16, 0, 32;
    %jmp/0xz T_2.26, 5;
    %load/vec4 v00000206d029ffd0_0;
    %pad/u 6;
    %ix/vec4 4;
    %load/vec4a v00000206d029fc10, 4;
    %pushi/vec4 511, 0, 32;
    %load/vec4 v00000206d02a06b0_0;
    %muli 32, 0, 32;
    %sub;
    %pad/s 34;
    %subi 31, 0, 34;
    %part/s 32;
    %ix/getv/s 3, v00000206d02a06b0_0;
    %ix/load 4, 0, 0; Constant delay
    %assign/vec4/a/d v00000206d02a0070, 0, 4;
    %pushi/vec4 4294967295, 0, 32;
    %ix/getv/s 3, v00000206d02a06b0_0;
    %ix/load 4, 0, 0; Constant delay
    %assign/vec4/a/d v00000206d02a0110, 0, 4;
    ; show_stmt_assign_vector: Get l-value for compressed += operand
    %load/vec4 v00000206d02a06b0_0;
    %pushi/vec4 1, 0, 32;
    %add;
    %store/vec4 v00000206d02a06b0_0, 0, 32;
    %jmp T_2.25;
T_2.26 ;
    %end;
    .scope S_00000206d0232c80;
t_8 %join;
    %pushi/vec4 16, 0, 7;
    %assign/vec4 v00000206d029fb70_0, 0;
    %pushi/vec4 1, 0, 1;
    %assign/vec4 v00000206d029f850_0, 0;
    %load/vec4 v00000206d029ffd0_0;
    %addi 1, 0, 5;
    %assign/vec4 v00000206d029ffd0_0, 0;
    %load/vec4 v00000206d029fcb0_0;
    %subi 1, 0, 5;
    %assign/vec4 v00000206d029fcb0_0, 0;
T_2.23 ;
T_2.14 ;
    %jmp T_2.12;
T_2.11 ;
    %load/vec4 v00000206d029fcb0_0;
    %pad/u 32;
    %cmpi/u 0, 0, 32;
    %flag_or 5, 4; GT is !LE
    %flag_inv 5;
    %jmp/0xz  T_2.27, 5;
    %fork t_11, S_00000206d02f7c00;
    %jmp t_10;
    .scope S_00000206d02f7c00;
t_11 ;
    %pushi/vec4 0, 0, 32;
    %store/vec4 v00000206d029fdf0_0, 0, 32;
T_2.29 ;
    %load/vec4 v00000206d029fdf0_0;
    %cmpi/s 16, 0, 32;
    %jmp/0xz T_2.30, 5;
    %load/vec4 v00000206d029ffd0_0;
    %pad/u 6;
    %ix/vec4 4;
    %load/vec4a v00000206d029fc10, 4;
    %pushi/vec4 511, 0, 32;
    %load/vec4 v00000206d029fdf0_0;
    %muli 32, 0, 32;
    %sub;
    %pad/s 34;
    %subi 31, 0, 34;
    %part/s 32;
    %ix/getv/s 3, v00000206d029fdf0_0;
    %ix/load 4, 0, 0; Constant delay
    %assign/vec4/a/d v00000206d02a0070, 0, 4;
    %pushi/vec4 4294967295, 0, 32;
    %ix/getv/s 3, v00000206d029fdf0_0;
    %ix/load 4, 0, 0; Constant delay
    %assign/vec4/a/d v00000206d02a0110, 0, 4;
    ; show_stmt_assign_vector: Get l-value for compressed += operand
    %load/vec4 v00000206d029fdf0_0;
    %pushi/vec4 1, 0, 32;
    %add;
    %store/vec4 v00000206d029fdf0_0, 0, 32;
    %jmp T_2.29;
T_2.30 ;
    %end;
    .scope S_00000206d0232c80;
t_10 %join;
    %pushi/vec4 16, 0, 7;
    %assign/vec4 v00000206d029fb70_0, 0;
    %pushi/vec4 1, 0, 1;
    %assign/vec4 v00000206d029f850_0, 0;
    %load/vec4 v00000206d029ffd0_0;
    %addi 1, 0, 5;
    %assign/vec4 v00000206d029ffd0_0, 0;
    %load/vec4 v00000206d029fcb0_0;
    %subi 1, 0, 5;
    %assign/vec4 v00000206d029fcb0_0, 0;
T_2.27 ;
T_2.12 ;
T_2.1 ;
    %jmp T_2;
    .thread T_2;
    .scope S_00000206d0262420;
T_3 ;
    %pushi/vec4 0, 0, 1;
    %store/vec4 v00000206d02fa930_0, 0, 1;
T_3.0 ;
    %delay 5000, 0;
    %load/vec4 v00000206d02fa930_0;
    %inv;
    %store/vec4 v00000206d02fa930_0, 0, 1;
    %jmp T_3.0;
    %end;
    .thread T_3;
    .scope S_00000206d0262420;
T_4 ;
    %vpi_call 2 49 "$display", "\012[TEST CASE 1] Basic functionality test - first 16 words" {0 0 0};
    %delay 20000, 0;
    %pushi/vec4 0, 0, 1;
    %store/vec4 v00000206d02fb650_0, 0, 1;
    %pushi/vec4 0, 0, 512;
    %store/vec4 v00000206d02fa430_0, 0, 512;
    %pushi/vec4 0, 0, 1;
    %store/vec4 v00000206d02fb3d0_0, 0, 1;
    %delay 10000, 0;
    %pushi/vec4 1, 0, 1;
    %store/vec4 v00000206d02fb650_0, 0, 1;
    %delay 10000, 0;
    %fork t_13, S_00000206d02620a0;
    %jmp t_12;
    .scope S_00000206d02620a0;
t_13 ;
    %pushi/vec4 0, 0, 32;
    %store/vec4 v00000206d02a0610_0, 0, 32;
T_4.0 ;
    %load/vec4 v00000206d02a0610_0;
    %cmpi/s 16, 0, 32;
    %jmp/0xz T_4.1, 5;
    %load/vec4 v00000206d02a0610_0;
    %pushi/vec4 511, 0, 32;
    %load/vec4 v00000206d02a0610_0;
    %muli 32, 0, 32;
    %sub;
    %pad/s 34;
    %subi 31, 0, 34;
    %ix/vec4/s 4;
    %store/vec4 v00000206d02fa430_0, 4, 32;
    %load/vec4 v00000206d02a0610_0;
    %addi 1, 0, 32;
    %store/vec4 v00000206d02a0610_0, 0, 32;
    %jmp T_4.0;
T_4.1 ;
    %end;
    .scope S_00000206d0262420;
t_12 %join;
    %wait E_00000206d0293ce0;
    %pushi/vec4 1, 0, 1;
    %store/vec4 v00000206d02fb3d0_0, 0, 1;
    %wait E_00000206d0293ce0;
    %pushi/vec4 0, 0, 1;
    %store/vec4 v00000206d02fb3d0_0, 0, 1;
    %pushi/vec4 16, 0, 32;
T_4.2 %dup/vec4;
    %pushi/vec4 0, 0, 32;
    %cmp/s;
    %jmp/1xz T_4.3, 5;
    %jmp/1 T_4.3, 4;
    %pushi/vec4 1, 0, 32;
    %sub;
    %wait E_00000206d0293ce0;
    %jmp T_4.2;
T_4.3 ;
    %pop/vec4 1;
    %fork t_15, S_00000206d0232af0;
    %jmp t_14;
    .scope S_00000206d0232af0;
t_15 ;
    %pushi/vec4 0, 0, 32;
    %store/vec4 v00000206d02a0390_0, 0, 32;
T_4.4 ;
    %load/vec4 v00000206d02a0390_0;
    %cmpi/s 16, 0, 32;
    %jmp/0xz T_4.5, 5;
T_4.6 ;
    %load/vec4 v00000206d02fb330_0;
    %cmpi/ne 1, 0, 1;
    %jmp/0xz T_4.7, 6;
    %wait E_00000206d0293be0;
    %jmp T_4.6;
T_4.7 ;
    %delay 100, 0;
    %vpi_call 2 80 "$display", "W[%0d] = %h", v00000206d02a0390_0, v00000206d02fb6f0_0 {0 0 0};
    %load/vec4 v00000206d02fb6f0_0;
    %load/vec4 v00000206d02a0390_0;
    %cmp/ne;
    %jmp/0xz  T_4.8, 6;
    %vpi_call 2 83 "$display", "[RESULT] FAIL: W[%0d] expected %h, got %h", v00000206d02a0390_0, v00000206d02a0390_0, v00000206d02fb6f0_0 {0 0 0};
    %jmp T_4.9;
T_4.8 ;
    %vpi_call 2 85 "$display", "[RESULT] PASS: W[%0d] correct", v00000206d02a0390_0 {0 0 0};
T_4.9 ;
    %wait E_00000206d0293ce0;
    %load/vec4 v00000206d02a0390_0;
    %addi 1, 0, 32;
    %store/vec4 v00000206d02a0390_0, 0, 32;
    %jmp T_4.4;
T_4.5 ;
    %end;
    .scope S_00000206d0262420;
t_14 %join;
    %vpi_call 2 94 "$display", "\012[TEST CASE 2] Expand test - verify words 16-63" {0 0 0};
T_4.10 ;
    %load/vec4 v00000206d02fb330_0;
    %flag_set/vec4 8;
    %jmp/0xz T_4.11, 8;
    %wait E_00000206d0293ce0;
    %jmp T_4.10;
T_4.11 ;
    %delay 10000, 0;
    %pushi/vec4 3267675904, 0, 33;
    %concati/vec4 24, 0, 479;
    %store/vec4 v00000206d02fa430_0, 0, 512;
    %wait E_00000206d0293ce0;
    %pushi/vec4 1, 0, 1;
    %store/vec4 v00000206d02fb3d0_0, 0, 1;
    %wait E_00000206d0293ce0;
    %pushi/vec4 0, 0, 1;
    %store/vec4 v00000206d02fb3d0_0, 0, 1;
    %pushi/vec4 0, 0, 32;
    %store/vec4 v00000206d02fbc90_0, 0, 32;
T_4.12 ;
    %load/vec4 v00000206d02fbc90_0;
    %cmpi/s 64, 0, 32;
    %jmp/0xz T_4.13, 5;
    %load/vec4 v00000206d02fb330_0;
    %flag_set/vec4 8;
    %jmp/0xz  T_4.14, 8;
    %load/vec4 v00000206d02fb6f0_0;
    %ix/getv/s 4, v00000206d02fbc90_0;
    %store/vec4a v00000206d02facf0, 4, 0;
    %vpi_call 2 113 "$display", "W[%0d] = %h", v00000206d02fbc90_0, v00000206d02fb6f0_0 {0 0 0};
    %load/vec4 v00000206d02fbc90_0;
    %addi 1, 0, 32;
    %store/vec4 v00000206d02fbc90_0, 0, 32;
T_4.14 ;
    %wait E_00000206d0293ce0;
    %jmp T_4.12;
T_4.13 ;
    %ix/load 4, 16, 0;
    %flag_set/imm 4, 0;
    %load/vec4a v00000206d02facf0, 4;
    %cmpi/e 1633837952, 0, 32;
    %jmp/0xz  T_4.16, 6;
    %vpi_call 2 124 "$display", "[RESULT] PASS: W[16] correct" {0 0 0};
    %jmp T_4.17;
T_4.16 ;
    %vpi_call 2 126 "$display", "[RESULT] FAIL: W[16] expected 61626380, got %h", &A<v00000206d02facf0, 16> {0 0 0};
T_4.17 ;
    %ix/load 4, 17, 0;
    %flag_set/imm 4, 0;
    %load/vec4a v00000206d02facf0, 4;
    %cmpi/e 983040, 0, 32;
    %jmp/0xz  T_4.18, 6;
    %vpi_call 2 131 "$display", "[RESULT] PASS: W[17] correct" {0 0 0};
    %jmp T_4.19;
T_4.18 ;
    %vpi_call 2 133 "$display", "[RESULT] FAIL: W[17] expected 000f0000, got %h", &A<v00000206d02facf0, 17> {0 0 0};
T_4.19 ;
    %ix/load 4, 18, 0;
    %flag_set/imm 4, 0;
    %load/vec4a v00000206d02facf0, 4;
    %cmpi/e 2108187653, 0, 32;
    %jmp/0xz  T_4.20, 6;
    %vpi_call 2 138 "$display", "[RESULT] PASS: W[18] correct" {0 0 0};
    %jmp T_4.21;
T_4.20 ;
    %vpi_call 2 140 "$display", "[RESULT] FAIL: W[18] expected 7da86405, got %h", &A<v00000206d02facf0, 18> {0 0 0};
T_4.21 ;
    %ix/load 4, 63, 0;
    %flag_set/imm 4, 0;
    %load/vec4a v00000206d02facf0, 4;
    %cmpi/e 313650667, 0, 32;
    %jmp/0xz  T_4.22, 6;
    %vpi_call 2 145 "$display", "[RESULT] PASS: W[63] correct" {0 0 0};
    %jmp T_4.23;
T_4.22 ;
    %vpi_call 2 147 "$display", "[RESULT] FAIL: W[63] expected 12b1edeb, got %h", &A<v00000206d02facf0, 63> {0 0 0};
T_4.23 ;
    %vpi_call 2 153 "$display", "\012[TEST CASE 3] Pipeline test - verify continuous block processing" {0 0 0};
    %wait E_00000206d0293ce0;
    %pushi/vec4 1, 0, 1;
    %store/vec4 v00000206d02fb3d0_0, 0, 1;
    %pushi/vec4 3267675848, 0, 33;
    %concati/vec4 3301361866, 0, 32;
    %concati/vec4 3335047884, 0, 32;
    %concati/vec4 3368733902, 0, 32;
    %concati/vec4 3402419920, 0, 32;
    %concati/vec4 3436105938, 0, 32;
    %concati/vec4 3469791956, 0, 32;
    %concati/vec4 3503477974, 0, 32;
    %concati/vec4 3537163992, 0, 32;
    %concati/vec4 3570850010, 0, 32;
    %concati/vec4 3604536028, 0, 32;
    %concati/vec4 3638222046, 0, 32;
    %concati/vec4 3671908064, 0, 32;
    %concati/vec4 3705594083, 0, 32;
    %concati/vec4 0, 0, 63;
    %store/vec4 v00000206d02fa430_0, 0, 512;
    %wait E_00000206d0293ce0;
    %pushi/vec4 0, 0, 1;
    %store/vec4 v00000206d02fb3d0_0, 0, 1;
    %delay 100000, 0;
    %wait E_00000206d0293ce0;
    %pushi/vec4 1, 0, 1;
    %store/vec4 v00000206d02fb3d0_0, 0, 1;
    %pushi/vec4 448, 0, 512;
    %store/vec4 v00000206d02fa430_0, 0, 512;
    %wait E_00000206d0293ce0;
    %pushi/vec4 0, 0, 1;
    %store/vec4 v00000206d02fb3d0_0, 0, 1;
    %pushi/vec4 0, 0, 32;
    %store/vec4 v00000206d02fa610_0, 0, 32;
T_4.24 ;
    %load/vec4 v00000206d02fa610_0;
    %cmpi/s 64, 0, 32;
    %jmp/0xz T_4.25, 5;
    %load/vec4 v00000206d02fb330_0;
    %flag_set/vec4 8;
    %jmp/0xz  T_4.26, 8;
    %vpi_call 2 173 "$display", "Block1 W[%0d] = %h", v00000206d02fa610_0, v00000206d02fb6f0_0 {0 0 0};
    %load/vec4 v00000206d02fa610_0;
    %addi 1, 0, 32;
    %store/vec4 v00000206d02fa610_0, 0, 32;
T_4.26 ;
    %wait E_00000206d0293ce0;
    %jmp T_4.24;
T_4.25 ;
    %pushi/vec4 0, 0, 32;
    %store/vec4 v00000206d02fab10_0, 0, 32;
T_4.28 ;
    %load/vec4 v00000206d02fab10_0;
    %cmpi/s 64, 0, 32;
    %jmp/0xz T_4.29, 5;
    %load/vec4 v00000206d02fb330_0;
    %flag_set/vec4 8;
    %jmp/0xz  T_4.30, 8;
    %vpi_call 2 182 "$display", "Block2 W[%0d] = %h", v00000206d02fab10_0, v00000206d02fb6f0_0 {0 0 0};
    %load/vec4 v00000206d02fab10_0;
    %addi 1, 0, 32;
    %store/vec4 v00000206d02fab10_0, 0, 32;
T_4.30 ;
    %wait E_00000206d0293ce0;
    %jmp T_4.28;
T_4.29 ;
    %load/vec4 v00000206d02fb6f0_0;
    %cmpi/e 3103886162, 0, 32;
    %jmp/0xz  T_4.32, 6;
    %vpi_call 2 190 "$display", "[RESULT] PASS: Second block processing finished correctly" {0 0 0};
    %jmp T_4.33;
T_4.32 ;
    %vpi_call 2 192 "$display", "[RESULT] FAIL: Second block last word expected b9018b52, got %h", v00000206d02fb6f0_0 {0 0 0};
T_4.33 ;
    %delay 100000, 0;
    %vpi_call 2 199 "$display", "\012[SIMULATION FINISHED]" {0 0 0};
    %vpi_call 2 200 "$finish" {0 0 0};
    %end;
    .thread T_4;
    .scope S_00000206d0262420;
T_5 ;
    %vpi_call 2 205 "$dumpfile", "expand.vcd" {0 0 0};
    %vpi_call 2 206 "$dumpvars", 32'sb00000000000000000000000000000000, S_00000206d0262420 {0 0 0};
    %end;
    .thread T_5;
# The file index is used to find the file name in the following table.
:file_names 4;
    "N/A";
    "<interactive>";
    "expand_tb.v";
    "expand.v";
