#! /c/Source/iverilog-install/bin/vvp
:ivl_version "12.0 (devel)" "(s20150603-1539-g2693dd32b)";
:ivl_delay_selection "TYPICAL";
:vpi_time_precision - 12;
:vpi_module "D:\install\ICARUS~1\iverilog\lib\ivl\system.vpi";
:vpi_module "D:\install\ICARUS~1\iverilog\lib\ivl\vhdl_sys.vpi";
:vpi_module "D:\install\ICARUS~1\iverilog\lib\ivl\vhdl_textio.vpi";
:vpi_module "D:\install\ICARUS~1\iverilog\lib\ivl\v2005_math.vpi";
:vpi_module "D:\install\ICARUS~1\iverilog\lib\ivl\va_math.vpi";
S_000002ec88d9ba80 .scope module, "padding_tb" "padding_tb" 2 3;
 .timescale -9 -12;
v000002ec88e4df70_0 .var "clk", 0 0;
v000002ec88e4cfd0_0 .var "data_in", 7 0;
v000002ec88e4dcf0_0 .var "data_in_valid", 0 0;
v000002ec88e4cad0_0 .var "data_last", 0 0;
v000002ec88e4d890_0 .net "data_out", 511 0, v000002ec88e4ca30_0;  1 drivers
v000002ec88e4cf30_0 .net "data_out_valid", 0 0, v000002ec88e4e830_0;  1 drivers
v000002ec88e4e1f0_0 .net "data_ready", 0 0, v000002ec88e4cc10_0;  1 drivers
v000002ec88e4e650_0 .var "rst_n", 0 0;
E_000002ec88e49720 .event anyedge, v000002ec88e4e830_0;
E_000002ec88e48e20 .event anyedge, v000002ec88e4cc10_0;
E_000002ec88e49160 .event negedge, v000002ec88e4e830_0;
S_000002ec88d5b820 .scope begin, "$ivl_for_loop0" "$ivl_for_loop0" 2 229, 2 229 0, S_000002ec88d9ba80;
 .timescale -9 -12;
v000002ec88e4db10_0 .var/i "i", 31 0;
E_000002ec88e491e0 .event posedge, v000002ec88e4d110_0;
S_000002ec88d5a560 .scope begin, "$ivl_for_loop1" "$ivl_for_loop1" 2 935, 2 935 0, S_000002ec88d9ba80;
 .timescale -9 -12;
v000002ec88e4cb70_0 .var/i "i", 31 0;
S_000002ec88db8f90 .scope module, "uut" "padding" 2 20, 3 1 0, S_000002ec88d9ba80;
 .timescale 0 0;
    .port_info 0 /INPUT 1 "clk";
    .port_info 1 /INPUT 1 "rst_n";
    .port_info 2 /INPUT 8 "data_in";
    .port_info 3 /INPUT 1 "data_in_valid";
    .port_info 4 /INPUT 1 "data_last";
    .port_info 5 /OUTPUT 512 "data_out";
    .port_info 6 /OUTPUT 1 "data_out_valid";
    .port_info 7 /OUTPUT 1 "data_ready";
P_000002ec88db9120 .param/l "IDLE" 1 3 15, C4<0000>;
P_000002ec88db9158 .param/l "OUTPUT_FULL_1" 1 3 17, C4<0010>;
P_000002ec88db9190 .param/l "OUTPUT_FULL_2" 1 3 18, C4<0011>;
P_000002ec88db91c8 .param/l "OUTPUT_FULL_3" 1 3 19, C4<0100>;
P_000002ec88db9200 .param/l "OUTPUT_LAST" 1 3 23, C4<1000>;
P_000002ec88db9238 .param/l "PAD_0" 1 3 21, C4<0110>;
P_000002ec88db9270 .param/l "PAD_1" 1 3 20, C4<0101>;
P_000002ec88db92a8 .param/l "PAD_LEN" 1 3 22, C4<0111>;
P_000002ec88db92e0 .param/l "RECEIVE" 1 3 16, C4<0001>;
v000002ec88e4d750_0 .var "byte_count", 5 0;
v000002ec88e4d110_0 .net "clk", 0 0, v000002ec88e4df70_0;  1 drivers
v000002ec88e4e470_0 .net "data_in", 7 0, v000002ec88e4cfd0_0;  1 drivers
v000002ec88e4d7f0_0 .net "data_in_valid", 0 0, v000002ec88e4dcf0_0;  1 drivers
v000002ec88e4e510_0 .net "data_last", 0 0, v000002ec88e4cad0_0;  1 drivers
v000002ec88e4e5b0_0 .var "data_length", 63 0;
v000002ec88e4ca30_0 .var "data_out", 511 0;
v000002ec88e4e830_0 .var "data_out_valid", 0 0;
v000002ec88e4cc10_0 .var "data_ready", 0 0;
v000002ec88e4d390_0 .var "fill_pos", 5 0;
v000002ec88e4dd90_0 .net "rst_n", 0 0, v000002ec88e4e650_0;  1 drivers
v000002ec88e4dc50_0 .var "state", 3 0;
v000002ec88e4dbb0_0 .var "temp_block", 511 0;
E_000002ec88e49260/0 .event negedge, v000002ec88e4dd90_0;
E_000002ec88e49260/1 .event posedge, v000002ec88e4d110_0;
E_000002ec88e49260 .event/or E_000002ec88e49260/0, E_000002ec88e49260/1;
    .scope S_000002ec88db8f90;
T_0 ;
    %wait E_000002ec88e49260;
    %load/vec4 v000002ec88e4dd90_0;
    %nor/r;
    %flag_set/vec4 8;
    %jmp/0xz  T_0.0, 8;
    %pushi/vec4 0, 0, 4;
    %assign/vec4 v000002ec88e4dc50_0, 0;
    %pushi/vec4 0, 0, 64;
    %assign/vec4 v000002ec88e4e5b0_0, 0;
    %pushi/vec4 0, 0, 6;
    %assign/vec4 v000002ec88e4d750_0, 0;
    %pushi/vec4 0, 0, 512;
    %assign/vec4 v000002ec88e4dbb0_0, 0;
    %pushi/vec4 0, 0, 512;
    %assign/vec4 v000002ec88e4ca30_0, 0;
    %pushi/vec4 0, 0, 1;
    %assign/vec4 v000002ec88e4e830_0, 0;
    %pushi/vec4 1, 0, 1;
    %assign/vec4 v000002ec88e4cc10_0, 0;
    %pushi/vec4 0, 0, 6;
    %assign/vec4 v000002ec88e4d390_0, 0;
    %jmp T_0.1;
T_0.0 ;
    %pushi/vec4 0, 0, 1;
    %assign/vec4 v000002ec88e4e830_0, 0;
    %load/vec4 v000002ec88e4dc50_0;
    %dup/vec4;
    %pushi/vec4 0, 0, 4;
    %cmp/u;
    %jmp/1 T_0.2, 6;
    %dup/vec4;
    %pushi/vec4 1, 0, 4;
    %cmp/u;
    %jmp/1 T_0.3, 6;
    %dup/vec4;
    %pushi/vec4 2, 0, 4;
    %cmp/u;
    %jmp/1 T_0.4, 6;
    %dup/vec4;
    %pushi/vec4 3, 0, 4;
    %cmp/u;
    %jmp/1 T_0.5, 6;
    %dup/vec4;
    %pushi/vec4 4, 0, 4;
    %cmp/u;
    %jmp/1 T_0.6, 6;
    %dup/vec4;
    %pushi/vec4 5, 0, 4;
    %cmp/u;
    %jmp/1 T_0.7, 6;
    %dup/vec4;
    %pushi/vec4 6, 0, 4;
    %cmp/u;
    %jmp/1 T_0.8, 6;
    %dup/vec4;
    %pushi/vec4 7, 0, 4;
    %cmp/u;
    %jmp/1 T_0.9, 6;
    %dup/vec4;
    %pushi/vec4 8, 0, 4;
    %cmp/u;
    %jmp/1 T_0.10, 6;
    %pushi/vec4 0, 0, 4;
    %assign/vec4 v000002ec88e4dc50_0, 0;
    %pushi/vec4 1, 0, 1;
    %assign/vec4 v000002ec88e4cc10_0, 0;
    %jmp T_0.12;
T_0.2 ;
    %pushi/vec4 1, 0, 1;
    %assign/vec4 v000002ec88e4cc10_0, 0;
    %load/vec4 v000002ec88e4d7f0_0;
    %flag_set/vec4 8;
    %jmp/0xz  T_0.13, 8;
    %load/vec4 v000002ec88e4e510_0;
    %flag_set/vec4 8;
    %jmp/0xz  T_0.15, 8;
    %pushi/vec4 8, 0, 64;
    %assign/vec4 v000002ec88e4e5b0_0, 0;
    %load/vec4 v000002ec88e4e470_0;
    %ix/load 4, 504, 0;
    %ix/load 5, 0, 0;
    %flag_set/imm 4, 0;
    %assign/vec4/off/d v000002ec88e4dbb0_0, 4, 5;
    %pushi/vec4 1, 0, 6;
    %assign/vec4 v000002ec88e4d750_0, 0;
    %pushi/vec4 5, 0, 4;
    %assign/vec4 v000002ec88e4dc50_0, 0;
    %pushi/vec4 1, 0, 6;
    %assign/vec4 v000002ec88e4d390_0, 0;
    %pushi/vec4 0, 0, 1;
    %assign/vec4 v000002ec88e4cc10_0, 0;
    %jmp T_0.16;
T_0.15 ;
    %pushi/vec4 1, 0, 4;
    %assign/vec4 v000002ec88e4dc50_0, 0;
    %pushi/vec4 8, 0, 64;
    %assign/vec4 v000002ec88e4e5b0_0, 0;
    %load/vec4 v000002ec88e4e470_0;
    %ix/load 5, 0, 0;
    %pushi/vec4 511, 0, 32;
    %load/vec4 v000002ec88e4d750_0;
    %pad/u 32;
    %muli 8, 0, 32;
    %sub;
    %pad/u 34;
    %subi 7, 0, 34;
    %ix/vec4/s 4;
    %assign/vec4/off/d v000002ec88e4dbb0_0, 4, 5;
    %load/vec4 v000002ec88e4d750_0;
    %addi 1, 0, 6;
    %assign/vec4 v000002ec88e4d750_0, 0;
    %load/vec4 v000002ec88e4d750_0;
    %pad/u 32;
    %cmpi/u 63, 0, 32;
    %flag_get/vec4 5;
    %assign/vec4 v000002ec88e4cc10_0, 0;
T_0.16 ;
    %jmp T_0.14;
T_0.13 ;
    %load/vec4 v000002ec88e4e510_0;
    %flag_set/vec4 8;
    %jmp/0xz  T_0.17, 8;
    %pushi/vec4 5, 0, 4;
    %assign/vec4 v000002ec88e4dc50_0, 0;
    %pushi/vec4 0, 0, 6;
    %assign/vec4 v000002ec88e4d390_0, 0;
    %pushi/vec4 0, 0, 1;
    %assign/vec4 v000002ec88e4cc10_0, 0;
T_0.17 ;
T_0.14 ;
    %jmp T_0.12;
T_0.3 ;
    %load/vec4 v000002ec88e4d7f0_0;
    %flag_set/vec4 8;
    %jmp/0xz  T_0.19, 8;
    %load/vec4 v000002ec88e4e5b0_0;
    %addi 8, 0, 64;
    %assign/vec4 v000002ec88e4e5b0_0, 0;
    %load/vec4 v000002ec88e4e470_0;
    %ix/load 5, 0, 0;
    %pushi/vec4 511, 0, 32;
    %load/vec4 v000002ec88e4d750_0;
    %pad/u 32;
    %muli 8, 0, 32;
    %sub;
    %pad/u 34;
    %subi 7, 0, 34;
    %ix/vec4/s 4;
    %assign/vec4/off/d v000002ec88e4dbb0_0, 4, 5;
    %load/vec4 v000002ec88e4d750_0;
    %addi 1, 0, 6;
    %assign/vec4 v000002ec88e4d750_0, 0;
    %load/vec4 v000002ec88e4d750_0;
    %pad/u 32;
    %cmpi/u 63, 0, 32;
    %flag_get/vec4 5;
    %assign/vec4 v000002ec88e4cc10_0, 0;
    %load/vec4 v000002ec88e4e510_0;
    %flag_set/vec4 8;
    %jmp/0xz  T_0.21, 8;
    %load/vec4 v000002ec88e4d750_0;
    %pad/u 32;
    %cmpi/u 55, 0, 32;
    %jmp/0xz  T_0.23, 5;
    %load/vec4 v000002ec88e4d750_0;
    %addi 1, 0, 6;
    %assign/vec4 v000002ec88e4d390_0, 0;
    %pushi/vec4 0, 0, 1;
    %assign/vec4 v000002ec88e4cc10_0, 0;
    %pushi/vec4 5, 0, 4;
    %assign/vec4 v000002ec88e4dc50_0, 0;
    %jmp T_0.24;
T_0.23 ;
    %load/vec4 v000002ec88e4d750_0;
    %pad/u 32;
    %cmpi/u 55, 0, 32;
    %flag_inv 5; GE is !LT
    %flag_get/vec4 5;
    %jmp/0 T_0.27, 5;
    %load/vec4 v000002ec88e4d750_0;
    %pad/u 32;
    %cmpi/u 63, 0, 32;
    %flag_get/vec4 5;
    %and;
T_0.27;
    %flag_set/vec4 8;
    %jmp/0xz  T_0.25, 8;
    %pushi/vec4 128, 0, 8;
    %ix/load 5, 0, 0;
    %pushi/vec4 511, 0, 32;
    %load/vec4 v000002ec88e4d750_0;
    %pad/u 32;
    %addi 1, 0, 32;
    %muli 8, 0, 32;
    %sub;
    %pad/u 34;
    %subi 7, 0, 34;
    %ix/vec4/s 4;
    %assign/vec4/off/d v000002ec88e4dbb0_0, 4, 5;
    %pushi/vec4 2, 0, 4;
    %assign/vec4 v000002ec88e4dc50_0, 0;
    %jmp T_0.26;
T_0.25 ;
    %load/vec4 v000002ec88e4d750_0;
    %pad/u 32;
    %cmpi/e 63, 0, 32;
    %jmp/0xz  T_0.28, 4;
    %pushi/vec4 3, 0, 4;
    %assign/vec4 v000002ec88e4dc50_0, 0;
T_0.28 ;
T_0.26 ;
T_0.24 ;
T_0.21 ;
    %load/vec4 v000002ec88e4d750_0;
    %pad/u 32;
    %cmpi/e 63, 0, 32;
    %jmp/0xz  T_0.30, 4;
    %pushi/vec4 4, 0, 4;
    %assign/vec4 v000002ec88e4dc50_0, 0;
T_0.30 ;
T_0.19 ;
    %jmp T_0.12;
T_0.4 ;
    %load/vec4 v000002ec88e4dbb0_0;
    %assign/vec4 v000002ec88e4ca30_0, 0;
    %pushi/vec4 1, 0, 1;
    %assign/vec4 v000002ec88e4e830_0, 0;
    %pushi/vec4 0, 0, 512;
    %assign/vec4 v000002ec88e4dbb0_0, 0;
    %pushi/vec4 0, 0, 6;
    %assign/vec4 v000002ec88e4d390_0, 0;
    %pushi/vec4 0, 0, 6;
    %assign/vec4 v000002ec88e4d750_0, 0;
    %pushi/vec4 0, 0, 1;
    %assign/vec4 v000002ec88e4cc10_0, 0;
    %pushi/vec4 6, 0, 4;
    %assign/vec4 v000002ec88e4dc50_0, 0;
    %jmp T_0.12;
T_0.5 ;
    %load/vec4 v000002ec88e4dbb0_0;
    %assign/vec4 v000002ec88e4ca30_0, 0;
    %pushi/vec4 1, 0, 1;
    %assign/vec4 v000002ec88e4e830_0, 0;
    %pushi/vec4 0, 0, 512;
    %assign/vec4 v000002ec88e4dbb0_0, 0;
    %pushi/vec4 0, 0, 6;
    %assign/vec4 v000002ec88e4d390_0, 0;
    %pushi/vec4 0, 0, 6;
    %assign/vec4 v000002ec88e4d750_0, 0;
    %pushi/vec4 0, 0, 1;
    %assign/vec4 v000002ec88e4cc10_0, 0;
    %pushi/vec4 5, 0, 4;
    %assign/vec4 v000002ec88e4dc50_0, 0;
    %jmp T_0.12;
T_0.6 ;
    %load/vec4 v000002ec88e4dbb0_0;
    %assign/vec4 v000002ec88e4ca30_0, 0;
    %pushi/vec4 1, 0, 1;
    %assign/vec4 v000002ec88e4e830_0, 0;
    %load/vec4 v000002ec88e4e5b0_0;
    %addi 8, 0, 64;
    %assign/vec4 v000002ec88e4e5b0_0, 0;
    %load/vec4 v000002ec88e4e470_0;
    %ix/load 4, 504, 0;
    %ix/load 5, 0, 0;
    %flag_set/imm 4, 0;
    %assign/vec4/off/d v000002ec88e4dbb0_0, 4, 5;
    %pushi/vec4 1, 0, 6;
    %assign/vec4 v000002ec88e4d750_0, 0;
    %pushi/vec4 1, 0, 1;
    %assign/vec4 v000002ec88e4cc10_0, 0;
    %pushi/vec4 1, 0, 4;
    %assign/vec4 v000002ec88e4dc50_0, 0;
    %jmp T_0.12;
T_0.7 ;
    %pushi/vec4 128, 0, 8;
    %ix/load 5, 0, 0;
    %pushi/vec4 511, 0, 32;
    %load/vec4 v000002ec88e4d390_0;
    %pad/u 32;
    %muli 8, 0, 32;
    %sub;
    %pad/u 34;
    %subi 7, 0, 34;
    %ix/vec4/s 4;
    %assign/vec4/off/d v000002ec88e4dbb0_0, 4, 5;
    %load/vec4 v000002ec88e4d390_0;
    %addi 1, 0, 6;
    %assign/vec4 v000002ec88e4d390_0, 0;
    %pushi/vec4 6, 0, 4;
    %assign/vec4 v000002ec88e4dc50_0, 0;
    %pushi/vec4 0, 0, 1;
    %assign/vec4 v000002ec88e4cc10_0, 0;
    %jmp T_0.12;
T_0.8 ;
    %load/vec4 v000002ec88e4d390_0;
    %pad/u 32;
    %cmpi/u 56, 0, 32;
    %jmp/0xz  T_0.32, 5;
    %pushi/vec4 0, 0, 8;
    %ix/load 5, 0, 0;
    %pushi/vec4 511, 0, 32;
    %load/vec4 v000002ec88e4d390_0;
    %pad/u 32;
    %muli 8, 0, 32;
    %sub;
    %pad/u 34;
    %subi 7, 0, 34;
    %ix/vec4/s 4;
    %assign/vec4/off/d v000002ec88e4dbb0_0, 4, 5;
    %load/vec4 v000002ec88e4d390_0;
    %addi 1, 0, 6;
    %assign/vec4 v000002ec88e4d390_0, 0;
    %pushi/vec4 0, 0, 1;
    %assign/vec4 v000002ec88e4cc10_0, 0;
    %jmp T_0.33;
T_0.32 ;
    %pushi/vec4 7, 0, 4;
    %assign/vec4 v000002ec88e4dc50_0, 0;
    %pushi/vec4 0, 0, 1;
    %assign/vec4 v000002ec88e4cc10_0, 0;
T_0.33 ;
    %jmp T_0.12;
T_0.9 ;
    %load/vec4 v000002ec88e4e5b0_0;
    %ix/load 4, 0, 0;
    %ix/load 5, 0, 0;
    %flag_set/imm 4, 0;
    %assign/vec4/off/d v000002ec88e4dbb0_0, 4, 5;
    %pushi/vec4 8, 0, 4;
    %assign/vec4 v000002ec88e4dc50_0, 0;
    %pushi/vec4 0, 0, 1;
    %assign/vec4 v000002ec88e4cc10_0, 0;
    %jmp T_0.12;
T_0.10 ;
    %load/vec4 v000002ec88e4dbb0_0;
    %assign/vec4 v000002ec88e4ca30_0, 0;
    %pushi/vec4 1, 0, 1;
    %assign/vec4 v000002ec88e4e830_0, 0;
    %pushi/vec4 0, 0, 512;
    %assign/vec4 v000002ec88e4dbb0_0, 0;
    %pushi/vec4 0, 0, 6;
    %assign/vec4 v000002ec88e4d750_0, 0;
    %pushi/vec4 0, 0, 6;
    %assign/vec4 v000002ec88e4d390_0, 0;
    %pushi/vec4 0, 0, 64;
    %assign/vec4 v000002ec88e4e5b0_0, 0;
    %pushi/vec4 0, 0, 4;
    %assign/vec4 v000002ec88e4dc50_0, 0;
    %pushi/vec4 1, 0, 1;
    %assign/vec4 v000002ec88e4cc10_0, 0;
    %jmp T_0.12;
T_0.12 ;
    %pop/vec4 1;
T_0.1 ;
    %jmp T_0;
    .thread T_0;
    .scope S_000002ec88d9ba80;
T_1 ;
    %pushi/vec4 0, 0, 1;
    %store/vec4 v000002ec88e4df70_0, 0, 1;
T_1.0 ;
    %delay 5000, 0;
    %load/vec4 v000002ec88e4df70_0;
    %inv;
    %store/vec4 v000002ec88e4df70_0, 0, 1;
    %jmp T_1.0;
    %end;
    .thread T_1;
    .scope S_000002ec88d9ba80;
T_2 ;
    %vpi_call 2 42 "$display", "\012[TEST CASE 1] Testing normal message 'abc'" {0 0 0};
    %delay 20000, 0;
    %pushi/vec4 0, 0, 1;
    %store/vec4 v000002ec88e4e650_0, 0, 1;
    %pushi/vec4 0, 0, 8;
    %store/vec4 v000002ec88e4cfd0_0, 0, 8;
    %pushi/vec4 0, 0, 1;
    %store/vec4 v000002ec88e4dcf0_0, 0, 1;
    %pushi/vec4 0, 0, 1;
    %store/vec4 v000002ec88e4cad0_0, 0, 1;
    %delay 10000, 0;
    %pushi/vec4 1, 0, 1;
    %store/vec4 v000002ec88e4e650_0, 0, 1;
    %delay 10000, 0;
T_2.0 ;
    %load/vec4 v000002ec88e4e1f0_0;
    %cmpi/ne 1, 0, 1;
    %jmp/0xz T_2.1, 6;
    %wait E_000002ec88e48e20;
    %jmp T_2.0;
T_2.1 ;
    %wait E_000002ec88e491e0;
    %pushi/vec4 97, 0, 8; draw_string_vec4
    %store/vec4 v000002ec88e4cfd0_0, 0, 8;
    %pushi/vec4 1, 0, 1;
    %store/vec4 v000002ec88e4dcf0_0, 0, 1;
    %pushi/vec4 0, 0, 1;
    %store/vec4 v000002ec88e4cad0_0, 0, 1;
    %wait E_000002ec88e491e0;
    %pushi/vec4 98, 0, 8; draw_string_vec4
    %store/vec4 v000002ec88e4cfd0_0, 0, 8;
    %wait E_000002ec88e491e0;
    %pushi/vec4 99, 0, 8; draw_string_vec4
    %store/vec4 v000002ec88e4cfd0_0, 0, 8;
    %pushi/vec4 1, 0, 1;
    %store/vec4 v000002ec88e4cad0_0, 0, 1;
    %wait E_000002ec88e491e0;
    %pushi/vec4 0, 0, 1;
    %store/vec4 v000002ec88e4dcf0_0, 0, 1;
    %pushi/vec4 0, 0, 1;
    %store/vec4 v000002ec88e4cad0_0, 0, 1;
T_2.2 ;
    %load/vec4 v000002ec88e4cf30_0;
    %cmpi/ne 1, 0, 1;
    %jmp/0xz T_2.3, 6;
    %wait E_000002ec88e49720;
    %jmp T_2.2;
T_2.3 ;
    %vpi_call 2 84 "$display", "\012Padded block (hexadecimal):" {0 0 0};
    %vpi_call 2 85 "$display", "%h %h %h %h", &PV<v000002ec88e4d890_0, 480, 32>, &PV<v000002ec88e4d890_0, 448, 32>, &PV<v000002ec88e4d890_0, 416, 32>, &PV<v000002ec88e4d890_0, 384, 32> {0 0 0};
    %vpi_call 2 87 "$display", "%h %h %h %h", &PV<v000002ec88e4d890_0, 352, 32>, &PV<v000002ec88e4d890_0, 320, 32>, &PV<v000002ec88e4d890_0, 288, 32>, &PV<v000002ec88e4d890_0, 256, 32> {0 0 0};
    %vpi_call 2 89 "$display", "%h %h %h %h", &PV<v000002ec88e4d890_0, 224, 32>, &PV<v000002ec88e4d890_0, 192, 32>, &PV<v000002ec88e4d890_0, 160, 32>, &PV<v000002ec88e4d890_0, 128, 32> {0 0 0};
    %vpi_call 2 91 "$display", "%h %h %h %h", &PV<v000002ec88e4d890_0, 96, 32>, &PV<v000002ec88e4d890_0, 64, 32>, &PV<v000002ec88e4d890_0, 32, 32>, &PV<v000002ec88e4d890_0, 0, 32> {0 0 0};
    %load/vec4 v000002ec88e4d890_0;
    %pushi/vec4 3267675904, 0, 33;
    %concati/vec4 24, 0, 479;
    %cmp/e;
    %jmp/0xz  T_2.4, 6;
    %vpi_call 2 95 "$display", "[RESULT] PASS: Output matches expected pattern" {0 0 0};
    %jmp T_2.5;
T_2.4 ;
    %vpi_call 2 97 "$display", "[RESULT] FAIL: Output mismatch" {0 0 0};
    %vpi_call 2 98 "$display", "Expected: 6162638000000000...00000018" {0 0 0};
    %vpi_call 2 99 "$display", "Received: %h", v000002ec88e4d890_0 {0 0 0};
T_2.5 ;
    %vpi_call 2 105 "$display", "\012[TEST CASE 2] Testing empty message" {0 0 0};
    %delay 20000, 0;
    %pushi/vec4 0, 0, 1;
    %store/vec4 v000002ec88e4e650_0, 0, 1;
    %pushi/vec4 0, 0, 8;
    %store/vec4 v000002ec88e4cfd0_0, 0, 8;
    %pushi/vec4 0, 0, 1;
    %store/vec4 v000002ec88e4dcf0_0, 0, 1;
    %pushi/vec4 0, 0, 1;
    %store/vec4 v000002ec88e4cad0_0, 0, 1;
    %delay 10000, 0;
    %pushi/vec4 1, 0, 1;
    %store/vec4 v000002ec88e4e650_0, 0, 1;
    %delay 10000, 0;
T_2.6 ;
    %load/vec4 v000002ec88e4e1f0_0;
    %cmpi/ne 1, 0, 1;
    %jmp/0xz T_2.7, 6;
    %wait E_000002ec88e48e20;
    %jmp T_2.6;
T_2.7 ;
    %wait E_000002ec88e491e0;
    %pushi/vec4 0, 0, 1;
    %store/vec4 v000002ec88e4dcf0_0, 0, 1;
    %pushi/vec4 1, 0, 1;
    %store/vec4 v000002ec88e4cad0_0, 0, 1;
    %wait E_000002ec88e491e0;
    %pushi/vec4 0, 0, 1;
    %store/vec4 v000002ec88e4cad0_0, 0, 1;
T_2.8 ;
    %load/vec4 v000002ec88e4cf30_0;
    %cmpi/ne 1, 0, 1;
    %jmp/0xz T_2.9, 6;
    %wait E_000002ec88e49720;
    %jmp T_2.8;
T_2.9 ;
    %vpi_call 2 133 "$display", "\012Padded block (hexadecimal):" {0 0 0};
    %vpi_call 2 134 "$display", "%h %h %h %h", &PV<v000002ec88e4d890_0, 480, 32>, &PV<v000002ec88e4d890_0, 448, 32>, &PV<v000002ec88e4d890_0, 416, 32>, &PV<v000002ec88e4d890_0, 384, 32> {0 0 0};
    %vpi_call 2 136 "$display", "%h %h %h %h", &PV<v000002ec88e4d890_0, 352, 32>, &PV<v000002ec88e4d890_0, 320, 32>, &PV<v000002ec88e4d890_0, 288, 32>, &PV<v000002ec88e4d890_0, 256, 32> {0 0 0};
    %vpi_call 2 138 "$display", "%h %h %h %h", &PV<v000002ec88e4d890_0, 224, 32>, &PV<v000002ec88e4d890_0, 192, 32>, &PV<v000002ec88e4d890_0, 160, 32>, &PV<v000002ec88e4d890_0, 128, 32> {0 0 0};
    %vpi_call 2 140 "$display", "%h %h %h %h", &PV<v000002ec88e4d890_0, 96, 32>, &PV<v000002ec88e4d890_0, 64, 32>, &PV<v000002ec88e4d890_0, 32, 32>, &PV<v000002ec88e4d890_0, 0, 32> {0 0 0};
    %load/vec4 v000002ec88e4d890_0;
    %pushi/vec4 2147483648, 0, 32;
    %concati/vec4 0, 0, 480;
    %cmp/e;
    %jmp/0xz  T_2.10, 6;
    %vpi_call 2 144 "$display", "[RESULT] PASS: Empty message padded correctly" {0 0 0};
    %jmp T_2.11;
T_2.10 ;
    %vpi_call 2 146 "$display", "[RESULT] FAIL: Empty message padding error" {0 0 0};
    %vpi_call 2 147 "$display", "Expected: 80000000...00000000" {0 0 0};
    %vpi_call 2 148 "$display", "Received: %h", v000002ec88e4d890_0 {0 0 0};
T_2.11 ;
    %vpi_call 2 154 "$display", "\012[TEST CASE 3] Testing single byte message 'A'" {0 0 0};
    %delay 20000, 0;
    %pushi/vec4 0, 0, 1;
    %store/vec4 v000002ec88e4e650_0, 0, 1;
    %pushi/vec4 0, 0, 8;
    %store/vec4 v000002ec88e4cfd0_0, 0, 8;
    %pushi/vec4 0, 0, 1;
    %store/vec4 v000002ec88e4dcf0_0, 0, 1;
    %pushi/vec4 0, 0, 1;
    %store/vec4 v000002ec88e4cad0_0, 0, 1;
    %delay 10000, 0;
    %pushi/vec4 1, 0, 1;
    %store/vec4 v000002ec88e4e650_0, 0, 1;
    %delay 10000, 0;
T_2.12 ;
    %load/vec4 v000002ec88e4e1f0_0;
    %cmpi/ne 1, 0, 1;
    %jmp/0xz T_2.13, 6;
    %wait E_000002ec88e48e20;
    %jmp T_2.12;
T_2.13 ;
    %wait E_000002ec88e491e0;
    %pushi/vec4 65, 0, 8; draw_string_vec4
    %store/vec4 v000002ec88e4cfd0_0, 0, 8;
    %pushi/vec4 1, 0, 1;
    %store/vec4 v000002ec88e4dcf0_0, 0, 1;
    %pushi/vec4 1, 0, 1;
    %store/vec4 v000002ec88e4cad0_0, 0, 1;
    %wait E_000002ec88e491e0;
    %pushi/vec4 0, 0, 1;
    %store/vec4 v000002ec88e4dcf0_0, 0, 1;
    %pushi/vec4 0, 0, 1;
    %store/vec4 v000002ec88e4cad0_0, 0, 1;
T_2.14 ;
    %load/vec4 v000002ec88e4cf30_0;
    %cmpi/ne 1, 0, 1;
    %jmp/0xz T_2.15, 6;
    %wait E_000002ec88e49720;
    %jmp T_2.14;
T_2.15 ;
    %vpi_call 2 186 "$display", "\012Padded block (hexadecimal):" {0 0 0};
    %vpi_call 2 187 "$display", "%h %h %h %h", &PV<v000002ec88e4d890_0, 480, 32>, &PV<v000002ec88e4d890_0, 448, 32>, &PV<v000002ec88e4d890_0, 416, 32>, &PV<v000002ec88e4d890_0, 384, 32> {0 0 0};
    %vpi_call 2 189 "$display", "%h %h %h %h", &PV<v000002ec88e4d890_0, 352, 32>, &PV<v000002ec88e4d890_0, 320, 32>, &PV<v000002ec88e4d890_0, 288, 32>, &PV<v000002ec88e4d890_0, 256, 32> {0 0 0};
    %vpi_call 2 191 "$display", "%h %h %h %h", &PV<v000002ec88e4d890_0, 224, 32>, &PV<v000002ec88e4d890_0, 192, 32>, &PV<v000002ec88e4d890_0, 160, 32>, &PV<v000002ec88e4d890_0, 128, 32> {0 0 0};
    %vpi_call 2 193 "$display", "%h %h %h %h", &PV<v000002ec88e4d890_0, 96, 32>, &PV<v000002ec88e4d890_0, 64, 32>, &PV<v000002ec88e4d890_0, 32, 32>, &PV<v000002ec88e4d890_0, 0, 32> {0 0 0};
    %load/vec4 v000002ec88e4d890_0;
    %pushi/vec4 2197815296, 0, 33;
    %concati/vec4 8, 0, 479;
    %cmp/e;
    %jmp/0xz  T_2.16, 6;
    %vpi_call 2 198 "$display", "[RESULT] PASS: Single byte message padded correctly" {0 0 0};
    %jmp T_2.17;
T_2.16 ;
    %vpi_call 2 200 "$display", "[RESULT] FAIL: Single byte message padding error" {0 0 0};
    %vpi_call 2 201 "$display", "Expected: 41800000...00000008" {0 0 0};
    %vpi_call 2 202 "$display", "Received: %h", v000002ec88e4d890_0 {0 0 0};
    %vpi_call 2 203 "$display", "Message byte: %h", &PV<v000002ec88e4d890_0, 504, 8> {0 0 0};
    %vpi_call 2 204 "$display", "Length field: %h", &PV<v000002ec88e4d890_0, 0, 64> {0 0 0};
T_2.17 ;
    %vpi_call 2 210 "$display", "\012[TEST CASE 4] Testing 55-byte message" {0 0 0};
    %delay 20000, 0;
    %pushi/vec4 0, 0, 1;
    %store/vec4 v000002ec88e4e650_0, 0, 1;
    %pushi/vec4 0, 0, 8;
    %store/vec4 v000002ec88e4cfd0_0, 0, 8;
    %pushi/vec4 0, 0, 1;
    %store/vec4 v000002ec88e4dcf0_0, 0, 1;
    %pushi/vec4 0, 0, 1;
    %store/vec4 v000002ec88e4cad0_0, 0, 1;
    %delay 10000, 0;
    %pushi/vec4 1, 0, 1;
    %store/vec4 v000002ec88e4e650_0, 0, 1;
    %delay 10000, 0;
T_2.18 ;
    %load/vec4 v000002ec88e4e1f0_0;
    %cmpi/ne 1, 0, 1;
    %jmp/0xz T_2.19, 6;
    %wait E_000002ec88e48e20;
    %jmp T_2.18;
T_2.19 ;
    %wait E_000002ec88e491e0;
    %fork t_1, S_000002ec88d5b820;
    %jmp t_0;
    .scope S_000002ec88d5b820;
t_1 ;
    %pushi/vec4 0, 0, 32;
    %store/vec4 v000002ec88e4db10_0, 0, 32;
T_2.20 ;
    %load/vec4 v000002ec88e4db10_0;
    %cmpi/s 55, 0, 32;
    %jmp/0xz T_2.21, 5;
    %pushi/vec4 170, 0, 8;
    %store/vec4 v000002ec88e4cfd0_0, 0, 8;
    %pushi/vec4 1, 0, 1;
    %store/vec4 v000002ec88e4dcf0_0, 0, 1;
    %load/vec4 v000002ec88e4db10_0;
    %pushi/vec4 54, 0, 32;
    %cmp/e;
    %flag_get/vec4 4;
    %store/vec4 v000002ec88e4cad0_0, 0, 1;
    %wait E_000002ec88e491e0;
    %load/vec4 v000002ec88e4db10_0;
    %addi 1, 0, 32;
    %store/vec4 v000002ec88e4db10_0, 0, 32;
    %jmp T_2.20;
T_2.21 ;
    %end;
    .scope S_000002ec88d9ba80;
t_0 %join;
    %pushi/vec4 0, 0, 1;
    %store/vec4 v000002ec88e4dcf0_0, 0, 1;
    %pushi/vec4 0, 0, 1;
    %store/vec4 v000002ec88e4cad0_0, 0, 1;
T_2.22 ;
    %load/vec4 v000002ec88e4cf30_0;
    %cmpi/ne 1, 0, 1;
    %jmp/0xz T_2.23, 6;
    %wait E_000002ec88e49720;
    %jmp T_2.22;
T_2.23 ;
    %vpi_call 2 244 "$display", "\012Padded block (hexadecimal):" {0 0 0};
    %vpi_call 2 245 "$display", "%h %h %h %h", &PV<v000002ec88e4d890_0, 480, 32>, &PV<v000002ec88e4d890_0, 448, 32>, &PV<v000002ec88e4d890_0, 416, 32>, &PV<v000002ec88e4d890_0, 384, 32> {0 0 0};
    %vpi_call 2 247 "$display", "%h %h %h %h", &PV<v000002ec88e4d890_0, 352, 32>, &PV<v000002ec88e4d890_0, 320, 32>, &PV<v000002ec88e4d890_0, 288, 32>, &PV<v000002ec88e4d890_0, 256, 32> {0 0 0};
    %vpi_call 2 249 "$display", "%h %h %h %h", &PV<v000002ec88e4d890_0, 224, 32>, &PV<v000002ec88e4d890_0, 192, 32>, &PV<v000002ec88e4d890_0, 160, 32>, &PV<v000002ec88e4d890_0, 128, 32> {0 0 0};
    %vpi_call 2 251 "$display", "%h %h %h %h", &PV<v000002ec88e4d890_0, 96, 32>, &PV<v000002ec88e4d890_0, 64, 32>, &PV<v000002ec88e4d890_0, 32, 32>, &PV<v000002ec88e4d890_0, 0, 32> {0 0 0};
    %load/vec4 v000002ec88e4d890_0;
    %pushi/vec4 2863311530, 0, 32;
    %concati/vec4 2863311530, 0, 32;
    %concati/vec4 2863311530, 0, 32;
    %concati/vec4 2863311530, 0, 32;
    %concati/vec4 2863311530, 0, 32;
    %concati/vec4 2863311530, 0, 32;
    %concati/vec4 2863311530, 0, 32;
    %concati/vec4 2863311530, 0, 32;
    %concati/vec4 2863311530, 0, 32;
    %concati/vec4 2863311530, 0, 32;
    %concati/vec4 2863311530, 0, 32;
    %concati/vec4 2863311530, 0, 32;
    %concati/vec4 2863311530, 0, 32;
    %concati/vec4 2863311488, 0, 32;
    %concati/vec4 440, 0, 64;
    %cmp/e;
    %jmp/0xz  T_2.24, 6;
    %vpi_call 2 256 "$display", "[RESULT] PASS: 55-byte message padded correctly in one block" {0 0 0};
    %jmp T_2.25;
T_2.24 ;
    %vpi_call 2 258 "$display", "[RESULT] FAIL: Padding error" {0 0 0};
    %vpi_call 2 259 "$display", "Expected: 55*AA + 80 + 7*00 + 00000000000001B8" {0 0 0};
    %vpi_call 2 260 "$display", "Received: %h", v000002ec88e4d890_0 {0 0 0};
T_2.25 ;
    %vpi_call 2 266 "$display", "\012[TEST CASE 5] Testing 448-bit message" {0 0 0};
    %delay 20000, 0;
    %pushi/vec4 0, 0, 1;
    %store/vec4 v000002ec88e4e650_0, 0, 1;
    %pushi/vec4 0, 0, 8;
    %store/vec4 v000002ec88e4cfd0_0, 0, 8;
    %pushi/vec4 0, 0, 1;
    %store/vec4 v000002ec88e4dcf0_0, 0, 1;
    %pushi/vec4 0, 0, 1;
    %store/vec4 v000002ec88e4cad0_0, 0, 1;
    %delay 10000, 0;
    %pushi/vec4 1, 0, 1;
    %store/vec4 v000002ec88e4e650_0, 0, 1;
    %delay 10000, 0;
T_2.26 ;
    %load/vec4 v000002ec88e4e1f0_0;
    %cmpi/ne 1, 0, 1;
    %jmp/0xz T_2.27, 6;
    %wait E_000002ec88e48e20;
    %jmp T_2.26;
T_2.27 ;
    %wait E_000002ec88e491e0;
    %pushi/vec4 97, 0, 8; draw_string_vec4
    %store/vec4 v000002ec88e4cfd0_0, 0, 8;
    %pushi/vec4 1, 0, 1;
    %store/vec4 v000002ec88e4dcf0_0, 0, 1;
    %wait E_000002ec88e491e0;
    %pushi/vec4 98, 0, 8; draw_string_vec4
    %store/vec4 v000002ec88e4cfd0_0, 0, 8;
    %pushi/vec4 1, 0, 1;
    %store/vec4 v000002ec88e4dcf0_0, 0, 1;
    %wait E_000002ec88e491e0;
    %pushi/vec4 99, 0, 8; draw_string_vec4
    %store/vec4 v000002ec88e4cfd0_0, 0, 8;
    %pushi/vec4 1, 0, 1;
    %store/vec4 v000002ec88e4dcf0_0, 0, 1;
    %wait E_000002ec88e491e0;
    %pushi/vec4 100, 0, 8; draw_string_vec4
    %store/vec4 v000002ec88e4cfd0_0, 0, 8;
    %pushi/vec4 1, 0, 1;
    %store/vec4 v000002ec88e4dcf0_0, 0, 1;
    %wait E_000002ec88e491e0;
    %pushi/vec4 98, 0, 8; draw_string_vec4
    %store/vec4 v000002ec88e4cfd0_0, 0, 8;
    %pushi/vec4 1, 0, 1;
    %store/vec4 v000002ec88e4dcf0_0, 0, 1;
    %wait E_000002ec88e491e0;
    %pushi/vec4 99, 0, 8; draw_string_vec4
    %store/vec4 v000002ec88e4cfd0_0, 0, 8;
    %pushi/vec4 1, 0, 1;
    %store/vec4 v000002ec88e4dcf0_0, 0, 1;
    %wait E_000002ec88e491e0;
    %pushi/vec4 100, 0, 8; draw_string_vec4
    %store/vec4 v000002ec88e4cfd0_0, 0, 8;
    %pushi/vec4 1, 0, 1;
    %store/vec4 v000002ec88e4dcf0_0, 0, 1;
    %wait E_000002ec88e491e0;
    %pushi/vec4 101, 0, 8; draw_string_vec4
    %store/vec4 v000002ec88e4cfd0_0, 0, 8;
    %pushi/vec4 1, 0, 1;
    %store/vec4 v000002ec88e4dcf0_0, 0, 1;
    %wait E_000002ec88e491e0;
    %pushi/vec4 99, 0, 8; draw_string_vec4
    %store/vec4 v000002ec88e4cfd0_0, 0, 8;
    %pushi/vec4 1, 0, 1;
    %store/vec4 v000002ec88e4dcf0_0, 0, 1;
    %wait E_000002ec88e491e0;
    %pushi/vec4 100, 0, 8; draw_string_vec4
    %store/vec4 v000002ec88e4cfd0_0, 0, 8;
    %pushi/vec4 1, 0, 1;
    %store/vec4 v000002ec88e4dcf0_0, 0, 1;
    %wait E_000002ec88e491e0;
    %pushi/vec4 101, 0, 8; draw_string_vec4
    %store/vec4 v000002ec88e4cfd0_0, 0, 8;
    %pushi/vec4 1, 0, 1;
    %store/vec4 v000002ec88e4dcf0_0, 0, 1;
    %wait E_000002ec88e491e0;
    %pushi/vec4 102, 0, 8; draw_string_vec4
    %store/vec4 v000002ec88e4cfd0_0, 0, 8;
    %pushi/vec4 1, 0, 1;
    %store/vec4 v000002ec88e4dcf0_0, 0, 1;
    %wait E_000002ec88e491e0;
    %pushi/vec4 100, 0, 8; draw_string_vec4
    %store/vec4 v000002ec88e4cfd0_0, 0, 8;
    %pushi/vec4 1, 0, 1;
    %store/vec4 v000002ec88e4dcf0_0, 0, 1;
    %wait E_000002ec88e491e0;
    %pushi/vec4 101, 0, 8; draw_string_vec4
    %store/vec4 v000002ec88e4cfd0_0, 0, 8;
    %pushi/vec4 1, 0, 1;
    %store/vec4 v000002ec88e4dcf0_0, 0, 1;
    %wait E_000002ec88e491e0;
    %pushi/vec4 102, 0, 8; draw_string_vec4
    %store/vec4 v000002ec88e4cfd0_0, 0, 8;
    %pushi/vec4 1, 0, 1;
    %store/vec4 v000002ec88e4dcf0_0, 0, 1;
    %wait E_000002ec88e491e0;
    %pushi/vec4 103, 0, 8; draw_string_vec4
    %store/vec4 v000002ec88e4cfd0_0, 0, 8;
    %pushi/vec4 1, 0, 1;
    %store/vec4 v000002ec88e4dcf0_0, 0, 1;
    %wait E_000002ec88e491e0;
    %pushi/vec4 101, 0, 8; draw_string_vec4
    %store/vec4 v000002ec88e4cfd0_0, 0, 8;
    %pushi/vec4 1, 0, 1;
    %store/vec4 v000002ec88e4dcf0_0, 0, 1;
    %wait E_000002ec88e491e0;
    %pushi/vec4 102, 0, 8; draw_string_vec4
    %store/vec4 v000002ec88e4cfd0_0, 0, 8;
    %pushi/vec4 1, 0, 1;
    %store/vec4 v000002ec88e4dcf0_0, 0, 1;
    %wait E_000002ec88e491e0;
    %pushi/vec4 103, 0, 8; draw_string_vec4
    %store/vec4 v000002ec88e4cfd0_0, 0, 8;
    %pushi/vec4 1, 0, 1;
    %store/vec4 v000002ec88e4dcf0_0, 0, 1;
    %wait E_000002ec88e491e0;
    %pushi/vec4 104, 0, 8; draw_string_vec4
    %store/vec4 v000002ec88e4cfd0_0, 0, 8;
    %pushi/vec4 1, 0, 1;
    %store/vec4 v000002ec88e4dcf0_0, 0, 1;
    %wait E_000002ec88e491e0;
    %pushi/vec4 102, 0, 8; draw_string_vec4
    %store/vec4 v000002ec88e4cfd0_0, 0, 8;
    %pushi/vec4 1, 0, 1;
    %store/vec4 v000002ec88e4dcf0_0, 0, 1;
    %wait E_000002ec88e491e0;
    %pushi/vec4 103, 0, 8; draw_string_vec4
    %store/vec4 v000002ec88e4cfd0_0, 0, 8;
    %pushi/vec4 1, 0, 1;
    %store/vec4 v000002ec88e4dcf0_0, 0, 1;
    %wait E_000002ec88e491e0;
    %pushi/vec4 104, 0, 8; draw_string_vec4
    %store/vec4 v000002ec88e4cfd0_0, 0, 8;
    %pushi/vec4 1, 0, 1;
    %store/vec4 v000002ec88e4dcf0_0, 0, 1;
    %wait E_000002ec88e491e0;
    %pushi/vec4 105, 0, 8; draw_string_vec4
    %store/vec4 v000002ec88e4cfd0_0, 0, 8;
    %pushi/vec4 1, 0, 1;
    %store/vec4 v000002ec88e4dcf0_0, 0, 1;
    %wait E_000002ec88e491e0;
    %pushi/vec4 103, 0, 8; draw_string_vec4
    %store/vec4 v000002ec88e4cfd0_0, 0, 8;
    %pushi/vec4 1, 0, 1;
    %store/vec4 v000002ec88e4dcf0_0, 0, 1;
    %wait E_000002ec88e491e0;
    %pushi/vec4 104, 0, 8; draw_string_vec4
    %store/vec4 v000002ec88e4cfd0_0, 0, 8;
    %pushi/vec4 1, 0, 1;
    %store/vec4 v000002ec88e4dcf0_0, 0, 1;
    %wait E_000002ec88e491e0;
    %pushi/vec4 105, 0, 8; draw_string_vec4
    %store/vec4 v000002ec88e4cfd0_0, 0, 8;
    %pushi/vec4 1, 0, 1;
    %store/vec4 v000002ec88e4dcf0_0, 0, 1;
    %wait E_000002ec88e491e0;
    %pushi/vec4 106, 0, 8; draw_string_vec4
    %store/vec4 v000002ec88e4cfd0_0, 0, 8;
    %pushi/vec4 1, 0, 1;
    %store/vec4 v000002ec88e4dcf0_0, 0, 1;
    %wait E_000002ec88e491e0;
    %pushi/vec4 104, 0, 8; draw_string_vec4
    %store/vec4 v000002ec88e4cfd0_0, 0, 8;
    %pushi/vec4 1, 0, 1;
    %store/vec4 v000002ec88e4dcf0_0, 0, 1;
    %wait E_000002ec88e491e0;
    %pushi/vec4 105, 0, 8; draw_string_vec4
    %store/vec4 v000002ec88e4cfd0_0, 0, 8;
    %pushi/vec4 1, 0, 1;
    %store/vec4 v000002ec88e4dcf0_0, 0, 1;
    %wait E_000002ec88e491e0;
    %pushi/vec4 106, 0, 8; draw_string_vec4
    %store/vec4 v000002ec88e4cfd0_0, 0, 8;
    %pushi/vec4 1, 0, 1;
    %store/vec4 v000002ec88e4dcf0_0, 0, 1;
    %wait E_000002ec88e491e0;
    %pushi/vec4 107, 0, 8; draw_string_vec4
    %store/vec4 v000002ec88e4cfd0_0, 0, 8;
    %pushi/vec4 1, 0, 1;
    %store/vec4 v000002ec88e4dcf0_0, 0, 1;
    %wait E_000002ec88e491e0;
    %pushi/vec4 105, 0, 8; draw_string_vec4
    %store/vec4 v000002ec88e4cfd0_0, 0, 8;
    %pushi/vec4 1, 0, 1;
    %store/vec4 v000002ec88e4dcf0_0, 0, 1;
    %wait E_000002ec88e491e0;
    %pushi/vec4 106, 0, 8; draw_string_vec4
    %store/vec4 v000002ec88e4cfd0_0, 0, 8;
    %pushi/vec4 1, 0, 1;
    %store/vec4 v000002ec88e4dcf0_0, 0, 1;
    %wait E_000002ec88e491e0;
    %pushi/vec4 107, 0, 8; draw_string_vec4
    %store/vec4 v000002ec88e4cfd0_0, 0, 8;
    %pushi/vec4 1, 0, 1;
    %store/vec4 v000002ec88e4dcf0_0, 0, 1;
    %wait E_000002ec88e491e0;
    %pushi/vec4 108, 0, 8; draw_string_vec4
    %store/vec4 v000002ec88e4cfd0_0, 0, 8;
    %pushi/vec4 1, 0, 1;
    %store/vec4 v000002ec88e4dcf0_0, 0, 1;
    %wait E_000002ec88e491e0;
    %pushi/vec4 106, 0, 8; draw_string_vec4
    %store/vec4 v000002ec88e4cfd0_0, 0, 8;
    %pushi/vec4 1, 0, 1;
    %store/vec4 v000002ec88e4dcf0_0, 0, 1;
    %wait E_000002ec88e491e0;
    %pushi/vec4 107, 0, 8; draw_string_vec4
    %store/vec4 v000002ec88e4cfd0_0, 0, 8;
    %pushi/vec4 1, 0, 1;
    %store/vec4 v000002ec88e4dcf0_0, 0, 1;
    %wait E_000002ec88e491e0;
    %pushi/vec4 108, 0, 8; draw_string_vec4
    %store/vec4 v000002ec88e4cfd0_0, 0, 8;
    %pushi/vec4 1, 0, 1;
    %store/vec4 v000002ec88e4dcf0_0, 0, 1;
    %wait E_000002ec88e491e0;
    %pushi/vec4 109, 0, 8; draw_string_vec4
    %store/vec4 v000002ec88e4cfd0_0, 0, 8;
    %pushi/vec4 1, 0, 1;
    %store/vec4 v000002ec88e4dcf0_0, 0, 1;
    %wait E_000002ec88e491e0;
    %pushi/vec4 107, 0, 8; draw_string_vec4
    %store/vec4 v000002ec88e4cfd0_0, 0, 8;
    %pushi/vec4 1, 0, 1;
    %store/vec4 v000002ec88e4dcf0_0, 0, 1;
    %wait E_000002ec88e491e0;
    %pushi/vec4 108, 0, 8; draw_string_vec4
    %store/vec4 v000002ec88e4cfd0_0, 0, 8;
    %pushi/vec4 1, 0, 1;
    %store/vec4 v000002ec88e4dcf0_0, 0, 1;
    %wait E_000002ec88e491e0;
    %pushi/vec4 109, 0, 8; draw_string_vec4
    %store/vec4 v000002ec88e4cfd0_0, 0, 8;
    %pushi/vec4 1, 0, 1;
    %store/vec4 v000002ec88e4dcf0_0, 0, 1;
    %wait E_000002ec88e491e0;
    %pushi/vec4 110, 0, 8; draw_string_vec4
    %store/vec4 v000002ec88e4cfd0_0, 0, 8;
    %pushi/vec4 1, 0, 1;
    %store/vec4 v000002ec88e4dcf0_0, 0, 1;
    %wait E_000002ec88e491e0;
    %pushi/vec4 108, 0, 8; draw_string_vec4
    %store/vec4 v000002ec88e4cfd0_0, 0, 8;
    %pushi/vec4 1, 0, 1;
    %store/vec4 v000002ec88e4dcf0_0, 0, 1;
    %wait E_000002ec88e491e0;
    %pushi/vec4 109, 0, 8; draw_string_vec4
    %store/vec4 v000002ec88e4cfd0_0, 0, 8;
    %pushi/vec4 1, 0, 1;
    %store/vec4 v000002ec88e4dcf0_0, 0, 1;
    %wait E_000002ec88e491e0;
    %pushi/vec4 110, 0, 8; draw_string_vec4
    %store/vec4 v000002ec88e4cfd0_0, 0, 8;
    %pushi/vec4 1, 0, 1;
    %store/vec4 v000002ec88e4dcf0_0, 0, 1;
    %wait E_000002ec88e491e0;
    %pushi/vec4 111, 0, 8; draw_string_vec4
    %store/vec4 v000002ec88e4cfd0_0, 0, 8;
    %pushi/vec4 1, 0, 1;
    %store/vec4 v000002ec88e4dcf0_0, 0, 1;
    %wait E_000002ec88e491e0;
    %pushi/vec4 109, 0, 8; draw_string_vec4
    %store/vec4 v000002ec88e4cfd0_0, 0, 8;
    %pushi/vec4 1, 0, 1;
    %store/vec4 v000002ec88e4dcf0_0, 0, 1;
    %wait E_000002ec88e491e0;
    %pushi/vec4 110, 0, 8; draw_string_vec4
    %store/vec4 v000002ec88e4cfd0_0, 0, 8;
    %pushi/vec4 1, 0, 1;
    %store/vec4 v000002ec88e4dcf0_0, 0, 1;
    %wait E_000002ec88e491e0;
    %pushi/vec4 111, 0, 8; draw_string_vec4
    %store/vec4 v000002ec88e4cfd0_0, 0, 8;
    %pushi/vec4 1, 0, 1;
    %store/vec4 v000002ec88e4dcf0_0, 0, 1;
    %wait E_000002ec88e491e0;
    %pushi/vec4 112, 0, 8; draw_string_vec4
    %store/vec4 v000002ec88e4cfd0_0, 0, 8;
    %pushi/vec4 1, 0, 1;
    %store/vec4 v000002ec88e4dcf0_0, 0, 1;
    %wait E_000002ec88e491e0;
    %pushi/vec4 110, 0, 8; draw_string_vec4
    %store/vec4 v000002ec88e4cfd0_0, 0, 8;
    %pushi/vec4 1, 0, 1;
    %store/vec4 v000002ec88e4dcf0_0, 0, 1;
    %wait E_000002ec88e491e0;
    %pushi/vec4 111, 0, 8; draw_string_vec4
    %store/vec4 v000002ec88e4cfd0_0, 0, 8;
    %pushi/vec4 1, 0, 1;
    %store/vec4 v000002ec88e4dcf0_0, 0, 1;
    %wait E_000002ec88e491e0;
    %pushi/vec4 112, 0, 8; draw_string_vec4
    %store/vec4 v000002ec88e4cfd0_0, 0, 8;
    %pushi/vec4 1, 0, 1;
    %store/vec4 v000002ec88e4dcf0_0, 0, 1;
    %wait E_000002ec88e491e0;
    %pushi/vec4 113, 0, 8; draw_string_vec4
    %store/vec4 v000002ec88e4cfd0_0, 0, 8;
    %pushi/vec4 1, 0, 1;
    %store/vec4 v000002ec88e4dcf0_0, 0, 1;
    %pushi/vec4 1, 0, 1;
    %store/vec4 v000002ec88e4cad0_0, 0, 1;
    %wait E_000002ec88e491e0;
    %pushi/vec4 0, 0, 1;
    %store/vec4 v000002ec88e4dcf0_0, 0, 1;
    %pushi/vec4 0, 0, 1;
    %store/vec4 v000002ec88e4cad0_0, 0, 1;
T_2.28 ;
    %load/vec4 v000002ec88e4cf30_0;
    %cmpi/ne 1, 0, 1;
    %jmp/0xz T_2.29, 6;
    %wait E_000002ec88e49720;
    %jmp T_2.28;
T_2.29 ;
    %load/vec4 v000002ec88e4d890_0;
    %pushi/vec4 3267675848, 0, 33;
    %concati/vec4 3301361866, 0, 32;
    %concati/vec4 3335047884, 0, 32;
    %concati/vec4 3368733902, 0, 32;
    %concati/vec4 3402419920, 0, 32;
    %concati/vec4 3436105938, 0, 32;
    %concati/vec4 3469791956, 0, 32;
    %concati/vec4 3503477974, 0, 32;
    %concati/vec4 3537163992, 0, 32;
    %concati/vec4 3570850010, 0, 32;
    %concati/vec4 3604536028, 0, 32;
    %concati/vec4 3638222046, 0, 32;
    %concati/vec4 3671908064, 0, 32;
    %concati/vec4 3705594083, 0, 32;
    %concati/vec4 0, 0, 63;
    %cmp/e;
    %jmp/0xz  T_2.30, 6;
    %vpi_call 2 478 "$display", "\012Padded block:" {0 0 0};
    %vpi_call 2 479 "$display", "%h %h %h %h", &PV<v000002ec88e4d890_0, 480, 32>, &PV<v000002ec88e4d890_0, 448, 32>, &PV<v000002ec88e4d890_0, 416, 32>, &PV<v000002ec88e4d890_0, 384, 32> {0 0 0};
    %vpi_call 2 481 "$display", "%h %h %h %h", &PV<v000002ec88e4d890_0, 352, 32>, &PV<v000002ec88e4d890_0, 320, 32>, &PV<v000002ec88e4d890_0, 288, 32>, &PV<v000002ec88e4d890_0, 256, 32> {0 0 0};
    %vpi_call 2 483 "$display", "%h %h %h %h", &PV<v000002ec88e4d890_0, 224, 32>, &PV<v000002ec88e4d890_0, 192, 32>, &PV<v000002ec88e4d890_0, 160, 32>, &PV<v000002ec88e4d890_0, 128, 32> {0 0 0};
    %vpi_call 2 485 "$display", "%h %h %h %h", &PV<v000002ec88e4d890_0, 96, 32>, &PV<v000002ec88e4d890_0, 64, 32>, &PV<v000002ec88e4d890_0, 32, 32>, &PV<v000002ec88e4d890_0, 0, 32> {0 0 0};
    %vpi_call 2 487 "$display", "[RESULT] PASS: 56-byte message padded correctly in first block" {0 0 0};
    %jmp T_2.31;
T_2.30 ;
    %vpi_call 2 489 "$display", "[RESULT] FAIL: Padding error" {0 0 0};
    %vpi_call 2 490 "$display", "Expected: 6162636462636465636465666465666765666768666768696768696a68696a6b696a6b6c6a6b6c6d6b6c6d6e6c6d6e6f6d6e6f706e6f70718000000000000000" {0 0 0};
    %vpi_call 2 492 "$display", "Received: %h", v000002ec88e4d890_0 {0 0 0};
T_2.31 ;
    %wait E_000002ec88e49160;
T_2.32 ;
    %load/vec4 v000002ec88e4cf30_0;
    %cmpi/ne 1, 0, 1;
    %jmp/0xz T_2.33, 6;
    %wait E_000002ec88e49720;
    %jmp T_2.32;
T_2.33 ;
    %load/vec4 v000002ec88e4d890_0;
    %cmpi/e 448, 0, 512;
    %jmp/0xz  T_2.34, 6;
    %vpi_call 2 499 "$display", "\012Padded block:" {0 0 0};
    %vpi_call 2 500 "$display", "%h %h %h %h", &PV<v000002ec88e4d890_0, 480, 32>, &PV<v000002ec88e4d890_0, 448, 32>, &PV<v000002ec88e4d890_0, 416, 32>, &PV<v000002ec88e4d890_0, 384, 32> {0 0 0};
    %vpi_call 2 502 "$display", "%h %h %h %h", &PV<v000002ec88e4d890_0, 352, 32>, &PV<v000002ec88e4d890_0, 320, 32>, &PV<v000002ec88e4d890_0, 288, 32>, &PV<v000002ec88e4d890_0, 256, 32> {0 0 0};
    %vpi_call 2 504 "$display", "%h %h %h %h", &PV<v000002ec88e4d890_0, 224, 32>, &PV<v000002ec88e4d890_0, 192, 32>, &PV<v000002ec88e4d890_0, 160, 32>, &PV<v000002ec88e4d890_0, 128, 32> {0 0 0};
    %vpi_call 2 506 "$display", "%h %h %h %h", &PV<v000002ec88e4d890_0, 96, 32>, &PV<v000002ec88e4d890_0, 64, 32>, &PV<v000002ec88e4d890_0, 32, 32>, &PV<v000002ec88e4d890_0, 0, 32> {0 0 0};
    %vpi_call 2 508 "$display", "[RESULT] PASS: 56-byte message padded correctly in second block" {0 0 0};
    %jmp T_2.35;
T_2.34 ;
    %vpi_call 2 510 "$display", "[RESULT] FAIL: Padding error" {0 0 0};
    %vpi_call 2 511 "$display", "Expected: 000000000000000000000000000000000000000000000000000000000000000000000000000000000000000000000000000000000000000000000000000001c0" {0 0 0};
    %vpi_call 2 513 "$display", "Received: %h", v000002ec88e4d890_0 {0 0 0};
T_2.35 ;
    %vpi_call 2 519 "$display", "\012[TEST CASE 6] Testing 896-bit message" {0 0 0};
    %delay 20000, 0;
    %pushi/vec4 0, 0, 1;
    %store/vec4 v000002ec88e4e650_0, 0, 1;
    %pushi/vec4 0, 0, 8;
    %store/vec4 v000002ec88e4cfd0_0, 0, 8;
    %pushi/vec4 0, 0, 1;
    %store/vec4 v000002ec88e4dcf0_0, 0, 1;
    %pushi/vec4 0, 0, 1;
    %store/vec4 v000002ec88e4cad0_0, 0, 1;
    %delay 10000, 0;
    %pushi/vec4 1, 0, 1;
    %store/vec4 v000002ec88e4e650_0, 0, 1;
    %delay 10000, 0;
T_2.36 ;
    %load/vec4 v000002ec88e4e1f0_0;
    %cmpi/ne 1, 0, 1;
    %jmp/0xz T_2.37, 6;
    %wait E_000002ec88e48e20;
    %jmp T_2.36;
T_2.37 ;
    %wait E_000002ec88e491e0;
    %pushi/vec4 97, 0, 8; draw_string_vec4
    %store/vec4 v000002ec88e4cfd0_0, 0, 8;
    %pushi/vec4 1, 0, 1;
    %store/vec4 v000002ec88e4dcf0_0, 0, 1;
    %wait E_000002ec88e491e0;
    %pushi/vec4 98, 0, 8; draw_string_vec4
    %store/vec4 v000002ec88e4cfd0_0, 0, 8;
    %pushi/vec4 1, 0, 1;
    %store/vec4 v000002ec88e4dcf0_0, 0, 1;
    %wait E_000002ec88e491e0;
    %pushi/vec4 99, 0, 8; draw_string_vec4
    %store/vec4 v000002ec88e4cfd0_0, 0, 8;
    %pushi/vec4 1, 0, 1;
    %store/vec4 v000002ec88e4dcf0_0, 0, 1;
    %wait E_000002ec88e491e0;
    %pushi/vec4 100, 0, 8; draw_string_vec4
    %store/vec4 v000002ec88e4cfd0_0, 0, 8;
    %pushi/vec4 1, 0, 1;
    %store/vec4 v000002ec88e4dcf0_0, 0, 1;
    %wait E_000002ec88e491e0;
    %pushi/vec4 101, 0, 8; draw_string_vec4
    %store/vec4 v000002ec88e4cfd0_0, 0, 8;
    %pushi/vec4 1, 0, 1;
    %store/vec4 v000002ec88e4dcf0_0, 0, 1;
    %wait E_000002ec88e491e0;
    %pushi/vec4 102, 0, 8; draw_string_vec4
    %store/vec4 v000002ec88e4cfd0_0, 0, 8;
    %pushi/vec4 1, 0, 1;
    %store/vec4 v000002ec88e4dcf0_0, 0, 1;
    %wait E_000002ec88e491e0;
    %pushi/vec4 103, 0, 8; draw_string_vec4
    %store/vec4 v000002ec88e4cfd0_0, 0, 8;
    %pushi/vec4 1, 0, 1;
    %store/vec4 v000002ec88e4dcf0_0, 0, 1;
    %wait E_000002ec88e491e0;
    %pushi/vec4 104, 0, 8; draw_string_vec4
    %store/vec4 v000002ec88e4cfd0_0, 0, 8;
    %pushi/vec4 1, 0, 1;
    %store/vec4 v000002ec88e4dcf0_0, 0, 1;
    %wait E_000002ec88e491e0;
    %pushi/vec4 98, 0, 8; draw_string_vec4
    %store/vec4 v000002ec88e4cfd0_0, 0, 8;
    %pushi/vec4 1, 0, 1;
    %store/vec4 v000002ec88e4dcf0_0, 0, 1;
    %wait E_000002ec88e491e0;
    %pushi/vec4 99, 0, 8; draw_string_vec4
    %store/vec4 v000002ec88e4cfd0_0, 0, 8;
    %pushi/vec4 1, 0, 1;
    %store/vec4 v000002ec88e4dcf0_0, 0, 1;
    %wait E_000002ec88e491e0;
    %pushi/vec4 100, 0, 8; draw_string_vec4
    %store/vec4 v000002ec88e4cfd0_0, 0, 8;
    %pushi/vec4 1, 0, 1;
    %store/vec4 v000002ec88e4dcf0_0, 0, 1;
    %wait E_000002ec88e491e0;
    %pushi/vec4 101, 0, 8; draw_string_vec4
    %store/vec4 v000002ec88e4cfd0_0, 0, 8;
    %pushi/vec4 1, 0, 1;
    %store/vec4 v000002ec88e4dcf0_0, 0, 1;
    %wait E_000002ec88e491e0;
    %pushi/vec4 102, 0, 8; draw_string_vec4
    %store/vec4 v000002ec88e4cfd0_0, 0, 8;
    %pushi/vec4 1, 0, 1;
    %store/vec4 v000002ec88e4dcf0_0, 0, 1;
    %wait E_000002ec88e491e0;
    %pushi/vec4 103, 0, 8; draw_string_vec4
    %store/vec4 v000002ec88e4cfd0_0, 0, 8;
    %pushi/vec4 1, 0, 1;
    %store/vec4 v000002ec88e4dcf0_0, 0, 1;
    %wait E_000002ec88e491e0;
    %pushi/vec4 104, 0, 8; draw_string_vec4
    %store/vec4 v000002ec88e4cfd0_0, 0, 8;
    %pushi/vec4 1, 0, 1;
    %store/vec4 v000002ec88e4dcf0_0, 0, 1;
    %wait E_000002ec88e491e0;
    %pushi/vec4 105, 0, 8; draw_string_vec4
    %store/vec4 v000002ec88e4cfd0_0, 0, 8;
    %pushi/vec4 1, 0, 1;
    %store/vec4 v000002ec88e4dcf0_0, 0, 1;
    %wait E_000002ec88e491e0;
    %pushi/vec4 99, 0, 8; draw_string_vec4
    %store/vec4 v000002ec88e4cfd0_0, 0, 8;
    %pushi/vec4 1, 0, 1;
    %store/vec4 v000002ec88e4dcf0_0, 0, 1;
    %wait E_000002ec88e491e0;
    %pushi/vec4 100, 0, 8; draw_string_vec4
    %store/vec4 v000002ec88e4cfd0_0, 0, 8;
    %pushi/vec4 1, 0, 1;
    %store/vec4 v000002ec88e4dcf0_0, 0, 1;
    %wait E_000002ec88e491e0;
    %pushi/vec4 101, 0, 8; draw_string_vec4
    %store/vec4 v000002ec88e4cfd0_0, 0, 8;
    %pushi/vec4 1, 0, 1;
    %store/vec4 v000002ec88e4dcf0_0, 0, 1;
    %wait E_000002ec88e491e0;
    %pushi/vec4 102, 0, 8; draw_string_vec4
    %store/vec4 v000002ec88e4cfd0_0, 0, 8;
    %pushi/vec4 1, 0, 1;
    %store/vec4 v000002ec88e4dcf0_0, 0, 1;
    %wait E_000002ec88e491e0;
    %pushi/vec4 103, 0, 8; draw_string_vec4
    %store/vec4 v000002ec88e4cfd0_0, 0, 8;
    %pushi/vec4 1, 0, 1;
    %store/vec4 v000002ec88e4dcf0_0, 0, 1;
    %wait E_000002ec88e491e0;
    %pushi/vec4 104, 0, 8; draw_string_vec4
    %store/vec4 v000002ec88e4cfd0_0, 0, 8;
    %pushi/vec4 1, 0, 1;
    %store/vec4 v000002ec88e4dcf0_0, 0, 1;
    %wait E_000002ec88e491e0;
    %pushi/vec4 105, 0, 8; draw_string_vec4
    %store/vec4 v000002ec88e4cfd0_0, 0, 8;
    %pushi/vec4 1, 0, 1;
    %store/vec4 v000002ec88e4dcf0_0, 0, 1;
    %wait E_000002ec88e491e0;
    %pushi/vec4 106, 0, 8; draw_string_vec4
    %store/vec4 v000002ec88e4cfd0_0, 0, 8;
    %pushi/vec4 1, 0, 1;
    %store/vec4 v000002ec88e4dcf0_0, 0, 1;
    %wait E_000002ec88e491e0;
    %pushi/vec4 100, 0, 8; draw_string_vec4
    %store/vec4 v000002ec88e4cfd0_0, 0, 8;
    %pushi/vec4 1, 0, 1;
    %store/vec4 v000002ec88e4dcf0_0, 0, 1;
    %wait E_000002ec88e491e0;
    %pushi/vec4 101, 0, 8; draw_string_vec4
    %store/vec4 v000002ec88e4cfd0_0, 0, 8;
    %pushi/vec4 1, 0, 1;
    %store/vec4 v000002ec88e4dcf0_0, 0, 1;
    %wait E_000002ec88e491e0;
    %pushi/vec4 102, 0, 8; draw_string_vec4
    %store/vec4 v000002ec88e4cfd0_0, 0, 8;
    %pushi/vec4 1, 0, 1;
    %store/vec4 v000002ec88e4dcf0_0, 0, 1;
    %wait E_000002ec88e491e0;
    %pushi/vec4 103, 0, 8; draw_string_vec4
    %store/vec4 v000002ec88e4cfd0_0, 0, 8;
    %pushi/vec4 1, 0, 1;
    %store/vec4 v000002ec88e4dcf0_0, 0, 1;
    %wait E_000002ec88e491e0;
    %pushi/vec4 104, 0, 8; draw_string_vec4
    %store/vec4 v000002ec88e4cfd0_0, 0, 8;
    %pushi/vec4 1, 0, 1;
    %store/vec4 v000002ec88e4dcf0_0, 0, 1;
    %wait E_000002ec88e491e0;
    %pushi/vec4 105, 0, 8; draw_string_vec4
    %store/vec4 v000002ec88e4cfd0_0, 0, 8;
    %pushi/vec4 1, 0, 1;
    %store/vec4 v000002ec88e4dcf0_0, 0, 1;
    %wait E_000002ec88e491e0;
    %pushi/vec4 106, 0, 8; draw_string_vec4
    %store/vec4 v000002ec88e4cfd0_0, 0, 8;
    %pushi/vec4 1, 0, 1;
    %store/vec4 v000002ec88e4dcf0_0, 0, 1;
    %wait E_000002ec88e491e0;
    %pushi/vec4 107, 0, 8; draw_string_vec4
    %store/vec4 v000002ec88e4cfd0_0, 0, 8;
    %pushi/vec4 1, 0, 1;
    %store/vec4 v000002ec88e4dcf0_0, 0, 1;
    %wait E_000002ec88e491e0;
    %pushi/vec4 101, 0, 8; draw_string_vec4
    %store/vec4 v000002ec88e4cfd0_0, 0, 8;
    %pushi/vec4 1, 0, 1;
    %store/vec4 v000002ec88e4dcf0_0, 0, 1;
    %wait E_000002ec88e491e0;
    %pushi/vec4 102, 0, 8; draw_string_vec4
    %store/vec4 v000002ec88e4cfd0_0, 0, 8;
    %pushi/vec4 1, 0, 1;
    %store/vec4 v000002ec88e4dcf0_0, 0, 1;
    %wait E_000002ec88e491e0;
    %pushi/vec4 103, 0, 8; draw_string_vec4
    %store/vec4 v000002ec88e4cfd0_0, 0, 8;
    %pushi/vec4 1, 0, 1;
    %store/vec4 v000002ec88e4dcf0_0, 0, 1;
    %wait E_000002ec88e491e0;
    %pushi/vec4 104, 0, 8; draw_string_vec4
    %store/vec4 v000002ec88e4cfd0_0, 0, 8;
    %pushi/vec4 1, 0, 1;
    %store/vec4 v000002ec88e4dcf0_0, 0, 1;
    %wait E_000002ec88e491e0;
    %pushi/vec4 105, 0, 8; draw_string_vec4
    %store/vec4 v000002ec88e4cfd0_0, 0, 8;
    %pushi/vec4 1, 0, 1;
    %store/vec4 v000002ec88e4dcf0_0, 0, 1;
    %wait E_000002ec88e491e0;
    %pushi/vec4 106, 0, 8; draw_string_vec4
    %store/vec4 v000002ec88e4cfd0_0, 0, 8;
    %pushi/vec4 1, 0, 1;
    %store/vec4 v000002ec88e4dcf0_0, 0, 1;
    %wait E_000002ec88e491e0;
    %pushi/vec4 107, 0, 8; draw_string_vec4
    %store/vec4 v000002ec88e4cfd0_0, 0, 8;
    %pushi/vec4 1, 0, 1;
    %store/vec4 v000002ec88e4dcf0_0, 0, 1;
    %wait E_000002ec88e491e0;
    %pushi/vec4 108, 0, 8; draw_string_vec4
    %store/vec4 v000002ec88e4cfd0_0, 0, 8;
    %pushi/vec4 1, 0, 1;
    %store/vec4 v000002ec88e4dcf0_0, 0, 1;
    %wait E_000002ec88e491e0;
    %pushi/vec4 102, 0, 8; draw_string_vec4
    %store/vec4 v000002ec88e4cfd0_0, 0, 8;
    %pushi/vec4 1, 0, 1;
    %store/vec4 v000002ec88e4dcf0_0, 0, 1;
    %wait E_000002ec88e491e0;
    %pushi/vec4 103, 0, 8; draw_string_vec4
    %store/vec4 v000002ec88e4cfd0_0, 0, 8;
    %pushi/vec4 1, 0, 1;
    %store/vec4 v000002ec88e4dcf0_0, 0, 1;
    %wait E_000002ec88e491e0;
    %pushi/vec4 104, 0, 8; draw_string_vec4
    %store/vec4 v000002ec88e4cfd0_0, 0, 8;
    %pushi/vec4 1, 0, 1;
    %store/vec4 v000002ec88e4dcf0_0, 0, 1;
    %wait E_000002ec88e491e0;
    %pushi/vec4 105, 0, 8; draw_string_vec4
    %store/vec4 v000002ec88e4cfd0_0, 0, 8;
    %pushi/vec4 1, 0, 1;
    %store/vec4 v000002ec88e4dcf0_0, 0, 1;
    %wait E_000002ec88e491e0;
    %pushi/vec4 106, 0, 8; draw_string_vec4
    %store/vec4 v000002ec88e4cfd0_0, 0, 8;
    %pushi/vec4 1, 0, 1;
    %store/vec4 v000002ec88e4dcf0_0, 0, 1;
    %wait E_000002ec88e491e0;
    %pushi/vec4 107, 0, 8; draw_string_vec4
    %store/vec4 v000002ec88e4cfd0_0, 0, 8;
    %pushi/vec4 1, 0, 1;
    %store/vec4 v000002ec88e4dcf0_0, 0, 1;
    %wait E_000002ec88e491e0;
    %pushi/vec4 108, 0, 8; draw_string_vec4
    %store/vec4 v000002ec88e4cfd0_0, 0, 8;
    %pushi/vec4 1, 0, 1;
    %store/vec4 v000002ec88e4dcf0_0, 0, 1;
    %wait E_000002ec88e491e0;
    %pushi/vec4 109, 0, 8; draw_string_vec4
    %store/vec4 v000002ec88e4cfd0_0, 0, 8;
    %pushi/vec4 1, 0, 1;
    %store/vec4 v000002ec88e4dcf0_0, 0, 1;
    %wait E_000002ec88e491e0;
    %pushi/vec4 103, 0, 8; draw_string_vec4
    %store/vec4 v000002ec88e4cfd0_0, 0, 8;
    %pushi/vec4 1, 0, 1;
    %store/vec4 v000002ec88e4dcf0_0, 0, 1;
    %wait E_000002ec88e491e0;
    %pushi/vec4 104, 0, 8; draw_string_vec4
    %store/vec4 v000002ec88e4cfd0_0, 0, 8;
    %pushi/vec4 1, 0, 1;
    %store/vec4 v000002ec88e4dcf0_0, 0, 1;
    %wait E_000002ec88e491e0;
    %pushi/vec4 105, 0, 8; draw_string_vec4
    %store/vec4 v000002ec88e4cfd0_0, 0, 8;
    %pushi/vec4 1, 0, 1;
    %store/vec4 v000002ec88e4dcf0_0, 0, 1;
    %wait E_000002ec88e491e0;
    %pushi/vec4 106, 0, 8; draw_string_vec4
    %store/vec4 v000002ec88e4cfd0_0, 0, 8;
    %pushi/vec4 1, 0, 1;
    %store/vec4 v000002ec88e4dcf0_0, 0, 1;
    %wait E_000002ec88e491e0;
    %pushi/vec4 107, 0, 8; draw_string_vec4
    %store/vec4 v000002ec88e4cfd0_0, 0, 8;
    %pushi/vec4 1, 0, 1;
    %store/vec4 v000002ec88e4dcf0_0, 0, 1;
    %wait E_000002ec88e491e0;
    %pushi/vec4 108, 0, 8; draw_string_vec4
    %store/vec4 v000002ec88e4cfd0_0, 0, 8;
    %pushi/vec4 1, 0, 1;
    %store/vec4 v000002ec88e4dcf0_0, 0, 1;
    %wait E_000002ec88e491e0;
    %pushi/vec4 109, 0, 8; draw_string_vec4
    %store/vec4 v000002ec88e4cfd0_0, 0, 8;
    %pushi/vec4 1, 0, 1;
    %store/vec4 v000002ec88e4dcf0_0, 0, 1;
    %wait E_000002ec88e491e0;
    %pushi/vec4 110, 0, 8; draw_string_vec4
    %store/vec4 v000002ec88e4cfd0_0, 0, 8;
    %pushi/vec4 1, 0, 1;
    %store/vec4 v000002ec88e4dcf0_0, 0, 1;
    %wait E_000002ec88e491e0;
    %pushi/vec4 104, 0, 8; draw_string_vec4
    %store/vec4 v000002ec88e4cfd0_0, 0, 8;
    %pushi/vec4 1, 0, 1;
    %store/vec4 v000002ec88e4dcf0_0, 0, 1;
    %wait E_000002ec88e491e0;
    %pushi/vec4 105, 0, 8; draw_string_vec4
    %store/vec4 v000002ec88e4cfd0_0, 0, 8;
    %pushi/vec4 1, 0, 1;
    %store/vec4 v000002ec88e4dcf0_0, 0, 1;
    %wait E_000002ec88e491e0;
    %pushi/vec4 106, 0, 8; draw_string_vec4
    %store/vec4 v000002ec88e4cfd0_0, 0, 8;
    %pushi/vec4 1, 0, 1;
    %store/vec4 v000002ec88e4dcf0_0, 0, 1;
    %wait E_000002ec88e491e0;
    %pushi/vec4 107, 0, 8; draw_string_vec4
    %store/vec4 v000002ec88e4cfd0_0, 0, 8;
    %pushi/vec4 1, 0, 1;
    %store/vec4 v000002ec88e4dcf0_0, 0, 1;
    %wait E_000002ec88e491e0;
    %pushi/vec4 108, 0, 8; draw_string_vec4
    %store/vec4 v000002ec88e4cfd0_0, 0, 8;
    %pushi/vec4 1, 0, 1;
    %store/vec4 v000002ec88e4dcf0_0, 0, 1;
    %wait E_000002ec88e491e0;
    %pushi/vec4 109, 0, 8; draw_string_vec4
    %store/vec4 v000002ec88e4cfd0_0, 0, 8;
    %pushi/vec4 1, 0, 1;
    %store/vec4 v000002ec88e4dcf0_0, 0, 1;
    %wait E_000002ec88e491e0;
    %pushi/vec4 110, 0, 8; draw_string_vec4
    %store/vec4 v000002ec88e4cfd0_0, 0, 8;
    %pushi/vec4 1, 0, 1;
    %store/vec4 v000002ec88e4dcf0_0, 0, 1;
    %wait E_000002ec88e491e0;
    %pushi/vec4 111, 0, 8; draw_string_vec4
    %store/vec4 v000002ec88e4cfd0_0, 0, 8;
    %pushi/vec4 1, 0, 1;
    %store/vec4 v000002ec88e4dcf0_0, 0, 1;
    %wait E_000002ec88e491e0;
    %pushi/vec4 105, 0, 8; draw_string_vec4
    %store/vec4 v000002ec88e4cfd0_0, 0, 8;
    %pushi/vec4 1, 0, 1;
    %store/vec4 v000002ec88e4dcf0_0, 0, 1;
    %wait E_000002ec88e491e0;
    %pushi/vec4 106, 0, 8; draw_string_vec4
    %store/vec4 v000002ec88e4cfd0_0, 0, 8;
    %pushi/vec4 1, 0, 1;
    %store/vec4 v000002ec88e4dcf0_0, 0, 1;
    %wait E_000002ec88e491e0;
    %pushi/vec4 107, 0, 8; draw_string_vec4
    %store/vec4 v000002ec88e4cfd0_0, 0, 8;
    %pushi/vec4 1, 0, 1;
    %store/vec4 v000002ec88e4dcf0_0, 0, 1;
    %wait E_000002ec88e491e0;
    %pushi/vec4 108, 0, 8; draw_string_vec4
    %store/vec4 v000002ec88e4cfd0_0, 0, 8;
    %pushi/vec4 1, 0, 1;
    %store/vec4 v000002ec88e4dcf0_0, 0, 1;
    %wait E_000002ec88e491e0;
    %pushi/vec4 109, 0, 8; draw_string_vec4
    %store/vec4 v000002ec88e4cfd0_0, 0, 8;
    %pushi/vec4 1, 0, 1;
    %store/vec4 v000002ec88e4dcf0_0, 0, 1;
    %wait E_000002ec88e491e0;
    %pushi/vec4 110, 0, 8; draw_string_vec4
    %store/vec4 v000002ec88e4cfd0_0, 0, 8;
    %pushi/vec4 1, 0, 1;
    %store/vec4 v000002ec88e4dcf0_0, 0, 1;
    %wait E_000002ec88e491e0;
    %pushi/vec4 111, 0, 8; draw_string_vec4
    %store/vec4 v000002ec88e4cfd0_0, 0, 8;
    %pushi/vec4 1, 0, 1;
    %store/vec4 v000002ec88e4dcf0_0, 0, 1;
    %wait E_000002ec88e491e0;
    %pushi/vec4 112, 0, 8; draw_string_vec4
    %store/vec4 v000002ec88e4cfd0_0, 0, 8;
    %pushi/vec4 1, 0, 1;
    %store/vec4 v000002ec88e4dcf0_0, 0, 1;
    %wait E_000002ec88e491e0;
    %pushi/vec4 106, 0, 8; draw_string_vec4
    %store/vec4 v000002ec88e4cfd0_0, 0, 8;
    %pushi/vec4 1, 0, 1;
    %store/vec4 v000002ec88e4dcf0_0, 0, 1;
    %wait E_000002ec88e491e0;
    %pushi/vec4 107, 0, 8; draw_string_vec4
    %store/vec4 v000002ec88e4cfd0_0, 0, 8;
    %pushi/vec4 1, 0, 1;
    %store/vec4 v000002ec88e4dcf0_0, 0, 1;
    %wait E_000002ec88e491e0;
    %pushi/vec4 108, 0, 8; draw_string_vec4
    %store/vec4 v000002ec88e4cfd0_0, 0, 8;
    %pushi/vec4 1, 0, 1;
    %store/vec4 v000002ec88e4dcf0_0, 0, 1;
    %wait E_000002ec88e491e0;
    %pushi/vec4 109, 0, 8; draw_string_vec4
    %store/vec4 v000002ec88e4cfd0_0, 0, 8;
    %pushi/vec4 1, 0, 1;
    %store/vec4 v000002ec88e4dcf0_0, 0, 1;
    %wait E_000002ec88e491e0;
    %pushi/vec4 110, 0, 8; draw_string_vec4
    %store/vec4 v000002ec88e4cfd0_0, 0, 8;
    %pushi/vec4 1, 0, 1;
    %store/vec4 v000002ec88e4dcf0_0, 0, 1;
    %wait E_000002ec88e491e0;
    %pushi/vec4 111, 0, 8; draw_string_vec4
    %store/vec4 v000002ec88e4cfd0_0, 0, 8;
    %pushi/vec4 1, 0, 1;
    %store/vec4 v000002ec88e4dcf0_0, 0, 1;
    %wait E_000002ec88e491e0;
    %pushi/vec4 112, 0, 8; draw_string_vec4
    %store/vec4 v000002ec88e4cfd0_0, 0, 8;
    %pushi/vec4 1, 0, 1;
    %store/vec4 v000002ec88e4dcf0_0, 0, 1;
    %wait E_000002ec88e491e0;
    %pushi/vec4 113, 0, 8; draw_string_vec4
    %store/vec4 v000002ec88e4cfd0_0, 0, 8;
    %pushi/vec4 1, 0, 1;
    %store/vec4 v000002ec88e4dcf0_0, 0, 1;
    %wait E_000002ec88e491e0;
    %pushi/vec4 107, 0, 8; draw_string_vec4
    %store/vec4 v000002ec88e4cfd0_0, 0, 8;
    %pushi/vec4 1, 0, 1;
    %store/vec4 v000002ec88e4dcf0_0, 0, 1;
    %wait E_000002ec88e491e0;
    %pushi/vec4 108, 0, 8; draw_string_vec4
    %store/vec4 v000002ec88e4cfd0_0, 0, 8;
    %pushi/vec4 1, 0, 1;
    %store/vec4 v000002ec88e4dcf0_0, 0, 1;
    %wait E_000002ec88e491e0;
    %pushi/vec4 109, 0, 8; draw_string_vec4
    %store/vec4 v000002ec88e4cfd0_0, 0, 8;
    %pushi/vec4 1, 0, 1;
    %store/vec4 v000002ec88e4dcf0_0, 0, 1;
    %wait E_000002ec88e491e0;
    %pushi/vec4 110, 0, 8; draw_string_vec4
    %store/vec4 v000002ec88e4cfd0_0, 0, 8;
    %pushi/vec4 1, 0, 1;
    %store/vec4 v000002ec88e4dcf0_0, 0, 1;
    %wait E_000002ec88e491e0;
    %pushi/vec4 111, 0, 8; draw_string_vec4
    %store/vec4 v000002ec88e4cfd0_0, 0, 8;
    %pushi/vec4 1, 0, 1;
    %store/vec4 v000002ec88e4dcf0_0, 0, 1;
    %wait E_000002ec88e491e0;
    %pushi/vec4 112, 0, 8; draw_string_vec4
    %store/vec4 v000002ec88e4cfd0_0, 0, 8;
    %pushi/vec4 1, 0, 1;
    %store/vec4 v000002ec88e4dcf0_0, 0, 1;
    %wait E_000002ec88e491e0;
    %pushi/vec4 113, 0, 8; draw_string_vec4
    %store/vec4 v000002ec88e4cfd0_0, 0, 8;
    %pushi/vec4 1, 0, 1;
    %store/vec4 v000002ec88e4dcf0_0, 0, 1;
    %wait E_000002ec88e491e0;
    %pushi/vec4 114, 0, 8; draw_string_vec4
    %store/vec4 v000002ec88e4cfd0_0, 0, 8;
    %pushi/vec4 1, 0, 1;
    %store/vec4 v000002ec88e4dcf0_0, 0, 1;
    %wait E_000002ec88e491e0;
    %pushi/vec4 108, 0, 8; draw_string_vec4
    %store/vec4 v000002ec88e4cfd0_0, 0, 8;
    %pushi/vec4 1, 0, 1;
    %store/vec4 v000002ec88e4dcf0_0, 0, 1;
    %wait E_000002ec88e491e0;
    %pushi/vec4 109, 0, 8; draw_string_vec4
    %store/vec4 v000002ec88e4cfd0_0, 0, 8;
    %pushi/vec4 1, 0, 1;
    %store/vec4 v000002ec88e4dcf0_0, 0, 1;
    %wait E_000002ec88e491e0;
    %pushi/vec4 110, 0, 8; draw_string_vec4
    %store/vec4 v000002ec88e4cfd0_0, 0, 8;
    %pushi/vec4 1, 0, 1;
    %store/vec4 v000002ec88e4dcf0_0, 0, 1;
    %wait E_000002ec88e491e0;
    %pushi/vec4 111, 0, 8; draw_string_vec4
    %store/vec4 v000002ec88e4cfd0_0, 0, 8;
    %pushi/vec4 1, 0, 1;
    %store/vec4 v000002ec88e4dcf0_0, 0, 1;
    %wait E_000002ec88e491e0;
    %pushi/vec4 112, 0, 8; draw_string_vec4
    %store/vec4 v000002ec88e4cfd0_0, 0, 8;
    %pushi/vec4 1, 0, 1;
    %store/vec4 v000002ec88e4dcf0_0, 0, 1;
    %wait E_000002ec88e491e0;
    %pushi/vec4 113, 0, 8; draw_string_vec4
    %store/vec4 v000002ec88e4cfd0_0, 0, 8;
    %pushi/vec4 1, 0, 1;
    %store/vec4 v000002ec88e4dcf0_0, 0, 1;
    %wait E_000002ec88e491e0;
    %pushi/vec4 114, 0, 8; draw_string_vec4
    %store/vec4 v000002ec88e4cfd0_0, 0, 8;
    %pushi/vec4 1, 0, 1;
    %store/vec4 v000002ec88e4dcf0_0, 0, 1;
    %wait E_000002ec88e491e0;
    %pushi/vec4 115, 0, 8; draw_string_vec4
    %store/vec4 v000002ec88e4cfd0_0, 0, 8;
    %pushi/vec4 1, 0, 1;
    %store/vec4 v000002ec88e4dcf0_0, 0, 1;
    %wait E_000002ec88e491e0;
    %pushi/vec4 109, 0, 8; draw_string_vec4
    %store/vec4 v000002ec88e4cfd0_0, 0, 8;
    %pushi/vec4 1, 0, 1;
    %store/vec4 v000002ec88e4dcf0_0, 0, 1;
    %wait E_000002ec88e491e0;
    %pushi/vec4 110, 0, 8; draw_string_vec4
    %store/vec4 v000002ec88e4cfd0_0, 0, 8;
    %pushi/vec4 1, 0, 1;
    %store/vec4 v000002ec88e4dcf0_0, 0, 1;
    %wait E_000002ec88e491e0;
    %pushi/vec4 111, 0, 8; draw_string_vec4
    %store/vec4 v000002ec88e4cfd0_0, 0, 8;
    %pushi/vec4 1, 0, 1;
    %store/vec4 v000002ec88e4dcf0_0, 0, 1;
    %wait E_000002ec88e491e0;
    %pushi/vec4 112, 0, 8; draw_string_vec4
    %store/vec4 v000002ec88e4cfd0_0, 0, 8;
    %pushi/vec4 1, 0, 1;
    %store/vec4 v000002ec88e4dcf0_0, 0, 1;
    %wait E_000002ec88e491e0;
    %pushi/vec4 113, 0, 8; draw_string_vec4
    %store/vec4 v000002ec88e4cfd0_0, 0, 8;
    %pushi/vec4 1, 0, 1;
    %store/vec4 v000002ec88e4dcf0_0, 0, 1;
    %wait E_000002ec88e491e0;
    %pushi/vec4 114, 0, 8; draw_string_vec4
    %store/vec4 v000002ec88e4cfd0_0, 0, 8;
    %pushi/vec4 1, 0, 1;
    %store/vec4 v000002ec88e4dcf0_0, 0, 1;
    %wait E_000002ec88e491e0;
    %pushi/vec4 115, 0, 8; draw_string_vec4
    %store/vec4 v000002ec88e4cfd0_0, 0, 8;
    %pushi/vec4 1, 0, 1;
    %store/vec4 v000002ec88e4dcf0_0, 0, 1;
    %wait E_000002ec88e491e0;
    %pushi/vec4 116, 0, 8; draw_string_vec4
    %store/vec4 v000002ec88e4cfd0_0, 0, 8;
    %pushi/vec4 1, 0, 1;
    %store/vec4 v000002ec88e4dcf0_0, 0, 1;
    %wait E_000002ec88e491e0;
    %pushi/vec4 110, 0, 8; draw_string_vec4
    %store/vec4 v000002ec88e4cfd0_0, 0, 8;
    %pushi/vec4 1, 0, 1;
    %store/vec4 v000002ec88e4dcf0_0, 0, 1;
    %wait E_000002ec88e491e0;
    %pushi/vec4 111, 0, 8; draw_string_vec4
    %store/vec4 v000002ec88e4cfd0_0, 0, 8;
    %pushi/vec4 1, 0, 1;
    %store/vec4 v000002ec88e4dcf0_0, 0, 1;
    %wait E_000002ec88e491e0;
    %pushi/vec4 112, 0, 8; draw_string_vec4
    %store/vec4 v000002ec88e4cfd0_0, 0, 8;
    %pushi/vec4 1, 0, 1;
    %store/vec4 v000002ec88e4dcf0_0, 0, 1;
    %wait E_000002ec88e491e0;
    %pushi/vec4 113, 0, 8; draw_string_vec4
    %store/vec4 v000002ec88e4cfd0_0, 0, 8;
    %pushi/vec4 1, 0, 1;
    %store/vec4 v000002ec88e4dcf0_0, 0, 1;
    %wait E_000002ec88e491e0;
    %pushi/vec4 114, 0, 8; draw_string_vec4
    %store/vec4 v000002ec88e4cfd0_0, 0, 8;
    %pushi/vec4 1, 0, 1;
    %store/vec4 v000002ec88e4dcf0_0, 0, 1;
    %wait E_000002ec88e491e0;
    %pushi/vec4 115, 0, 8; draw_string_vec4
    %store/vec4 v000002ec88e4cfd0_0, 0, 8;
    %pushi/vec4 1, 0, 1;
    %store/vec4 v000002ec88e4dcf0_0, 0, 1;
    %wait E_000002ec88e491e0;
    %pushi/vec4 116, 0, 8; draw_string_vec4
    %store/vec4 v000002ec88e4cfd0_0, 0, 8;
    %pushi/vec4 1, 0, 1;
    %store/vec4 v000002ec88e4dcf0_0, 0, 1;
    %wait E_000002ec88e491e0;
    %pushi/vec4 117, 0, 8; draw_string_vec4
    %store/vec4 v000002ec88e4cfd0_0, 0, 8;
    %pushi/vec4 1, 0, 1;
    %store/vec4 v000002ec88e4dcf0_0, 0, 1;
    %pushi/vec4 1, 0, 1;
    %store/vec4 v000002ec88e4cad0_0, 0, 1;
    %wait E_000002ec88e491e0;
    %pushi/vec4 0, 0, 1;
    %store/vec4 v000002ec88e4dcf0_0, 0, 1;
    %pushi/vec4 0, 0, 1;
    %store/vec4 v000002ec88e4cad0_0, 0, 1;
T_2.38 ;
    %load/vec4 v000002ec88e4cf30_0;
    %cmpi/ne 1, 0, 1;
    %jmp/0xz T_2.39, 6;
    %wait E_000002ec88e49720;
    %jmp T_2.38;
T_2.39 ;
    %load/vec4 v000002ec88e4d890_0;
    %pushi/vec4 3537163992, 0, 33;
    %concati/vec4 3671908064, 0, 32;
    %concati/vec4 3570850010, 0, 32;
    %concati/vec4 3705594082, 0, 32;
    %concati/vec4 3604536028, 0, 32;
    %concati/vec4 3739280100, 0, 32;
    %concati/vec4 3638222046, 0, 32;
    %concati/vec4 3772966118, 0, 32;
    %concati/vec4 3671908064, 0, 32;
    %concati/vec4 3806652136, 0, 32;
    %concati/vec4 3705594082, 0, 32;
    %concati/vec4 3840338155, 0, 32;
    %concati/vec4 896, 0, 127;
    %cmp/e;
    %jmp/0xz  T_2.40, 6;
    %vpi_call 2 896 "$display", "\012Padded block:" {0 0 0};
    %vpi_call 2 897 "$display", "%h %h %h %h", &PV<v000002ec88e4d890_0, 480, 32>, &PV<v000002ec88e4d890_0, 448, 32>, &PV<v000002ec88e4d890_0, 416, 32>, &PV<v000002ec88e4d890_0, 384, 32> {0 0 0};
    %vpi_call 2 899 "$display", "%h %h %h %h", &PV<v000002ec88e4d890_0, 352, 32>, &PV<v000002ec88e4d890_0, 320, 32>, &PV<v000002ec88e4d890_0, 288, 32>, &PV<v000002ec88e4d890_0, 256, 32> {0 0 0};
    %vpi_call 2 901 "$display", "%h %h %h %h", &PV<v000002ec88e4d890_0, 224, 32>, &PV<v000002ec88e4d890_0, 192, 32>, &PV<v000002ec88e4d890_0, 160, 32>, &PV<v000002ec88e4d890_0, 128, 32> {0 0 0};
    %vpi_call 2 903 "$display", "%h %h %h %h", &PV<v000002ec88e4d890_0, 96, 32>, &PV<v000002ec88e4d890_0, 64, 32>, &PV<v000002ec88e4d890_0, 32, 32>, &PV<v000002ec88e4d890_0, 0, 32> {0 0 0};
    %vpi_call 2 905 "$display", "[RESULT] PASS: 896-bit message padded correctly in second block" {0 0 0};
    %jmp T_2.41;
T_2.40 ;
    %vpi_call 2 907 "$display", "[RESULT] FAIL: Padding error" {0 0 0};
    %vpi_call 2 908 "$display", "Expected: 696a6b6c6d6e6f706a6b6c6d6e6f70716b6c6d6e6f7071726c6d6e6f707172736d6e6f70717273746e6f70717273747580000000000000000000000000000380" {0 0 0};
    %vpi_call 2 910 "$display", "Received: %h", v000002ec88e4d890_0 {0 0 0};
T_2.41 ;
    %vpi_call 2 916 "$display", "\012[TEST CASE 7] Testing 1000-byte message" {0 0 0};
    %delay 20000, 0;
    %pushi/vec4 0, 0, 1;
    %store/vec4 v000002ec88e4e650_0, 0, 1;
    %pushi/vec4 0, 0, 8;
    %store/vec4 v000002ec88e4cfd0_0, 0, 8;
    %pushi/vec4 0, 0, 1;
    %store/vec4 v000002ec88e4dcf0_0, 0, 1;
    %pushi/vec4 0, 0, 1;
    %store/vec4 v000002ec88e4cad0_0, 0, 1;
    %delay 10000, 0;
    %pushi/vec4 1, 0, 1;
    %store/vec4 v000002ec88e4e650_0, 0, 1;
    %delay 10000, 0;
T_2.42 ;
    %load/vec4 v000002ec88e4e1f0_0;
    %cmpi/ne 1, 0, 1;
    %jmp/0xz T_2.43, 6;
    %wait E_000002ec88e48e20;
    %jmp T_2.42;
T_2.43 ;
    %wait E_000002ec88e491e0;
    %fork t_3, S_000002ec88d5a560;
    %jmp t_2;
    .scope S_000002ec88d5a560;
t_3 ;
    %pushi/vec4 0, 0, 32;
    %store/vec4 v000002ec88e4cb70_0, 0, 32;
T_2.44 ;
    %load/vec4 v000002ec88e4cb70_0;
    %cmpi/s 1000, 0, 32;
    %jmp/0xz T_2.45, 5;
    %pushi/vec4 97, 0, 8; draw_string_vec4
    %store/vec4 v000002ec88e4cfd0_0, 0, 8;
    %pushi/vec4 1, 0, 1;
    %store/vec4 v000002ec88e4dcf0_0, 0, 1;
    %load/vec4 v000002ec88e4cb70_0;
    %pushi/vec4 999, 0, 32;
    %cmp/e;
    %flag_get/vec4 4;
    %store/vec4 v000002ec88e4cad0_0, 0, 1;
    %wait E_000002ec88e491e0;
    %load/vec4 v000002ec88e4cb70_0;
    %addi 1, 0, 32;
    %store/vec4 v000002ec88e4cb70_0, 0, 32;
    %jmp T_2.44;
T_2.45 ;
    %end;
    .scope S_000002ec88d9ba80;
t_2 %join;
    %pushi/vec4 0, 0, 1;
    %store/vec4 v000002ec88e4dcf0_0, 0, 1;
    %pushi/vec4 0, 0, 1;
    %store/vec4 v000002ec88e4cad0_0, 0, 1;
T_2.46 ;
    %load/vec4 v000002ec88e4cf30_0;
    %cmpi/ne 1, 0, 1;
    %jmp/0xz T_2.47, 6;
    %wait E_000002ec88e49720;
    %jmp T_2.46;
T_2.47 ;
    %load/vec4 v000002ec88e4d890_0;
    %pushi/vec4 3267543746, 0, 33;
    %concati/vec4 3267543746, 0, 32;
    %concati/vec4 3267543746, 0, 32;
    %concati/vec4 3267543746, 0, 32;
    %concati/vec4 3267543746, 0, 32;
    %concati/vec4 3267543746, 0, 32;
    %concati/vec4 3267543746, 0, 32;
    %concati/vec4 3267543746, 0, 32;
    %concati/vec4 3267543746, 0, 32;
    %concati/vec4 3267543747, 0, 32;
    %concati/vec4 8000, 0, 191;
    %cmp/e;
    %jmp/0xz  T_2.48, 6;
    %vpi_call 2 949 "$display", "\012Padded block:" {0 0 0};
    %vpi_call 2 950 "$display", "%h %h %h %h", &PV<v000002ec88e4d890_0, 480, 32>, &PV<v000002ec88e4d890_0, 448, 32>, &PV<v000002ec88e4d890_0, 416, 32>, &PV<v000002ec88e4d890_0, 384, 32> {0 0 0};
    %vpi_call 2 952 "$display", "%h %h %h %h", &PV<v000002ec88e4d890_0, 352, 32>, &PV<v000002ec88e4d890_0, 320, 32>, &PV<v000002ec88e4d890_0, 288, 32>, &PV<v000002ec88e4d890_0, 256, 32> {0 0 0};
    %vpi_call 2 954 "$display", "%h %h %h %h", &PV<v000002ec88e4d890_0, 224, 32>, &PV<v000002ec88e4d890_0, 192, 32>, &PV<v000002ec88e4d890_0, 160, 32>, &PV<v000002ec88e4d890_0, 128, 32> {0 0 0};
    %vpi_call 2 956 "$display", "%h %h %h %h", &PV<v000002ec88e4d890_0, 96, 32>, &PV<v000002ec88e4d890_0, 64, 32>, &PV<v000002ec88e4d890_0, 32, 32>, &PV<v000002ec88e4d890_0, 0, 32> {0 0 0};
    %vpi_call 2 958 "$display", "[RESULT] PASS: 1000-byte message padded correctly in 16 block" {0 0 0};
    %jmp T_2.49;
T_2.48 ;
    %vpi_call 2 960 "$display", "[RESULT] FAIL: Padding error" {0 0 0};
    %vpi_call 2 961 "$display", "Expected: 61616161616161616161616161616161616161616161616161616161616161616161616161616161800000000000000000000000000000000000000000001f40" {0 0 0};
    %vpi_call 2 963 "$display", "Received: %h", v000002ec88e4d890_0 {0 0 0};
T_2.49 ;
    %delay 100000, 0;
    %vpi_call 2 970 "$display", "\012[SIMULATION FINISHED]" {0 0 0};
    %vpi_call 2 971 "$finish" {0 0 0};
    %end;
    .thread T_2;
    .scope S_000002ec88d9ba80;
T_3 ;
    %vpi_call 2 976 "$dumpfile", "padding.vcd" {0 0 0};
    %vpi_call 2 977 "$dumpvars", 32'sb00000000000000000000000000000000, S_000002ec88d9ba80 {0 0 0};
    %end;
    .thread T_3;
# The file index is used to find the file name in the following table.
:file_names 4;
    "N/A";
    "<interactive>";
    "padding_tb.v";
    "padding.v";
