#! /c/Source/iverilog-install/bin/vvp
:ivl_version "12.0 (devel)" "(s20150603-1539-g2693dd32b)";
:ivl_delay_selection "TYPICAL";
:vpi_time_precision - 12;
:vpi_module "D:\install\ICARUS~1\iverilog\lib\ivl\system.vpi";
:vpi_module "D:\install\ICARUS~1\iverilog\lib\ivl\vhdl_sys.vpi";
:vpi_module "D:\install\ICARUS~1\iverilog\lib\ivl\vhdl_textio.vpi";
:vpi_module "D:\install\ICARUS~1\iverilog\lib\ivl\v2005_math.vpi";
:vpi_module "D:\install\ICARUS~1\iverilog\lib\ivl\va_math.vpi";
S_000002b4b9b95e60 .scope module, "top_tb" "top_tb" 2 3;
 .timescale -9 -12;
v000002b4b9f633f0_0 .var "clk", 0 0;
v000002b4b9f63490_0 .var "data_in", 7 0;
v000002b4b9f63d50_0 .var "data_in_valid", 0 0;
v000002b4b9f63530_0 .var "data_last", 0 0;
v000002b4b9f63990_0 .net "data_ready", 0 0, v000002b4b9f63e90_0;  1 drivers
v000002b4b9f63b70_0 .net "hash_out", 255 0, v000002b4b9f628b0_0;  1 drivers
v000002b4b9f63df0_0 .net "hash_out_valid", 0 0, v000002b4b9f637b0_0;  1 drivers
v000002b4b9f63a30_0 .var/i "i", 31 0;
v000002b4b9f63f30_0 .var/i "message_length", 31 0;
v000002b4b9f635d0_0 .var "rst_n", 0 0;
v000002b4b9f62590 .array "test_message", 63 0, 7 0;
E_000002b4b9b8df00 .event anyedge, v000002b4b9f637b0_0;
E_000002b4b9b8de40 .event negedge, v000002b4b9f637b0_0;
E_000002b4b9b8dfc0 .event posedge, v000002b4b9f60a10_0;
E_000002b4b9b8e080 .event anyedge, v000002b4b9f63e90_0;
S_000002b4b9ae0370 .scope module, "uut" "top" 2 25, 3 13 0, S_000002b4b9b95e60;
 .timescale 0 0;
    .port_info 0 /INPUT 1 "clk";
    .port_info 1 /INPUT 1 "rst_n";
    .port_info 2 /INPUT 8 "data_in";
    .port_info 3 /INPUT 1 "data_in_valid";
    .port_info 4 /INPUT 1 "data_last";
    .port_info 5 /OUTPUT 256 "hash_out";
    .port_info 6 /OUTPUT 1 "hash_out_valid";
    .port_info 7 /OUTPUT 1 "data_ready";
P_000002b4b9b8e2c0 .param/l "INITIAL_HASH" 0 3 43, C4<0110101000001001111001100110011110111011011001111010111010000101001111000110111011110011011100101010010101001111111101010011101001010001000011100101001001111111100110110000010101101000100011000001111110000011110110011010101101011011111000001100110100011001>;
v000002b4b9f62e50_0 .net "Wt", 31 0, v000002b4b9f5f2f0_0;  1 drivers
v000002b4b9f62db0_0 .net "Wt_valid", 0 0, v000002b4b9f60790_0;  1 drivers
v000002b4b9f62ef0_0 .net "clk", 0 0, v000002b4b9f633f0_0;  1 drivers
v000002b4b9f63350_0 .net "compressed_hash", 255 0, v000002b4b9f60c90_0;  1 drivers
v000002b4b9f63710_0 .net "compressed_hash_valid", 0 0, v000002b4b9f60510_0;  1 drivers
v000002b4b9f62f90_0 .net "data_in", 7 0, v000002b4b9f63490_0;  1 drivers
v000002b4b9f63030_0 .net "data_in_valid", 0 0, v000002b4b9f63d50_0;  1 drivers
v000002b4b9f630d0_0 .net "data_last", 0 0, v000002b4b9f63530_0;  1 drivers
v000002b4b9f63170_0 .net "data_ready", 0 0, v000002b4b9f63e90_0;  alias, 1 drivers
v000002b4b9f628b0_0 .var "hash_out", 255 0;
v000002b4b9f637b0_0 .var "hash_out_valid", 0 0;
v000002b4b9f63c10_0 .var "intermediate_hash", 255 0;
v000002b4b9f63210_0 .net "padded_block", 511 0, v000002b4b9f63850_0;  1 drivers
v000002b4b9f63670_0 .net "padded_block_valid", 0 0, v000002b4b9f62810_0;  1 drivers
v000002b4b9f63cb0_0 .net "rst_n", 0 0, v000002b4b9f635d0_0;  1 drivers
v000002b4b9f62310_0 .var "valid_pipeline", 1 0;
S_000002b4b9b94c50 .scope module, "compress_inst" "compress" 3 84, 4 14 0, S_000002b4b9ae0370;
 .timescale -9 -12;
    .port_info 0 /INPUT 1 "clk";
    .port_info 1 /INPUT 1 "rst_n";
    .port_info 2 /INPUT 32 "Wt_in";
    .port_info 3 /INPUT 1 "Wt_valid";
    .port_info 4 /INPUT 256 "hash_in";
    .port_info 5 /OUTPUT 256 "hash_out";
    .port_info 6 /OUTPUT 1 "hash_out_valid";
v000002b4b9b9a810 .array "K", 63 0, 31 0;
v000002b4b9b9adb0_0 .var "T1", 31 0;
v000002b4b9b9ae50_0 .var "T2", 31 0;
v000002b4b9b9a8b0_0 .net "Wt_in", 31 0, v000002b4b9f5f2f0_0;  alias, 1 drivers
v000002b4b9b9a950_0 .net "Wt_valid", 0 0, v000002b4b9f60790_0;  alias, 1 drivers
v000002b4b9b9a9f0 .array "a", 31 0, 31 0;
v000002b4b9f5ff70_0 .var "a0", 31 0;
v000002b4b9f60f10 .array "b", 31 0, 31 0;
v000002b4b9f60d30_0 .var "b0", 31 0;
v000002b4b9f601f0 .array "c", 31 0, 31 0;
v000002b4b9f5f430_0 .var "c0", 31 0;
v000002b4b9f60a10_0 .net "clk", 0 0, v000002b4b9f633f0_0;  alias, 1 drivers
v000002b4b9f5fbb0 .array "d", 31 0, 31 0;
v000002b4b9f603d0_0 .var "d0", 31 0;
v000002b4b9f5f570 .array "e", 31 0, 31 0;
v000002b4b9f60010_0 .var "e0", 31 0;
v000002b4b9f60470 .array "f", 31 0, 31 0;
v000002b4b9f5f1b0_0 .var "f0", 31 0;
v000002b4b9f5f070 .array "g", 31 0, 31 0;
v000002b4b9f5f110_0 .var "g0", 31 0;
v000002b4b9f5f4d0 .array "h", 31 0, 31 0;
v000002b4b9f5fc50_0 .var "h0", 31 0;
v000002b4b9f5f610_0 .net "hash_in", 255 0, v000002b4b9f63c10_0;  1 drivers
v000002b4b9f60c90_0 .var "hash_out", 255 0;
v000002b4b9f60510_0 .var "hash_out_valid", 0 0;
v000002b4b9f605b0_0 .var "hash_reg", 255 0;
v000002b4b9f5fcf0_0 .var "output_stage", 0 0;
v000002b4b9f5fd90_0 .net "rst_n", 0 0, v000002b4b9f635d0_0;  alias, 1 drivers
v000002b4b9f60dd0_0 .var "wt_counter", 5 0;
v000002b4b9f60650_0 .var "zip_active", 0 0;
E_000002b4b9b8dcc0/0 .event negedge, v000002b4b9f5fd90_0;
E_000002b4b9b8dcc0/1 .event posedge, v000002b4b9f60a10_0;
E_000002b4b9b8dcc0 .event/or E_000002b4b9b8dcc0/0, E_000002b4b9b8dcc0/1;
S_000002b4b9b94de0 .scope begin, "$ivl_for_loop5" "$ivl_for_loop5" 4 152, 4 152 0, S_000002b4b9b94c50;
 .timescale -9 -12;
v000002b4b9b9b2b0_0 .var/i "i", 31 0;
S_000002b4b9ab2af0 .scope begin, "$ivl_for_loop6" "$ivl_for_loop6" 4 198, 4 198 0, S_000002b4b9b94c50;
 .timescale -9 -12;
v000002b4b9b9b3f0_0 .var/i "i", 31 0;
S_000002b4b9ab2c80 .scope begin, "$ivl_for_loop7" "$ivl_for_loop7" 4 228, 4 228 0, S_000002b4b9b94c50;
 .timescale -9 -12;
v000002b4b9b9ac70_0 .var/i "i", 31 0;
S_000002b4b9b08e20 .scope function.vec4.s32, "Ch" "Ch" 4 60, 4 60 0, S_000002b4b9b94c50;
 .timescale -9 -12;
; Variable Ch is vec4 return value of scope S_000002b4b9b08e20
v000002b4b9b9b350_0 .var "x", 31 0;
v000002b4b9b9b490_0 .var "y", 31 0;
v000002b4b9b9aef0_0 .var "z", 31 0;
TD_top_tb.uut.compress_inst.Ch ;
    %load/vec4 v000002b4b9b9b350_0;
    %load/vec4 v000002b4b9b9b490_0;
    %and;
    %load/vec4 v000002b4b9b9b350_0;
    %inv;
    %load/vec4 v000002b4b9b9aef0_0;
    %and;
    %xor;
    %ret/vec4 0, 0, 32;  Assign to Ch (store_vec4_to_lval)
    %end;
S_000002b4b9b08fb0 .scope function.vec4.s32, "Maj" "Maj" 4 65, 4 65 0, S_000002b4b9b94c50;
 .timescale -9 -12;
; Variable Maj is vec4 return value of scope S_000002b4b9b08fb0
v000002b4b9b9b0d0_0 .var "x", 31 0;
v000002b4b9b9a630_0 .var "y", 31 0;
v000002b4b9b9abd0_0 .var "z", 31 0;
TD_top_tb.uut.compress_inst.Maj ;
    %load/vec4 v000002b4b9b9b0d0_0;
    %load/vec4 v000002b4b9b9a630_0;
    %and;
    %load/vec4 v000002b4b9b9b0d0_0;
    %load/vec4 v000002b4b9b9abd0_0;
    %and;
    %xor;
    %load/vec4 v000002b4b9b9a630_0;
    %load/vec4 v000002b4b9b9abd0_0;
    %and;
    %xor;
    %ret/vec4 0, 0, 32;  Assign to Maj (store_vec4_to_lval)
    %end;
S_000002b4b9b1e5b0 .scope function.vec4.s32, "SIGMA0" "SIGMA0" 4 47, 4 47 0, S_000002b4b9b94c50;
 .timescale -9 -12;
; Variable SIGMA0 is vec4 return value of scope S_000002b4b9b1e5b0
v000002b4b9b9a6d0_0 .var "x", 31 0;
TD_top_tb.uut.compress_inst.SIGMA0 ;
    %load/vec4 v000002b4b9b9a6d0_0;
    %parti/s 2, 0, 2;
    %load/vec4 v000002b4b9b9a6d0_0;
    %parti/s 30, 2, 3;
    %concat/vec4; draw_concat_vec4
    %load/vec4 v000002b4b9b9a6d0_0;
    %parti/s 13, 0, 2;
    %load/vec4 v000002b4b9b9a6d0_0;
    %parti/s 19, 13, 5;
    %concat/vec4; draw_concat_vec4
    %xor;
    %load/vec4 v000002b4b9b9a6d0_0;
    %parti/s 22, 0, 2;
    %load/vec4 v000002b4b9b9a6d0_0;
    %parti/s 10, 22, 6;
    %concat/vec4; draw_concat_vec4
    %xor;
    %ret/vec4 0, 0, 32;  Assign to SIGMA0 (store_vec4_to_lval)
    %end;
S_000002b4b9b1e740 .scope function.vec4.s32, "SIGMA1" "SIGMA1" 4 52, 4 52 0, S_000002b4b9b94c50;
 .timescale -9 -12;
; Variable SIGMA1 is vec4 return value of scope S_000002b4b9b1e740
v000002b4b9b9a770_0 .var "x", 31 0;
TD_top_tb.uut.compress_inst.SIGMA1 ;
    %load/vec4 v000002b4b9b9a770_0;
    %parti/s 6, 0, 2;
    %load/vec4 v000002b4b9b9a770_0;
    %parti/s 26, 6, 4;
    %concat/vec4; draw_concat_vec4
    %load/vec4 v000002b4b9b9a770_0;
    %parti/s 11, 0, 2;
    %load/vec4 v000002b4b9b9a770_0;
    %parti/s 21, 11, 5;
    %concat/vec4; draw_concat_vec4
    %xor;
    %load/vec4 v000002b4b9b9a770_0;
    %parti/s 25, 0, 2;
    %load/vec4 v000002b4b9b9a770_0;
    %parti/s 7, 25, 6;
    %concat/vec4; draw_concat_vec4
    %xor;
    %ret/vec4 0, 0, 32;  Assign to SIGMA1 (store_vec4_to_lval)
    %end;
S_000002b4b9b32020 .scope module, "expand_inst" "expand" 3 74, 5 14 0, S_000002b4b9ae0370;
 .timescale -9 -12;
    .port_info 0 /INPUT 1 "clk";
    .port_info 1 /INPUT 1 "rst_n";
    .port_info 2 /INPUT 512 "block_in";
    .port_info 3 /INPUT 1 "block_valid";
    .port_info 4 /OUTPUT 32 "Wt_out";
    .port_info 5 /OUTPUT 1 "Wt_valid";
v000002b4b9f5f390 .array "W", 63 0, 31 0;
v000002b4b9f5f2f0_0 .var "Wt_out", 31 0;
v000002b4b9f60790_0 .var "Wt_valid", 0 0;
v000002b4b9f5f6b0_0 .net "block_in", 511 0, v000002b4b9f63850_0;  alias, 1 drivers
v000002b4b9f5f750_0 .net "block_valid", 0 0, v000002b4b9f62810_0;  alias, 1 drivers
v000002b4b9f60330_0 .var "buffer_block", 511 0;
v000002b4b9f60830_0 .var "buffer_valid", 0 0;
v000002b4b9f5f7f0_0 .net "clk", 0 0, v000002b4b9f633f0_0;  alias, 1 drivers
v000002b4b9f5f9d0_0 .var "expand_active", 0 0;
v000002b4b9f5f890_0 .var "expand_counter", 6 0;
v000002b4b9f608d0 .array "pipeline_reg", 15 0, 31 0;
v000002b4b9f60970_0 .net "rst_n", 0 0, v000002b4b9f635d0_0;  alias, 1 drivers
S_000002b4b9b321b0 .scope begin, "$ivl_for_loop0" "$ivl_for_loop0" 5 52, 5 52 0, S_000002b4b9b32020;
 .timescale -9 -12;
v000002b4b9f5fe30_0 .var/i "i", 31 0;
S_000002b4b9b9b5f0 .scope begin, "$ivl_for_loop1" "$ivl_for_loop1" 5 53, 5 53 0, S_000002b4b9b32020;
 .timescale -9 -12;
v000002b4b9f5fed0_0 .var/i "i", 31 0;
S_000002b4b9b9b780 .scope begin, "$ivl_for_loop2" "$ivl_for_loop2" 5 71, 5 71 0, S_000002b4b9b32020;
 .timescale -9 -12;
v000002b4b9f5fb10_0 .var/i "t", 31 0;
S_000002b4b9f61850 .scope begin, "$ivl_for_loop3" "$ivl_for_loop3" 5 96, 5 96 0, S_000002b4b9b32020;
 .timescale -9 -12;
v000002b4b9f600b0_0 .var/i "i", 31 0;
S_000002b4b9f61210 .scope begin, "$ivl_for_loop4" "$ivl_for_loop4" 5 121, 5 121 0, S_000002b4b9b32020;
 .timescale -9 -12;
v000002b4b9f60e70_0 .var/i "t", 31 0;
S_000002b4b9f619e0 .scope function.vec4.s32, "sigma0" "sigma0" 5 36, 5 36 0, S_000002b4b9b32020;
 .timescale -9 -12;
; Variable sigma0 is vec4 return value of scope S_000002b4b9f619e0
v000002b4b9f5f250_0 .var "x", 31 0;
TD_top_tb.uut.expand_inst.sigma0 ;
    %load/vec4 v000002b4b9f5f250_0;
    %parti/s 7, 0, 2;
    %load/vec4 v000002b4b9f5f250_0;
    %parti/s 25, 7, 4;
    %concat/vec4; draw_concat_vec4
    %load/vec4 v000002b4b9f5f250_0;
    %parti/s 18, 0, 2;
    %load/vec4 v000002b4b9f5f250_0;
    %parti/s 14, 18, 6;
    %concat/vec4; draw_concat_vec4
    %xor;
    %load/vec4 v000002b4b9f5f250_0;
    %ix/load 4, 3, 0;
    %flag_set/imm 4, 0;
    %shiftr 4;
    %xor;
    %ret/vec4 0, 0, 32;  Assign to sigma0 (store_vec4_to_lval)
    %end;
S_000002b4b9f61b70 .scope function.vec4.s32, "sigma1" "sigma1" 5 41, 5 41 0, S_000002b4b9b32020;
 .timescale -9 -12;
; Variable sigma1 is vec4 return value of scope S_000002b4b9f61b70
v000002b4b9f606f0_0 .var "x", 31 0;
TD_top_tb.uut.expand_inst.sigma1 ;
    %load/vec4 v000002b4b9f606f0_0;
    %parti/s 17, 0, 2;
    %load/vec4 v000002b4b9f606f0_0;
    %parti/s 15, 17, 6;
    %concat/vec4; draw_concat_vec4
    %load/vec4 v000002b4b9f606f0_0;
    %parti/s 19, 0, 2;
    %load/vec4 v000002b4b9f606f0_0;
    %parti/s 13, 19, 6;
    %concat/vec4; draw_concat_vec4
    %xor;
    %load/vec4 v000002b4b9f606f0_0;
    %ix/load 4, 10, 0;
    %flag_set/imm 4, 0;
    %shiftr 4;
    %xor;
    %ret/vec4 0, 0, 32;  Assign to sigma1 (store_vec4_to_lval)
    %end;
S_000002b4b9f61530 .scope module, "padding_inst" "padding" 3 62, 6 14 0, S_000002b4b9ae0370;
 .timescale -9 -12;
    .port_info 0 /INPUT 1 "clk";
    .port_info 1 /INPUT 1 "rst_n";
    .port_info 2 /INPUT 8 "data_in";
    .port_info 3 /INPUT 1 "data_in_valid";
    .port_info 4 /INPUT 1 "data_last";
    .port_info 5 /OUTPUT 512 "data_out";
    .port_info 6 /OUTPUT 1 "data_out_valid";
    .port_info 7 /OUTPUT 1 "data_ready";
P_000002b4b9f61e90 .param/l "IDLE" 1 6 28, C4<000>;
P_000002b4b9f61ec8 .param/l "OUTPUT" 1 6 33, C4<101>;
P_000002b4b9f61f00 .param/l "PAD_0" 1 6 31, C4<011>;
P_000002b4b9f61f38 .param/l "PAD_1" 1 6 30, C4<010>;
P_000002b4b9f61f70 .param/l "PAD_LEN" 1 6 32, C4<100>;
P_000002b4b9f61fa8 .param/l "RECEIVE" 1 6 29, C4<001>;
P_000002b4b9f61fe0 .param/l "SECOND_BLOCK" 1 6 34, C4<110>;
v000002b4b9f60ab0_0 .var "byte_count", 5 0;
v000002b4b9f60b50_0 .net "clk", 0 0, v000002b4b9f633f0_0;  alias, 1 drivers
v000002b4b9f60bf0_0 .net "data_in", 7 0, v000002b4b9f63490_0;  alias, 1 drivers
v000002b4b9f5f930_0 .net "data_in_valid", 0 0, v000002b4b9f63d50_0;  alias, 1 drivers
v000002b4b9f5fa70_0 .net "data_last", 0 0, v000002b4b9f63530_0;  alias, 1 drivers
v000002b4b9f632b0_0 .var "data_length", 63 0;
v000002b4b9f63850_0 .var "data_out", 511 0;
v000002b4b9f62810_0 .var "data_out_valid", 0 0;
v000002b4b9f63e90_0 .var "data_ready", 0 0;
v000002b4b9f62270_0 .var "fill_pos", 5 0;
v000002b4b9f624f0_0 .net "rst_n", 0 0, v000002b4b9f635d0_0;  alias, 1 drivers
v000002b4b9f62450_0 .var "second_block", 0 0;
v000002b4b9f62d10_0 .var "state", 2 0;
v000002b4b9f638f0_0 .var "temp_block", 511 0;
    .scope S_000002b4b9f61530;
T_6 ;
    %wait E_000002b4b9b8dcc0;
    %load/vec4 v000002b4b9f624f0_0;
    %nor/r;
    %flag_set/vec4 8;
    %jmp/0xz  T_6.0, 8;
    %pushi/vec4 0, 0, 3;
    %assign/vec4 v000002b4b9f62d10_0, 0;
    %pushi/vec4 0, 0, 64;
    %assign/vec4 v000002b4b9f632b0_0, 0;
    %pushi/vec4 0, 0, 6;
    %assign/vec4 v000002b4b9f60ab0_0, 0;
    %pushi/vec4 0, 0, 512;
    %assign/vec4 v000002b4b9f638f0_0, 0;
    %pushi/vec4 0, 0, 512;
    %assign/vec4 v000002b4b9f63850_0, 0;
    %pushi/vec4 0, 0, 1;
    %assign/vec4 v000002b4b9f62810_0, 0;
    %pushi/vec4 0, 0, 1;
    %assign/vec4 v000002b4b9f63e90_0, 0;
    %pushi/vec4 0, 0, 6;
    %assign/vec4 v000002b4b9f62270_0, 0;
    %pushi/vec4 0, 0, 1;
    %assign/vec4 v000002b4b9f62450_0, 0;
    %jmp T_6.1;
T_6.0 ;
    %pushi/vec4 0, 0, 1;
    %assign/vec4 v000002b4b9f62810_0, 0;
    %load/vec4 v000002b4b9f62d10_0;
    %dup/vec4;
    %pushi/vec4 0, 0, 3;
    %cmp/u;
    %jmp/1 T_6.2, 6;
    %dup/vec4;
    %pushi/vec4 1, 0, 3;
    %cmp/u;
    %jmp/1 T_6.3, 6;
    %dup/vec4;
    %pushi/vec4 2, 0, 3;
    %cmp/u;
    %jmp/1 T_6.4, 6;
    %dup/vec4;
    %pushi/vec4 3, 0, 3;
    %cmp/u;
    %jmp/1 T_6.5, 6;
    %dup/vec4;
    %pushi/vec4 6, 0, 3;
    %cmp/u;
    %jmp/1 T_6.6, 6;
    %dup/vec4;
    %pushi/vec4 4, 0, 3;
    %cmp/u;
    %jmp/1 T_6.7, 6;
    %dup/vec4;
    %pushi/vec4 5, 0, 3;
    %cmp/u;
    %jmp/1 T_6.8, 6;
    %pushi/vec4 0, 0, 3;
    %assign/vec4 v000002b4b9f62d10_0, 0;
    %jmp T_6.10;
T_6.2 ;
    %pushi/vec4 1, 0, 1;
    %assign/vec4 v000002b4b9f63e90_0, 0;
    %load/vec4 v000002b4b9f5f930_0;
    %flag_set/vec4 8;
    %jmp/0xz  T_6.11, 8;
    %load/vec4 v000002b4b9f5fa70_0;
    %flag_set/vec4 8;
    %jmp/0xz  T_6.13, 8;
    %pushi/vec4 2, 0, 3;
    %assign/vec4 v000002b4b9f62d10_0, 0;
    %pushi/vec4 0, 0, 1;
    %assign/vec4 v000002b4b9f63e90_0, 0;
    %pushi/vec4 1, 0, 6;
    %assign/vec4 v000002b4b9f62270_0, 0;
    %pushi/vec4 8, 0, 64;
    %assign/vec4 v000002b4b9f632b0_0, 0;
    %load/vec4 v000002b4b9f60bf0_0;
    %ix/load 4, 504, 0;
    %ix/load 5, 0, 0;
    %flag_set/imm 4, 0;
    %assign/vec4/off/d v000002b4b9f638f0_0, 4, 5;
    %jmp T_6.14;
T_6.13 ;
    %pushi/vec4 1, 0, 3;
    %assign/vec4 v000002b4b9f62d10_0, 0;
    %load/vec4 v000002b4b9f632b0_0;
    %addi 8, 0, 64;
    %assign/vec4 v000002b4b9f632b0_0, 0;
    %load/vec4 v000002b4b9f60bf0_0;
    %ix/load 5, 0, 0;
    %pushi/vec4 511, 0, 32;
    %load/vec4 v000002b4b9f60ab0_0;
    %pad/u 32;
    %muli 8, 0, 32;
    %sub;
    %pad/u 34;
    %subi 7, 0, 34;
    %ix/vec4/s 4;
    %assign/vec4/off/d v000002b4b9f638f0_0, 4, 5;
    %load/vec4 v000002b4b9f60ab0_0;
    %addi 1, 0, 6;
    %assign/vec4 v000002b4b9f60ab0_0, 0;
    %load/vec4 v000002b4b9f60ab0_0;
    %pad/u 32;
    %cmpi/u 63, 0, 32;
    %flag_get/vec4 5;
    %assign/vec4 v000002b4b9f63e90_0, 0;
T_6.14 ;
    %jmp T_6.12;
T_6.11 ;
    %load/vec4 v000002b4b9f5fa70_0;
    %flag_set/vec4 8;
    %jmp/0xz  T_6.15, 8;
    %pushi/vec4 2, 0, 3;
    %assign/vec4 v000002b4b9f62d10_0, 0;
    %pushi/vec4 0, 0, 1;
    %assign/vec4 v000002b4b9f63e90_0, 0;
    %pushi/vec4 0, 0, 6;
    %assign/vec4 v000002b4b9f62270_0, 0;
    %pushi/vec4 0, 0, 64;
    %assign/vec4 v000002b4b9f632b0_0, 0;
T_6.15 ;
T_6.12 ;
    %jmp T_6.10;
T_6.3 ;
    %load/vec4 v000002b4b9f5f930_0;
    %flag_set/vec4 8;
    %jmp/0xz  T_6.17, 8;
    %load/vec4 v000002b4b9f632b0_0;
    %addi 8, 0, 64;
    %assign/vec4 v000002b4b9f632b0_0, 0;
    %load/vec4 v000002b4b9f60bf0_0;
    %ix/load 5, 0, 0;
    %pushi/vec4 511, 0, 32;
    %load/vec4 v000002b4b9f60ab0_0;
    %pad/u 32;
    %muli 8, 0, 32;
    %sub;
    %pad/u 34;
    %subi 7, 0, 34;
    %ix/vec4/s 4;
    %assign/vec4/off/d v000002b4b9f638f0_0, 4, 5;
    %load/vec4 v000002b4b9f60ab0_0;
    %addi 1, 0, 6;
    %assign/vec4 v000002b4b9f60ab0_0, 0;
    %load/vec4 v000002b4b9f60ab0_0;
    %pad/u 32;
    %cmpi/u 63, 0, 32;
    %flag_get/vec4 5;
    %assign/vec4 v000002b4b9f63e90_0, 0;
    %load/vec4 v000002b4b9f60ab0_0;
    %pad/u 32;
    %cmpi/e 63, 0, 32;
    %jmp/1 T_6.21, 4;
    %flag_mov 8, 4;
    %load/vec4 v000002b4b9f5fa70_0;
    %flag_set/vec4 9;
    %flag_or 9, 8;
    %flag_mov 4, 9;
T_6.21;
    %jmp/0xz  T_6.19, 4;
    %pushi/vec4 2, 0, 3;
    %assign/vec4 v000002b4b9f62d10_0, 0;
    %pushi/vec4 0, 0, 1;
    %assign/vec4 v000002b4b9f63e90_0, 0;
    %load/vec4 v000002b4b9f60ab0_0;
    %pad/u 32;
    %cmpi/e 63, 0, 32;
    %flag_mov 8, 4;
    %jmp/0 T_6.22, 8;
    %pushi/vec4 0, 0, 6;
    %jmp/1 T_6.23, 8;
T_6.22 ; End of true expr.
    %load/vec4 v000002b4b9f60ab0_0;
    %addi 1, 0, 6;
    %jmp/0 T_6.23, 8;
 ; End of false expr.
    %blend;
T_6.23;
    %assign/vec4 v000002b4b9f62270_0, 0;
    %pushi/vec4 55, 0, 32;
    %load/vec4 v000002b4b9f60ab0_0;
    %pad/u 32;
    %cmp/u;
    %flag_get/vec4 4;
    %flag_get/vec4 5;
    %or;
    %assign/vec4 v000002b4b9f62450_0, 0;
T_6.19 ;
T_6.17 ;
    %jmp T_6.10;
T_6.4 ;
    %load/vec4 v000002b4b9f62270_0;
    %pad/u 32;
    %cmpi/u 64, 0, 32;
    %jmp/0xz  T_6.24, 5;
    %pushi/vec4 128, 0, 8;
    %ix/load 5, 0, 0;
    %pushi/vec4 511, 0, 32;
    %load/vec4 v000002b4b9f62270_0;
    %pad/u 32;
    %muli 8, 0, 32;
    %sub;
    %pad/u 34;
    %subi 7, 0, 34;
    %ix/vec4/s 4;
    %assign/vec4/off/d v000002b4b9f638f0_0, 4, 5;
T_6.24 ;
    %load/vec4 v000002b4b9f62270_0;
    %addi 1, 0, 6;
    %assign/vec4 v000002b4b9f62270_0, 0;
    %pushi/vec4 3, 0, 3;
    %assign/vec4 v000002b4b9f62d10_0, 0;
    %jmp T_6.10;
T_6.5 ;
    %load/vec4 v000002b4b9f62450_0;
    %flag_set/vec4 8;
    %jmp/0xz  T_6.26, 8;
    %load/vec4 v000002b4b9f638f0_0;
    %assign/vec4 v000002b4b9f63850_0, 0;
    %pushi/vec4 1, 0, 1;
    %assign/vec4 v000002b4b9f62810_0, 0;
    %pushi/vec4 0, 0, 512;
    %assign/vec4 v000002b4b9f638f0_0, 0;
    %pushi/vec4 0, 0, 6;
    %assign/vec4 v000002b4b9f62270_0, 0;
    %pushi/vec4 6, 0, 3;
    %assign/vec4 v000002b4b9f62d10_0, 0;
    %jmp T_6.27;
T_6.26 ;
    %load/vec4 v000002b4b9f62270_0;
    %pad/u 32;
    %cmpi/u 56, 0, 32;
    %jmp/0xz  T_6.28, 5;
    %pushi/vec4 0, 0, 8;
    %ix/load 5, 0, 0;
    %pushi/vec4 511, 0, 32;
    %load/vec4 v000002b4b9f62270_0;
    %pad/u 32;
    %muli 8, 0, 32;
    %sub;
    %pad/u 34;
    %subi 7, 0, 34;
    %ix/vec4/s 4;
    %assign/vec4/off/d v000002b4b9f638f0_0, 4, 5;
    %load/vec4 v000002b4b9f62270_0;
    %addi 1, 0, 6;
    %assign/vec4 v000002b4b9f62270_0, 0;
    %jmp T_6.29;
T_6.28 ;
    %pushi/vec4 4, 0, 3;
    %assign/vec4 v000002b4b9f62d10_0, 0;
T_6.29 ;
T_6.27 ;
    %jmp T_6.10;
T_6.6 ;
    %pushi/vec4 0, 0, 448;
    %ix/load 4, 64, 0;
    %ix/load 5, 0, 0;
    %flag_set/imm 4, 0;
    %assign/vec4/off/d v000002b4b9f638f0_0, 4, 5;
    %load/vec4 v000002b4b9f632b0_0;
    %ix/load 4, 0, 0;
    %ix/load 5, 0, 0;
    %flag_set/imm 4, 0;
    %assign/vec4/off/d v000002b4b9f638f0_0, 4, 5;
    %pushi/vec4 5, 0, 3;
    %assign/vec4 v000002b4b9f62d10_0, 0;
    %jmp T_6.10;
T_6.7 ;
    %load/vec4 v000002b4b9f632b0_0;
    %ix/load 4, 0, 0;
    %ix/load 5, 0, 0;
    %flag_set/imm 4, 0;
    %assign/vec4/off/d v000002b4b9f638f0_0, 4, 5;
    %pushi/vec4 5, 0, 3;
    %assign/vec4 v000002b4b9f62d10_0, 0;
    %jmp T_6.10;
T_6.8 ;
    %load/vec4 v000002b4b9f638f0_0;
    %assign/vec4 v000002b4b9f63850_0, 0;
    %pushi/vec4 1, 0, 1;
    %assign/vec4 v000002b4b9f62810_0, 0;
    %pushi/vec4 0, 0, 512;
    %assign/vec4 v000002b4b9f638f0_0, 0;
    %pushi/vec4 0, 0, 6;
    %assign/vec4 v000002b4b9f60ab0_0, 0;
    %pushi/vec4 0, 0, 6;
    %assign/vec4 v000002b4b9f62270_0, 0;
    %pushi/vec4 0, 0, 3;
    %assign/vec4 v000002b4b9f62d10_0, 0;
    %jmp T_6.10;
T_6.10 ;
    %pop/vec4 1;
T_6.1 ;
    %jmp T_6;
    .thread T_6;
    .scope S_000002b4b9b32020;
T_7 ;
    %wait E_000002b4b9b8dcc0;
    %load/vec4 v000002b4b9f60970_0;
    %nor/r;
    %flag_set/vec4 8;
    %jmp/0xz  T_7.0, 8;
    %fork t_1, S_000002b4b9b321b0;
    %jmp t_0;
    .scope S_000002b4b9b321b0;
t_1 ;
    %pushi/vec4 0, 0, 32;
    %store/vec4 v000002b4b9f5fe30_0, 0, 32;
T_7.2 ;
    %load/vec4 v000002b4b9f5fe30_0;
    %cmpi/s 64, 0, 32;
    %jmp/0xz T_7.3, 5;
    %pushi/vec4 0, 0, 32;
    %ix/getv/s 3, v000002b4b9f5fe30_0;
    %ix/load 4, 0, 0; Constant delay
    %assign/vec4/a/d v000002b4b9f5f390, 0, 4;
    ; show_stmt_assign_vector: Get l-value for compressed += operand
    %load/vec4 v000002b4b9f5fe30_0;
    %pushi/vec4 1, 0, 32;
    %add;
    %store/vec4 v000002b4b9f5fe30_0, 0, 32;
    %jmp T_7.2;
T_7.3 ;
    %end;
    .scope S_000002b4b9b32020;
t_0 %join;
    %fork t_3, S_000002b4b9b9b5f0;
    %jmp t_2;
    .scope S_000002b4b9b9b5f0;
t_3 ;
    %pushi/vec4 0, 0, 32;
    %store/vec4 v000002b4b9f5fed0_0, 0, 32;
T_7.4 ;
    %load/vec4 v000002b4b9f5fed0_0;
    %cmpi/s 16, 0, 32;
    %jmp/0xz T_7.5, 5;
    %pushi/vec4 0, 0, 32;
    %ix/getv/s 3, v000002b4b9f5fed0_0;
    %ix/load 4, 0, 0; Constant delay
    %assign/vec4/a/d v000002b4b9f608d0, 0, 4;
    ; show_stmt_assign_vector: Get l-value for compressed += operand
    %load/vec4 v000002b4b9f5fed0_0;
    %pushi/vec4 1, 0, 32;
    %add;
    %store/vec4 v000002b4b9f5fed0_0, 0, 32;
    %jmp T_7.4;
T_7.5 ;
    %end;
    .scope S_000002b4b9b32020;
t_2 %join;
    %pushi/vec4 0, 0, 7;
    %assign/vec4 v000002b4b9f5f890_0, 0;
    %pushi/vec4 0, 0, 1;
    %assign/vec4 v000002b4b9f5f9d0_0, 0;
    %pushi/vec4 0, 0, 32;
    %assign/vec4 v000002b4b9f5f2f0_0, 0;
    %pushi/vec4 0, 0, 1;
    %assign/vec4 v000002b4b9f60790_0, 0;
    %pushi/vec4 0, 0, 512;
    %assign/vec4 v000002b4b9f60330_0, 0;
    %pushi/vec4 0, 0, 1;
    %assign/vec4 v000002b4b9f60830_0, 0;
    %jmp T_7.1;
T_7.0 ;
    %pushi/vec4 0, 0, 1;
    %assign/vec4 v000002b4b9f60790_0, 0;
    %load/vec4 v000002b4b9f5f750_0;
    %flag_set/vec4 8;
    %jmp/0xz  T_7.6, 8;
    %load/vec4 v000002b4b9f5f9d0_0;
    %nor/r;
    %flag_set/vec4 8;
    %jmp/0xz  T_7.8, 8;
    %fork t_5, S_000002b4b9b9b780;
    %jmp t_4;
    .scope S_000002b4b9b9b780;
t_5 ;
    %pushi/vec4 0, 0, 32;
    %store/vec4 v000002b4b9f5fb10_0, 0, 32;
T_7.10 ;
    %load/vec4 v000002b4b9f5fb10_0;
    %cmpi/s 16, 0, 32;
    %jmp/0xz T_7.11, 5;
    %load/vec4 v000002b4b9f5f6b0_0;
    %pushi/vec4 511, 0, 32;
    %load/vec4 v000002b4b9f5fb10_0;
    %muli 32, 0, 32;
    %sub;
    %pad/s 34;
    %subi 31, 0, 34;
    %part/s 32;
    %ix/getv/s 3, v000002b4b9f5fb10_0;
    %ix/load 4, 0, 0; Constant delay
    %assign/vec4/a/d v000002b4b9f5f390, 0, 4;
    %pushi/vec4 4294967295, 0, 32;
    %ix/getv/s 3, v000002b4b9f5fb10_0;
    %ix/load 4, 0, 0; Constant delay
    %assign/vec4/a/d v000002b4b9f608d0, 0, 4;
    ; show_stmt_assign_vector: Get l-value for compressed += operand
    %load/vec4 v000002b4b9f5fb10_0;
    %pushi/vec4 1, 0, 32;
    %add;
    %store/vec4 v000002b4b9f5fb10_0, 0, 32;
    %jmp T_7.10;
T_7.11 ;
    %end;
    .scope S_000002b4b9b32020;
t_4 %join;
    %pushi/vec4 16, 0, 7;
    %assign/vec4 v000002b4b9f5f890_0, 0;
    %pushi/vec4 1, 0, 1;
    %assign/vec4 v000002b4b9f5f9d0_0, 0;
    %jmp T_7.9;
T_7.8 ;
    %load/vec4 v000002b4b9f5f6b0_0;
    %assign/vec4 v000002b4b9f60330_0, 0;
    %pushi/vec4 1, 0, 1;
    %assign/vec4 v000002b4b9f60830_0, 0;
T_7.9 ;
T_7.6 ;
    %load/vec4 v000002b4b9f5f9d0_0;
    %flag_set/vec4 8;
    %jmp/0xz  T_7.12, 8;
    %load/vec4 v000002b4b9f5f890_0;
    %pad/u 32;
    %cmpi/u 96, 0, 32;
    %jmp/0xz  T_7.14, 5;
    %load/vec4 v000002b4b9f5f890_0;
    %pad/u 32;
    %cmpi/u 64, 0, 32;
    %jmp/0xz  T_7.16, 5;
    %load/vec4 v000002b4b9f5f890_0;
    %pad/u 32;
    %subi 2, 0, 32;
    %ix/vec4 4;
    %load/vec4a v000002b4b9f5f390, 4;
    %store/vec4 v000002b4b9f606f0_0, 0, 32;
    %callf/vec4 TD_top_tb.uut.expand_inst.sigma1, S_000002b4b9f61b70;
    %load/vec4 v000002b4b9f5f890_0;
    %pad/u 32;
    %subi 7, 0, 32;
    %ix/vec4 4;
    %load/vec4a v000002b4b9f5f390, 4;
    %add;
    %load/vec4 v000002b4b9f5f890_0;
    %pad/u 32;
    %subi 15, 0, 32;
    %ix/vec4 4;
    %load/vec4a v000002b4b9f5f390, 4;
    %store/vec4 v000002b4b9f5f250_0, 0, 32;
    %callf/vec4 TD_top_tb.uut.expand_inst.sigma0, S_000002b4b9f619e0;
    %add;
    %load/vec4 v000002b4b9f5f890_0;
    %pad/u 32;
    %subi 16, 0, 32;
    %ix/vec4 4;
    %load/vec4a v000002b4b9f5f390, 4;
    %add;
    %load/vec4 v000002b4b9f5f890_0;
    %pad/u 8;
    %ix/vec4 3;
    %ix/load 4, 0, 0; Constant delay
    %assign/vec4/a/d v000002b4b9f5f390, 0, 4;
T_7.16 ;
    %fork t_7, S_000002b4b9f61850;
    %jmp t_6;
    .scope S_000002b4b9f61850;
t_7 ;
    %pushi/vec4 0, 0, 32;
    %store/vec4 v000002b4b9f600b0_0, 0, 32;
T_7.18 ;
    %load/vec4 v000002b4b9f600b0_0;
    %cmpi/s 15, 0, 32;
    %jmp/0xz T_7.19, 5;
    %load/vec4 v000002b4b9f600b0_0;
    %addi 1, 0, 32;
    %ix/vec4/s 4;
    %load/vec4a v000002b4b9f608d0, 4;
    %ix/getv/s 3, v000002b4b9f600b0_0;
    %ix/load 4, 0, 0; Constant delay
    %assign/vec4/a/d v000002b4b9f608d0, 0, 4;
    ; show_stmt_assign_vector: Get l-value for compressed += operand
    %load/vec4 v000002b4b9f600b0_0;
    %pushi/vec4 1, 0, 32;
    %add;
    %store/vec4 v000002b4b9f600b0_0, 0, 32;
    %jmp T_7.18;
T_7.19 ;
    %end;
    .scope S_000002b4b9b32020;
t_6 %join;
    %load/vec4 v000002b4b9f5f890_0;
    %pad/u 32;
    %cmpi/u 80, 0, 32;
    %jmp/0xz  T_7.20, 5;
    %load/vec4 v000002b4b9f5f890_0;
    %pad/u 32;
    %subi 16, 0, 32;
    %ix/vec4 4;
    %load/vec4a v000002b4b9f5f390, 4;
    %ix/load 3, 15, 0;
    %flag_set/imm 4, 0;
    %ix/load 4, 0, 0; Constant delay
    %assign/vec4/a/d v000002b4b9f608d0, 0, 4;
    %jmp T_7.21;
T_7.20 ;
    %pushi/vec4 0, 0, 32;
    %ix/load 3, 15, 0;
    %flag_set/imm 4, 0;
    %ix/load 4, 0, 0; Constant delay
    %assign/vec4/a/d v000002b4b9f608d0, 0, 4;
T_7.21 ;
    %load/vec4 v000002b4b9f5f890_0;
    %pad/u 32;
    %cmpi/u 32, 0, 32;
    %flag_inv 5; GE is !LT
    %jmp/0xz  T_7.22, 5;
    %ix/load 4, 0, 0;
    %flag_set/imm 4, 0;
    %load/vec4a v000002b4b9f608d0, 4;
    %assign/vec4 v000002b4b9f5f2f0_0, 0;
    %pushi/vec4 1, 0, 1;
    %assign/vec4 v000002b4b9f60790_0, 0;
T_7.22 ;
    %load/vec4 v000002b4b9f5f890_0;
    %addi 1, 0, 7;
    %assign/vec4 v000002b4b9f5f890_0, 0;
    %jmp T_7.15;
T_7.14 ;
    %pushi/vec4 0, 0, 1;
    %assign/vec4 v000002b4b9f5f9d0_0, 0;
    %pushi/vec4 0, 0, 1;
    %assign/vec4 v000002b4b9f60790_0, 0;
    %load/vec4 v000002b4b9f60830_0;
    %flag_set/vec4 8;
    %jmp/0xz  T_7.24, 8;
    %fork t_9, S_000002b4b9f61210;
    %jmp t_8;
    .scope S_000002b4b9f61210;
t_9 ;
    %pushi/vec4 0, 0, 32;
    %store/vec4 v000002b4b9f60e70_0, 0, 32;
T_7.26 ;
    %load/vec4 v000002b4b9f60e70_0;
    %cmpi/s 16, 0, 32;
    %jmp/0xz T_7.27, 5;
    %load/vec4 v000002b4b9f60330_0;
    %pushi/vec4 511, 0, 32;
    %load/vec4 v000002b4b9f60e70_0;
    %muli 32, 0, 32;
    %sub;
    %pad/s 34;
    %subi 31, 0, 34;
    %part/s 32;
    %ix/getv/s 3, v000002b4b9f60e70_0;
    %ix/load 4, 0, 0; Constant delay
    %assign/vec4/a/d v000002b4b9f5f390, 0, 4;
    %pushi/vec4 4294967295, 0, 32;
    %ix/getv/s 3, v000002b4b9f60e70_0;
    %ix/load 4, 0, 0; Constant delay
    %assign/vec4/a/d v000002b4b9f608d0, 0, 4;
    ; show_stmt_assign_vector: Get l-value for compressed += operand
    %load/vec4 v000002b4b9f60e70_0;
    %pushi/vec4 1, 0, 32;
    %add;
    %store/vec4 v000002b4b9f60e70_0, 0, 32;
    %jmp T_7.26;
T_7.27 ;
    %end;
    .scope S_000002b4b9b32020;
t_8 %join;
    %pushi/vec4 16, 0, 7;
    %assign/vec4 v000002b4b9f5f890_0, 0;
    %pushi/vec4 1, 0, 1;
    %assign/vec4 v000002b4b9f5f9d0_0, 0;
    %pushi/vec4 0, 0, 1;
    %assign/vec4 v000002b4b9f60830_0, 0;
T_7.24 ;
T_7.15 ;
T_7.12 ;
T_7.1 ;
    %jmp T_7;
    .thread T_7;
    .scope S_000002b4b9b94c50;
T_8 ;
    %pushi/vec4 1116352408, 0, 32;
    %ix/load 4, 0, 0;
    %flag_set/imm 4, 0;
    %store/vec4a v000002b4b9b9a810, 4, 0;
    %pushi/vec4 1899447441, 0, 32;
    %ix/load 4, 1, 0;
    %flag_set/imm 4, 0;
    %store/vec4a v000002b4b9b9a810, 4, 0;
    %pushi/vec4 3049323471, 0, 32;
    %ix/load 4, 2, 0;
    %flag_set/imm 4, 0;
    %store/vec4a v000002b4b9b9a810, 4, 0;
    %pushi/vec4 3921009573, 0, 32;
    %ix/load 4, 3, 0;
    %flag_set/imm 4, 0;
    %store/vec4a v000002b4b9b9a810, 4, 0;
    %pushi/vec4 961987163, 0, 32;
    %ix/load 4, 4, 0;
    %flag_set/imm 4, 0;
    %store/vec4a v000002b4b9b9a810, 4, 0;
    %pushi/vec4 1508970993, 0, 32;
    %ix/load 4, 5, 0;
    %flag_set/imm 4, 0;
    %store/vec4a v000002b4b9b9a810, 4, 0;
    %pushi/vec4 2453635748, 0, 32;
    %ix/load 4, 6, 0;
    %flag_set/imm 4, 0;
    %store/vec4a v000002b4b9b9a810, 4, 0;
    %pushi/vec4 2870763221, 0, 32;
    %ix/load 4, 7, 0;
    %flag_set/imm 4, 0;
    %store/vec4a v000002b4b9b9a810, 4, 0;
    %pushi/vec4 3624381080, 0, 32;
    %ix/load 4, 8, 0;
    %flag_set/imm 4, 0;
    %store/vec4a v000002b4b9b9a810, 4, 0;
    %pushi/vec4 310598401, 0, 32;
    %ix/load 4, 9, 0;
    %flag_set/imm 4, 0;
    %store/vec4a v000002b4b9b9a810, 4, 0;
    %pushi/vec4 607225278, 0, 32;
    %ix/load 4, 10, 0;
    %flag_set/imm 4, 0;
    %store/vec4a v000002b4b9b9a810, 4, 0;
    %pushi/vec4 1426881987, 0, 32;
    %ix/load 4, 11, 0;
    %flag_set/imm 4, 0;
    %store/vec4a v000002b4b9b9a810, 4, 0;
    %pushi/vec4 1925078388, 0, 32;
    %ix/load 4, 12, 0;
    %flag_set/imm 4, 0;
    %store/vec4a v000002b4b9b9a810, 4, 0;
    %pushi/vec4 2162078206, 0, 32;
    %ix/load 4, 13, 0;
    %flag_set/imm 4, 0;
    %store/vec4a v000002b4b9b9a810, 4, 0;
    %pushi/vec4 2614888103, 0, 32;
    %ix/load 4, 14, 0;
    %flag_set/imm 4, 0;
    %store/vec4a v000002b4b9b9a810, 4, 0;
    %pushi/vec4 3248222580, 0, 32;
    %ix/load 4, 15, 0;
    %flag_set/imm 4, 0;
    %store/vec4a v000002b4b9b9a810, 4, 0;
    %pushi/vec4 3835390401, 0, 32;
    %ix/load 4, 16, 0;
    %flag_set/imm 4, 0;
    %store/vec4a v000002b4b9b9a810, 4, 0;
    %pushi/vec4 4022224774, 0, 32;
    %ix/load 4, 17, 0;
    %flag_set/imm 4, 0;
    %store/vec4a v000002b4b9b9a810, 4, 0;
    %pushi/vec4 264347078, 0, 32;
    %ix/load 4, 18, 0;
    %flag_set/imm 4, 0;
    %store/vec4a v000002b4b9b9a810, 4, 0;
    %pushi/vec4 604807628, 0, 32;
    %ix/load 4, 19, 0;
    %flag_set/imm 4, 0;
    %store/vec4a v000002b4b9b9a810, 4, 0;
    %pushi/vec4 770255983, 0, 32;
    %ix/load 4, 20, 0;
    %flag_set/imm 4, 0;
    %store/vec4a v000002b4b9b9a810, 4, 0;
    %pushi/vec4 1249150122, 0, 32;
    %ix/load 4, 21, 0;
    %flag_set/imm 4, 0;
    %store/vec4a v000002b4b9b9a810, 4, 0;
    %pushi/vec4 1555081692, 0, 32;
    %ix/load 4, 22, 0;
    %flag_set/imm 4, 0;
    %store/vec4a v000002b4b9b9a810, 4, 0;
    %pushi/vec4 1996064986, 0, 32;
    %ix/load 4, 23, 0;
    %flag_set/imm 4, 0;
    %store/vec4a v000002b4b9b9a810, 4, 0;
    %pushi/vec4 2554220882, 0, 32;
    %ix/load 4, 24, 0;
    %flag_set/imm 4, 0;
    %store/vec4a v000002b4b9b9a810, 4, 0;
    %pushi/vec4 2821834349, 0, 32;
    %ix/load 4, 25, 0;
    %flag_set/imm 4, 0;
    %store/vec4a v000002b4b9b9a810, 4, 0;
    %pushi/vec4 2952996808, 0, 32;
    %ix/load 4, 26, 0;
    %flag_set/imm 4, 0;
    %store/vec4a v000002b4b9b9a810, 4, 0;
    %pushi/vec4 3210313671, 0, 32;
    %ix/load 4, 27, 0;
    %flag_set/imm 4, 0;
    %store/vec4a v000002b4b9b9a810, 4, 0;
    %pushi/vec4 3336571891, 0, 32;
    %ix/load 4, 28, 0;
    %flag_set/imm 4, 0;
    %store/vec4a v000002b4b9b9a810, 4, 0;
    %pushi/vec4 3584528711, 0, 32;
    %ix/load 4, 29, 0;
    %flag_set/imm 4, 0;
    %store/vec4a v000002b4b9b9a810, 4, 0;
    %pushi/vec4 113926993, 0, 32;
    %ix/load 4, 30, 0;
    %flag_set/imm 4, 0;
    %store/vec4a v000002b4b9b9a810, 4, 0;
    %pushi/vec4 338241895, 0, 32;
    %ix/load 4, 31, 0;
    %flag_set/imm 4, 0;
    %store/vec4a v000002b4b9b9a810, 4, 0;
    %pushi/vec4 666307205, 0, 32;
    %ix/load 4, 32, 0;
    %flag_set/imm 4, 0;
    %store/vec4a v000002b4b9b9a810, 4, 0;
    %pushi/vec4 773529912, 0, 32;
    %ix/load 4, 33, 0;
    %flag_set/imm 4, 0;
    %store/vec4a v000002b4b9b9a810, 4, 0;
    %pushi/vec4 1294757372, 0, 32;
    %ix/load 4, 34, 0;
    %flag_set/imm 4, 0;
    %store/vec4a v000002b4b9b9a810, 4, 0;
    %pushi/vec4 1396182291, 0, 32;
    %ix/load 4, 35, 0;
    %flag_set/imm 4, 0;
    %store/vec4a v000002b4b9b9a810, 4, 0;
    %pushi/vec4 1695183700, 0, 32;
    %ix/load 4, 36, 0;
    %flag_set/imm 4, 0;
    %store/vec4a v000002b4b9b9a810, 4, 0;
    %pushi/vec4 1986661051, 0, 32;
    %ix/load 4, 37, 0;
    %flag_set/imm 4, 0;
    %store/vec4a v000002b4b9b9a810, 4, 0;
    %pushi/vec4 2177026350, 0, 32;
    %ix/load 4, 38, 0;
    %flag_set/imm 4, 0;
    %store/vec4a v000002b4b9b9a810, 4, 0;
    %pushi/vec4 2456956037, 0, 32;
    %ix/load 4, 39, 0;
    %flag_set/imm 4, 0;
    %store/vec4a v000002b4b9b9a810, 4, 0;
    %pushi/vec4 2730485921, 0, 32;
    %ix/load 4, 40, 0;
    %flag_set/imm 4, 0;
    %store/vec4a v000002b4b9b9a810, 4, 0;
    %pushi/vec4 2820302411, 0, 32;
    %ix/load 4, 41, 0;
    %flag_set/imm 4, 0;
    %store/vec4a v000002b4b9b9a810, 4, 0;
    %pushi/vec4 3259730800, 0, 32;
    %ix/load 4, 42, 0;
    %flag_set/imm 4, 0;
    %store/vec4a v000002b4b9b9a810, 4, 0;
    %pushi/vec4 3345764771, 0, 32;
    %ix/load 4, 43, 0;
    %flag_set/imm 4, 0;
    %store/vec4a v000002b4b9b9a810, 4, 0;
    %pushi/vec4 3516065817, 0, 32;
    %ix/load 4, 44, 0;
    %flag_set/imm 4, 0;
    %store/vec4a v000002b4b9b9a810, 4, 0;
    %pushi/vec4 3600352804, 0, 32;
    %ix/load 4, 45, 0;
    %flag_set/imm 4, 0;
    %store/vec4a v000002b4b9b9a810, 4, 0;
    %pushi/vec4 4094571909, 0, 32;
    %ix/load 4, 46, 0;
    %flag_set/imm 4, 0;
    %store/vec4a v000002b4b9b9a810, 4, 0;
    %pushi/vec4 275423344, 0, 32;
    %ix/load 4, 47, 0;
    %flag_set/imm 4, 0;
    %store/vec4a v000002b4b9b9a810, 4, 0;
    %pushi/vec4 430227734, 0, 32;
    %ix/load 4, 48, 0;
    %flag_set/imm 4, 0;
    %store/vec4a v000002b4b9b9a810, 4, 0;
    %pushi/vec4 506948616, 0, 32;
    %ix/load 4, 49, 0;
    %flag_set/imm 4, 0;
    %store/vec4a v000002b4b9b9a810, 4, 0;
    %pushi/vec4 659060556, 0, 32;
    %ix/load 4, 50, 0;
    %flag_set/imm 4, 0;
    %store/vec4a v000002b4b9b9a810, 4, 0;
    %pushi/vec4 883997877, 0, 32;
    %ix/load 4, 51, 0;
    %flag_set/imm 4, 0;
    %store/vec4a v000002b4b9b9a810, 4, 0;
    %pushi/vec4 958139571, 0, 32;
    %ix/load 4, 52, 0;
    %flag_set/imm 4, 0;
    %store/vec4a v000002b4b9b9a810, 4, 0;
    %pushi/vec4 1322822218, 0, 32;
    %ix/load 4, 53, 0;
    %flag_set/imm 4, 0;
    %store/vec4a v000002b4b9b9a810, 4, 0;
    %pushi/vec4 1537002063, 0, 32;
    %ix/load 4, 54, 0;
    %flag_set/imm 4, 0;
    %store/vec4a v000002b4b9b9a810, 4, 0;
    %pushi/vec4 1747873779, 0, 32;
    %ix/load 4, 55, 0;
    %flag_set/imm 4, 0;
    %store/vec4a v000002b4b9b9a810, 4, 0;
    %pushi/vec4 1955562222, 0, 32;
    %ix/load 4, 56, 0;
    %flag_set/imm 4, 0;
    %store/vec4a v000002b4b9b9a810, 4, 0;
    %pushi/vec4 2024104815, 0, 32;
    %ix/load 4, 57, 0;
    %flag_set/imm 4, 0;
    %store/vec4a v000002b4b9b9a810, 4, 0;
    %pushi/vec4 2227730452, 0, 32;
    %ix/load 4, 58, 0;
    %flag_set/imm 4, 0;
    %store/vec4a v000002b4b9b9a810, 4, 0;
    %pushi/vec4 2361852424, 0, 32;
    %ix/load 4, 59, 0;
    %flag_set/imm 4, 0;
    %store/vec4a v000002b4b9b9a810, 4, 0;
    %pushi/vec4 2428436474, 0, 32;
    %ix/load 4, 60, 0;
    %flag_set/imm 4, 0;
    %store/vec4a v000002b4b9b9a810, 4, 0;
    %pushi/vec4 2756734187, 0, 32;
    %ix/load 4, 61, 0;
    %flag_set/imm 4, 0;
    %store/vec4a v000002b4b9b9a810, 4, 0;
    %pushi/vec4 3204031479, 0, 32;
    %ix/load 4, 62, 0;
    %flag_set/imm 4, 0;
    %store/vec4a v000002b4b9b9a810, 4, 0;
    %pushi/vec4 3329325298, 0, 32;
    %ix/load 4, 63, 0;
    %flag_set/imm 4, 0;
    %store/vec4a v000002b4b9b9a810, 4, 0;
    %end;
    .thread T_8;
    .scope S_000002b4b9b94c50;
T_9 ;
    %wait E_000002b4b9b8dcc0;
    %load/vec4 v000002b4b9f5fd90_0;
    %nor/r;
    %flag_set/vec4 8;
    %jmp/0xz  T_9.0, 8;
    %fork t_11, S_000002b4b9b94de0;
    %jmp t_10;
    .scope S_000002b4b9b94de0;
t_11 ;
    %pushi/vec4 0, 0, 32;
    %store/vec4 v000002b4b9b9b2b0_0, 0, 32;
T_9.2 ;
    %load/vec4 v000002b4b9b9b2b0_0;
    %cmpi/s 32, 0, 32;
    %jmp/0xz T_9.3, 5;
    %pushi/vec4 0, 0, 32;
    %ix/getv/s 3, v000002b4b9b9b2b0_0;
    %ix/load 4, 0, 0; Constant delay
    %assign/vec4/a/d v000002b4b9b9a9f0, 0, 4;
    %pushi/vec4 0, 0, 32;
    %ix/getv/s 3, v000002b4b9b9b2b0_0;
    %ix/load 4, 0, 0; Constant delay
    %assign/vec4/a/d v000002b4b9f60f10, 0, 4;
    %pushi/vec4 0, 0, 32;
    %ix/getv/s 3, v000002b4b9b9b2b0_0;
    %ix/load 4, 0, 0; Constant delay
    %assign/vec4/a/d v000002b4b9f601f0, 0, 4;
    %pushi/vec4 0, 0, 32;
    %ix/getv/s 3, v000002b4b9b9b2b0_0;
    %ix/load 4, 0, 0; Constant delay
    %assign/vec4/a/d v000002b4b9f5fbb0, 0, 4;
    %pushi/vec4 0, 0, 32;
    %ix/getv/s 3, v000002b4b9b9b2b0_0;
    %ix/load 4, 0, 0; Constant delay
    %assign/vec4/a/d v000002b4b9f5f570, 0, 4;
    %pushi/vec4 0, 0, 32;
    %ix/getv/s 3, v000002b4b9b9b2b0_0;
    %ix/load 4, 0, 0; Constant delay
    %assign/vec4/a/d v000002b4b9f60470, 0, 4;
    %pushi/vec4 0, 0, 32;
    %ix/getv/s 3, v000002b4b9b9b2b0_0;
    %ix/load 4, 0, 0; Constant delay
    %assign/vec4/a/d v000002b4b9f5f070, 0, 4;
    %pushi/vec4 0, 0, 32;
    %ix/getv/s 3, v000002b4b9b9b2b0_0;
    %ix/load 4, 0, 0; Constant delay
    %assign/vec4/a/d v000002b4b9f5f4d0, 0, 4;
    ; show_stmt_assign_vector: Get l-value for compressed += operand
    %load/vec4 v000002b4b9b9b2b0_0;
    %pushi/vec4 1, 0, 32;
    %add;
    %store/vec4 v000002b4b9b9b2b0_0, 0, 32;
    %jmp T_9.2;
T_9.3 ;
    %end;
    .scope S_000002b4b9b94c50;
t_10 %join;
    %pushi/vec4 0, 0, 256;
    %assign/vec4 v000002b4b9f605b0_0, 0;
    %pushi/vec4 0, 0, 6;
    %assign/vec4 v000002b4b9f60dd0_0, 0;
    %pushi/vec4 0, 0, 1;
    %assign/vec4 v000002b4b9f60650_0, 0;
    %pushi/vec4 0, 0, 1;
    %assign/vec4 v000002b4b9f5fcf0_0, 0;
    %pushi/vec4 0, 0, 256;
    %assign/vec4 v000002b4b9f60c90_0, 0;
    %pushi/vec4 0, 0, 1;
    %assign/vec4 v000002b4b9f60510_0, 0;
    %jmp T_9.1;
T_9.0 ;
    %pushi/vec4 0, 0, 1;
    %assign/vec4 v000002b4b9f60510_0, 0;
    %load/vec4 v000002b4b9b9a950_0;
    %flag_set/vec4 9;
    %flag_get/vec4 9;
    %jmp/0 T_9.6, 9;
    %load/vec4 v000002b4b9f60650_0;
    %nor/r;
    %and;
T_9.6;
    %flag_set/vec4 8;
    %jmp/0xz  T_9.4, 8;
    %load/vec4 v000002b4b9f5f610_0;
    %parti/s 32, 224, 9;
    %store/vec4 v000002b4b9f5ff70_0, 0, 32;
    %load/vec4 v000002b4b9f5f610_0;
    %parti/s 32, 192, 9;
    %store/vec4 v000002b4b9f60d30_0, 0, 32;
    %load/vec4 v000002b4b9f5f610_0;
    %parti/s 32, 160, 9;
    %store/vec4 v000002b4b9f5f430_0, 0, 32;
    %load/vec4 v000002b4b9f5f610_0;
    %parti/s 32, 128, 9;
    %store/vec4 v000002b4b9f603d0_0, 0, 32;
    %load/vec4 v000002b4b9f5f610_0;
    %parti/s 32, 96, 8;
    %store/vec4 v000002b4b9f60010_0, 0, 32;
    %load/vec4 v000002b4b9f5f610_0;
    %parti/s 32, 64, 8;
    %store/vec4 v000002b4b9f5f1b0_0, 0, 32;
    %load/vec4 v000002b4b9f5f610_0;
    %parti/s 32, 32, 7;
    %store/vec4 v000002b4b9f5f110_0, 0, 32;
    %load/vec4 v000002b4b9f5f610_0;
    %parti/s 32, 0, 2;
    %store/vec4 v000002b4b9f5fc50_0, 0, 32;
    %load/vec4 v000002b4b9f5fc50_0;
    %load/vec4 v000002b4b9f60010_0;
    %store/vec4 v000002b4b9b9a770_0, 0, 32;
    %callf/vec4 TD_top_tb.uut.compress_inst.SIGMA1, S_000002b4b9b1e740;
    %add;
    %load/vec4 v000002b4b9f60010_0;
    %load/vec4 v000002b4b9f5f1b0_0;
    %load/vec4 v000002b4b9f5f110_0;
    %store/vec4 v000002b4b9b9aef0_0, 0, 32;
    %store/vec4 v000002b4b9b9b490_0, 0, 32;
    %store/vec4 v000002b4b9b9b350_0, 0, 32;
    %callf/vec4 TD_top_tb.uut.compress_inst.Ch, S_000002b4b9b08e20;
    %add;
    %ix/load 4, 0, 0;
    %flag_set/imm 4, 0;
    %load/vec4a v000002b4b9b9a810, 4;
    %add;
    %load/vec4 v000002b4b9b9a8b0_0;
    %add;
    %store/vec4 v000002b4b9b9adb0_0, 0, 32;
    %load/vec4 v000002b4b9f5ff70_0;
    %store/vec4 v000002b4b9b9a6d0_0, 0, 32;
    %callf/vec4 TD_top_tb.uut.compress_inst.SIGMA0, S_000002b4b9b1e5b0;
    %load/vec4 v000002b4b9f5ff70_0;
    %load/vec4 v000002b4b9f60d30_0;
    %load/vec4 v000002b4b9f5f430_0;
    %store/vec4 v000002b4b9b9abd0_0, 0, 32;
    %store/vec4 v000002b4b9b9a630_0, 0, 32;
    %store/vec4 v000002b4b9b9b0d0_0, 0, 32;
    %callf/vec4 TD_top_tb.uut.compress_inst.Maj, S_000002b4b9b08fb0;
    %add;
    %store/vec4 v000002b4b9b9ae50_0, 0, 32;
    %load/vec4 v000002b4b9b9adb0_0;
    %load/vec4 v000002b4b9b9ae50_0;
    %add;
    %ix/load 3, 0, 0;
    %flag_set/imm 4, 0;
    %ix/load 4, 0, 0; Constant delay
    %assign/vec4/a/d v000002b4b9b9a9f0, 0, 4;
    %load/vec4 v000002b4b9f5ff70_0;
    %ix/load 3, 0, 0;
    %flag_set/imm 4, 0;
    %ix/load 4, 0, 0; Constant delay
    %assign/vec4/a/d v000002b4b9f60f10, 0, 4;
    %load/vec4 v000002b4b9f60d30_0;
    %ix/load 3, 0, 0;
    %flag_set/imm 4, 0;
    %ix/load 4, 0, 0; Constant delay
    %assign/vec4/a/d v000002b4b9f601f0, 0, 4;
    %load/vec4 v000002b4b9f5f430_0;
    %ix/load 3, 0, 0;
    %flag_set/imm 4, 0;
    %ix/load 4, 0, 0; Constant delay
    %assign/vec4/a/d v000002b4b9f5fbb0, 0, 4;
    %load/vec4 v000002b4b9f603d0_0;
    %load/vec4 v000002b4b9b9adb0_0;
    %add;
    %ix/load 3, 0, 0;
    %flag_set/imm 4, 0;
    %ix/load 4, 0, 0; Constant delay
    %assign/vec4/a/d v000002b4b9f5f570, 0, 4;
    %load/vec4 v000002b4b9f60010_0;
    %ix/load 3, 0, 0;
    %flag_set/imm 4, 0;
    %ix/load 4, 0, 0; Constant delay
    %assign/vec4/a/d v000002b4b9f60470, 0, 4;
    %load/vec4 v000002b4b9f5f1b0_0;
    %ix/load 3, 0, 0;
    %flag_set/imm 4, 0;
    %ix/load 4, 0, 0; Constant delay
    %assign/vec4/a/d v000002b4b9f5f070, 0, 4;
    %load/vec4 v000002b4b9f5f110_0;
    %ix/load 3, 0, 0;
    %flag_set/imm 4, 0;
    %ix/load 4, 0, 0; Constant delay
    %assign/vec4/a/d v000002b4b9f5f4d0, 0, 4;
    %fork t_13, S_000002b4b9ab2af0;
    %jmp t_12;
    .scope S_000002b4b9ab2af0;
t_13 ;
    %pushi/vec4 1, 0, 32;
    %store/vec4 v000002b4b9b9b3f0_0, 0, 32;
T_9.7 ;
    %load/vec4 v000002b4b9b9b3f0_0;
    %cmpi/s 32, 0, 32;
    %jmp/0xz T_9.8, 5;
    %pushi/vec4 0, 0, 32;
    %ix/getv/s 3, v000002b4b9b9b3f0_0;
    %ix/load 4, 0, 0; Constant delay
    %assign/vec4/a/d v000002b4b9b9a9f0, 0, 4;
    %pushi/vec4 0, 0, 32;
    %ix/getv/s 3, v000002b4b9b9b3f0_0;
    %ix/load 4, 0, 0; Constant delay
    %assign/vec4/a/d v000002b4b9f60f10, 0, 4;
    %pushi/vec4 0, 0, 32;
    %ix/getv/s 3, v000002b4b9b9b3f0_0;
    %ix/load 4, 0, 0; Constant delay
    %assign/vec4/a/d v000002b4b9f601f0, 0, 4;
    %pushi/vec4 0, 0, 32;
    %ix/getv/s 3, v000002b4b9b9b3f0_0;
    %ix/load 4, 0, 0; Constant delay
    %assign/vec4/a/d v000002b4b9f5fbb0, 0, 4;
    %pushi/vec4 0, 0, 32;
    %ix/getv/s 3, v000002b4b9b9b3f0_0;
    %ix/load 4, 0, 0; Constant delay
    %assign/vec4/a/d v000002b4b9f5f570, 0, 4;
    %pushi/vec4 0, 0, 32;
    %ix/getv/s 3, v000002b4b9b9b3f0_0;
    %ix/load 4, 0, 0; Constant delay
    %assign/vec4/a/d v000002b4b9f60470, 0, 4;
    %pushi/vec4 0, 0, 32;
    %ix/getv/s 3, v000002b4b9b9b3f0_0;
    %ix/load 4, 0, 0; Constant delay
    %assign/vec4/a/d v000002b4b9f5f070, 0, 4;
    %pushi/vec4 0, 0, 32;
    %ix/getv/s 3, v000002b4b9b9b3f0_0;
    %ix/load 4, 0, 0; Constant delay
    %assign/vec4/a/d v000002b4b9f5f4d0, 0, 4;
    ; show_stmt_assign_vector: Get l-value for compressed += operand
    %load/vec4 v000002b4b9b9b3f0_0;
    %pushi/vec4 1, 0, 32;
    %add;
    %store/vec4 v000002b4b9b9b3f0_0, 0, 32;
    %jmp T_9.7;
T_9.8 ;
    %end;
    .scope S_000002b4b9b94c50;
t_12 %join;
    %load/vec4 v000002b4b9f5f610_0;
    %assign/vec4 v000002b4b9f605b0_0, 0;
    %pushi/vec4 1, 0, 1;
    %assign/vec4 v000002b4b9f60650_0, 0;
    %pushi/vec4 0, 0, 6;
    %assign/vec4 v000002b4b9f60dd0_0, 0;
T_9.4 ;
    %load/vec4 v000002b4b9b9a950_0;
    %flag_set/vec4 9;
    %flag_get/vec4 9;
    %jmp/0 T_9.11, 9;
    %load/vec4 v000002b4b9f60650_0;
    %and;
T_9.11;
    %flag_set/vec4 8;
    %jmp/0xz  T_9.9, 8;
    %ix/load 4, 0, 0;
    %flag_set/imm 4, 0;
    %load/vec4a v000002b4b9b9a9f0, 4;
    %store/vec4 v000002b4b9f5ff70_0, 0, 32;
    %ix/load 4, 0, 0;
    %flag_set/imm 4, 0;
    %load/vec4a v000002b4b9f60f10, 4;
    %store/vec4 v000002b4b9f60d30_0, 0, 32;
    %ix/load 4, 0, 0;
    %flag_set/imm 4, 0;
    %load/vec4a v000002b4b9f601f0, 4;
    %store/vec4 v000002b4b9f5f430_0, 0, 32;
    %ix/load 4, 0, 0;
    %flag_set/imm 4, 0;
    %load/vec4a v000002b4b9f5fbb0, 4;
    %store/vec4 v000002b4b9f603d0_0, 0, 32;
    %ix/load 4, 0, 0;
    %flag_set/imm 4, 0;
    %load/vec4a v000002b4b9f5f570, 4;
    %store/vec4 v000002b4b9f60010_0, 0, 32;
    %ix/load 4, 0, 0;
    %flag_set/imm 4, 0;
    %load/vec4a v000002b4b9f60470, 4;
    %store/vec4 v000002b4b9f5f1b0_0, 0, 32;
    %ix/load 4, 0, 0;
    %flag_set/imm 4, 0;
    %load/vec4a v000002b4b9f5f070, 4;
    %store/vec4 v000002b4b9f5f110_0, 0, 32;
    %ix/load 4, 0, 0;
    %flag_set/imm 4, 0;
    %load/vec4a v000002b4b9f5f4d0, 4;
    %store/vec4 v000002b4b9f5fc50_0, 0, 32;
    %fork t_15, S_000002b4b9ab2c80;
    %jmp t_14;
    .scope S_000002b4b9ab2c80;
t_15 ;
    %pushi/vec4 31, 0, 32;
    %store/vec4 v000002b4b9b9ac70_0, 0, 32;
T_9.12 ;
    %load/vec4 v000002b4b9b9ac70_0;
    %cmpi/s 0, 0, 32;
    %flag_or 5, 4; GT is !LE
    %flag_inv 5;
    %jmp/0xz T_9.13, 5;
    %load/vec4 v000002b4b9b9ac70_0;
    %subi 1, 0, 32;
    %ix/vec4/s 4;
    %load/vec4a v000002b4b9b9a9f0, 4;
    %ix/getv/s 3, v000002b4b9b9ac70_0;
    %ix/load 4, 0, 0; Constant delay
    %assign/vec4/a/d v000002b4b9b9a9f0, 0, 4;
    %load/vec4 v000002b4b9b9ac70_0;
    %subi 1, 0, 32;
    %ix/vec4/s 4;
    %load/vec4a v000002b4b9f60f10, 4;
    %ix/getv/s 3, v000002b4b9b9ac70_0;
    %ix/load 4, 0, 0; Constant delay
    %assign/vec4/a/d v000002b4b9f60f10, 0, 4;
    %load/vec4 v000002b4b9b9ac70_0;
    %subi 1, 0, 32;
    %ix/vec4/s 4;
    %load/vec4a v000002b4b9f601f0, 4;
    %ix/getv/s 3, v000002b4b9b9ac70_0;
    %ix/load 4, 0, 0; Constant delay
    %assign/vec4/a/d v000002b4b9f601f0, 0, 4;
    %load/vec4 v000002b4b9b9ac70_0;
    %subi 1, 0, 32;
    %ix/vec4/s 4;
    %load/vec4a v000002b4b9f5fbb0, 4;
    %ix/getv/s 3, v000002b4b9b9ac70_0;
    %ix/load 4, 0, 0; Constant delay
    %assign/vec4/a/d v000002b4b9f5fbb0, 0, 4;
    %load/vec4 v000002b4b9b9ac70_0;
    %subi 1, 0, 32;
    %ix/vec4/s 4;
    %load/vec4a v000002b4b9f5f570, 4;
    %ix/getv/s 3, v000002b4b9b9ac70_0;
    %ix/load 4, 0, 0; Constant delay
    %assign/vec4/a/d v000002b4b9f5f570, 0, 4;
    %load/vec4 v000002b4b9b9ac70_0;
    %subi 1, 0, 32;
    %ix/vec4/s 4;
    %load/vec4a v000002b4b9f60470, 4;
    %ix/getv/s 3, v000002b4b9b9ac70_0;
    %ix/load 4, 0, 0; Constant delay
    %assign/vec4/a/d v000002b4b9f60470, 0, 4;
    %load/vec4 v000002b4b9b9ac70_0;
    %subi 1, 0, 32;
    %ix/vec4/s 4;
    %load/vec4a v000002b4b9f5f070, 4;
    %ix/getv/s 3, v000002b4b9b9ac70_0;
    %ix/load 4, 0, 0; Constant delay
    %assign/vec4/a/d v000002b4b9f5f070, 0, 4;
    %load/vec4 v000002b4b9b9ac70_0;
    %subi 1, 0, 32;
    %ix/vec4/s 4;
    %load/vec4a v000002b4b9f5f4d0, 4;
    %ix/getv/s 3, v000002b4b9b9ac70_0;
    %ix/load 4, 0, 0; Constant delay
    %assign/vec4/a/d v000002b4b9f5f4d0, 0, 4;
    ; show_stmt_assign_vector: Get l-value for compressed -= operand
    %load/vec4 v000002b4b9b9ac70_0;
    %pushi/vec4 1, 0, 32;
    %sub;
    %store/vec4 v000002b4b9b9ac70_0, 0, 32;
    %jmp T_9.12;
T_9.13 ;
    %end;
    .scope S_000002b4b9b94c50;
t_14 %join;
    %load/vec4 v000002b4b9f5fc50_0;
    %load/vec4 v000002b4b9f60010_0;
    %store/vec4 v000002b4b9b9a770_0, 0, 32;
    %callf/vec4 TD_top_tb.uut.compress_inst.SIGMA1, S_000002b4b9b1e740;
    %add;
    %load/vec4 v000002b4b9f60010_0;
    %load/vec4 v000002b4b9f5f1b0_0;
    %load/vec4 v000002b4b9f5f110_0;
    %store/vec4 v000002b4b9b9aef0_0, 0, 32;
    %store/vec4 v000002b4b9b9b490_0, 0, 32;
    %store/vec4 v000002b4b9b9b350_0, 0, 32;
    %callf/vec4 TD_top_tb.uut.compress_inst.Ch, S_000002b4b9b08e20;
    %add;
    %load/vec4 v000002b4b9f60dd0_0;
    %pad/u 32;
    %addi 1, 0, 32;
    %ix/vec4 4;
    %load/vec4a v000002b4b9b9a810, 4;
    %add;
    %load/vec4 v000002b4b9b9a8b0_0;
    %add;
    %store/vec4 v000002b4b9b9adb0_0, 0, 32;
    %load/vec4 v000002b4b9f5ff70_0;
    %store/vec4 v000002b4b9b9a6d0_0, 0, 32;
    %callf/vec4 TD_top_tb.uut.compress_inst.SIGMA0, S_000002b4b9b1e5b0;
    %load/vec4 v000002b4b9f5ff70_0;
    %load/vec4 v000002b4b9f60d30_0;
    %load/vec4 v000002b4b9f5f430_0;
    %store/vec4 v000002b4b9b9abd0_0, 0, 32;
    %store/vec4 v000002b4b9b9a630_0, 0, 32;
    %store/vec4 v000002b4b9b9b0d0_0, 0, 32;
    %callf/vec4 TD_top_tb.uut.compress_inst.Maj, S_000002b4b9b08fb0;
    %add;
    %store/vec4 v000002b4b9b9ae50_0, 0, 32;
    %load/vec4 v000002b4b9b9adb0_0;
    %load/vec4 v000002b4b9b9ae50_0;
    %add;
    %ix/load 3, 0, 0;
    %flag_set/imm 4, 0;
    %ix/load 4, 0, 0; Constant delay
    %assign/vec4/a/d v000002b4b9b9a9f0, 0, 4;
    %load/vec4 v000002b4b9f5ff70_0;
    %ix/load 3, 0, 0;
    %flag_set/imm 4, 0;
    %ix/load 4, 0, 0; Constant delay
    %assign/vec4/a/d v000002b4b9f60f10, 0, 4;
    %load/vec4 v000002b4b9f60d30_0;
    %ix/load 3, 0, 0;
    %flag_set/imm 4, 0;
    %ix/load 4, 0, 0; Constant delay
    %assign/vec4/a/d v000002b4b9f601f0, 0, 4;
    %load/vec4 v000002b4b9f5f430_0;
    %ix/load 3, 0, 0;
    %flag_set/imm 4, 0;
    %ix/load 4, 0, 0; Constant delay
    %assign/vec4/a/d v000002b4b9f5fbb0, 0, 4;
    %load/vec4 v000002b4b9f603d0_0;
    %load/vec4 v000002b4b9b9adb0_0;
    %add;
    %ix/load 3, 0, 0;
    %flag_set/imm 4, 0;
    %ix/load 4, 0, 0; Constant delay
    %assign/vec4/a/d v000002b4b9f5f570, 0, 4;
    %load/vec4 v000002b4b9f60010_0;
    %ix/load 3, 0, 0;
    %flag_set/imm 4, 0;
    %ix/load 4, 0, 0; Constant delay
    %assign/vec4/a/d v000002b4b9f60470, 0, 4;
    %load/vec4 v000002b4b9f5f1b0_0;
    %ix/load 3, 0, 0;
    %flag_set/imm 4, 0;
    %ix/load 4, 0, 0; Constant delay
    %assign/vec4/a/d v000002b4b9f5f070, 0, 4;
    %load/vec4 v000002b4b9f5f110_0;
    %ix/load 3, 0, 0;
    %flag_set/imm 4, 0;
    %ix/load 4, 0, 0; Constant delay
    %assign/vec4/a/d v000002b4b9f5f4d0, 0, 4;
    %load/vec4 v000002b4b9f60dd0_0;
    %addi 1, 0, 6;
    %assign/vec4 v000002b4b9f60dd0_0, 0;
T_9.9 ;
    %load/vec4 v000002b4b9f60650_0;
    %flag_set/vec4 9;
    %flag_get/vec4 9;
    %jmp/0 T_9.16, 9;
    %load/vec4 v000002b4b9f60dd0_0;
    %pad/u 32;
    %pushi/vec4 63, 0, 32;
    %cmp/e;
    %flag_get/vec4 4;
    %and;
T_9.16;
    %flag_set/vec4 8;
    %jmp/0xz  T_9.14, 8;
    %pushi/vec4 0, 0, 1;
    %assign/vec4 v000002b4b9f60650_0, 0;
    %pushi/vec4 0, 0, 6;
    %assign/vec4 v000002b4b9f60dd0_0, 0;
    %pushi/vec4 1, 0, 1;
    %assign/vec4 v000002b4b9f5fcf0_0, 0;
T_9.14 ;
    %load/vec4 v000002b4b9f5fcf0_0;
    %flag_set/vec4 8;
    %jmp/0xz  T_9.17, 8;
    %load/vec4 v000002b4b9f605b0_0;
    %parti/s 32, 224, 9;
    %ix/load 4, 0, 0;
    %flag_set/imm 4, 0;
    %load/vec4a v000002b4b9b9a9f0, 4;
    %add;
    %load/vec4 v000002b4b9f605b0_0;
    %parti/s 32, 192, 9;
    %ix/load 4, 0, 0;
    %flag_set/imm 4, 0;
    %load/vec4a v000002b4b9f60f10, 4;
    %add;
    %concat/vec4; draw_concat_vec4
    %load/vec4 v000002b4b9f605b0_0;
    %parti/s 32, 160, 9;
    %ix/load 4, 0, 0;
    %flag_set/imm 4, 0;
    %load/vec4a v000002b4b9f601f0, 4;
    %add;
    %concat/vec4; draw_concat_vec4
    %load/vec4 v000002b4b9f605b0_0;
    %parti/s 32, 128, 9;
    %ix/load 4, 0, 0;
    %flag_set/imm 4, 0;
    %load/vec4a v000002b4b9f5fbb0, 4;
    %add;
    %concat/vec4; draw_concat_vec4
    %load/vec4 v000002b4b9f605b0_0;
    %parti/s 32, 96, 8;
    %ix/load 4, 0, 0;
    %flag_set/imm 4, 0;
    %load/vec4a v000002b4b9f5f570, 4;
    %add;
    %concat/vec4; draw_concat_vec4
    %load/vec4 v000002b4b9f605b0_0;
    %parti/s 32, 64, 8;
    %ix/load 4, 0, 0;
    %flag_set/imm 4, 0;
    %load/vec4a v000002b4b9f60470, 4;
    %add;
    %concat/vec4; draw_concat_vec4
    %load/vec4 v000002b4b9f605b0_0;
    %parti/s 32, 32, 7;
    %ix/load 4, 0, 0;
    %flag_set/imm 4, 0;
    %load/vec4a v000002b4b9f5f070, 4;
    %add;
    %concat/vec4; draw_concat_vec4
    %load/vec4 v000002b4b9f605b0_0;
    %parti/s 32, 0, 2;
    %ix/load 4, 0, 0;
    %flag_set/imm 4, 0;
    %load/vec4a v000002b4b9f5f4d0, 4;
    %add;
    %concat/vec4; draw_concat_vec4
    %assign/vec4 v000002b4b9f60c90_0, 0;
    %pushi/vec4 1, 0, 1;
    %assign/vec4 v000002b4b9f60510_0, 0;
    %pushi/vec4 0, 0, 1;
    %assign/vec4 v000002b4b9f5fcf0_0, 0;
T_9.17 ;
T_9.1 ;
    %jmp T_9;
    .thread T_9;
    .scope S_000002b4b9ae0370;
T_10 ;
    %wait E_000002b4b9b8dcc0;
    %load/vec4 v000002b4b9f63cb0_0;
    %nor/r;
    %flag_set/vec4 8;
    %jmp/0xz  T_10.0, 8;
    %pushi/vec4 3558067407, 0, 33;
    %concati/vec4 3986602516, 0, 33;
    %concati/vec4 4055616970, 0, 32;
    %concati/vec4 2503988457, 0, 32;
    %concati/vec4 2289210364, 0, 33;
    %concati/vec4 3626714208, 0, 32;
    %concati/vec4 4229877082, 0, 32;
    %concati/vec4 467717401, 0, 29;
    %assign/vec4 v000002b4b9f63c10_0, 0;
    %pushi/vec4 0, 0, 256;
    %assign/vec4 v000002b4b9f628b0_0, 0;
    %pushi/vec4 0, 0, 1;
    %assign/vec4 v000002b4b9f637b0_0, 0;
    %pushi/vec4 0, 0, 2;
    %assign/vec4 v000002b4b9f62310_0, 0;
    %jmp T_10.1;
T_10.0 ;
    %load/vec4 v000002b4b9f63710_0;
    %flag_set/vec4 8;
    %jmp/0xz  T_10.2, 8;
    %load/vec4 v000002b4b9f63350_0;
    %assign/vec4 v000002b4b9f63c10_0, 0;
T_10.2 ;
    %load/vec4 v000002b4b9f63710_0;
    %flag_set/vec4 9;
    %flag_get/vec4 9;
    %jmp/0 T_10.6, 9;
    %load/vec4 v000002b4b9f63670_0;
    %nor/r;
    %and;
T_10.6;
    %flag_set/vec4 8;
    %jmp/0xz  T_10.4, 8;
    %load/vec4 v000002b4b9f63350_0;
    %assign/vec4 v000002b4b9f628b0_0, 0;
T_10.4 ;
    %load/vec4 v000002b4b9f62310_0;
    %parti/s 1, 0, 2;
    %load/vec4 v000002b4b9f63710_0;
    %concat/vec4; draw_concat_vec4
    %assign/vec4 v000002b4b9f62310_0, 0;
    %load/vec4 v000002b4b9f62310_0;
    %parti/s 1, 1, 2;
    %assign/vec4 v000002b4b9f637b0_0, 0;
T_10.1 ;
    %jmp T_10;
    .thread T_10;
    .scope S_000002b4b9b95e60;
T_11 ;
    %pushi/vec4 0, 0, 1;
    %store/vec4 v000002b4b9f633f0_0, 0, 1;
T_11.0 ;
    %delay 5000, 0;
    %load/vec4 v000002b4b9f633f0_0;
    %inv;
    %store/vec4 v000002b4b9f633f0_0, 0, 1;
    %jmp T_11.0;
    %end;
    .thread T_11;
    .scope S_000002b4b9b95e60;
T_12 ;
    %vpi_call 2 47 "$display", "\012[TEST CASE 1] Testing 'abc' message (standard test vector)" {0 0 0};
    %pushi/vec4 97, 0, 8; draw_string_vec4
    %ix/load 4, 0, 0;
    %flag_set/imm 4, 0;
    %store/vec4a v000002b4b9f62590, 4, 0;
    %pushi/vec4 98, 0, 8; draw_string_vec4
    %ix/load 4, 1, 0;
    %flag_set/imm 4, 0;
    %store/vec4a v000002b4b9f62590, 4, 0;
    %pushi/vec4 99, 0, 8; draw_string_vec4
    %ix/load 4, 2, 0;
    %flag_set/imm 4, 0;
    %store/vec4a v000002b4b9f62590, 4, 0;
    %pushi/vec4 3, 0, 32;
    %store/vec4 v000002b4b9f63f30_0, 0, 32;
    %delay 20000, 0;
    %pushi/vec4 0, 0, 1;
    %store/vec4 v000002b4b9f635d0_0, 0, 1;
    %pushi/vec4 0, 0, 8;
    %store/vec4 v000002b4b9f63490_0, 0, 8;
    %pushi/vec4 0, 0, 1;
    %store/vec4 v000002b4b9f63d50_0, 0, 1;
    %pushi/vec4 0, 0, 1;
    %store/vec4 v000002b4b9f63530_0, 0, 1;
    %delay 10000, 0;
    %pushi/vec4 1, 0, 1;
    %store/vec4 v000002b4b9f635d0_0, 0, 1;
    %delay 10000, 0;
T_12.0 ;
    %load/vec4 v000002b4b9f63990_0;
    %cmpi/ne 1, 0, 1;
    %jmp/0xz T_12.1, 6;
    %wait E_000002b4b9b8e080;
    %jmp T_12.0;
T_12.1 ;
    %wait E_000002b4b9b8dfc0;
    %pushi/vec4 0, 0, 32;
    %store/vec4 v000002b4b9f63a30_0, 0, 32;
T_12.2 ;
    %load/vec4 v000002b4b9f63a30_0;
    %load/vec4 v000002b4b9f63f30_0;
    %cmp/s;
    %jmp/0xz T_12.3, 5;
    %ix/getv/s 4, v000002b4b9f63a30_0;
    %load/vec4a v000002b4b9f62590, 4;
    %store/vec4 v000002b4b9f63490_0, 0, 8;
    %pushi/vec4 1, 0, 1;
    %store/vec4 v000002b4b9f63d50_0, 0, 1;
    %load/vec4 v000002b4b9f63a30_0;
    %load/vec4 v000002b4b9f63f30_0;
    %subi 1, 0, 32;
    %cmp/e;
    %flag_get/vec4 4;
    %store/vec4 v000002b4b9f63530_0, 0, 1;
    %wait E_000002b4b9b8dfc0;
    %load/vec4 v000002b4b9f63a30_0;
    %addi 1, 0, 32;
    %store/vec4 v000002b4b9f63a30_0, 0, 32;
    %jmp T_12.2;
T_12.3 ;
    %pushi/vec4 0, 0, 1;
    %store/vec4 v000002b4b9f63d50_0, 0, 1;
    %pushi/vec4 0, 0, 1;
    %store/vec4 v000002b4b9f63530_0, 0, 1;
T_12.4 ;
    %load/vec4 v000002b4b9f63df0_0;
    %cmpi/ne 1, 0, 1;
    %jmp/0xz T_12.5, 6;
    %wait E_000002b4b9b8df00;
    %jmp T_12.4;
T_12.5 ;
    %delay 100, 0;
    %vpi_call 2 88 "$display", "Final hash:" {0 0 0};
    %vpi_call 2 89 "$display", "%h %h %h %h", &PV<v000002b4b9f63b70_0, 224, 32>, &PV<v000002b4b9f63b70_0, 192, 32>, &PV<v000002b4b9f63b70_0, 160, 32>, &PV<v000002b4b9f63b70_0, 128, 32> {0 0 0};
    %vpi_call 2 91 "$display", "%h %h %h %h", &PV<v000002b4b9f63b70_0, 96, 32>, &PV<v000002b4b9f63b70_0, 64, 32>, &PV<v000002b4b9f63b70_0, 32, 32>, &PV<v000002b4b9f63b70_0, 0, 32> {0 0 0};
    %load/vec4 v000002b4b9f63b70_0;
    %pushi/vec4 3128432319, 0, 32;
    %concati/vec4 2399260650, 0, 32;
    %concati/vec4 2189590972, 0, 33;
    %concati/vec4 3143386183, 0, 32;
    %concati/vec4 3222111886, 0, 33;
    %concati/vec4 2965099749, 0, 33;
    %concati/vec4 2693266191, 0, 32;
    %concati/vec4 301995437, 0, 29;
    %cmp/e;
    %jmp/0xz  T_12.6, 6;
    %vpi_call 2 95 "$display", "[RESULT] PASS: Hash matches expected value for 'abc'" {0 0 0};
    %jmp T_12.7;
T_12.6 ;
    %vpi_call 2 97 "$display", "[RESULT] FAIL: Hash mismatch for 'abc'" {0 0 0};
    %vpi_call 2 98 "$display", "Expected: ba7816bf_8f01cfea_414140de_5dae2223_b00361a3_96177a9c_b410ff61_f20015ad" {0 0 0};
    %vpi_call 2 99 "$display", "Received: %h", v000002b4b9f63b70_0 {0 0 0};
T_12.7 ;
    %vpi_call 2 105 "$display", "\012[TEST CASE 2] Testing empty message" {0 0 0};
    %delay 20000, 0;
    %pushi/vec4 0, 0, 1;
    %store/vec4 v000002b4b9f635d0_0, 0, 1;
    %pushi/vec4 0, 0, 8;
    %store/vec4 v000002b4b9f63490_0, 0, 8;
    %pushi/vec4 0, 0, 1;
    %store/vec4 v000002b4b9f63d50_0, 0, 1;
    %pushi/vec4 0, 0, 1;
    %store/vec4 v000002b4b9f63530_0, 0, 1;
    %delay 10000, 0;
    %pushi/vec4 1, 0, 1;
    %store/vec4 v000002b4b9f635d0_0, 0, 1;
    %delay 10000, 0;
T_12.8 ;
    %load/vec4 v000002b4b9f63990_0;
    %cmpi/ne 1, 0, 1;
    %jmp/0xz T_12.9, 6;
    %wait E_000002b4b9b8e080;
    %jmp T_12.8;
T_12.9 ;
    %wait E_000002b4b9b8dfc0;
    %pushi/vec4 0, 0, 1;
    %store/vec4 v000002b4b9f63d50_0, 0, 1;
    %pushi/vec4 1, 0, 1;
    %store/vec4 v000002b4b9f63530_0, 0, 1;
    %wait E_000002b4b9b8dfc0;
    %pushi/vec4 0, 0, 1;
    %store/vec4 v000002b4b9f63530_0, 0, 1;
T_12.10 ;
    %load/vec4 v000002b4b9f63df0_0;
    %cmpi/ne 1, 0, 1;
    %jmp/0xz T_12.11, 6;
    %wait E_000002b4b9b8df00;
    %jmp T_12.10;
T_12.11 ;
    %delay 100, 0;
    %vpi_call 2 134 "$display", "Final hash:" {0 0 0};
    %vpi_call 2 135 "$display", "%h %h %h %h", &PV<v000002b4b9f63b70_0, 224, 32>, &PV<v000002b4b9f63b70_0, 192, 32>, &PV<v000002b4b9f63b70_0, 160, 32>, &PV<v000002b4b9f63b70_0, 128, 32> {0 0 0};
    %vpi_call 2 137 "$display", "%h %h %h %h", &PV<v000002b4b9f63b70_0, 96, 32>, &PV<v000002b4b9f63b70_0, 64, 32>, &PV<v000002b4b9f63b70_0, 32, 32>, &PV<v000002b4b9f63b70_0, 0, 32> {0 0 0};
    %load/vec4 v000002b4b9f63b70_0;
    %pushi/vec4 3820012610, 0, 32;
    %concati/vec4 2566659092, 0, 32;
    %concati/vec4 2600203464, 0, 32;
    %concati/vec4 2574235940, 0, 32;
    %concati/vec4 2662926225, 0, 34;
    %concati/vec4 2456702258, 0, 32;
    %concati/vec4 2455135341, 0, 32;
    %concati/vec4 944945237, 0, 30;
    %cmp/e;
    %jmp/0xz  T_12.12, 6;
    %vpi_call 2 141 "$display", "[RESULT] PASS: Hash matches expected value for empty message" {0 0 0};
    %jmp T_12.13;
T_12.12 ;
    %vpi_call 2 143 "$display", "[RESULT] FAIL: Hash mismatch for empty message" {0 0 0};
    %vpi_call 2 144 "$display", "Expected: e3b0c442_98fc1c14_9afbf4c8_996fb924_27ae41e4_649b934c_a495991b_7852b855" {0 0 0};
    %vpi_call 2 145 "$display", "Received: %h", v000002b4b9f63b70_0 {0 0 0};
T_12.13 ;
    %vpi_call 2 151 "$display", "\012[TEST CASE 3] Testing 'abcdbcdecdefdefgefghfghighijhijkijkljklmklmnlmnomnopnopq' message (standard test vector)" {0 0 0};
    %pushi/vec4 97, 0, 8; draw_string_vec4
    %ix/load 4, 0, 0;
    %flag_set/imm 4, 0;
    %store/vec4a v000002b4b9f62590, 4, 0;
    %pushi/vec4 98, 0, 8; draw_string_vec4
    %ix/load 4, 1, 0;
    %flag_set/imm 4, 0;
    %store/vec4a v000002b4b9f62590, 4, 0;
    %pushi/vec4 99, 0, 8; draw_string_vec4
    %ix/load 4, 2, 0;
    %flag_set/imm 4, 0;
    %store/vec4a v000002b4b9f62590, 4, 0;
    %pushi/vec4 100, 0, 8; draw_string_vec4
    %ix/load 4, 3, 0;
    %flag_set/imm 4, 0;
    %store/vec4a v000002b4b9f62590, 4, 0;
    %pushi/vec4 98, 0, 8; draw_string_vec4
    %ix/load 4, 4, 0;
    %flag_set/imm 4, 0;
    %store/vec4a v000002b4b9f62590, 4, 0;
    %pushi/vec4 99, 0, 8; draw_string_vec4
    %ix/load 4, 5, 0;
    %flag_set/imm 4, 0;
    %store/vec4a v000002b4b9f62590, 4, 0;
    %pushi/vec4 100, 0, 8; draw_string_vec4
    %ix/load 4, 6, 0;
    %flag_set/imm 4, 0;
    %store/vec4a v000002b4b9f62590, 4, 0;
    %pushi/vec4 101, 0, 8; draw_string_vec4
    %ix/load 4, 7, 0;
    %flag_set/imm 4, 0;
    %store/vec4a v000002b4b9f62590, 4, 0;
    %pushi/vec4 99, 0, 8; draw_string_vec4
    %ix/load 4, 8, 0;
    %flag_set/imm 4, 0;
    %store/vec4a v000002b4b9f62590, 4, 0;
    %pushi/vec4 100, 0, 8; draw_string_vec4
    %ix/load 4, 9, 0;
    %flag_set/imm 4, 0;
    %store/vec4a v000002b4b9f62590, 4, 0;
    %pushi/vec4 101, 0, 8; draw_string_vec4
    %ix/load 4, 10, 0;
    %flag_set/imm 4, 0;
    %store/vec4a v000002b4b9f62590, 4, 0;
    %pushi/vec4 102, 0, 8; draw_string_vec4
    %ix/load 4, 11, 0;
    %flag_set/imm 4, 0;
    %store/vec4a v000002b4b9f62590, 4, 0;
    %pushi/vec4 100, 0, 8; draw_string_vec4
    %ix/load 4, 12, 0;
    %flag_set/imm 4, 0;
    %store/vec4a v000002b4b9f62590, 4, 0;
    %pushi/vec4 101, 0, 8; draw_string_vec4
    %ix/load 4, 13, 0;
    %flag_set/imm 4, 0;
    %store/vec4a v000002b4b9f62590, 4, 0;
    %pushi/vec4 102, 0, 8; draw_string_vec4
    %ix/load 4, 14, 0;
    %flag_set/imm 4, 0;
    %store/vec4a v000002b4b9f62590, 4, 0;
    %pushi/vec4 103, 0, 8; draw_string_vec4
    %ix/load 4, 15, 0;
    %flag_set/imm 4, 0;
    %store/vec4a v000002b4b9f62590, 4, 0;
    %pushi/vec4 101, 0, 8; draw_string_vec4
    %ix/load 4, 16, 0;
    %flag_set/imm 4, 0;
    %store/vec4a v000002b4b9f62590, 4, 0;
    %pushi/vec4 102, 0, 8; draw_string_vec4
    %ix/load 4, 17, 0;
    %flag_set/imm 4, 0;
    %store/vec4a v000002b4b9f62590, 4, 0;
    %pushi/vec4 103, 0, 8; draw_string_vec4
    %ix/load 4, 18, 0;
    %flag_set/imm 4, 0;
    %store/vec4a v000002b4b9f62590, 4, 0;
    %pushi/vec4 104, 0, 8; draw_string_vec4
    %ix/load 4, 19, 0;
    %flag_set/imm 4, 0;
    %store/vec4a v000002b4b9f62590, 4, 0;
    %pushi/vec4 102, 0, 8; draw_string_vec4
    %ix/load 4, 20, 0;
    %flag_set/imm 4, 0;
    %store/vec4a v000002b4b9f62590, 4, 0;
    %pushi/vec4 103, 0, 8; draw_string_vec4
    %ix/load 4, 21, 0;
    %flag_set/imm 4, 0;
    %store/vec4a v000002b4b9f62590, 4, 0;
    %pushi/vec4 104, 0, 8; draw_string_vec4
    %ix/load 4, 22, 0;
    %flag_set/imm 4, 0;
    %store/vec4a v000002b4b9f62590, 4, 0;
    %pushi/vec4 105, 0, 8; draw_string_vec4
    %ix/load 4, 23, 0;
    %flag_set/imm 4, 0;
    %store/vec4a v000002b4b9f62590, 4, 0;
    %pushi/vec4 103, 0, 8; draw_string_vec4
    %ix/load 4, 24, 0;
    %flag_set/imm 4, 0;
    %store/vec4a v000002b4b9f62590, 4, 0;
    %pushi/vec4 104, 0, 8; draw_string_vec4
    %ix/load 4, 25, 0;
    %flag_set/imm 4, 0;
    %store/vec4a v000002b4b9f62590, 4, 0;
    %pushi/vec4 105, 0, 8; draw_string_vec4
    %ix/load 4, 26, 0;
    %flag_set/imm 4, 0;
    %store/vec4a v000002b4b9f62590, 4, 0;
    %pushi/vec4 106, 0, 8; draw_string_vec4
    %ix/load 4, 27, 0;
    %flag_set/imm 4, 0;
    %store/vec4a v000002b4b9f62590, 4, 0;
    %pushi/vec4 104, 0, 8; draw_string_vec4
    %ix/load 4, 28, 0;
    %flag_set/imm 4, 0;
    %store/vec4a v000002b4b9f62590, 4, 0;
    %pushi/vec4 105, 0, 8; draw_string_vec4
    %ix/load 4, 29, 0;
    %flag_set/imm 4, 0;
    %store/vec4a v000002b4b9f62590, 4, 0;
    %pushi/vec4 106, 0, 8; draw_string_vec4
    %ix/load 4, 30, 0;
    %flag_set/imm 4, 0;
    %store/vec4a v000002b4b9f62590, 4, 0;
    %pushi/vec4 107, 0, 8; draw_string_vec4
    %ix/load 4, 31, 0;
    %flag_set/imm 4, 0;
    %store/vec4a v000002b4b9f62590, 4, 0;
    %pushi/vec4 105, 0, 8; draw_string_vec4
    %ix/load 4, 32, 0;
    %flag_set/imm 4, 0;
    %store/vec4a v000002b4b9f62590, 4, 0;
    %pushi/vec4 106, 0, 8; draw_string_vec4
    %ix/load 4, 33, 0;
    %flag_set/imm 4, 0;
    %store/vec4a v000002b4b9f62590, 4, 0;
    %pushi/vec4 107, 0, 8; draw_string_vec4
    %ix/load 4, 34, 0;
    %flag_set/imm 4, 0;
    %store/vec4a v000002b4b9f62590, 4, 0;
    %pushi/vec4 108, 0, 8; draw_string_vec4
    %ix/load 4, 35, 0;
    %flag_set/imm 4, 0;
    %store/vec4a v000002b4b9f62590, 4, 0;
    %pushi/vec4 106, 0, 8; draw_string_vec4
    %ix/load 4, 36, 0;
    %flag_set/imm 4, 0;
    %store/vec4a v000002b4b9f62590, 4, 0;
    %pushi/vec4 107, 0, 8; draw_string_vec4
    %ix/load 4, 37, 0;
    %flag_set/imm 4, 0;
    %store/vec4a v000002b4b9f62590, 4, 0;
    %pushi/vec4 108, 0, 8; draw_string_vec4
    %ix/load 4, 38, 0;
    %flag_set/imm 4, 0;
    %store/vec4a v000002b4b9f62590, 4, 0;
    %pushi/vec4 109, 0, 8; draw_string_vec4
    %ix/load 4, 39, 0;
    %flag_set/imm 4, 0;
    %store/vec4a v000002b4b9f62590, 4, 0;
    %pushi/vec4 107, 0, 8; draw_string_vec4
    %ix/load 4, 40, 0;
    %flag_set/imm 4, 0;
    %store/vec4a v000002b4b9f62590, 4, 0;
    %pushi/vec4 108, 0, 8; draw_string_vec4
    %ix/load 4, 41, 0;
    %flag_set/imm 4, 0;
    %store/vec4a v000002b4b9f62590, 4, 0;
    %pushi/vec4 109, 0, 8; draw_string_vec4
    %ix/load 4, 42, 0;
    %flag_set/imm 4, 0;
    %store/vec4a v000002b4b9f62590, 4, 0;
    %pushi/vec4 110, 0, 8; draw_string_vec4
    %ix/load 4, 43, 0;
    %flag_set/imm 4, 0;
    %store/vec4a v000002b4b9f62590, 4, 0;
    %pushi/vec4 108, 0, 8; draw_string_vec4
    %ix/load 4, 44, 0;
    %flag_set/imm 4, 0;
    %store/vec4a v000002b4b9f62590, 4, 0;
    %pushi/vec4 109, 0, 8; draw_string_vec4
    %ix/load 4, 45, 0;
    %flag_set/imm 4, 0;
    %store/vec4a v000002b4b9f62590, 4, 0;
    %pushi/vec4 110, 0, 8; draw_string_vec4
    %ix/load 4, 46, 0;
    %flag_set/imm 4, 0;
    %store/vec4a v000002b4b9f62590, 4, 0;
    %pushi/vec4 111, 0, 8; draw_string_vec4
    %ix/load 4, 47, 0;
    %flag_set/imm 4, 0;
    %store/vec4a v000002b4b9f62590, 4, 0;
    %pushi/vec4 109, 0, 8; draw_string_vec4
    %ix/load 4, 48, 0;
    %flag_set/imm 4, 0;
    %store/vec4a v000002b4b9f62590, 4, 0;
    %pushi/vec4 110, 0, 8; draw_string_vec4
    %ix/load 4, 49, 0;
    %flag_set/imm 4, 0;
    %store/vec4a v000002b4b9f62590, 4, 0;
    %pushi/vec4 111, 0, 8; draw_string_vec4
    %ix/load 4, 50, 0;
    %flag_set/imm 4, 0;
    %store/vec4a v000002b4b9f62590, 4, 0;
    %pushi/vec4 112, 0, 8; draw_string_vec4
    %ix/load 4, 51, 0;
    %flag_set/imm 4, 0;
    %store/vec4a v000002b4b9f62590, 4, 0;
    %pushi/vec4 110, 0, 8; draw_string_vec4
    %ix/load 4, 52, 0;
    %flag_set/imm 4, 0;
    %store/vec4a v000002b4b9f62590, 4, 0;
    %pushi/vec4 111, 0, 8; draw_string_vec4
    %ix/load 4, 53, 0;
    %flag_set/imm 4, 0;
    %store/vec4a v000002b4b9f62590, 4, 0;
    %pushi/vec4 112, 0, 8; draw_string_vec4
    %ix/load 4, 54, 0;
    %flag_set/imm 4, 0;
    %store/vec4a v000002b4b9f62590, 4, 0;
    %pushi/vec4 113, 0, 8; draw_string_vec4
    %ix/load 4, 55, 0;
    %flag_set/imm 4, 0;
    %store/vec4a v000002b4b9f62590, 4, 0;
    %pushi/vec4 56, 0, 32;
    %store/vec4 v000002b4b9f63f30_0, 0, 32;
    %delay 20000, 0;
    %pushi/vec4 0, 0, 1;
    %store/vec4 v000002b4b9f635d0_0, 0, 1;
    %pushi/vec4 0, 0, 8;
    %store/vec4 v000002b4b9f63490_0, 0, 8;
    %pushi/vec4 0, 0, 1;
    %store/vec4 v000002b4b9f63d50_0, 0, 1;
    %pushi/vec4 0, 0, 1;
    %store/vec4 v000002b4b9f63530_0, 0, 1;
    %delay 10000, 0;
    %pushi/vec4 1, 0, 1;
    %store/vec4 v000002b4b9f635d0_0, 0, 1;
    %delay 10000, 0;
T_12.14 ;
    %load/vec4 v000002b4b9f63990_0;
    %cmpi/ne 1, 0, 1;
    %jmp/0xz T_12.15, 6;
    %wait E_000002b4b9b8e080;
    %jmp T_12.14;
T_12.15 ;
    %wait E_000002b4b9b8dfc0;
    %pushi/vec4 0, 0, 32;
    %store/vec4 v000002b4b9f63a30_0, 0, 32;
T_12.16 ;
    %load/vec4 v000002b4b9f63a30_0;
    %load/vec4 v000002b4b9f63f30_0;
    %cmp/s;
    %jmp/0xz T_12.17, 5;
    %ix/getv/s 4, v000002b4b9f63a30_0;
    %load/vec4a v000002b4b9f62590, 4;
    %store/vec4 v000002b4b9f63490_0, 0, 8;
    %pushi/vec4 1, 0, 1;
    %store/vec4 v000002b4b9f63d50_0, 0, 1;
    %load/vec4 v000002b4b9f63a30_0;
    %load/vec4 v000002b4b9f63f30_0;
    %subi 1, 0, 32;
    %cmp/e;
    %flag_get/vec4 4;
    %store/vec4 v000002b4b9f63530_0, 0, 1;
    %wait E_000002b4b9b8dfc0;
    %load/vec4 v000002b4b9f63a30_0;
    %addi 1, 0, 32;
    %store/vec4 v000002b4b9f63a30_0, 0, 32;
    %jmp T_12.16;
T_12.17 ;
    %pushi/vec4 0, 0, 1;
    %store/vec4 v000002b4b9f63d50_0, 0, 1;
    %pushi/vec4 0, 0, 1;
    %store/vec4 v000002b4b9f63530_0, 0, 1;
T_12.18 ;
    %load/vec4 v000002b4b9f63df0_0;
    %cmpi/ne 1, 0, 1;
    %jmp/0xz T_12.19, 6;
    %wait E_000002b4b9b8df00;
    %jmp T_12.18;
T_12.19 ;
    %wait E_000002b4b9b8de40;
T_12.20 ;
    %load/vec4 v000002b4b9f63df0_0;
    %cmpi/ne 1, 0, 1;
    %jmp/0xz T_12.21, 6;
    %wait E_000002b4b9b8df00;
    %jmp T_12.20;
T_12.21 ;
    %delay 100, 0;
    %vpi_call 2 248 "$display", "Final hash:" {0 0 0};
    %vpi_call 2 249 "$display", "%h %h %h %h", &PV<v000002b4b9f63b70_0, 224, 32>, &PV<v000002b4b9f63b70_0, 192, 32>, &PV<v000002b4b9f63b70_0, 160, 32>, &PV<v000002b4b9f63b70_0, 128, 32> {0 0 0};
    %vpi_call 2 251 "$display", "%h %h %h %h", &PV<v000002b4b9f63b70_0, 96, 32>, &PV<v000002b4b9f63b70_0, 64, 32>, &PV<v000002b4b9f63b70_0, 32, 32>, &PV<v000002b4b9f63b70_0, 0, 32> {0 0 0};
    %load/vec4 v000002b4b9f63b70_0;
    %pushi/vec4 2452990343, 0, 34;
    %concati/vec4 2419180999, 0, 33;
    %concati/vec4 3087323745, 0, 34;
    %concati/vec4 2278295348, 0, 32;
    %concati/vec4 3476624985, 0, 33;
    %concati/vec4 4280379382, 0, 34;
    %concati/vec4 3975009305, 0, 32;
    %concati/vec4 14354113, 0, 24;
    %cmp/e;
    %jmp/0xz  T_12.22, 6;
    %vpi_call 2 255 "$display", "[RESULT] PASS: Hash matches expected value for 'abcdbcdecdefdefgefghfghighijhijkijkljklmklmnlmnomnopnopq'" {0 0 0};
    %jmp T_12.23;
T_12.22 ;
    %vpi_call 2 258 "$display", "[RESULT] FAIL: Hash mismatch for 'abcdbcdecdefdefgefghfghighijhijkijkljklmklmnlmnomnopnopq'" {0 0 0};
    %vpi_call 2 260 "$display", "Expected: 248d6a61_d20638b8_e5c02693_0c3e6039_a33ce459_64ff2167_f6ecedd4_19db06c1" {0 0 0};
    %vpi_call 2 261 "$display", "Received: %h", v000002b4b9f63b70_0 {0 0 0};
T_12.23 ;
    %delay 100000, 0;
    %vpi_call 2 363 "$display", "\012[SIMULATION FINISHED]" {0 0 0};
    %vpi_call 2 364 "$finish" {0 0 0};
    %end;
    .thread T_12;
    .scope S_000002b4b9b95e60;
T_13 ;
    %vpi_call 2 369 "$dumpfile", "top.vcd" {0 0 0};
    %vpi_call 2 370 "$dumpvars", 32'sb00000000000000000000000000000000, S_000002b4b9b95e60 {0 0 0};
    %end;
    .thread T_13;
# The file index is used to find the file name in the following table.
:file_names 7;
    "N/A";
    "<interactive>";
    "top_tb.v";
    "top.v";
    "compress.v";
    "expand.v";
    "padding.v";
